2003.10.03 17:59 B C:\My Documents\My Albums\Untitled0\thumbs\Charles_Smith_Chatfield_1835-1855.jpg --> www.oxfordpast.net /thumbs Charles_Smith_Chatfield_1835-1855.jpg
2003.10.03 17:59 B C:\My Documents\My Albums\Untitled0\thumbs\Cheryl_Eileen_(Chatfield)_Thompson.jpg --> www.oxfordpast.net /thumbs Cheryl_Eileen_(Chatfield)_Thompson.jpg
2003.10.03 18:00 B C:\My Documents\My Albums\Untitled0\thumbs\Cheryl_Eileen_Chatfield_age_2.jpg --> www.oxfordpast.net /thumbs Cheryl_Eileen_Chatfield_age_2.jpg
2003.10.03 18:00 B C:\My Documents\My Albums\Untitled0\thumbs\Cletus_and_Eileen_Daly.jpg --> www.oxfordpast.net /thumbs Cletus_and_Eileen_Daly.jpg
2003.10.03 18:00 B C:\My Documents\My Albums\Untitled0\thumbs\Donald_and_Sisters.jpg --> www.oxfordpast.net /thumbs Donald_and_Sisters.jpg
2003.10.03 18:00 B C:\My Documents\My Albums\Untitled0\thumbs\Donald_Lester_Francis_Chatfield_W.W.jpg --> www.oxfordpast.net /thumbs Donald_Lester_Francis_Chatfield_W.W.jpg
2003.10.03 18:00 B C:\My Documents\My Albums\Untitled0\thumbs\Donald_Lester_Francis_Chatfield_Wedding.jpg --> www.oxfordpast.net /thumbs Donald_Lester_Francis_Chatfield_Wedding.jpg
2003.10.03 18:00 B C:\My Documents\My Albums\Untitled0\thumbs\Eileen_Margaret_(Daly)_Chatfield.jpg --> www.oxfordpast.net /thumbs Eileen_Margaret_(Daly)_Chatfield.jpg
2003.10.03 18:00 B C:\My Documents\My Albums\Untitled0\thumbs\Eileen_Margaret_Daly_Wedding.jpg --> www.oxfordpast.net /thumbs Eileen_Margaret_Daly_Wedding.jpg
2003.10.03 18:00 B C:\My Documents\My Albums\Untitled0\thumbs\Emily_C._(Chatfield)_Sperry.jpg --> www.oxfordpast.net /thumbs Emily_C._(Chatfield)_Sperry.jpg
2003.10.03 18:00 B C:\My Documents\My Albums\Untitled0\thumbs\Enos_Beecher_Chatfield-Civil_War_Reunion.jpg --> www.oxfordpast.net /thumbs Enos_Beecher_Chatfield-Civil_War_Reunion.jpg
2003.10.03 18:00 B C:\My Documents\My Albums\Untitled0\thumbs\Enos_Beecher_Chatfield2.jpg --> www.oxfordpast.net /thumbs Enos_Beecher_Chatfield2.jpg
2003.10.03 18:00 B C:\My Documents\My Albums\Untitled0\thumbs\Enos_Beecher_Chatfield3.jpg --> www.oxfordpast.net /thumbs Enos_Beecher_Chatfield3.jpg
2003.10.03 18:00 B C:\My Documents\My Albums\Untitled0\thumbs\Enos_Beecher_Chatfieldc.jpg --> www.oxfordpast.net /thumbs Enos_Beecher_Chatfieldc.jpg
2003.10.03 18:00 B C:\My Documents\My Albums\Untitled0\thumbs\Enos_Chatfield1.jpg --> www.oxfordpast.net /thumbs Enos_Chatfield1.jpg
2003.10.03 18:00 B C:\My Documents\My Albums\Untitled0\thumbs\Frederick_Seymour_Chatfield.jpg --> www.oxfordpast.net /thumbs Frederick_Seymour_Chatfield.jpg
2003.10.03 18:00 B C:\My Documents\My Albums\Untitled0\thumbs\Frederick_Seymour_Chatfield_1918.jpg --> www.oxfordpast.net /thumbs Frederick_Seymour_Chatfield_1918.jpg
2003.10.03 18:00 B C:\My Documents\My Albums\Untitled0\thumbs\Harry_Mathew_Daly_Wedding.jpg --> www.oxfordpast.net /thumbs Harry_Mathew_Daly_Wedding.jpg
2003.10.03 18:00 B C:\My Documents\My Albums\Untitled0\thumbs\Harry_Oswald_&_Emma_Louise_Karsch.jpg --> www.oxfordpast.net /thumbs Harry_Oswald_&_Emma_Louise_Karsch.jpg
2003.10.03 18:00 B C:\My Documents\My Albums\Untitled0\thumbs\Julia_(Chatfield)_Thomas.jpg --> www.oxfordpast.net /thumbs Julia_(Chatfield)_Thomas.jpg
2003.10.03 18:00 B C:\My Documents\My Albums\Untitled0\thumbs\Lucius_Perkins_Sperry.jpg --> www.oxfordpast.net /thumbs Lucius_Perkins_Sperry.jpg
2003.10.03 18:00 B C:\My Documents\My Albums\Untitled0\thumbs\Lucius_Perkins_Sperry_Family.jpg --> www.oxfordpast.net /thumbs Lucius_Perkins_Sperry_Family.jpg
2003.10.03 18:00 B C:\My Documents\My Albums\Untitled0\thumbs\Mabel_Elizabeth_Chatfield_Wedding.jpg --> www.oxfordpast.net /thumbs Mabel_Elizabeth_Chatfield_Wedding.jpg
2003.10.03 18:00 B C:\My Documents\My Albums\Untitled0\thumbs\Mary_E._and_Frederick_S._Chatfield.jpg --> www.oxfordpast.net /thumbs Mary_E._and_Frederick_S._Chatfield.jpg
2003.10.03 18:00 B C:\My Documents\My Albums\Untitled0\thumbs\Mary_Elizabeth_(Seymour)_Chatfield1.jpg --> www.oxfordpast.net /thumbs Mary_Elizabeth_(Seymour)_Chatfield1.jpg
2003.10.03 18:00 B C:\My Documents\My Albums\Untitled0\thumbs\Mary_Elizabeth_(Seymour)_Chatfield2.jpg --> www.oxfordpast.net /thumbs Mary_Elizabeth_(Seymour)_Chatfield2.jpg
2003.10.03 18:00 B C:\My Documents\My Albums\Untitled0\thumbs\Mary_Elizabeth_(Seymour)_Chatfield3.jpg --> www.oxfordpast.net /thumbs Mary_Elizabeth_(Seymour)_Chatfield3.jpg
2003.10.03 18:00 B C:\My Documents\My Albums\Untitled0\thumbs\Roland_Wilbur_Chatfield.jpg --> www.oxfordpast.net /thumbs Roland_Wilbur_Chatfield.jpg
2003.10.03 18:00 B C:\My Documents\My Albums\Untitled0\thumbs\Roxa_Roxy_(Sperry)_Chatfield.jpg --> www.oxfordpast.net /thumbs Roxa_Roxy_(Sperry)_Chatfield.jpg
2003.10.03 18:00 B C:\My Documents\My Albums\Untitled0\thumbs\Shirley_Mae_Harriet_Oswald1.jpg --> www.oxfordpast.net /thumbs Shirley_Mae_Harriet_Oswald1.jpg
2003.10.03 18:00 B C:\My Documents\My Albums\Untitled0\thumbs\Shirley_Mae_Harriet_Oswald_Wedding1.jpg --> www.oxfordpast.net /thumbs Shirley_Mae_Harriet_Oswald_Wedding1.jpg
2003.10.03 18:00 B C:\My Documents\My Albums\Untitled0\thumbs\WILLIAM_ELDON_CHATFIELD.jpg --> www.oxfordpast.net /thumbs WILLIAM_ELDON_CHATFIELD.jpg
2003.10.03 18:00 B C:\My Documents\My Albums\Untitled0\thumbs\William_Eldon_Chatfield3.jpg --> www.oxfordpast.net /thumbs William_Eldon_Chatfield3.jpg
2003.10.03 18:00 B C:\My Documents\My Albums\Untitled0\thumbs\William_Eldon_Chatfield4.jpg --> www.oxfordpast.net /thumbs William_Eldon_Chatfield4.jpg
2003.10.03 18:00 B C:\My Documents\My Albums\Untitled0\thumbs\William_Eldon_Chatfield5.jpg --> www.oxfordpast.net /thumbs William_Eldon_Chatfield5.jpg
2003.10.03 20:05 B C:\My Documents\My Albums\Untitled0\thumbs\Frederick_Seymour_Chatfield.jpg --> www.oxfordpast.net / Frederick_Seymour_Chatfield.jpg
2003.10.03 20:05 B C:\My Documents\My Albums\Untitled0\thumbs\Frederick_Seymour_Chatfield.jpg --> www.oxfordpast.net /thumbs Frederick_Seymour_Chatfield.jpg
2003.10.03 21:09 B C:\My Documents\My Albums\Untitled0\thumbs\Frederick_Seymour_Chatfield.jpg --> www.oxfordpast.net /thumbs Frederick_Seymour_Chatfield.jpg
2003.10.05 19:24 B C:\My Documents\oxfordpast\photoalbum\cherl\Untitled0\thumbs\Frederick_Seymour_Chatfield.jpg --> www.oxfordpast.net /thumbs Frederick_Seymour_Chatfield.jpg
2003.10.13 18:31 B C:\My Documents\oxfordpast\CHERL\Untitled0\thumbs\Charles_Smith_Chatfield_1835-1855.jpg --> www.oxfordpast.net /Cheryl/thumbs Charles_Smith_Chatfield_1835-1855.jpg
2003.10.13 18:31 B C:\My Documents\oxfordpast\CHERL\Untitled0\thumbs\Cheryl_Eileen_(Chatfield)_Thompson.jpg --> www.oxfordpast.net /Cheryl/thumbs Cheryl_Eileen_(Chatfield)_Thompson.jpg
2003.10.13 18:32 B C:\My Documents\oxfordpast\CHERL\Untitled0\thumbs\Cheryl_Eileen_Chatfield_age_2.jpg --> www.oxfordpast.net /Cheryl/thumbs Cheryl_Eileen_Chatfield_age_2.jpg
2003.10.13 18:32 B C:\My Documents\oxfordpast\CHERL\Untitled0\thumbs\Cletus_and_Eileen_Daly.jpg --> www.oxfordpast.net /Cheryl/thumbs Cletus_and_Eileen_Daly.jpg
2003.10.13 18:32 B C:\My Documents\oxfordpast\CHERL\Untitled0\thumbs\Donald_and_Sisters.jpg --> www.oxfordpast.net /Cheryl/thumbs Donald_and_Sisters.jpg
2003.10.13 18:32 B C:\My Documents\oxfordpast\CHERL\Untitled0\thumbs\Donald_Lester_Francis_Chatfield_W.W.jpg --> www.oxfordpast.net /Cheryl/thumbs Donald_Lester_Francis_Chatfield_W.W.jpg
2003.10.13 18:32 B C:\My Documents\oxfordpast\CHERL\Untitled0\thumbs\Donald_Lester_Francis_Chatfield_Wedding.jpg --> www.oxfordpast.net /Cheryl/thumbs Donald_Lester_Francis_Chatfield_Wedding.jpg
2003.10.13 18:32 B C:\My Documents\oxfordpast\CHERL\Untitled0\thumbs\Eileen_Margaret_(Daly)_Chatfield.jpg --> www.oxfordpast.net /Cheryl/thumbs Eileen_Margaret_(Daly)_Chatfield.jpg
2003.10.13 18:32 B C:\My Documents\oxfordpast\CHERL\Untitled0\thumbs\Eileen_Margaret_Daly_Wedding.jpg --> www.oxfordpast.net /Cheryl/thumbs Eileen_Margaret_Daly_Wedding.jpg
2003.10.13 18:32 B C:\My Documents\oxfordpast\CHERL\Untitled0\thumbs\Emily_C._(Chatfield)_Sperry.jpg --> www.oxfordpast.net /Cheryl/thumbs Emily_C._(Chatfield)_Sperry.jpg
2003.10.13 18:32 B C:\My Documents\oxfordpast\CHERL\Untitled0\thumbs\Enos_Beecher_Chatfield-Civil_War_Reunion.jpg --> www.oxfordpast.net /Cheryl/thumbs Enos_Beecher_Chatfield-Civil_War_Reunion.jpg
2003.10.13 18:32 B C:\My Documents\oxfordpast\CHERL\Untitled0\thumbs\Enos_Beecher_Chatfield2.jpg --> www.oxfordpast.net /Cheryl/thumbs Enos_Beecher_Chatfield2.jpg
2003.10.13 18:32 B C:\My Documents\oxfordpast\CHERL\Untitled0\thumbs\Enos_Beecher_Chatfield3.jpg --> www.oxfordpast.net /Cheryl/thumbs Enos_Beecher_Chatfield3.jpg
2003.10.13 18:32 B C:\My Documents\oxfordpast\CHERL\Untitled0\thumbs\Enos_Beecher_Chatfieldc.jpg --> www.oxfordpast.net /Cheryl/thumbs Enos_Beecher_Chatfieldc.jpg
2003.10.13 18:32 B C:\My Documents\oxfordpast\CHERL\Untitled0\thumbs\Enos_Chatfield1.jpg --> www.oxfordpast.net /Cheryl/thumbs Enos_Chatfield1.jpg
2003.10.13 18:32 B C:\My Documents\oxfordpast\CHERL\Untitled0\thumbs\Frederick_Seymour_Chatfield.jpg --> www.oxfordpast.net /Cheryl/thumbs Frederick_Seymour_Chatfield.jpg
2003.10.13 18:32 B C:\My Documents\oxfordpast\CHERL\Untitled0\thumbs\Frederick_Seymour_Chatfield_1918.jpg --> www.oxfordpast.net /Cheryl/thumbs Frederick_Seymour_Chatfield_1918.jpg
2003.10.13 18:32 B C:\My Documents\oxfordpast\CHERL\Untitled0\thumbs\Harry_Mathew_Daly_Wedding.jpg --> www.oxfordpast.net /Cheryl/thumbs Harry_Mathew_Daly_Wedding.jpg
2003.10.13 18:32 B C:\My Documents\oxfordpast\CHERL\Untitled0\thumbs\Harry_Oswald_&_Emma_Louise_Karsch.jpg --> www.oxfordpast.net /Cheryl/thumbs Harry_Oswald_&_Emma_Louise_Karsch.jpg
2003.10.13 18:32 B C:\My Documents\oxfordpast\CHERL\Untitled0\thumbs\Julia_(Chatfield)_Thomas.jpg --> www.oxfordpast.net /Cheryl/thumbs Julia_(Chatfield)_Thomas.jpg
2003.10.13 18:32 B C:\My Documents\oxfordpast\CHERL\Untitled0\thumbs\Lucius_Perkins_Sperry.jpg --> www.oxfordpast.net /Cheryl/thumbs Lucius_Perkins_Sperry.jpg
2003.10.13 18:32 B C:\My Documents\oxfordpast\CHERL\Untitled0\thumbs\Lucius_Perkins_Sperry_Family.jpg --> www.oxfordpast.net /Cheryl/thumbs Lucius_Perkins_Sperry_Family.jpg
2003.10.13 18:32 B C:\My Documents\oxfordpast\CHERL\Untitled0\thumbs\Mabel_Elizabeth_Chatfield_Wedding.jpg --> www.oxfordpast.net /Cheryl/thumbs Mabel_Elizabeth_Chatfield_Wedding.jpg
2003.10.13 18:32 B C:\My Documents\oxfordpast\CHERL\Untitled0\thumbs\Mary_E._and_Frederick_S._Chatfield.jpg --> www.oxfordpast.net /Cheryl/thumbs Mary_E._and_Frederick_S._Chatfield.jpg
2003.10.13 18:32 B C:\My Documents\oxfordpast\CHERL\Untitled0\thumbs\Mary_Elizabeth_(Seymour)_Chatfield1.jpg --> www.oxfordpast.net /Cheryl/thumbs Mary_Elizabeth_(Seymour)_Chatfield1.jpg
2003.10.13 18:32 B C:\My Documents\oxfordpast\CHERL\Untitled0\thumbs\Mary_Elizabeth_(Seymour)_Chatfield2.jpg --> www.oxfordpast.net /Cheryl/thumbs Mary_Elizabeth_(Seymour)_Chatfield2.jpg
2003.10.13 18:32 B C:\My Documents\oxfordpast\CHERL\Untitled0\thumbs\Mary_Elizabeth_(Seymour)_Chatfield3.jpg --> www.oxfordpast.net /Cheryl/thumbs Mary_Elizabeth_(Seymour)_Chatfield3.jpg
2003.10.13 18:32 B C:\My Documents\oxfordpast\CHERL\Untitled0\thumbs\Roland_Wilbur_Chatfield.jpg --> www.oxfordpast.net /Cheryl/thumbs Roland_Wilbur_Chatfield.jpg
2003.10.13 18:32 B C:\My Documents\oxfordpast\CHERL\Untitled0\thumbs\Roxa_Roxy_(Sperry)_Chatfield.jpg --> www.oxfordpast.net /Cheryl/thumbs Roxa_Roxy_(Sperry)_Chatfield.jpg
2003.10.13 18:32 B C:\My Documents\oxfordpast\CHERL\Untitled0\thumbs\Shirley_Mae_Harriet_Oswald1.jpg --> www.oxfordpast.net /Cheryl/thumbs Shirley_Mae_Harriet_Oswald1.jpg
2003.10.13 18:32 B C:\My Documents\oxfordpast\CHERL\Untitled0\thumbs\Shirley_Mae_Harriet_Oswald_Wedding1.jpg --> www.oxfordpast.net /Cheryl/thumbs Shirley_Mae_Harriet_Oswald_Wedding1.jpg
2003.10.13 18:32 B C:\My Documents\oxfordpast\CHERL\Untitled0\thumbs\WILLIAM_ELDON_CHATFIELD.jpg --> www.oxfordpast.net /Cheryl/thumbs WILLIAM_ELDON_CHATFIELD.jpg
2003.10.13 18:32 B C:\My Documents\oxfordpast\CHERL\Untitled0\thumbs\William_Eldon_Chatfield3.jpg --> www.oxfordpast.net /Cheryl/thumbs William_Eldon_Chatfield3.jpg
2003.10.13 18:32 B C:\My Documents\oxfordpast\CHERL\Untitled0\thumbs\William_Eldon_Chatfield4.jpg --> www.oxfordpast.net /Cheryl/thumbs William_Eldon_Chatfield4.jpg
2003.10.13 18:32 B C:\My Documents\oxfordpast\CHERL\Untitled0\thumbs\William_Eldon_Chatfield5.jpg --> www.oxfordpast.net /Cheryl/thumbs William_Eldon_Chatfield5.jpg
2003.10.13 18:32 B C:\My Documents\oxfordpast\CHERL\Untitled0\thumbs\WS_FTP.LOG --> www.oxfordpast.net /Cheryl/thumbs WS_FTP.LOG
2003.10.15 21:37 B C:\My Documents\oxfordpast\CHERL\Untitled0\thumbs\Charles_Smith_Chatfield_1835-1855.jpg --> www.oxfordpast.net /Cheryl/thumbs Charles_Smith_Chatfield_1835-1855.jpg
2003.10.15 21:37 B C:\My Documents\oxfordpast\CHERL\Untitled0\thumbs\Cheryl_Eileen_(Chatfield)_Thompson.jpg --> www.oxfordpast.net /Cheryl/thumbs Cheryl_Eileen_(Chatfield)_Thompson.jpg
2003.10.15 21:37 B C:\My Documents\oxfordpast\CHERL\Untitled0\thumbs\Cheryl_Eileen_Chatfield_age_2.jpg --> www.oxfordpast.net /Cheryl/thumbs Cheryl_Eileen_Chatfield_age_2.jpg
2003.10.15 21:37 B C:\My Documents\oxfordpast\CHERL\Untitled0\thumbs\Cletus_and_Eileen_Daly.jpg --> www.oxfordpast.net /Cheryl/thumbs Cletus_and_Eileen_Daly.jpg
2003.10.15 21:37 B C:\My Documents\oxfordpast\CHERL\Untitled0\thumbs\Donald_and_Sisters.jpg --> www.oxfordpast.net /Cheryl/thumbs Donald_and_Sisters.jpg
2003.10.15 21:37 B C:\My Documents\oxfordpast\CHERL\Untitled0\thumbs\Donald_Lester_Francis_Chatfield_W.W.jpg --> www.oxfordpast.net /Cheryl/thumbs Donald_Lester_Francis_Chatfield_W.W.jpg
2003.10.15 21:37 B C:\My Documents\oxfordpast\CHERL\Untitled0\thumbs\Donald_Lester_Francis_Chatfield_Wedding.jpg --> www.oxfordpast.net /Cheryl/thumbs Donald_Lester_Francis_Chatfield_Wedding.jpg
2003.10.15 21:37 B C:\My Documents\oxfordpast\CHERL\Untitled0\thumbs\Eileen_Margaret_(Daly)_Chatfield.jpg --> www.oxfordpast.net /Cheryl/thumbs Eileen_Margaret_(Daly)_Chatfield.jpg
2003.10.15 21:37 B C:\My Documents\oxfordpast\CHERL\Untitled0\thumbs\Eileen_Margaret_Daly_Wedding.jpg --> www.oxfordpast.net /Cheryl/thumbs Eileen_Margaret_Daly_Wedding.jpg
2003.10.15 21:37 B C:\My Documents\oxfordpast\CHERL\Untitled0\thumbs\Emily_C._(Chatfield)_Sperry.jpg --> www.oxfordpast.net /Cheryl/thumbs Emily_C._(Chatfield)_Sperry.jpg
2003.10.15 21:37 B C:\My Documents\oxfordpast\CHERL\Untitled0\thumbs\Enos_Beecher_Chatfield-Civil_War_Reunion.jpg --> www.oxfordpast.net /Cheryl/thumbs Enos_Beecher_Chatfield-Civil_War_Reunion.jpg
2003.10.15 21:37 B C:\My Documents\oxfordpast\CHERL\Untitled0\thumbs\Enos_Beecher_Chatfield2.jpg --> www.oxfordpast.net /Cheryl/thumbs Enos_Beecher_Chatfield2.jpg
2003.10.15 21:37 B C:\My Documents\oxfordpast\CHERL\Untitled0\thumbs\Enos_Beecher_Chatfield3.jpg --> www.oxfordpast.net /Cheryl/thumbs Enos_Beecher_Chatfield3.jpg
2003.10.15 21:37 B C:\My Documents\oxfordpast\CHERL\Untitled0\thumbs\Enos_Beecher_Chatfieldc.jpg --> www.oxfordpast.net /Cheryl/thumbs Enos_Beecher_Chatfieldc.jpg
2003.10.15 21:37 B C:\My Documents\oxfordpast\CHERL\Untitled0\thumbs\Enos_Chatfield1.jpg --> www.oxfordpast.net /Cheryl/thumbs Enos_Chatfield1.jpg
2003.10.15 21:37 B C:\My Documents\oxfordpast\CHERL\Untitled0\thumbs\Frederick_Seymour_Chatfield.jpg --> www.oxfordpast.net /Cheryl/thumbs Frederick_Seymour_Chatfield.jpg
2003.10.15 21:37 B C:\My Documents\oxfordpast\CHERL\Untitled0\thumbs\Frederick_Seymour_Chatfield_1918.jpg --> www.oxfordpast.net /Cheryl/thumbs Frederick_Seymour_Chatfield_1918.jpg
2003.10.15 21:37 B C:\My Documents\oxfordpast\CHERL\Untitled0\thumbs\Harry_Mathew_Daly_Wedding.jpg --> www.oxfordpast.net /Cheryl/thumbs Harry_Mathew_Daly_Wedding.jpg
2003.10.15 21:37 B C:\My Documents\oxfordpast\CHERL\Untitled0\thumbs\Harry_Oswald_&_Emma_Louise_Karsch.jpg --> www.oxfordpast.net /Cheryl/thumbs Harry_Oswald_&_Emma_Louise_Karsch.jpg
2003.10.15 21:37 B C:\My Documents\oxfordpast\CHERL\Untitled0\thumbs\Julia_(Chatfield)_Thomas.jpg --> www.oxfordpast.net /Cheryl/thumbs Julia_(Chatfield)_Thomas.jpg
2003.10.15 21:37 B C:\My Documents\oxfordpast\CHERL\Untitled0\thumbs\Lucius_Perkins_Sperry.jpg --> www.oxfordpast.net /Cheryl/thumbs Lucius_Perkins_Sperry.jpg
2003.10.15 21:38 B C:\My Documents\oxfordpast\CHERL\Untitled0\thumbs\Lucius_Perkins_Sperry_Family.jpg --> www.oxfordpast.net /Cheryl/thumbs Lucius_Perkins_Sperry_Family.jpg
2003.10.15 21:38 B C:\My Documents\oxfordpast\CHERL\Untitled0\thumbs\Mabel_Elizabeth_Chatfield_Wedding.jpg --> www.oxfordpast.net /Cheryl/thumbs Mabel_Elizabeth_Chatfield_Wedding.jpg
2003.10.15 21:38 B C:\My Documents\oxfordpast\CHERL\Untitled0\thumbs\Mary_E._and_Frederick_S._Chatfield.jpg --> www.oxfordpast.net /Cheryl/thumbs Mary_E._and_Frederick_S._Chatfield.jpg
2003.10.15 21:38 B C:\My Documents\oxfordpast\CHERL\Untitled0\thumbs\Mary_Elizabeth_(Seymour)_Chatfield1.jpg --> www.oxfordpast.net /Cheryl/thumbs Mary_Elizabeth_(Seymour)_Chatfield1.jpg
2003.10.15 21:38 B C:\My Documents\oxfordpast\CHERL\Untitled0\thumbs\Mary_Elizabeth_(Seymour)_Chatfield2.jpg --> www.oxfordpast.net /Cheryl/thumbs Mary_Elizabeth_(Seymour)_Chatfield2.jpg
2003.10.15 21:38 B C:\My Documents\oxfordpast\CHERL\Untitled0\thumbs\Mary_Elizabeth_(Seymour)_Chatfield3.jpg --> www.oxfordpast.net /Cheryl/thumbs Mary_Elizabeth_(Seymour)_Chatfield3.jpg
2003.10.15 21:38 B C:\My Documents\oxfordpast\CHERL\Untitled0\thumbs\Roland_Wilbur_Chatfield.jpg --> www.oxfordpast.net /Cheryl/thumbs Roland_Wilbur_Chatfield.jpg
2003.10.15 21:38 B C:\My Documents\oxfordpast\CHERL\Untitled0\thumbs\Roxa_Roxy_(Sperry)_Chatfield.jpg --> www.oxfordpast.net /Cheryl/thumbs Roxa_Roxy_(Sperry)_Chatfield.jpg
2003.10.15 21:38 B C:\My Documents\oxfordpast\CHERL\Untitled0\thumbs\Shirley_Mae_Harriet_Oswald1.jpg --> www.oxfordpast.net /Cheryl/thumbs Shirley_Mae_Harriet_Oswald1.jpg
2003.10.15 21:38 B C:\My Documents\oxfordpast\CHERL\Untitled0\thumbs\Shirley_Mae_Harriet_Oswald_Wedding1.jpg --> www.oxfordpast.net /Cheryl/thumbs Shirley_Mae_Harriet_Oswald_Wedding1.jpg
2003.10.15 21:38 B C:\My Documents\oxfordpast\CHERL\Untitled0\thumbs\WILLIAM_ELDON_CHATFIELD.jpg --> www.oxfordpast.net /Cheryl/thumbs WILLIAM_ELDON_CHATFIELD.jpg
2003.10.15 21:38 B C:\My Documents\oxfordpast\CHERL\Untitled0\thumbs\William_Eldon_Chatfield3.jpg --> www.oxfordpast.net /Cheryl/thumbs William_Eldon_Chatfield3.jpg
2003.10.15 21:38 B C:\My Documents\oxfordpast\CHERL\Untitled0\thumbs\William_Eldon_Chatfield4.jpg --> www.oxfordpast.net /Cheryl/thumbs William_Eldon_Chatfield4.jpg
2003.10.15 21:38 B C:\My Documents\oxfordpast\CHERL\Untitled0\thumbs\William_Eldon_Chatfield5.jpg --> www.oxfordpast.net /Cheryl/thumbs William_Eldon_Chatfield5.jpg
