2013.02.01 15:56 B F:\OxfordPast\Treat\trtx31.htm --> our-oxford.info /public_html/opn/Treat trtx31.htm
2013.02.01 15:56 B F:\OxfordPast\Treat\trtx2.htm --> our-oxford.info /public_html/opn/Treat trtx2.htm
2013.02.01 15:56 B F:\OxfordPast\Treat\trtx.htm --> our-oxford.info /public_html/opn/Treat trtx.htm
2013.02.01 15:56 B F:\OxfordPast\Treat\trtg11.htm --> our-oxford.info /public_html/opn/Treat trtg11.htm
2013.02.01 15:56 B F:\OxfordPast\Treat\trtg10.htm --> our-oxford.info /public_html/opn/Treat trtg10.htm
2013.02.01 15:56 B F:\OxfordPast\Treat\trtg09.htm --> our-oxford.info /public_html/opn/Treat trtg09.htm
2013.02.01 15:56 B F:\OxfordPast\Treat\trtg08.htm --> our-oxford.info /public_html/opn/Treat trtg08.htm
2013.02.01 15:56 B F:\OxfordPast\Treat\trtg07.htm --> our-oxford.info /public_html/opn/Treat trtg07.htm
2013.02.01 15:56 B F:\OxfordPast\Treat\trtg06.htm --> our-oxford.info /public_html/opn/Treat trtg06.htm
2013.02.01 15:56 B F:\OxfordPast\Treat\trtg05.htm --> our-oxford.info /public_html/opn/Treat trtg05.htm
2013.02.01 15:56 B F:\OxfordPast\Treat\trtg04.htm --> our-oxford.info /public_html/opn/Treat trtg04.htm
2013.02.01 15:56 B F:\OxfordPast\Treat\trtg03.htm --> our-oxford.info /public_html/opn/Treat trtg03.htm
2013.02.01 15:56 B F:\OxfordPast\Treat\trtg02.htm --> our-oxford.info /public_html/opn/Treat trtg02.htm
2013.02.01 15:56 B F:\OxfordPast\Treat\trtg01.htm --> our-oxford.info /public_html/opn/Treat trtg01.htm
2013.02.01 15:56 B F:\OxfordPast\Treat\treatfami.ged --> our-oxford.info /public_html/opn/Treat treatfami.ged
2013.02.01 15:56 B F:\OxfordPast\Treat\Treat.html --> our-oxford.info /public_html/opn/Treat Treat.html
2013.02.01 15:56 B F:\OxfordPast\Treat\Thumbs.db --> our-oxford.info /public_html/opn/Treat Thumbs.db
2013.02.01 15:57 B F:\OxfordPast\Treat\start.jpg --> our-oxford.info /public_html/opn/Treat start.jpg
2013.02.01 15:57 B F:\OxfordPast\Treat\shield-tiny.jpg --> our-oxford.info /public_html/opn/Treat shield-tiny.jpg
2013.02.01 15:57 B F:\OxfordPast\Treat\Shield-sm.jpg --> our-oxford.info /public_html/opn/Treat Shield-sm.jpg
2013.02.01 15:57 B F:\OxfordPast\Treat\scanxt.jpg --> our-oxford.info /public_html/opn/Treat scanxt.jpg
2013.02.01 15:57 B F:\OxfordPast\Treat\scan.jpg --> our-oxford.info /public_html/opn/Treat scan.jpg
2013.02.01 15:57 B F:\OxfordPast\Treat\prev.jpg --> our-oxford.info /public_html/opn/Treat prev.jpg
2013.02.01 15:57 B F:\OxfordPast\Treat\parchment.jpg --> our-oxford.info /public_html/opn/Treat parchment.jpg
2013.02.01 15:57 B F:\OxfordPast\Treat\next.jpg --> our-oxford.info /public_html/opn/Treat next.jpg
2013.02.01 15:57 B F:\OxfordPast\Treat\id39.html --> our-oxford.info /public_html/opn/Treat id39.html
2013.02.01 15:58 B F:\OxfordPast\Treat\htmlbck.png --> our-oxford.info /public_html/opn/Treat htmlbck.png
2013.02.01 15:58 B F:\OxfordPast\Treat\house.jpg --> our-oxford.info /public_html/opn/Treat house.jpg
2013.02.01 15:58 B F:\OxfordPast\Treat\home.jpg --> our-oxford.info /public_html/opn/Treat home.jpg
2013.02.01 15:58 B F:\OxfordPast\Treat\fampages.html --> our-oxford.info /public_html/opn/Treat fampages.html
2013.02.01 15:58 B F:\OxfordPast\Treat\FAMILYFORM.html --> our-oxford.info /public_html/opn/Treat FAMILYFORM.html
2013.02.01 15:58 B F:\OxfordPast\Treat\end.jpg --> our-oxford.info /public_html/opn/Treat end.jpg
2013.02.01 15:58 B F:\OxfordPast\Treat\cell_back.png --> our-oxford.info /public_html/opn/Treat cell_back.png
2013.02.01 15:58 B F:\OxfordPast\Treat\bkgrd.jpg --> our-oxford.info /public_html/opn/Treat bkgrd.jpg
2013.02.01 15:58 B F:\OxfordPast\Treat\236900.jpg --> our-oxford.info /public_html/opn/Treat 236900.jpg
2013.02.01 15:58 B F:\OxfordPast\Treat\236800.jpg --> our-oxford.info /public_html/opn/Treat 236800.jpg
2013.02.01 15:58 B F:\OxfordPast\Treat\236700.jpg --> our-oxford.info /public_html/opn/Treat 236700.jpg
2013.02.01 15:58 B F:\OxfordPast\Treat\175700.jpg --> our-oxford.info /public_html/opn/Treat 175700.jpg
