2020.04.08 11:31 B C:\Users\dotti\Desktop\peach-festival\2013_Children-of-Oxford\.jpg --> ftp.oxfordpast.com /ohs/peach-festival/2013_Children-of-Oxford .jpg
2020.04.08 11:31 B C:\Users\dotti\Desktop\peach-festival\2013_Children-of-Oxford\087_Cora&kids-homestead.jpg --> ftp.oxfordpast.com /ohs/peach-festival/2013_Children-of-Oxford 087_Cora&kids-homestead.jpg
2020.04.08 11:31 B C:\Users\dotti\Desktop\peach-festival\2013_Children-of-Oxford\089_karen 1957.jpg --> ftp.oxfordpast.com /ohs/peach-festival/2013_Children-of-Oxford 089_karen 1957.jpg
2020.04.08 11:31 B C:\Users\dotti\Desktop\peach-festival\2013_Children-of-Oxford\094_Buster-Esther-&-Art-Wheeler.jpg --> ftp.oxfordpast.com /ohs/peach-festival/2013_Children-of-Oxford 094_Buster-Esther-&-Art-Wheeler.jpg
2020.04.08 11:31 B C:\Users\dotti\Desktop\peach-festival\2013_Children-of-Oxford\158_Charles-Bonnett--ALphoto.jpg --> ftp.oxfordpast.com /ohs/peach-festival/2013_Children-of-Oxford 158_Charles-Bonnett--ALphoto.jpg
2020.04.08 11:31 B C:\Users\dotti\Desktop\peach-festival\2013_Children-of-Oxford\170071027.jpg --> ftp.oxfordpast.com /ohs/peach-festival/2013_Children-of-Oxford 170071027.jpg
2020.04.08 11:31 B C:\Users\dotti\Desktop\peach-festival\2013_Children-of-Oxford\170071031.jpg --> ftp.oxfordpast.com /ohs/peach-festival/2013_Children-of-Oxford 170071031.jpg
2020.04.08 11:32 B C:\Users\dotti\Desktop\peach-festival\2013_Children-of-Oxford\170071070.jpg --> ftp.oxfordpast.com /ohs/peach-festival/2013_Children-of-Oxford 170071070.jpg
2020.04.08 11:32 B C:\Users\dotti\Desktop\peach-festival\2013_Children-of-Oxford\170071072.jpg --> ftp.oxfordpast.com /ohs/peach-festival/2013_Children-of-Oxford 170071072.jpg
2020.04.08 11:32 B C:\Users\dotti\Desktop\peach-festival\2013_Children-of-Oxford\170071077.jpg --> ftp.oxfordpast.com /ohs/peach-festival/2013_Children-of-Oxford 170071077.jpg
2020.04.08 11:32 B C:\Users\dotti\Desktop\peach-festival\2013_Children-of-Oxford\170071084.jpg --> ftp.oxfordpast.com /ohs/peach-festival/2013_Children-of-Oxford 170071084.jpg
2020.04.08 11:32 B C:\Users\dotti\Desktop\peach-festival\2013_Children-of-Oxford\170071086.jpg --> ftp.oxfordpast.com /ohs/peach-festival/2013_Children-of-Oxford 170071086.jpg
2020.04.08 11:32 B C:\Users\dotti\Desktop\peach-festival\2013_Children-of-Oxford\170071095.jpg --> ftp.oxfordpast.com /ohs/peach-festival/2013_Children-of-Oxford 170071095.jpg
2020.04.08 11:32 B C:\Users\dotti\Desktop\peach-festival\2013_Children-of-Oxford\170071097.jpg --> ftp.oxfordpast.com /ohs/peach-festival/2013_Children-of-Oxford 170071097.jpg
2020.04.08 11:32 B C:\Users\dotti\Desktop\peach-festival\2013_Children-of-Oxford\170071098.jpg --> ftp.oxfordpast.com /ohs/peach-festival/2013_Children-of-Oxford 170071098.jpg
2020.04.08 11:32 B C:\Users\dotti\Desktop\peach-festival\2013_Children-of-Oxford\170071099.jpg --> ftp.oxfordpast.com /ohs/peach-festival/2013_Children-of-Oxford 170071099.jpg
2020.04.08 11:32 B C:\Users\dotti\Desktop\peach-festival\2013_Children-of-Oxford\170071101.jpg --> ftp.oxfordpast.com /ohs/peach-festival/2013_Children-of-Oxford 170071101.jpg
2020.04.08 11:32 B C:\Users\dotti\Desktop\peach-festival\2013_Children-of-Oxford\170071103.jpg --> ftp.oxfordpast.com /ohs/peach-festival/2013_Children-of-Oxford 170071103.jpg
2020.04.08 11:32 B C:\Users\dotti\Desktop\peach-festival\2013_Children-of-Oxford\170071104.jpg --> ftp.oxfordpast.com /ohs/peach-festival/2013_Children-of-Oxford 170071104.jpg
2020.04.08 11:32 B C:\Users\dotti\Desktop\peach-festival\2013_Children-of-Oxford\170071114.jpg --> ftp.oxfordpast.com /ohs/peach-festival/2013_Children-of-Oxford 170071114.jpg
2020.04.08 11:32 B C:\Users\dotti\Desktop\peach-festival\2013_Children-of-Oxford\170071127.jpg --> ftp.oxfordpast.com /ohs/peach-festival/2013_Children-of-Oxford 170071127.jpg
2020.04.08 11:32 B C:\Users\dotti\Desktop\peach-festival\2013_Children-of-Oxford\170071165.jpg --> ftp.oxfordpast.com /ohs/peach-festival/2013_Children-of-Oxford 170071165.jpg
2020.04.08 11:33 B C:\Users\dotti\Desktop\peach-festival\2013_Children-of-Oxford\170071210.jpg --> ftp.oxfordpast.com /ohs/peach-festival/2013_Children-of-Oxford 170071210.jpg
2020.04.08 11:33 B C:\Users\dotti\Desktop\peach-festival\2013_Children-of-Oxford\174_Chestnut-Tree-School-Circa-1897.jpg --> ftp.oxfordpast.com /ohs/peach-festival/2013_Children-of-Oxford 174_Chestnut-Tree-School-Circa-1897.jpg
2020.04.08 11:33 B C:\Users\dotti\Desktop\peach-festival\2013_Children-of-Oxford\1751_APO_Agnes-Prokop-Oczkowski-in-front-of-original-farmhouse-2.jpg --> ftp.oxfordpast.com /ohs/peach-festival/2013_Children-of-Oxford 1751_APO_Agnes-Prokop-Oczkowski-in-front-of-original-farmhouse-2.jpg
2020.04.08 11:33 B C:\Users\dotti\Desktop\peach-festival\2013_Children-of-Oxford\178_Mary-treat-chatfield-and-Atwater-c-treat.jpg --> ftp.oxfordpast.com /ohs/peach-festival/2013_Children-of-Oxford 178_Mary-treat-chatfield-and-Atwater-c-treat.jpg
2020.04.08 11:33 B C:\Users\dotti\Desktop\peach-festival\2013_Children-of-Oxford\188_Audrey-cable-age-11--by-oxfordshire-fountain.jpg --> ftp.oxfordpast.com /ohs/peach-festival/2013_Children-of-Oxford 188_Audrey-cable-age-11--by-oxfordshire-fountain.jpg
2020.04.08 11:33 B C:\Users\dotti\Desktop\peach-festival\2013_Children-of-Oxford\189_Audrey-cable-age-13-by-oxfordshire-fountain.jpg --> ftp.oxfordpast.com /ohs/peach-festival/2013_Children-of-Oxford 189_Audrey-cable-age-13-by-oxfordshire-fountain.jpg
2020.04.08 11:33 B C:\Users\dotti\Desktop\peach-festival\2013_Children-of-Oxford\190_Bonnet-Timer-with-dog--maybe-Peggy--where-is-this.jpg --> ftp.oxfordpast.com /ohs/peach-festival/2013_Children-of-Oxford 190_Bonnet-Timer-with-dog--maybe-Peggy--where-is-this.jpg
2020.04.08 11:33 B C:\Users\dotti\Desktop\peach-festival\2013_Children-of-Oxford\191_Cable-bob-photo-by-pearl-robinson.jpg --> ftp.oxfordpast.com /ohs/peach-festival/2013_Children-of-Oxford 191_Cable-bob-photo-by-pearl-robinson.jpg
2020.04.08 11:33 B C:\Users\dotti\Desktop\peach-festival\2013_Children-of-Oxford\2009-DISTRICT-3-OFTBALL-CHAMPIONS.JPG --> ftp.oxfordpast.com /ohs/peach-festival/2013_Children-of-Oxford 2009-DISTRICT-3-OFTBALL-CHAMPIONS.JPG
2020.04.08 11:34 B C:\Users\dotti\Desktop\peach-festival\2013_Children-of-Oxford\2041_School-photo-from-Lisa-Hellauer_1.jpg --> ftp.oxfordpast.com /ohs/peach-festival/2013_Children-of-Oxford 2041_School-photo-from-Lisa-Hellauer_1.jpg
2020.04.08 11:35 B C:\Users\dotti\Desktop\peach-festival\2013_Children-of-Oxford\2042_School-photo-from-Lisa-Hellauer-2.jpg --> ftp.oxfordpast.com /ohs/peach-festival/2013_Children-of-Oxford 2042_School-photo-from-Lisa-Hellauer-2.jpg
2020.04.08 11:35 B C:\Users\dotti\Desktop\peach-festival\2013_Children-of-Oxford\2071_jv_.tif --> ftp.oxfordpast.com /ohs/peach-festival/2013_Children-of-Oxford 2071_jv_.tif
2020.04.08 11:36 B C:\Users\dotti\Desktop\peach-festival\2013_Children-of-Oxford\2072_jv_.tif --> ftp.oxfordpast.com /ohs/peach-festival/2013_Children-of-Oxford 2072_jv_.tif
2020.04.08 11:36 B C:\Users\dotti\Desktop\peach-festival\2013_Children-of-Oxford\2090_JH_Circa 1925_Rear=Harriet-Miles_Eleanor-Miles__Front=Frances-Miles_Marian-Miles.tif --> ftp.oxfordpast.com /ohs/peach-festival/2013_Children-of-Oxford 2090_JH_Circa 1925_Rear=Harriet-Miles_Eleanor-Miles__Front=Frances-Miles_Marian-Miles.tif
2020.04.08 11:37 B C:\Users\dotti\Desktop\peach-festival\2013_Children-of-Oxford\2098_Circa-1925_Standing_Left-to-right=Eleanor-Miles_Rees-Miles_Harriet-Miles_Sitting-left-to-right=Marian-Miles_ Richard-Miles_Frances-Miles-(Written-by-FMS-after EWM-died-.tif --> ftp.oxfordpast.com /ohs/peach-festival/2013_Children-of-Oxford 2098_Circa-1925_Standing_Left-to-right=Eleanor-Miles_Rees-Miles_Harriet-Miles_Sitting-left-to-right=Marian-Miles_ Richard-Miles_Frances-Miles-(Written-by-FMS-after EWM-died-.tif
2020.04.08 11:38 B C:\Users\dotti\Desktop\peach-festival\2013_Children-of-Oxford\2098_Circa-1925_Standingd-.tif --> ftp.oxfordpast.com /ohs/peach-festival/2013_Children-of-Oxford 2098_Circa-1925_Standingd-.tif
2020.04.08 11:38 B C:\Users\dotti\Desktop\peach-festival\2013_Children-of-Oxford\3030_NLM_scan016.jpg --> ftp.oxfordpast.com /ohs/peach-festival/2013_Children-of-Oxford 3030_NLM_scan016.jpg
2020.04.08 11:38 B C:\Users\dotti\Desktop\peach-festival\2013_Children-of-Oxford\3038_NLM_scan005.jpg --> ftp.oxfordpast.com /ohs/peach-festival/2013_Children-of-Oxford 3038_NLM_scan005.jpg
2020.04.08 11:38 B C:\Users\dotti\Desktop\peach-festival\2013_Children-of-Oxford\3042_NLM_scan009.jpg --> ftp.oxfordpast.com /ohs/peach-festival/2013_Children-of-Oxford 3042_NLM_scan009.jpg
2020.04.08 11:38 B C:\Users\dotti\Desktop\peach-festival\2013_Children-of-Oxford\3050_NLM_scan017.jpg --> ftp.oxfordpast.com /ohs/peach-festival/2013_Children-of-Oxford 3050_NLM_scan017.jpg
2020.04.08 11:38 B C:\Users\dotti\Desktop\peach-festival\2013_Children-of-Oxford\3058_NLM_scan027.jpg --> ftp.oxfordpast.com /ohs/peach-festival/2013_Children-of-Oxford 3058_NLM_scan027.jpg
2020.04.08 11:38 B C:\Users\dotti\Desktop\peach-festival\2013_Children-of-Oxford\3070_NLM_scan039.jpg --> ftp.oxfordpast.com /ohs/peach-festival/2013_Children-of-Oxford 3070_NLM_scan039.jpg
2020.04.08 11:38 B C:\Users\dotti\Desktop\peach-festival\2013_Children-of-Oxford\3086_NLM_19a.jpg --> ftp.oxfordpast.com /ohs/peach-festival/2013_Children-of-Oxford 3086_NLM_19a.jpg
2020.04.08 11:38 B C:\Users\dotti\Desktop\peach-festival\2013_Children-of-Oxford\3096_NLM_nlm1b.jpg --> ftp.oxfordpast.com /ohs/peach-festival/2013_Children-of-Oxford 3096_NLM_nlm1b.jpg
2020.04.08 11:38 B C:\Users\dotti\Desktop\peach-festival\2013_Children-of-Oxford\3116_NLM_Jersey&kids.jpg --> ftp.oxfordpast.com /ohs/peach-festival/2013_Children-of-Oxford 3116_NLM_Jersey&kids.jpg
2020.04.08 11:38 B C:\Users\dotti\Desktop\peach-festival\2013_Children-of-Oxford\7 kids on running board - 1926__.jpg --> ftp.oxfordpast.com /ohs/peach-festival/2013_Children-of-Oxford 7 kids on running board - 1926__.jpg
2020.04.08 11:38 B C:\Users\dotti\Desktop\peach-festival\2013_Children-of-Oxford\airplane-1933__.jpg --> ftp.oxfordpast.com /ohs/peach-festival/2013_Children-of-Oxford airplane-1933__.jpg
2020.04.08 11:38 B C:\Users\dotti\Desktop\peach-festival\2013_Children-of-Oxford\baseball__.jpg --> ftp.oxfordpast.com /ohs/peach-festival/2013_Children-of-Oxford baseball__.jpg
2020.04.08 11:38 B C:\Users\dotti\Desktop\peach-festival\2013_Children-of-Oxford\Bell School - December 1930__.jpg --> ftp.oxfordpast.com /ohs/peach-festival/2013_Children-of-Oxford Bell School - December 1930__.jpg
2020.04.08 11:38 B C:\Users\dotti\Desktop\peach-festival\2013_Children-of-Oxford\Bell-School-Interior.jpg --> ftp.oxfordpast.com /ohs/peach-festival/2013_Children-of-Oxford Bell-School-Interior.jpg
2020.04.08 11:38 B C:\Users\dotti\Desktop\peach-festival\2013_Children-of-Oxford\Bessie-Cable-Sanford_Mrs.Sherman_son-Russell&Daughter-Helen.jpg --> ftp.oxfordpast.com /ohs/peach-festival/2013_Children-of-Oxford Bessie-Cable-Sanford_Mrs.Sherman_son-Russell&Daughter-Helen.jpg
2020.04.08 11:38 B C:\Users\dotti\Desktop\peach-festival\2013_Children-of-Oxford\Bicycle-Boys_Tintype.jpg --> ftp.oxfordpast.com /ohs/peach-festival/2013_Children-of-Oxford Bicycle-Boys_Tintype.jpg
2020.04.08 11:38 B C:\Users\dotti\Desktop\peach-festival\2013_Children-of-Oxford\boys&girls-on-bell-school-steps.jpg --> ftp.oxfordpast.com /ohs/peach-festival/2013_Children-of-Oxford boys&girls-on-bell-school-steps.jpg
2020.04.08 11:38 B C:\Users\dotti\Desktop\peach-festival\2013_Children-of-Oxford\boys-&-girl-on-bell-school-steps.jpg --> ftp.oxfordpast.com /ohs/peach-festival/2013_Children-of-Oxford boys-&-girl-on-bell-school-steps.jpg
2020.04.08 11:38 B C:\Users\dotti\Desktop\peach-festival\2013_Children-of-Oxford\brobosky-&-2-Jensens-on-fence.jpg --> ftp.oxfordpast.com /ohs/peach-festival/2013_Children-of-Oxford brobosky-&-2-Jensens-on-fence.jpg
2020.04.08 11:38 B C:\Users\dotti\Desktop\peach-festival\2013_Children-of-Oxford\Chestnut Tree Hill - group of children__.jpg --> ftp.oxfordpast.com /ohs/peach-festival/2013_Children-of-Oxford Chestnut Tree Hill - group of children__.jpg
2020.04.08 11:38 B C:\Users\dotti\Desktop\peach-festival\2013_Children-of-Oxford\Chestnut Tree Hill School Good Health Band__.jpg --> ftp.oxfordpast.com /ohs/peach-festival/2013_Children-of-Oxford Chestnut Tree Hill School Good Health Band__.jpg
2020.04.08 11:39 B C:\Users\dotti\Desktop\peach-festival\2013_Children-of-Oxford\Chestnut Tree Hill School Pole-climbers__.jpg --> ftp.oxfordpast.com /ohs/peach-festival/2013_Children-of-Oxford Chestnut Tree Hill School Pole-climbers__.jpg
2020.04.08 11:41 B C:\Users\dotti\Desktop\peach-festival\2013_Children-of-Oxford\children of oxford.pdf --> ftp.oxfordpast.com /ohs/peach-festival/2013_Children-of-Oxford children of oxford.pdf
2020.04.08 11:43 B C:\Users\dotti\Desktop\peach-festival\2013_Children-of-Oxford\Christian-Street-School-Students-circa-1942.tif --> ftp.oxfordpast.com /ohs/peach-festival/2013_Children-of-Oxford Christian-Street-School-Students-circa-1942.tif
2020.04.08 11:43 B C:\Users\dotti\Desktop\peach-festival\2013_Children-of-Oxford\DeBisschop-Robert-Atwater.jpg --> ftp.oxfordpast.com /ohs/peach-festival/2013_Children-of-Oxford DeBisschop-Robert-Atwater.jpg
2020.04.08 11:43 B C:\Users\dotti\Desktop\peach-festival\2013_Children-of-Oxford\dot&howard-cattle-enhanced.jpg --> ftp.oxfordpast.com /ohs/peach-festival/2013_Children-of-Oxford dot&howard-cattle-enhanced.jpg
2020.04.08 11:43 B C:\Users\dotti\Desktop\peach-festival\2013_Children-of-Oxford\File0019-c_RV.jpg --> ftp.oxfordpast.com /ohs/peach-festival/2013_Children-of-Oxford File0019-c_RV.jpg
2020.04.08 11:43 B C:\Users\dotti\Desktop\peach-festival\2013_Children-of-Oxford\File0020-b_RV.jpg --> ftp.oxfordpast.com /ohs/peach-festival/2013_Children-of-Oxford File0020-b_RV.jpg
2020.04.08 11:43 B C:\Users\dotti\Desktop\peach-festival\2013_Children-of-Oxford\five boys in snow fort__ .jpg --> ftp.oxfordpast.com /ohs/peach-festival/2013_Children-of-Oxford five boys in snow fort__ .jpg
2020.04.08 11:43 B C:\Users\dotti\Desktop\peach-festival\2013_Children-of-Oxford\folks at home - unidentified__.jpg --> ftp.oxfordpast.com /ohs/peach-festival/2013_Children-of-Oxford folks at home - unidentified__.jpg
2020.04.08 11:43 B C:\Users\dotti\Desktop\peach-festival\2013_Children-of-Oxford\Girl Scouts__.jpg --> ftp.oxfordpast.com /ohs/peach-festival/2013_Children-of-Oxford Girl Scouts__.jpg
2020.04.08 11:44 B C:\Users\dotti\Desktop\peach-festival\2013_Children-of-Oxford\m-k-001.tif --> ftp.oxfordpast.com /ohs/peach-festival/2013_Children-of-Oxford m-k-001.tif
2020.04.08 11:45 B C:\Users\dotti\Desktop\peach-festival\2013_Children-of-Oxford\m-k-002.tif --> ftp.oxfordpast.com /ohs/peach-festival/2013_Children-of-Oxford m-k-002.tif
2020.04.08 11:45 B C:\Users\dotti\Desktop\peach-festival\2013_Children-of-Oxford\Maypole dance - 1932 Washington Bicentennial__.jpg --> ftp.oxfordpast.com /ohs/peach-festival/2013_Children-of-Oxford Maypole dance - 1932 Washington Bicentennial__.jpg
2020.04.08 11:45 B C:\Users\dotti\Desktop\peach-festival\2013_Children-of-Oxford\sa-010.jpg --> ftp.oxfordpast.com /ohs/peach-festival/2013_Children-of-Oxford sa-010.jpg
2020.04.08 11:45 B C:\Users\dotti\Desktop\peach-festival\2013_Children-of-Oxford\sa-012.jpg --> ftp.oxfordpast.com /ohs/peach-festival/2013_Children-of-Oxford sa-012.jpg
2020.04.08 11:45 B C:\Users\dotti\Desktop\peach-festival\2013_Children-of-Oxford\sa-018-tintype.jpg --> ftp.oxfordpast.com /ohs/peach-festival/2013_Children-of-Oxford sa-018-tintype.jpg
2020.04.08 11:45 B C:\Users\dotti\Desktop\peach-festival\2013_Children-of-Oxford\sa-021-tintype.jpg --> ftp.oxfordpast.com /ohs/peach-festival/2013_Children-of-Oxford sa-021-tintype.jpg
2020.04.08 11:45 B C:\Users\dotti\Desktop\peach-festival\2013_Children-of-Oxford\sa-026.jpg --> ftp.oxfordpast.com /ohs/peach-festival/2013_Children-of-Oxford sa-026.jpg
2020.04.08 11:45 B C:\Users\dotti\Desktop\peach-festival\2013_Children-of-Oxford\sa-034.jpg --> ftp.oxfordpast.com /ohs/peach-festival/2013_Children-of-Oxford sa-034.jpg
2020.04.08 11:45 B C:\Users\dotti\Desktop\peach-festival\2013_Children-of-Oxford\sa-045-REVERSE-Julia-Sanford-pencil.jpg --> ftp.oxfordpast.com /ohs/peach-festival/2013_Children-of-Oxford sa-045-REVERSE-Julia-Sanford-pencil.jpg
2020.04.08 11:45 B C:\Users\dotti\Desktop\peach-festival\2013_Children-of-Oxford\sa-045.jpg --> ftp.oxfordpast.com /ohs/peach-festival/2013_Children-of-Oxford sa-045.jpg
2020.04.08 11:45 B C:\Users\dotti\Desktop\peach-festival\2013_Children-of-Oxford\sa-065.jpg --> ftp.oxfordpast.com /ohs/peach-festival/2013_Children-of-Oxford sa-065.jpg
2020.04.08 11:45 B C:\Users\dotti\Desktop\peach-festival\2013_Children-of-Oxford\Sanford-005-REVERSE.tif.jpg --> ftp.oxfordpast.com /ohs/peach-festival/2013_Children-of-Oxford Sanford-005-REVERSE.tif.jpg
2020.04.08 11:45 B C:\Users\dotti\Desktop\peach-festival\2013_Children-of-Oxford\Sanford-005.jpg --> ftp.oxfordpast.com /ohs/peach-festival/2013_Children-of-Oxford Sanford-005.jpg
2020.04.08 11:45 B C:\Users\dotti\Desktop\peach-festival\2013_Children-of-Oxford\ten-kids-on-side-of-Bell-School.jpg --> ftp.oxfordpast.com /ohs/peach-festival/2013_Children-of-Oxford ten-kids-on-side-of-Bell-School.jpg
2020.04.08 12:24 B C:\Users\dotti\Desktop\peach-festival\2013_Children-of-Oxford\2098_Circa-1925_Standing_Left-to-right=Eleanor-Miles_Rees-Miles_Harriet-Miles_Sitting-left-to-right=Marian-Miles_ Richard-Miles_Frances-Miles-(Written-by-FMS-after EWM-died-.tif --> ftp.oxfordpast.com /ohs/peach-festival/2013_Children-of-Oxford 2098_Circa-1925_Standing_Left-to-right=Eleanor-Miles_Rees-Miles_Harriet-Miles_Sitting-left-to-right=Marian-Miles_ Richard-Miles_Frances-Miles-(Written-by-FMS-after EWM-died-.tif
