2003.10.03 17:53 B C:\My Documents\My Albums\Untitled0\pages\Charles_Smith_Chatfield_1835-1855.html --> www.oxfordpast.net /pages Charles_Smith_Chatfield_1835-1855.html
2003.10.03 17:53 B C:\My Documents\My Albums\Untitled0\pages\Charles_Smith_Chatfield_1835-1855.jpg --> www.oxfordpast.net /pages Charles_Smith_Chatfield_1835-1855.jpg
2003.10.03 17:53 B C:\My Documents\My Albums\Untitled0\pages\Cheryl_Eileen_(Chatfield)_Thompson.html --> www.oxfordpast.net /pages Cheryl_Eileen_(Chatfield)_Thompson.html
2003.10.03 17:54 B C:\My Documents\My Albums\Untitled0\pages\Cheryl_Eileen_(Chatfield)_Thompson.jpg --> www.oxfordpast.net /pages Cheryl_Eileen_(Chatfield)_Thompson.jpg
2003.10.03 17:54 B C:\My Documents\My Albums\Untitled0\pages\Cheryl_Eileen_Chatfield_age_2.html --> www.oxfordpast.net /pages Cheryl_Eileen_Chatfield_age_2.html
2003.10.03 17:54 B C:\My Documents\My Albums\Untitled0\pages\Cheryl_Eileen_Chatfield_age_2.jpg --> www.oxfordpast.net /pages Cheryl_Eileen_Chatfield_age_2.jpg
2003.10.03 17:54 B C:\My Documents\My Albums\Untitled0\pages\Cletus_and_Eileen_Daly.html --> www.oxfordpast.net /pages Cletus_and_Eileen_Daly.html
2003.10.03 17:54 B C:\My Documents\My Albums\Untitled0\pages\Cletus_and_Eileen_Daly.jpg --> www.oxfordpast.net /pages Cletus_and_Eileen_Daly.jpg
2003.10.03 17:54 B C:\My Documents\My Albums\Untitled0\pages\Donald_and_Sisters.html --> www.oxfordpast.net /pages Donald_and_Sisters.html
2003.10.03 17:54 B C:\My Documents\My Albums\Untitled0\pages\Donald_and_Sisters.jpg --> www.oxfordpast.net /pages Donald_and_Sisters.jpg
2003.10.03 17:54 B C:\My Documents\My Albums\Untitled0\pages\Donald_Lester_Francis_Chatfield_W.html --> www.oxfordpast.net /pages Donald_Lester_Francis_Chatfield_W.html
2003.10.03 17:54 B C:\My Documents\My Albums\Untitled0\pages\Donald_Lester_Francis_Chatfield_W.W.jpg --> www.oxfordpast.net /pages Donald_Lester_Francis_Chatfield_W.W.jpg
2003.10.03 17:54 B C:\My Documents\My Albums\Untitled0\pages\Donald_Lester_Francis_Chatfield_Wedding.html --> www.oxfordpast.net /pages Donald_Lester_Francis_Chatfield_Wedding.html
2003.10.03 17:54 B C:\My Documents\My Albums\Untitled0\pages\Donald_Lester_Francis_Chatfield_Wedding.jpg --> www.oxfordpast.net /pages Donald_Lester_Francis_Chatfield_Wedding.jpg
2003.10.03 17:54 B C:\My Documents\My Albums\Untitled0\pages\Eileen_Margaret_(Daly)_Chatfield.html --> www.oxfordpast.net /pages Eileen_Margaret_(Daly)_Chatfield.html
2003.10.03 17:54 B C:\My Documents\My Albums\Untitled0\pages\Eileen_Margaret_(Daly)_Chatfield.jpg --> www.oxfordpast.net /pages Eileen_Margaret_(Daly)_Chatfield.jpg
2003.10.03 17:54 B C:\My Documents\My Albums\Untitled0\pages\Eileen_Margaret_Daly_Wedding.html --> www.oxfordpast.net /pages Eileen_Margaret_Daly_Wedding.html
2003.10.03 17:55 B C:\My Documents\My Albums\Untitled0\pages\Eileen_Margaret_Daly_Wedding.jpg --> www.oxfordpast.net /pages Eileen_Margaret_Daly_Wedding.jpg
2003.10.03 17:55 B C:\My Documents\My Albums\Untitled0\pages\Emily_C._(Chatfield)_Sperry.jpg --> www.oxfordpast.net /pages Emily_C._(Chatfield)_Sperry.jpg
2003.10.03 17:55 B C:\My Documents\My Albums\Untitled0\pages\Emily_C.html --> www.oxfordpast.net /pages Emily_C.html
2003.10.03 17:55 B C:\My Documents\My Albums\Untitled0\pages\Enos_Beecher_Chatfield-Civil_War_Reunion.html --> www.oxfordpast.net /pages Enos_Beecher_Chatfield-Civil_War_Reunion.html
2003.10.03 17:55 B C:\My Documents\My Albums\Untitled0\pages\Enos_Beecher_Chatfield-Civil_War_Reunion.jpg --> www.oxfordpast.net /pages Enos_Beecher_Chatfield-Civil_War_Reunion.jpg
2003.10.03 17:55 B C:\My Documents\My Albums\Untitled0\pages\Enos_Beecher_Chatfield2.html --> www.oxfordpast.net /pages Enos_Beecher_Chatfield2.html
2003.10.03 17:55 B C:\My Documents\My Albums\Untitled0\pages\Enos_Beecher_Chatfield2.jpg --> www.oxfordpast.net /pages Enos_Beecher_Chatfield2.jpg
2003.10.03 17:55 B C:\My Documents\My Albums\Untitled0\pages\Enos_Beecher_Chatfield3.html --> www.oxfordpast.net /pages Enos_Beecher_Chatfield3.html
2003.10.03 17:55 B C:\My Documents\My Albums\Untitled0\pages\Enos_Beecher_Chatfield3.jpg --> www.oxfordpast.net /pages Enos_Beecher_Chatfield3.jpg
2003.10.03 17:55 B C:\My Documents\My Albums\Untitled0\pages\Enos_Beecher_Chatfieldc.html --> www.oxfordpast.net /pages Enos_Beecher_Chatfieldc.html
2003.10.03 17:55 B C:\My Documents\My Albums\Untitled0\pages\Enos_Beecher_Chatfieldc.jpg --> www.oxfordpast.net /pages Enos_Beecher_Chatfieldc.jpg
2003.10.03 17:55 B C:\My Documents\My Albums\Untitled0\pages\Enos_Chatfield1.html --> www.oxfordpast.net /pages Enos_Chatfield1.html
2003.10.03 17:56 B C:\My Documents\My Albums\Untitled0\pages\Enos_Chatfield1.jpg --> www.oxfordpast.net /pages Enos_Chatfield1.jpg
2003.10.03 17:56 B C:\My Documents\My Albums\Untitled0\pages\Frederick_Seymour_Chatfield.html --> www.oxfordpast.net /pages Frederick_Seymour_Chatfield.html
2003.10.03 17:56 B C:\My Documents\My Albums\Untitled0\pages\Frederick_Seymour_Chatfield.jpg --> www.oxfordpast.net /pages Frederick_Seymour_Chatfield.jpg
2003.10.03 17:56 B C:\My Documents\My Albums\Untitled0\pages\Frederick_Seymour_Chatfield_1918.html --> www.oxfordpast.net /pages Frederick_Seymour_Chatfield_1918.html
2003.10.03 17:56 B C:\My Documents\My Albums\Untitled0\pages\Frederick_Seymour_Chatfield_1918.jpg --> www.oxfordpast.net /pages Frederick_Seymour_Chatfield_1918.jpg
2003.10.03 17:56 B C:\My Documents\My Albums\Untitled0\pages\FREDER~1.html --> www.oxfordpast.net /pages FREDER~1.html
2003.10.03 17:56 B C:\My Documents\My Albums\Untitled0\pages\Harry_Mathew_Daly_Wedding.html --> www.oxfordpast.net /pages Harry_Mathew_Daly_Wedding.html
2003.10.03 17:56 B C:\My Documents\My Albums\Untitled0\pages\Harry_Mathew_Daly_Wedding.jpg --> www.oxfordpast.net /pages Harry_Mathew_Daly_Wedding.jpg
2003.10.03 17:56 B C:\My Documents\My Albums\Untitled0\pages\Harry_Oswald_&_Emma_Louise_Karsch.html --> www.oxfordpast.net /pages Harry_Oswald_&_Emma_Louise_Karsch.html
2003.10.03 17:56 B C:\My Documents\My Albums\Untitled0\pages\Harry_Oswald_&_Emma_Louise_Karsch.jpg --> www.oxfordpast.net /pages Harry_Oswald_&_Emma_Louise_Karsch.jpg
2003.10.03 17:56 B C:\My Documents\My Albums\Untitled0\pages\Julia_(Chatfield)_Thomas.html --> www.oxfordpast.net /pages Julia_(Chatfield)_Thomas.html
2003.10.03 17:57 B C:\My Documents\My Albums\Untitled0\pages\Julia_(Chatfield)_Thomas.jpg --> www.oxfordpast.net /pages Julia_(Chatfield)_Thomas.jpg
2003.10.03 17:57 B C:\My Documents\My Albums\Untitled0\pages\Lucius_Perkins_Sperry.html --> www.oxfordpast.net /pages Lucius_Perkins_Sperry.html
2003.10.03 17:57 B C:\My Documents\My Albums\Untitled0\pages\Lucius_Perkins_Sperry.jpg --> www.oxfordpast.net /pages Lucius_Perkins_Sperry.jpg
2003.10.03 17:57 B C:\My Documents\My Albums\Untitled0\pages\Lucius_Perkins_Sperry_Family.html --> www.oxfordpast.net /pages Lucius_Perkins_Sperry_Family.html
2003.10.03 17:57 B C:\My Documents\My Albums\Untitled0\pages\Lucius_Perkins_Sperry_Family.jpg --> www.oxfordpast.net /pages Lucius_Perkins_Sperry_Family.jpg
2003.10.03 17:57 B C:\My Documents\My Albums\Untitled0\pages\Mabel_Elizabeth_Chatfield_Wedding.html --> www.oxfordpast.net /pages Mabel_Elizabeth_Chatfield_Wedding.html
2003.10.03 17:57 B C:\My Documents\My Albums\Untitled0\pages\Mabel_Elizabeth_Chatfield_Wedding.jpg --> www.oxfordpast.net /pages Mabel_Elizabeth_Chatfield_Wedding.jpg
2003.10.03 17:57 B C:\My Documents\My Albums\Untitled0\pages\Mary_E._and_Frederick_S._Chatfield.jpg --> www.oxfordpast.net /pages Mary_E._and_Frederick_S._Chatfield.jpg
2003.10.03 17:57 B C:\My Documents\My Albums\Untitled0\pages\Mary_E.html --> www.oxfordpast.net /pages Mary_E.html
2003.10.03 17:57 B C:\My Documents\My Albums\Untitled0\pages\Mary_Elizabeth_(Seymour)_Chatfield1.html --> www.oxfordpast.net /pages Mary_Elizabeth_(Seymour)_Chatfield1.html
2003.10.03 17:57 B C:\My Documents\My Albums\Untitled0\pages\Mary_Elizabeth_(Seymour)_Chatfield1.jpg --> www.oxfordpast.net /pages Mary_Elizabeth_(Seymour)_Chatfield1.jpg
2003.10.03 17:57 B C:\My Documents\My Albums\Untitled0\pages\Mary_Elizabeth_(Seymour)_Chatfield2.html --> www.oxfordpast.net /pages Mary_Elizabeth_(Seymour)_Chatfield2.html
2003.10.03 17:58 B C:\My Documents\My Albums\Untitled0\pages\Mary_Elizabeth_(Seymour)_Chatfield2.jpg --> www.oxfordpast.net /pages Mary_Elizabeth_(Seymour)_Chatfield2.jpg
2003.10.03 17:58 B C:\My Documents\My Albums\Untitled0\pages\Mary_Elizabeth_(Seymour)_Chatfield3.html --> www.oxfordpast.net /pages Mary_Elizabeth_(Seymour)_Chatfield3.html
2003.10.03 17:58 B C:\My Documents\My Albums\Untitled0\pages\Mary_Elizabeth_(Seymour)_Chatfield3.jpg --> www.oxfordpast.net /pages Mary_Elizabeth_(Seymour)_Chatfield3.jpg
2003.10.03 17:58 B C:\My Documents\My Albums\Untitled0\pages\Roland_Wilbur_Chatfield.html --> www.oxfordpast.net /pages Roland_Wilbur_Chatfield.html
2003.10.03 17:58 B C:\My Documents\My Albums\Untitled0\pages\Roland_Wilbur_Chatfield.jpg --> www.oxfordpast.net /pages Roland_Wilbur_Chatfield.jpg
2003.10.03 17:58 B C:\My Documents\My Albums\Untitled0\pages\Roxa_Roxy_(Sperry)_Chatfield.html --> www.oxfordpast.net /pages Roxa_Roxy_(Sperry)_Chatfield.html
2003.10.03 17:58 B C:\My Documents\My Albums\Untitled0\pages\Roxa_Roxy_(Sperry)_Chatfield.jpg --> www.oxfordpast.net /pages Roxa_Roxy_(Sperry)_Chatfield.jpg
2003.10.03 17:58 B C:\My Documents\My Albums\Untitled0\pages\Shirley_Mae_Harriet_Oswald1.html --> www.oxfordpast.net /pages Shirley_Mae_Harriet_Oswald1.html
2003.10.03 17:58 B C:\My Documents\My Albums\Untitled0\pages\Shirley_Mae_Harriet_Oswald1.jpg --> www.oxfordpast.net /pages Shirley_Mae_Harriet_Oswald1.jpg
2003.10.03 17:59 B C:\My Documents\My Albums\Untitled0\pages\Shirley_Mae_Harriet_Oswald_Wedding1.html --> www.oxfordpast.net /pages Shirley_Mae_Harriet_Oswald_Wedding1.html
2003.10.03 17:59 B C:\My Documents\My Albums\Untitled0\pages\Shirley_Mae_Harriet_Oswald_Wedding1.jpg --> www.oxfordpast.net /pages Shirley_Mae_Harriet_Oswald_Wedding1.jpg
2003.10.03 17:59 B C:\My Documents\My Albums\Untitled0\pages\WILLIAM_ELDON_CHATFIELD.html --> www.oxfordpast.net /pages WILLIAM_ELDON_CHATFIELD.html
2003.10.03 17:59 B C:\My Documents\My Albums\Untitled0\pages\WILLIAM_ELDON_CHATFIELD.jpg --> www.oxfordpast.net /pages WILLIAM_ELDON_CHATFIELD.jpg
2003.10.03 17:59 B C:\My Documents\My Albums\Untitled0\pages\William_Eldon_Chatfield3.html --> www.oxfordpast.net /pages William_Eldon_Chatfield3.html
2003.10.03 17:59 B C:\My Documents\My Albums\Untitled0\pages\William_Eldon_Chatfield3.jpg --> www.oxfordpast.net /pages William_Eldon_Chatfield3.jpg
2003.10.03 17:59 B C:\My Documents\My Albums\Untitled0\pages\William_Eldon_Chatfield4.html --> www.oxfordpast.net /pages William_Eldon_Chatfield4.html
2003.10.03 17:59 B C:\My Documents\My Albums\Untitled0\pages\William_Eldon_Chatfield4.jpg --> www.oxfordpast.net /pages William_Eldon_Chatfield4.jpg
2003.10.03 17:59 B C:\My Documents\My Albums\Untitled0\pages\William_Eldon_Chatfield5.html --> www.oxfordpast.net /pages William_Eldon_Chatfield5.html
2003.10.03 17:59 B C:\My Documents\My Albums\Untitled0\pages\William_Eldon_Chatfield5.jpg --> www.oxfordpast.net /pages William_Eldon_Chatfield5.jpg
2003.10.05 19:21 B C:\My Documents\oxfordpast\photoalbum\cherl\Untitled0\pages\Frederick_Seymour_Chatfield.jpg <-- oxfordpast /thumbs Frederick_Seymour_Chatfield.jpg
2003.10.05 19:48 B C:\My Documents\oxfordpast\photoalbum\cherl\Untitled0\pages\Mary_E._and_Frederick_S._Chatfield.html --> www.oxfordpast.net /pages Mary_E._and_Frederick_S._Chatfield.html
2003.10.05 19:51 B C:\My Documents\oxfordpast\photoalbum\cherl\Untitled0\pages\Mary_E._and_Frederick_S._Chatfield.html --> www.oxfordpast.net /pages Mary_E._and_Frederick_S._Chatfield.html
2003.10.05 19:54 B C:\My Documents\oxfordpast\photoalbum\cherl\Untitled0\pages\Frederick_Seymour_Chatfield.jpg --> www.oxfordpast.net /pages Frederick_Seymour_Chatfield.jpg
2003.10.13 18:27 B C:\My Documents\oxfordpast\CHERL\Untitled0\pages\CharlesSmithChatfield.html --> www.oxfordpast.net /Cheryl/pages CharlesSmithChatfield.html
2003.10.13 18:27 B C:\My Documents\oxfordpast\CHERL\Untitled0\pages\CharlesSmithChatfield.jpg --> www.oxfordpast.net /Cheryl/pages CharlesSmithChatfield.jpg
2003.10.13 18:27 B C:\My Documents\oxfordpast\CHERL\Untitled0\pages\Cheryl_Eileen_(Chatfield)_Thompson.html --> www.oxfordpast.net /Cheryl/pages Cheryl_Eileen_(Chatfield)_Thompson.html
2003.10.13 18:27 B C:\My Documents\oxfordpast\CHERL\Untitled0\pages\Cheryl_Eileen_(Chatfield)_Thompson.jpg --> www.oxfordpast.net /Cheryl/pages Cheryl_Eileen_(Chatfield)_Thompson.jpg
2003.10.13 18:27 B C:\My Documents\oxfordpast\CHERL\Untitled0\pages\Cheryl_Eileen_Chatfield_age_2.html --> www.oxfordpast.net /Cheryl/pages Cheryl_Eileen_Chatfield_age_2.html
2003.10.13 18:27 B C:\My Documents\oxfordpast\CHERL\Untitled0\pages\Cheryl_Eileen_Chatfield_age_2.jpg --> www.oxfordpast.net /Cheryl/pages Cheryl_Eileen_Chatfield_age_2.jpg
2003.10.13 18:27 B C:\My Documents\oxfordpast\CHERL\Untitled0\pages\Cletus_and_Eileen_Daly.html --> www.oxfordpast.net /Cheryl/pages Cletus_and_Eileen_Daly.html
2003.10.13 18:27 B C:\My Documents\oxfordpast\CHERL\Untitled0\pages\Cletus_and_Eileen_Daly.jpg --> www.oxfordpast.net /Cheryl/pages Cletus_and_Eileen_Daly.jpg
2003.10.13 18:27 B C:\My Documents\oxfordpast\CHERL\Untitled0\pages\Donald_and_Sisters.html --> www.oxfordpast.net /Cheryl/pages Donald_and_Sisters.html
2003.10.13 18:27 B C:\My Documents\oxfordpast\CHERL\Untitled0\pages\Donald_and_Sisters.jpg --> www.oxfordpast.net /Cheryl/pages Donald_and_Sisters.jpg
2003.10.13 18:27 B C:\My Documents\oxfordpast\CHERL\Untitled0\pages\Donald_Lester_Francis_Chatfield_W.html --> www.oxfordpast.net /Cheryl/pages Donald_Lester_Francis_Chatfield_W.html
2003.10.13 18:27 B C:\My Documents\oxfordpast\CHERL\Untitled0\pages\Donald_Lester_Francis_Chatfield_W.W.jpg --> www.oxfordpast.net /Cheryl/pages Donald_Lester_Francis_Chatfield_W.W.jpg
2003.10.13 18:27 B C:\My Documents\oxfordpast\CHERL\Untitled0\pages\Donald_Lester_Francis_Chatfield_Wedding.html --> www.oxfordpast.net /Cheryl/pages Donald_Lester_Francis_Chatfield_Wedding.html
2003.10.13 18:27 B C:\My Documents\oxfordpast\CHERL\Untitled0\pages\Donald_Lester_Francis_Chatfield_Wedding.jpg --> www.oxfordpast.net /Cheryl/pages Donald_Lester_Francis_Chatfield_Wedding.jpg
2003.10.13 18:27 B C:\My Documents\oxfordpast\CHERL\Untitled0\pages\Eileen_Margaret_(Daly)_Chatfield.html --> www.oxfordpast.net /Cheryl/pages Eileen_Margaret_(Daly)_Chatfield.html
2003.10.13 18:28 B C:\My Documents\oxfordpast\CHERL\Untitled0\pages\Eileen_Margaret_(Daly)_Chatfield.jpg --> www.oxfordpast.net /Cheryl/pages Eileen_Margaret_(Daly)_Chatfield.jpg
2003.10.13 18:28 B C:\My Documents\oxfordpast\CHERL\Untitled0\pages\Eileen_Margaret_Daly_Wedding.html --> www.oxfordpast.net /Cheryl/pages Eileen_Margaret_Daly_Wedding.html
2003.10.13 18:28 B C:\My Documents\oxfordpast\CHERL\Untitled0\pages\Eileen_Margaret_Daly_Wedding.jpg --> www.oxfordpast.net /Cheryl/pages Eileen_Margaret_Daly_Wedding.jpg
2003.10.13 18:28 B C:\My Documents\oxfordpast\CHERL\Untitled0\pages\Emily_C._(Chatfield)_Sperry.jpg --> www.oxfordpast.net /Cheryl/pages Emily_C._(Chatfield)_Sperry.jpg
2003.10.13 18:28 B C:\My Documents\oxfordpast\CHERL\Untitled0\pages\Emily_C.html --> www.oxfordpast.net /Cheryl/pages Emily_C.html
2003.10.13 18:28 B C:\My Documents\oxfordpast\CHERL\Untitled0\pages\Enos_Beecher_Chatfield-Civil_War_Reunion.html --> www.oxfordpast.net /Cheryl/pages Enos_Beecher_Chatfield-Civil_War_Reunion.html
2003.10.13 18:28 B C:\My Documents\oxfordpast\CHERL\Untitled0\pages\Enos_Beecher_Chatfield-Civil_War_Reunion.jpg --> www.oxfordpast.net /Cheryl/pages Enos_Beecher_Chatfield-Civil_War_Reunion.jpg
2003.10.13 18:28 B C:\My Documents\oxfordpast\CHERL\Untitled0\pages\Enos_Beecher_Chatfield2.html --> www.oxfordpast.net /Cheryl/pages Enos_Beecher_Chatfield2.html
2003.10.13 18:28 B C:\My Documents\oxfordpast\CHERL\Untitled0\pages\Enos_Beecher_Chatfield2.jpg --> www.oxfordpast.net /Cheryl/pages Enos_Beecher_Chatfield2.jpg
2003.10.13 18:28 B C:\My Documents\oxfordpast\CHERL\Untitled0\pages\Enos_Beecher_Chatfield3.html --> www.oxfordpast.net /Cheryl/pages Enos_Beecher_Chatfield3.html
2003.10.13 18:28 B C:\My Documents\oxfordpast\CHERL\Untitled0\pages\Enos_Beecher_Chatfield3.jpg --> www.oxfordpast.net /Cheryl/pages Enos_Beecher_Chatfield3.jpg
2003.10.13 18:28 B C:\My Documents\oxfordpast\CHERL\Untitled0\pages\Enos_Beecher_Chatfieldc.html --> www.oxfordpast.net /Cheryl/pages Enos_Beecher_Chatfieldc.html
2003.10.13 18:28 B C:\My Documents\oxfordpast\CHERL\Untitled0\pages\Enos_Beecher_Chatfieldc.jpg --> www.oxfordpast.net /Cheryl/pages Enos_Beecher_Chatfieldc.jpg
2003.10.13 18:28 B C:\My Documents\oxfordpast\CHERL\Untitled0\pages\Enos_Chatfield1.html --> www.oxfordpast.net /Cheryl/pages Enos_Chatfield1.html
2003.10.13 18:28 B C:\My Documents\oxfordpast\CHERL\Untitled0\pages\Enos_Chatfield1.jpg --> www.oxfordpast.net /Cheryl/pages Enos_Chatfield1.jpg
2003.10.13 18:28 B C:\My Documents\oxfordpast\CHERL\Untitled0\pages\Frederick_Seymour_Chatfield.html --> www.oxfordpast.net /Cheryl/pages Frederick_Seymour_Chatfield.html
2003.10.13 18:28 B C:\My Documents\oxfordpast\CHERL\Untitled0\pages\Frederick_Seymour_Chatfield.jpg --> www.oxfordpast.net /Cheryl/pages Frederick_Seymour_Chatfield.jpg
2003.10.13 18:28 B C:\My Documents\oxfordpast\CHERL\Untitled0\pages\Frederick_Seymour_Chatfield_1918.html --> www.oxfordpast.net /Cheryl/pages Frederick_Seymour_Chatfield_1918.html
2003.10.13 18:28 B C:\My Documents\oxfordpast\CHERL\Untitled0\pages\Frederick_Seymour_Chatfield_1918.jpg --> www.oxfordpast.net /Cheryl/pages Frederick_Seymour_Chatfield_1918.jpg
2003.10.13 18:28 B C:\My Documents\oxfordpast\CHERL\Untitled0\pages\FREDER~1.html --> www.oxfordpast.net /Cheryl/pages FREDER~1.html
2003.10.13 18:28 B C:\My Documents\oxfordpast\CHERL\Untitled0\pages\Harry_Mathew_Daly_Wedding.html --> www.oxfordpast.net /Cheryl/pages Harry_Mathew_Daly_Wedding.html
2003.10.13 18:29 B C:\My Documents\oxfordpast\CHERL\Untitled0\pages\Harry_Mathew_Daly_Wedding.jpg --> www.oxfordpast.net /Cheryl/pages Harry_Mathew_Daly_Wedding.jpg
2003.10.13 18:29 B C:\My Documents\oxfordpast\CHERL\Untitled0\pages\Harry_Oswald_&_Emma_Louise_Karsch.html --> www.oxfordpast.net /Cheryl/pages Harry_Oswald_&_Emma_Louise_Karsch.html
2003.10.13 18:29 B C:\My Documents\oxfordpast\CHERL\Untitled0\pages\Harry_Oswald_&_Emma_Louise_Karsch.jpg --> www.oxfordpast.net /Cheryl/pages Harry_Oswald_&_Emma_Louise_Karsch.jpg
2003.10.13 18:29 B C:\My Documents\oxfordpast\CHERL\Untitled0\pages\Julia(Chatfield)Thomas.jpg --> www.oxfordpast.net /Cheryl/pages Julia(Chatfield)Thomas.jpg
2003.10.13 18:29 B C:\My Documents\oxfordpast\CHERL\Untitled0\pages\Julia_(Chatfield)_Thomas.html --> www.oxfordpast.net /Cheryl/pages Julia_(Chatfield)_Thomas.html
2003.10.13 18:29 B C:\My Documents\oxfordpast\CHERL\Untitled0\pages\Lucius_Perkins_Sperry.html --> www.oxfordpast.net /Cheryl/pages Lucius_Perkins_Sperry.html
2003.10.13 18:29 B C:\My Documents\oxfordpast\CHERL\Untitled0\pages\Lucius_Perkins_Sperry.jpg --> www.oxfordpast.net /Cheryl/pages Lucius_Perkins_Sperry.jpg
2003.10.13 18:29 B C:\My Documents\oxfordpast\CHERL\Untitled0\pages\Lucius_Perkins_Sperry_Family.html --> www.oxfordpast.net /Cheryl/pages Lucius_Perkins_Sperry_Family.html
2003.10.13 18:30 B C:\My Documents\oxfordpast\CHERL\Untitled0\pages\Lucius_Perkins_Sperry_Family.jpg --> www.oxfordpast.net /Cheryl/pages Lucius_Perkins_Sperry_Family.jpg
2003.10.13 18:30 B C:\My Documents\oxfordpast\CHERL\Untitled0\pages\Mabel_Elizabeth_Chatfield_Wedding.html --> www.oxfordpast.net /Cheryl/pages Mabel_Elizabeth_Chatfield_Wedding.html
2003.10.13 18:30 B C:\My Documents\oxfordpast\CHERL\Untitled0\pages\Mabel_Elizabeth_Chatfield_Wedding.jpg --> www.oxfordpast.net /Cheryl/pages Mabel_Elizabeth_Chatfield_Wedding.jpg
2003.10.13 18:30 B C:\My Documents\oxfordpast\CHERL\Untitled0\pages\Mary_E._and_Frederick_S._Chatfield.html --> www.oxfordpast.net /Cheryl/pages Mary_E._and_Frederick_S._Chatfield.html
2003.10.13 18:30 B C:\My Documents\oxfordpast\CHERL\Untitled0\pages\Mary_E._and_Frederick_S._Chatfield.jpg --> www.oxfordpast.net /Cheryl/pages Mary_E._and_Frederick_S._Chatfield.jpg
2003.10.13 18:30 B C:\My Documents\oxfordpast\CHERL\Untitled0\pages\Mary_Elizabeth_(Seymour)_Chatfield1.html --> www.oxfordpast.net /Cheryl/pages Mary_Elizabeth_(Seymour)_Chatfield1.html
2003.10.13 18:30 B C:\My Documents\oxfordpast\CHERL\Untitled0\pages\Mary_Elizabeth_(Seymour)_Chatfield1.jpg --> www.oxfordpast.net /Cheryl/pages Mary_Elizabeth_(Seymour)_Chatfield1.jpg
2003.10.13 18:30 B C:\My Documents\oxfordpast\CHERL\Untitled0\pages\Mary_Elizabeth_(Seymour)_Chatfield2.html --> www.oxfordpast.net /Cheryl/pages Mary_Elizabeth_(Seymour)_Chatfield2.html
2003.10.13 18:30 B C:\My Documents\oxfordpast\CHERL\Untitled0\pages\Mary_Elizabeth_(Seymour)_Chatfield2.jpg --> www.oxfordpast.net /Cheryl/pages Mary_Elizabeth_(Seymour)_Chatfield2.jpg
2003.10.13 18:30 B C:\My Documents\oxfordpast\CHERL\Untitled0\pages\Mary_Elizabeth_(Seymour)_Chatfield3.html --> www.oxfordpast.net /Cheryl/pages Mary_Elizabeth_(Seymour)_Chatfield3.html
2003.10.13 18:30 B C:\My Documents\oxfordpast\CHERL\Untitled0\pages\Mary_Elizabeth_(Seymour)_Chatfield3.jpg --> www.oxfordpast.net /Cheryl/pages Mary_Elizabeth_(Seymour)_Chatfield3.jpg
2003.10.13 18:30 B C:\My Documents\oxfordpast\CHERL\Untitled0\pages\Roland_Wilbur_Chatfield.html --> www.oxfordpast.net /Cheryl/pages Roland_Wilbur_Chatfield.html
2003.10.13 18:30 B C:\My Documents\oxfordpast\CHERL\Untitled0\pages\Roland_Wilbur_Chatfield.jpg --> www.oxfordpast.net /Cheryl/pages Roland_Wilbur_Chatfield.jpg
2003.10.13 18:30 B C:\My Documents\oxfordpast\CHERL\Untitled0\pages\Roxa_Roxy_(Sperry)_Chatfield.html --> www.oxfordpast.net /Cheryl/pages Roxa_Roxy_(Sperry)_Chatfield.html
2003.10.13 18:30 B C:\My Documents\oxfordpast\CHERL\Untitled0\pages\Roxy(Sperry)Chatfield.jpg --> www.oxfordpast.net /Cheryl/pages Roxy(Sperry)Chatfield.jpg
2003.10.13 18:31 B C:\My Documents\oxfordpast\CHERL\Untitled0\pages\Shirley_Mae_Harriet_Oswald1.html --> www.oxfordpast.net /Cheryl/pages Shirley_Mae_Harriet_Oswald1.html
2003.10.13 18:31 B C:\My Documents\oxfordpast\CHERL\Untitled0\pages\Shirley_Mae_Harriet_Oswald1.jpg --> www.oxfordpast.net /Cheryl/pages Shirley_Mae_Harriet_Oswald1.jpg
2003.10.13 18:31 B C:\My Documents\oxfordpast\CHERL\Untitled0\pages\Shirley_Mae_Harriet_Oswald_Wedding1.html --> www.oxfordpast.net /Cheryl/pages Shirley_Mae_Harriet_Oswald_Wedding1.html
2003.10.13 18:31 B C:\My Documents\oxfordpast\CHERL\Untitled0\pages\Shirley_Mae_Harriet_Oswald_Wedding1.jpg --> www.oxfordpast.net /Cheryl/pages Shirley_Mae_Harriet_Oswald_Wedding1.jpg
2003.10.13 18:31 B C:\My Documents\oxfordpast\CHERL\Untitled0\pages\WILLIAM_ELDON_CHATFIELD.html --> www.oxfordpast.net /Cheryl/pages WILLIAM_ELDON_CHATFIELD.html
2003.10.13 18:31 B C:\My Documents\oxfordpast\CHERL\Untitled0\pages\WILLIAM_ELDON_CHATFIELD.jpg --> www.oxfordpast.net /Cheryl/pages WILLIAM_ELDON_CHATFIELD.jpg
2003.10.13 18:31 B C:\My Documents\oxfordpast\CHERL\Untitled0\pages\William_Eldon_Chatfield3.html --> www.oxfordpast.net /Cheryl/pages William_Eldon_Chatfield3.html
2003.10.13 18:31 B C:\My Documents\oxfordpast\CHERL\Untitled0\pages\William_Eldon_Chatfield3.jpg --> www.oxfordpast.net /Cheryl/pages William_Eldon_Chatfield3.jpg
2003.10.13 18:31 B C:\My Documents\oxfordpast\CHERL\Untitled0\pages\William_Eldon_Chatfield4.html --> www.oxfordpast.net /Cheryl/pages William_Eldon_Chatfield4.html
2003.10.13 18:31 B C:\My Documents\oxfordpast\CHERL\Untitled0\pages\William_Eldon_Chatfield4.jpg --> www.oxfordpast.net /Cheryl/pages William_Eldon_Chatfield4.jpg
2003.10.13 18:31 B C:\My Documents\oxfordpast\CHERL\Untitled0\pages\William_Eldon_Chatfield5.html --> www.oxfordpast.net /Cheryl/pages William_Eldon_Chatfield5.html
2003.10.13 18:31 B C:\My Documents\oxfordpast\CHERL\Untitled0\pages\William_Eldon_Chatfield5.jpg --> www.oxfordpast.net /Cheryl/pages William_Eldon_Chatfield5.jpg
2003.10.13 18:31 B C:\My Documents\oxfordpast\CHERL\Untitled0\pages\WS_FTP.LOG --> www.oxfordpast.net /Cheryl/pages WS_FTP.LOG
2003.10.15 17:59 B C:\My Documents\oxfordpast\CHERL\Untitled0\pages\Cheryl_Eileen_(Chatfield)_Thompson.html --> www.oxfordpast.net /Cheryl/pages Cheryl_Eileen_(Chatfield)_Thompson.html
2003.10.15 21:32 B C:\My Documents\oxfordpast\CHERL\Untitled0\pages\CharlesSmithChatfield.html --> www.oxfordpast.net /Cheryl/pages CharlesSmithChatfield.html
2003.10.15 21:32 B C:\My Documents\oxfordpast\CHERL\Untitled0\pages\CharlesSmithChatfield.jpg --> www.oxfordpast.net /Cheryl/pages CharlesSmithChatfield.jpg
2003.10.15 21:32 B C:\My Documents\oxfordpast\CHERL\Untitled0\pages\Cheryl_Eileen_(Chatfield)_Thompson.html --> www.oxfordpast.net /Cheryl/pages Cheryl_Eileen_(Chatfield)_Thompson.html
2003.10.15 21:32 B C:\My Documents\oxfordpast\CHERL\Untitled0\pages\Cheryl_Eileen_(Chatfield)_Thompson.jpg --> www.oxfordpast.net /Cheryl/pages Cheryl_Eileen_(Chatfield)_Thompson.jpg
2003.10.15 21:32 B C:\My Documents\oxfordpast\CHERL\Untitled0\pages\Cheryl_Eileen_Chatfield_age_2.html --> www.oxfordpast.net /Cheryl/pages Cheryl_Eileen_Chatfield_age_2.html
2003.10.15 21:32 B C:\My Documents\oxfordpast\CHERL\Untitled0\pages\Cheryl_Eileen_Chatfield_age_2.jpg --> www.oxfordpast.net /Cheryl/pages Cheryl_Eileen_Chatfield_age_2.jpg
2003.10.15 21:32 B C:\My Documents\oxfordpast\CHERL\Untitled0\pages\Cletus_and_Eileen_Daly.html --> www.oxfordpast.net /Cheryl/pages Cletus_and_Eileen_Daly.html
2003.10.15 21:32 B C:\My Documents\oxfordpast\CHERL\Untitled0\pages\Cletus_and_Eileen_Daly.jpg --> www.oxfordpast.net /Cheryl/pages Cletus_and_Eileen_Daly.jpg
2003.10.15 21:32 B C:\My Documents\oxfordpast\CHERL\Untitled0\pages\Donald_and_Sisters.html --> www.oxfordpast.net /Cheryl/pages Donald_and_Sisters.html
2003.10.15 21:32 B C:\My Documents\oxfordpast\CHERL\Untitled0\pages\Donald_and_Sisters.jpg --> www.oxfordpast.net /Cheryl/pages Donald_and_Sisters.jpg
2003.10.15 21:32 B C:\My Documents\oxfordpast\CHERL\Untitled0\pages\Donald_Lester_Francis_Chatfield_W.html --> www.oxfordpast.net /Cheryl/pages Donald_Lester_Francis_Chatfield_W.html
2003.10.15 21:32 B C:\My Documents\oxfordpast\CHERL\Untitled0\pages\Donald_Lester_Francis_Chatfield_W.W.jpg --> www.oxfordpast.net /Cheryl/pages Donald_Lester_Francis_Chatfield_W.W.jpg
2003.10.15 21:32 B C:\My Documents\oxfordpast\CHERL\Untitled0\pages\Donald_Lester_Francis_Chatfield_Wedding.html --> www.oxfordpast.net /Cheryl/pages Donald_Lester_Francis_Chatfield_Wedding.html
2003.10.15 21:33 B C:\My Documents\oxfordpast\CHERL\Untitled0\pages\Donald_Lester_Francis_Chatfield_Wedding.jpg --> www.oxfordpast.net /Cheryl/pages Donald_Lester_Francis_Chatfield_Wedding.jpg
2003.10.15 21:33 B C:\My Documents\oxfordpast\CHERL\Untitled0\pages\Eileen_Margaret_(Daly)_Chatfield.html --> www.oxfordpast.net /Cheryl/pages Eileen_Margaret_(Daly)_Chatfield.html
2003.10.15 21:33 B C:\My Documents\oxfordpast\CHERL\Untitled0\pages\Eileen_Margaret_(Daly)_Chatfield.jpg --> www.oxfordpast.net /Cheryl/pages Eileen_Margaret_(Daly)_Chatfield.jpg
2003.10.15 21:33 B C:\My Documents\oxfordpast\CHERL\Untitled0\pages\Eileen_Margaret_Daly_Wedding.html --> www.oxfordpast.net /Cheryl/pages Eileen_Margaret_Daly_Wedding.html
2003.10.15 21:33 B C:\My Documents\oxfordpast\CHERL\Untitled0\pages\Eileen_Margaret_Daly_Wedding.jpg --> www.oxfordpast.net /Cheryl/pages Eileen_Margaret_Daly_Wedding.jpg
2003.10.15 21:33 B C:\My Documents\oxfordpast\CHERL\Untitled0\pages\Emily_C._(Chatfield)_Sperry.jpg --> www.oxfordpast.net /Cheryl/pages Emily_C._(Chatfield)_Sperry.jpg
2003.10.15 21:33 B C:\My Documents\oxfordpast\CHERL\Untitled0\pages\Emily_C.html --> www.oxfordpast.net /Cheryl/pages Emily_C.html
2003.10.15 21:33 B C:\My Documents\oxfordpast\CHERL\Untitled0\pages\Enos_Beecher_Chatfield-Civil_War_Reunion.html --> www.oxfordpast.net /Cheryl/pages Enos_Beecher_Chatfield-Civil_War_Reunion.html
2003.10.15 21:33 B C:\My Documents\oxfordpast\CHERL\Untitled0\pages\Enos_Beecher_Chatfield-Civil_War_Reunion.jpg --> www.oxfordpast.net /Cheryl/pages Enos_Beecher_Chatfield-Civil_War_Reunion.jpg
2003.10.15 21:33 B C:\My Documents\oxfordpast\CHERL\Untitled0\pages\Enos_Beecher_Chatfield2.html --> www.oxfordpast.net /Cheryl/pages Enos_Beecher_Chatfield2.html
2003.10.15 21:33 B C:\My Documents\oxfordpast\CHERL\Untitled0\pages\Enos_Beecher_Chatfield2.jpg --> www.oxfordpast.net /Cheryl/pages Enos_Beecher_Chatfield2.jpg
2003.10.15 21:33 B C:\My Documents\oxfordpast\CHERL\Untitled0\pages\Enos_Beecher_Chatfield3.html --> www.oxfordpast.net /Cheryl/pages Enos_Beecher_Chatfield3.html
2003.10.15 21:33 B C:\My Documents\oxfordpast\CHERL\Untitled0\pages\Enos_Beecher_Chatfield3.jpg --> www.oxfordpast.net /Cheryl/pages Enos_Beecher_Chatfield3.jpg
2003.10.15 21:33 B C:\My Documents\oxfordpast\CHERL\Untitled0\pages\Enos_Beecher_Chatfieldc.html --> www.oxfordpast.net /Cheryl/pages Enos_Beecher_Chatfieldc.html
2003.10.15 21:34 B C:\My Documents\oxfordpast\CHERL\Untitled0\pages\Enos_Beecher_Chatfieldc.jpg --> www.oxfordpast.net /Cheryl/pages Enos_Beecher_Chatfieldc.jpg
2003.10.15 21:34 B C:\My Documents\oxfordpast\CHERL\Untitled0\pages\Enos_Chatfield1.html --> www.oxfordpast.net /Cheryl/pages Enos_Chatfield1.html
2003.10.15 21:34 B C:\My Documents\oxfordpast\CHERL\Untitled0\pages\Enos_Chatfield1.jpg --> www.oxfordpast.net /Cheryl/pages Enos_Chatfield1.jpg
2003.10.15 21:34 B C:\My Documents\oxfordpast\CHERL\Untitled0\pages\Frederick_Seymour_Chatfield.html --> www.oxfordpast.net /Cheryl/pages Frederick_Seymour_Chatfield.html
2003.10.15 21:34 B C:\My Documents\oxfordpast\CHERL\Untitled0\pages\Frederick_Seymour_Chatfield.jpg --> www.oxfordpast.net /Cheryl/pages Frederick_Seymour_Chatfield.jpg
2003.10.15 21:34 B C:\My Documents\oxfordpast\CHERL\Untitled0\pages\Frederick_Seymour_Chatfield_1918.html --> www.oxfordpast.net /Cheryl/pages Frederick_Seymour_Chatfield_1918.html
2003.10.15 21:34 B C:\My Documents\oxfordpast\CHERL\Untitled0\pages\Frederick_Seymour_Chatfield_1918.jpg --> www.oxfordpast.net /Cheryl/pages Frederick_Seymour_Chatfield_1918.jpg
2003.10.15 21:34 B C:\My Documents\oxfordpast\CHERL\Untitled0\pages\FREDER~1.html --> www.oxfordpast.net /Cheryl/pages FREDER~1.html
2003.10.15 21:34 B C:\My Documents\oxfordpast\CHERL\Untitled0\pages\Harry_Mathew_Daly_Wedding.html --> www.oxfordpast.net /Cheryl/pages Harry_Mathew_Daly_Wedding.html
2003.10.15 21:34 B C:\My Documents\oxfordpast\CHERL\Untitled0\pages\Harry_Mathew_Daly_Wedding.jpg --> www.oxfordpast.net /Cheryl/pages Harry_Mathew_Daly_Wedding.jpg
2003.10.15 21:34 B C:\My Documents\oxfordpast\CHERL\Untitled0\pages\Harry_Oswald_&_Emma_Louise_Karsch.html --> www.oxfordpast.net /Cheryl/pages Harry_Oswald_&_Emma_Louise_Karsch.html
2003.10.15 21:34 B C:\My Documents\oxfordpast\CHERL\Untitled0\pages\Harry_Oswald_&_Emma_Louise_Karsch.jpg --> www.oxfordpast.net /Cheryl/pages Harry_Oswald_&_Emma_Louise_Karsch.jpg
2003.10.15 21:34 B C:\My Documents\oxfordpast\CHERL\Untitled0\pages\Julia(Chatfield)Thomas.jpg --> www.oxfordpast.net /Cheryl/pages Julia(Chatfield)Thomas.jpg
2003.10.15 21:34 B C:\My Documents\oxfordpast\CHERL\Untitled0\pages\Julia_(Chatfield)_Thomas.html --> www.oxfordpast.net /Cheryl/pages Julia_(Chatfield)_Thomas.html
2003.10.15 21:34 B C:\My Documents\oxfordpast\CHERL\Untitled0\pages\Lucius_Perkins_Sperry.html --> www.oxfordpast.net /Cheryl/pages Lucius_Perkins_Sperry.html
2003.10.15 21:34 B C:\My Documents\oxfordpast\CHERL\Untitled0\pages\Lucius_Perkins_Sperry.jpg --> www.oxfordpast.net /Cheryl/pages Lucius_Perkins_Sperry.jpg
2003.10.15 21:34 B C:\My Documents\oxfordpast\CHERL\Untitled0\pages\Lucius_Perkins_Sperry_Family.html --> www.oxfordpast.net /Cheryl/pages Lucius_Perkins_Sperry_Family.html
2003.10.15 21:35 B C:\My Documents\oxfordpast\CHERL\Untitled0\pages\Lucius_Perkins_Sperry_Family.jpg --> www.oxfordpast.net /Cheryl/pages Lucius_Perkins_Sperry_Family.jpg
2003.10.15 21:35 B C:\My Documents\oxfordpast\CHERL\Untitled0\pages\Mabel_Elizabeth_Chatfield_Wedding.html --> www.oxfordpast.net /Cheryl/pages Mabel_Elizabeth_Chatfield_Wedding.html
2003.10.15 21:35 B C:\My Documents\oxfordpast\CHERL\Untitled0\pages\Mabel_Elizabeth_Chatfield_Wedding.jpg --> www.oxfordpast.net /Cheryl/pages Mabel_Elizabeth_Chatfield_Wedding.jpg
2003.10.15 21:35 B C:\My Documents\oxfordpast\CHERL\Untitled0\pages\Mary_E._and_Frederick_S._Chatfield.html --> www.oxfordpast.net /Cheryl/pages Mary_E._and_Frederick_S._Chatfield.html
2003.10.15 21:35 B C:\My Documents\oxfordpast\CHERL\Untitled0\pages\Mary_E._and_Frederick_S._Chatfield.jpg --> www.oxfordpast.net /Cheryl/pages Mary_E._and_Frederick_S._Chatfield.jpg
2003.10.15 21:35 B C:\My Documents\oxfordpast\CHERL\Untitled0\pages\Mary_Elizabeth_(Seymour)_Chatfield1.html --> www.oxfordpast.net /Cheryl/pages Mary_Elizabeth_(Seymour)_Chatfield1.html
2003.10.15 21:35 B C:\My Documents\oxfordpast\CHERL\Untitled0\pages\Mary_Elizabeth_(Seymour)_Chatfield1.jpg --> www.oxfordpast.net /Cheryl/pages Mary_Elizabeth_(Seymour)_Chatfield1.jpg
2003.10.15 21:35 B C:\My Documents\oxfordpast\CHERL\Untitled0\pages\Mary_Elizabeth_(Seymour)_Chatfield2.html --> www.oxfordpast.net /Cheryl/pages Mary_Elizabeth_(Seymour)_Chatfield2.html
2003.10.15 21:35 B C:\My Documents\oxfordpast\CHERL\Untitled0\pages\Mary_Elizabeth_(Seymour)_Chatfield2.jpg --> www.oxfordpast.net /Cheryl/pages Mary_Elizabeth_(Seymour)_Chatfield2.jpg
2003.10.15 21:35 B C:\My Documents\oxfordpast\CHERL\Untitled0\pages\Mary_Elizabeth_(Seymour)_Chatfield3.html --> www.oxfordpast.net /Cheryl/pages Mary_Elizabeth_(Seymour)_Chatfield3.html
2003.10.15 21:35 B C:\My Documents\oxfordpast\CHERL\Untitled0\pages\Mary_Elizabeth_(Seymour)_Chatfield3.jpg --> www.oxfordpast.net /Cheryl/pages Mary_Elizabeth_(Seymour)_Chatfield3.jpg
2003.10.15 21:35 B C:\My Documents\oxfordpast\CHERL\Untitled0\pages\Roland_Wilbur_Chatfield.html --> www.oxfordpast.net /Cheryl/pages Roland_Wilbur_Chatfield.html
2003.10.15 21:35 B C:\My Documents\oxfordpast\CHERL\Untitled0\pages\Roland_Wilbur_Chatfield.jpg --> www.oxfordpast.net /Cheryl/pages Roland_Wilbur_Chatfield.jpg
2003.10.15 21:35 B C:\My Documents\oxfordpast\CHERL\Untitled0\pages\Roxa_Roxy_(Sperry)_Chatfield.html --> www.oxfordpast.net /Cheryl/pages Roxa_Roxy_(Sperry)_Chatfield.html
2003.10.15 21:35 B C:\My Documents\oxfordpast\CHERL\Untitled0\pages\Roxy(Sperry)Chatfield.jpg --> www.oxfordpast.net /Cheryl/pages Roxy(Sperry)Chatfield.jpg
2003.10.15 21:35 B C:\My Documents\oxfordpast\CHERL\Untitled0\pages\Shirley_Mae_Harriet_Oswald1.html --> www.oxfordpast.net /Cheryl/pages Shirley_Mae_Harriet_Oswald1.html
2003.10.15 21:36 B C:\My Documents\oxfordpast\CHERL\Untitled0\pages\Shirley_Mae_Harriet_Oswald1.jpg --> www.oxfordpast.net /Cheryl/pages Shirley_Mae_Harriet_Oswald1.jpg
2003.10.15 21:36 B C:\My Documents\oxfordpast\CHERL\Untitled0\pages\Shirley_Mae_Harriet_Oswald_Wedding1.html --> www.oxfordpast.net /Cheryl/pages Shirley_Mae_Harriet_Oswald_Wedding1.html
2003.10.15 21:36 B C:\My Documents\oxfordpast\CHERL\Untitled0\pages\Shirley_Mae_Harriet_Oswald_Wedding1.jpg --> www.oxfordpast.net /Cheryl/pages Shirley_Mae_Harriet_Oswald_Wedding1.jpg
2003.10.15 21:36 B C:\My Documents\oxfordpast\CHERL\Untitled0\pages\WILLIAM_ELDON_CHATFIELD.html --> www.oxfordpast.net /Cheryl/pages WILLIAM_ELDON_CHATFIELD.html
2003.10.15 21:36 B C:\My Documents\oxfordpast\CHERL\Untitled0\pages\WILLIAM_ELDON_CHATFIELD.jpg --> www.oxfordpast.net /Cheryl/pages WILLIAM_ELDON_CHATFIELD.jpg
2003.10.15 21:36 B C:\My Documents\oxfordpast\CHERL\Untitled0\pages\William_Eldon_Chatfield3.html --> www.oxfordpast.net /Cheryl/pages William_Eldon_Chatfield3.html
2003.10.15 21:36 B C:\My Documents\oxfordpast\CHERL\Untitled0\pages\William_Eldon_Chatfield3.jpg --> www.oxfordpast.net /Cheryl/pages William_Eldon_Chatfield3.jpg
2003.10.15 21:36 B C:\My Documents\oxfordpast\CHERL\Untitled0\pages\William_Eldon_Chatfield4.html --> www.oxfordpast.net /Cheryl/pages William_Eldon_Chatfield4.html
2003.10.15 21:36 B C:\My Documents\oxfordpast\CHERL\Untitled0\pages\William_Eldon_Chatfield4.jpg --> www.oxfordpast.net /Cheryl/pages William_Eldon_Chatfield4.jpg
2003.10.15 21:36 B C:\My Documents\oxfordpast\CHERL\Untitled0\pages\William_Eldon_Chatfield5.html --> www.oxfordpast.net /Cheryl/pages William_Eldon_Chatfield5.html
2003.10.15 21:36 B C:\My Documents\oxfordpast\CHERL\Untitled0\pages\William_Eldon_Chatfield5.jpg --> www.oxfordpast.net /Cheryl/pages William_Eldon_Chatfield5.jpg
