2020.04.08 10:20 B C:\Users\dotti\Desktop\peach-festival\2007_Barms-of-Oxford\195__Oxford, Hawley Rd, 110, KS, bld2, 6.JPG --> ftp.oxfordpast.com /ohs/peach-festival/2007_Barms-of-Oxford 195__Oxford, Hawley Rd, 110, KS, bld2, 6.JPG
2020.04.08 10:20 B C:\Users\dotti\Desktop\peach-festival\2007_Barms-of-Oxford\195__Oxford_RiggsSt_060_AG_01.JPG --> ftp.oxfordpast.com /ohs/peach-festival/2007_Barms-of-Oxford 195__Oxford_RiggsSt_060_AG_01.JPG
2020.04.08 10:20 B C:\Users\dotti\Desktop\peach-festival\2007_Barms-of-Oxford\195__Oxford_Towner-Ln_31_DD_01.jpg --> ftp.oxfordpast.com /ohs/peach-festival/2007_Barms-of-Oxford 195__Oxford_Towner-Ln_31_DD_01.jpg
2020.04.08 10:20 B C:\Users\dotti\Desktop\peach-festival\2007_Barms-of-Oxford\195__Oxford_Towner-Ln_31_DD_02.jpg --> ftp.oxfordpast.com /ohs/peach-festival/2007_Barms-of-Oxford 195__Oxford_Towner-Ln_31_DD_02.jpg
2020.04.08 10:20 B C:\Users\dotti\Desktop\peach-festival\2007_Barms-of-Oxford\195__Oxford_Towner-Ln_31_DD_04.jpg --> ftp.oxfordpast.com /ohs/peach-festival/2007_Barms-of-Oxford 195__Oxford_Towner-Ln_31_DD_04.jpg
2020.04.08 10:20 B C:\Users\dotti\Desktop\peach-festival\2007_Barms-of-Oxford\195__Oxford_Towner-Ln_31_DD_15.jpg --> ftp.oxfordpast.com /ohs/peach-festival/2007_Barms-of-Oxford 195__Oxford_Towner-Ln_31_DD_15.jpg
2020.04.08 10:20 B C:\Users\dotti\Desktop\peach-festival\2007_Barms-of-Oxford\195__Oxford_Towner-Ln_31_DD_20.jpg --> ftp.oxfordpast.com /ohs/peach-festival/2007_Barms-of-Oxford 195__Oxford_Towner-Ln_31_DD_20.jpg
2020.04.08 10:20 B C:\Users\dotti\Desktop\peach-festival\2007_Barms-of-Oxford\195__Oxford_Towner-Ln_31_DD_27.jpg --> ftp.oxfordpast.com /ohs/peach-festival/2007_Barms-of-Oxford 195__Oxford_Towner-Ln_31_DD_27.jpg
2020.04.08 10:20 B C:\Users\dotti\Desktop\peach-festival\2007_Barms-of-Oxford\195__Oxford_Towner-Ln_31_DD_29.jpg --> ftp.oxfordpast.com /ohs/peach-festival/2007_Barms-of-Oxford 195__Oxford_Towner-Ln_31_DD_29.jpg
2020.04.08 10:20 B C:\Users\dotti\Desktop\peach-festival\2007_Barms-of-Oxford\195__Oxford_Towner-Ln_31_DD_40.jpg --> ftp.oxfordpast.com /ohs/peach-festival/2007_Barms-of-Oxford 195__Oxford_Towner-Ln_31_DD_40.jpg
2020.04.08 10:20 B C:\Users\dotti\Desktop\peach-festival\2007_Barms-of-Oxford\195__Oxford_Towner-Ln_31_DD_41.jpg --> ftp.oxfordpast.com /ohs/peach-festival/2007_Barms-of-Oxford 195__Oxford_Towner-Ln_31_DD_41.jpg
2020.04.08 10:20 B C:\Users\dotti\Desktop\peach-festival\2007_Barms-of-Oxford\195__Oxford_Towner_62_KS03.Jpg --> ftp.oxfordpast.com /ohs/peach-festival/2007_Barms-of-Oxford 195__Oxford_Towner_62_KS03.Jpg
2020.04.08 10:20 B C:\Users\dotti\Desktop\peach-festival\2007_Barms-of-Oxford\195__Oxford_TownerLn_24_KS06.JPG --> ftp.oxfordpast.com /ohs/peach-festival/2007_Barms-of-Oxford 195__Oxford_TownerLn_24_KS06.JPG
2020.04.08 10:20 B C:\Users\dotti\Desktop\peach-festival\2007_Barms-of-Oxford\195__Oxford_TownerLn_24_KS07.JPG --> ftp.oxfordpast.com /ohs/peach-festival/2007_Barms-of-Oxford 195__Oxford_TownerLn_24_KS07.JPG
2020.04.08 10:20 B C:\Users\dotti\Desktop\peach-festival\2007_Barms-of-Oxford\195__Oxford_TownerLn_24_KS08.JPG --> ftp.oxfordpast.com /ohs/peach-festival/2007_Barms-of-Oxford 195__Oxford_TownerLn_24_KS08.JPG
2020.04.08 10:20 B C:\Users\dotti\Desktop\peach-festival\2007_Barms-of-Oxford\195__Oxford_TownerLn_24_KS09.JPG --> ftp.oxfordpast.com /ohs/peach-festival/2007_Barms-of-Oxford 195__Oxford_TownerLn_24_KS09.JPG
2020.04.08 10:20 B C:\Users\dotti\Desktop\peach-festival\2007_Barms-of-Oxford\195__Oxford_TownerLn_24_KS10.JPG --> ftp.oxfordpast.com /ohs/peach-festival/2007_Barms-of-Oxford 195__Oxford_TownerLn_24_KS10.JPG
2020.04.08 10:20 B C:\Users\dotti\Desktop\peach-festival\2007_Barms-of-Oxford\195__Oxford_TownerLn_24_KS11.JPG --> ftp.oxfordpast.com /ohs/peach-festival/2007_Barms-of-Oxford 195__Oxford_TownerLn_24_KS11.JPG
2020.04.08 10:20 B C:\Users\dotti\Desktop\peach-festival\2007_Barms-of-Oxford\195__Oxford_TownerLn_24_KS12.JPG --> ftp.oxfordpast.com /ohs/peach-festival/2007_Barms-of-Oxford 195__Oxford_TownerLn_24_KS12.JPG
2020.04.08 10:20 B C:\Users\dotti\Desktop\peach-festival\2007_Barms-of-Oxford\195__Oxford_TownerLn_62_KS04.JPG --> ftp.oxfordpast.com /ohs/peach-festival/2007_Barms-of-Oxford 195__Oxford_TownerLn_62_KS04.JPG
2020.04.08 10:20 B C:\Users\dotti\Desktop\peach-festival\2007_Barms-of-Oxford\195__Oxford_TownerLn_62_KS_5.JPG --> ftp.oxfordpast.com /ohs/peach-festival/2007_Barms-of-Oxford 195__Oxford_TownerLn_62_KS_5.JPG
2020.04.08 10:20 B C:\Users\dotti\Desktop\peach-festival\2007_Barms-of-Oxford\195__Oxford_TownerLn_72_KS03.JPG --> ftp.oxfordpast.com /ohs/peach-festival/2007_Barms-of-Oxford 195__Oxford_TownerLn_72_KS03.JPG
2020.04.08 10:20 B C:\Users\dotti\Desktop\peach-festival\2007_Barms-of-Oxford\195__Oxford_TownerLn_72_KS04.JPG --> ftp.oxfordpast.com /ohs/peach-festival/2007_Barms-of-Oxford 195__Oxford_TownerLn_72_KS04.JPG
2020.04.08 10:20 B C:\Users\dotti\Desktop\peach-festival\2007_Barms-of-Oxford\195__Oxford_TownerLn_72_KS05.JPG --> ftp.oxfordpast.com /ohs/peach-festival/2007_Barms-of-Oxford 195__Oxford_TownerLn_72_KS05.JPG
2020.04.08 10:20 B C:\Users\dotti\Desktop\peach-festival\2007_Barms-of-Oxford\195__Oxford_TownerLn_72_KS07.JPG --> ftp.oxfordpast.com /ohs/peach-festival/2007_Barms-of-Oxford 195__Oxford_TownerLn_72_KS07.JPG
2020.04.08 10:20 B C:\Users\dotti\Desktop\peach-festival\2007_Barms-of-Oxford\B0040100.jpg --> ftp.oxfordpast.com /ohs/peach-festival/2007_Barms-of-Oxford B0040100.jpg
2020.04.08 10:20 B C:\Users\dotti\Desktop\peach-festival\2007_Barms-of-Oxford\B0056200.jpg --> ftp.oxfordpast.com /ohs/peach-festival/2007_Barms-of-Oxford B0056200.jpg
2020.04.08 10:20 B C:\Users\dotti\Desktop\peach-festival\2007_Barms-of-Oxford\barn-in-snow.jpg --> ftp.oxfordpast.com /ohs/peach-festival/2007_Barms-of-Oxford barn-in-snow.jpg
2020.04.08 10:20 B C:\Users\dotti\Desktop\peach-festival\2007_Barms-of-Oxford\M0237300.jpg --> ftp.oxfordpast.com /ohs/peach-festival/2007_Barms-of-Oxford M0237300.jpg
2020.04.08 10:20 B C:\Users\dotti\Desktop\peach-festival\2007_Barms-of-Oxford\M0238000.jpg --> ftp.oxfordpast.com /ohs/peach-festival/2007_Barms-of-Oxford M0238000.jpg
2020.04.08 10:20 B C:\Users\dotti\Desktop\peach-festival\2007_Barms-of-Oxford\M0244600.jpg --> ftp.oxfordpast.com /ohs/peach-festival/2007_Barms-of-Oxford M0244600.jpg
2020.04.08 10:20 B C:\Users\dotti\Desktop\peach-festival\2007_Barms-of-Oxford\Oxford HawleyRd 077 Barn1 KS1 (2).jpg --> ftp.oxfordpast.com /ohs/peach-festival/2007_Barms-of-Oxford Oxford HawleyRd 077 Barn1 KS1 (2).jpg
2020.04.08 10:20 B C:\Users\dotti\Desktop\peach-festival\2007_Barms-of-Oxford\Oxford HawleyRd 077 Barn1 KS11.jpg --> ftp.oxfordpast.com /ohs/peach-festival/2007_Barms-of-Oxford Oxford HawleyRd 077 Barn1 KS11.jpg
2020.04.08 10:20 B C:\Users\dotti\Desktop\peach-festival\2007_Barms-of-Oxford\Oxford HawleyRd 077 Barn2 KS-7.jpg --> ftp.oxfordpast.com /ohs/peach-festival/2007_Barms-of-Oxford Oxford HawleyRd 077 Barn2 KS-7.jpg
2020.04.08 10:20 B C:\Users\dotti\Desktop\peach-festival\2007_Barms-of-Oxford\Oxford HawleyRd 121 barn1 KS-1 (2).jpg --> ftp.oxfordpast.com /ohs/peach-festival/2007_Barms-of-Oxford Oxford HawleyRd 121 barn1 KS-1 (2).jpg
2020.04.08 10:20 B C:\Users\dotti\Desktop\peach-festival\2007_Barms-of-Oxford\Oxford HawleyRd 121 bldg2 KS-3.jpg --> ftp.oxfordpast.com /ohs/peach-festival/2007_Barms-of-Oxford Oxford HawleyRd 121 bldg2 KS-3.jpg
2020.04.08 10:20 B C:\Users\dotti\Desktop\peach-festival\2007_Barms-of-Oxford\Oxford HawleyRd 124 KS1 (2).jpg --> ftp.oxfordpast.com /ohs/peach-festival/2007_Barms-of-Oxford Oxford HawleyRd 124 KS1 (2).jpg
2020.04.08 10:20 B C:\Users\dotti\Desktop\peach-festival\2007_Barms-of-Oxford\Oxford LoughlinRd 281 MADR (2).jpg --> ftp.oxfordpast.com /ohs/peach-festival/2007_Barms-of-Oxford Oxford LoughlinRd 281 MADR (2).jpg
2020.04.08 10:20 B C:\Users\dotti\Desktop\peach-festival\2007_Barms-of-Oxford\Oxford MooseHill 212 CRH791.JPG --> ftp.oxfordpast.com /ohs/peach-festival/2007_Barms-of-Oxford Oxford MooseHill 212 CRH791.JPG
2020.04.08 10:20 B C:\Users\dotti\Desktop\peach-festival\2007_Barms-of-Oxford\Oxford MooseHill 212 CRH792.JPG --> ftp.oxfordpast.com /ohs/peach-festival/2007_Barms-of-Oxford Oxford MooseHill 212 CRH792.JPG
2020.04.08 10:20 B C:\Users\dotti\Desktop\peach-festival\2007_Barms-of-Oxford\Oxford MooseHill 212 CRH793.JPG --> ftp.oxfordpast.com /ohs/peach-festival/2007_Barms-of-Oxford Oxford MooseHill 212 CRH793.JPG
2020.04.08 10:20 B C:\Users\dotti\Desktop\peach-festival\2007_Barms-of-Oxford\Oxford MooseHill 212 CRH794.JPG --> ftp.oxfordpast.com /ohs/peach-festival/2007_Barms-of-Oxford Oxford MooseHill 212 CRH794.JPG
2020.04.08 10:20 B C:\Users\dotti\Desktop\peach-festival\2007_Barms-of-Oxford\Oxford MooseHill 212 CRH795.JPG --> ftp.oxfordpast.com /ohs/peach-festival/2007_Barms-of-Oxford Oxford MooseHill 212 CRH795.JPG
2020.04.08 10:20 B C:\Users\dotti\Desktop\peach-festival\2007_Barms-of-Oxford\Oxford MooseHill 225 CRH789.JPG --> ftp.oxfordpast.com /ohs/peach-festival/2007_Barms-of-Oxford Oxford MooseHill 225 CRH789.JPG
2020.04.08 10:20 B C:\Users\dotti\Desktop\peach-festival\2007_Barms-of-Oxford\Oxford MooseHill 225 CRH799.JPG --> ftp.oxfordpast.com /ohs/peach-festival/2007_Barms-of-Oxford Oxford MooseHill 225 CRH799.JPG
2020.04.08 10:20 B C:\Users\dotti\Desktop\peach-festival\2007_Barms-of-Oxford\Oxford MooseHill 225 CRH800.JPG --> ftp.oxfordpast.com /ohs/peach-festival/2007_Barms-of-Oxford Oxford MooseHill 225 CRH800.JPG
2020.04.08 10:20 B C:\Users\dotti\Desktop\peach-festival\2007_Barms-of-Oxford\Oxford MooseHill 225 CRH801.JPG --> ftp.oxfordpast.com /ohs/peach-festival/2007_Barms-of-Oxford Oxford MooseHill 225 CRH801.JPG
2020.04.08 10:20 B C:\Users\dotti\Desktop\peach-festival\2007_Barms-of-Oxford\Oxford MooseHill 225 CRH802.JPG --> ftp.oxfordpast.com /ohs/peach-festival/2007_Barms-of-Oxford Oxford MooseHill 225 CRH802.JPG
2020.04.08 10:20 B C:\Users\dotti\Desktop\peach-festival\2007_Barms-of-Oxford\Oxford NorthLarkeyRd 14 AG (2).jpg --> ftp.oxfordpast.com /ohs/peach-festival/2007_Barms-of-Oxford Oxford NorthLarkeyRd 14 AG (2).jpg
2020.04.08 10:20 B C:\Users\dotti\Desktop\peach-festival\2007_Barms-of-Oxford\Oxford OxfordRd 108 DD3.jpg --> ftp.oxfordpast.com /ohs/peach-festival/2007_Barms-of-Oxford Oxford OxfordRd 108 DD3.jpg
2020.04.08 10:20 B C:\Users\dotti\Desktop\peach-festival\2007_Barms-of-Oxford\Oxford OxfordRd 451 DD3.jpg --> ftp.oxfordpast.com /ohs/peach-festival/2007_Barms-of-Oxford Oxford OxfordRd 451 DD3.jpg
2020.04.08 10:20 B C:\Users\dotti\Desktop\peach-festival\2007_Barms-of-Oxford\Oxford OxfordRd 451 DD4.jpg --> ftp.oxfordpast.com /ohs/peach-festival/2007_Barms-of-Oxford Oxford OxfordRd 451 DD4.jpg
2020.04.08 10:20 B C:\Users\dotti\Desktop\peach-festival\2007_Barms-of-Oxford\Oxford OxfordRd 535 DD12.jpg --> ftp.oxfordpast.com /ohs/peach-festival/2007_Barms-of-Oxford Oxford OxfordRd 535 DD12.jpg
2020.04.08 10:20 B C:\Users\dotti\Desktop\peach-festival\2007_Barms-of-Oxford\Oxford OxfordRd 554 DD2.jpg --> ftp.oxfordpast.com /ohs/peach-festival/2007_Barms-of-Oxford Oxford OxfordRd 554 DD2.jpg
2020.04.08 10:20 B C:\Users\dotti\Desktop\peach-festival\2007_Barms-of-Oxford\Oxford OxfordRd 562 steiinis-DD2.jpg --> ftp.oxfordpast.com /ohs/peach-festival/2007_Barms-of-Oxford Oxford OxfordRd 562 steiinis-DD2.jpg
2020.04.08 10:20 B C:\Users\dotti\Desktop\peach-festival\2007_Barms-of-Oxford\Oxford OxfordRd 567 DD2.jpg --> ftp.oxfordpast.com /ohs/peach-festival/2007_Barms-of-Oxford Oxford OxfordRd 567 DD2.jpg
2020.04.08 10:20 B C:\Users\dotti\Desktop\peach-festival\2007_Barms-of-Oxford\Oxford OxfordRd 766 DD1.jpg --> ftp.oxfordpast.com /ohs/peach-festival/2007_Barms-of-Oxford Oxford OxfordRd 766 DD1.jpg
2020.04.08 10:20 B C:\Users\dotti\Desktop\peach-festival\2007_Barms-of-Oxford\Oxford OxfordRd 766 DD21.jpg --> ftp.oxfordpast.com /ohs/peach-festival/2007_Barms-of-Oxford Oxford OxfordRd 766 DD21.jpg
2020.04.08 10:20 B C:\Users\dotti\Desktop\peach-festival\2007_Barms-of-Oxford\Oxford OxfordRd 785 CH.jpg --> ftp.oxfordpast.com /ohs/peach-festival/2007_Barms-of-Oxford Oxford OxfordRd 785 CH.jpg
2020.04.08 10:20 B C:\Users\dotti\Desktop\peach-festival\2007_Barms-of-Oxford\Oxford OxfordRd 807 CH.jpg --> ftp.oxfordpast.com /ohs/peach-festival/2007_Barms-of-Oxford Oxford OxfordRd 807 CH.jpg
2020.04.08 10:20 B C:\Users\dotti\Desktop\peach-festival\2007_Barms-of-Oxford\Oxford, Good Hill Road, 117, DD, barn1, 1 (2).JPG --> ftp.oxfordpast.com /ohs/peach-festival/2007_Barms-of-Oxford Oxford, Good Hill Road, 117, DD, barn1, 1 (2).JPG
2020.04.08 10:20 B C:\Users\dotti\Desktop\peach-festival\2007_Barms-of-Oxford\Oxford, Good Hill Road, 117, DD, barn1, 2.JPG --> ftp.oxfordpast.com /ohs/peach-festival/2007_Barms-of-Oxford Oxford, Good Hill Road, 117, DD, barn1, 2.JPG
2020.04.08 10:20 B C:\Users\dotti\Desktop\peach-festival\2007_Barms-of-Oxford\Oxford, Good Hill Road, 117, DD, barn1, 3.JPG --> ftp.oxfordpast.com /ohs/peach-festival/2007_Barms-of-Oxford Oxford, Good Hill Road, 117, DD, barn1, 3.JPG
2020.04.08 10:20 B C:\Users\dotti\Desktop\peach-festival\2007_Barms-of-Oxford\Oxford, Good Hill Road, 117, DD, barn1, 4.JPG --> ftp.oxfordpast.com /ohs/peach-festival/2007_Barms-of-Oxford Oxford, Good Hill Road, 117, DD, barn1, 4.JPG
2020.04.08 10:21 B C:\Users\dotti\Desktop\peach-festival\2007_Barms-of-Oxford\Oxford, Hawley Rd (at-Christian-Airport-Center) DD 1 (2).jpg --> ftp.oxfordpast.com /ohs/peach-festival/2007_Barms-of-Oxford Oxford, Hawley Rd (at-Christian-Airport-Center) DD 1 (2).jpg
2020.04.08 10:21 B C:\Users\dotti\Desktop\peach-festival\2007_Barms-of-Oxford\Oxford, Hawley Rd (at-Christian-Airport-Center) DD 4.jpg --> ftp.oxfordpast.com /ohs/peach-festival/2007_Barms-of-Oxford Oxford, Hawley Rd (at-Christian-Airport-Center) DD 4.jpg
2020.04.08 10:21 B C:\Users\dotti\Desktop\peach-festival\2007_Barms-of-Oxford\Oxford, Hawley Rd (at-Christian-Airport-Center)-KS-002.JPG --> ftp.oxfordpast.com /ohs/peach-festival/2007_Barms-of-Oxford Oxford, Hawley Rd (at-Christian-Airport-Center)-KS-002.JPG
2020.04.08 10:21 B C:\Users\dotti\Desktop\peach-festival\2007_Barms-of-Oxford\Oxford, Hawley Rd, 081, KS, 3 (2).JPG --> ftp.oxfordpast.com /ohs/peach-festival/2007_Barms-of-Oxford Oxford, Hawley Rd, 081, KS, 3 (2).JPG
2020.04.08 10:21 B C:\Users\dotti\Desktop\peach-festival\2007_Barms-of-Oxford\Oxford, Hawley Rd, 081, KS, bld2, 1.JPG --> ftp.oxfordpast.com /ohs/peach-festival/2007_Barms-of-Oxford Oxford, Hawley Rd, 081, KS, bld2, 1.JPG
2020.04.08 10:21 B C:\Users\dotti\Desktop\peach-festival\2007_Barms-of-Oxford\Oxford, Hawley Rd, 110, KS, 10.JPG --> ftp.oxfordpast.com /ohs/peach-festival/2007_Barms-of-Oxford Oxford, Hawley Rd, 110, KS, 10.JPG
2020.04.08 10:21 B C:\Users\dotti\Desktop\peach-festival\2007_Barms-of-Oxford\Oxford, Jacks Hill Rd, stakum, DD 1.JPG --> ftp.oxfordpast.com /ohs/peach-festival/2007_Barms-of-Oxford Oxford, Jacks Hill Rd, stakum, DD 1.JPG
2020.04.08 10:21 B C:\Users\dotti\Desktop\peach-festival\2007_Barms-of-Oxford\Oxford, Jacks Hill Rd, stakum, DD 2.JPG --> ftp.oxfordpast.com /ohs/peach-festival/2007_Barms-of-Oxford Oxford, Jacks Hill Rd, stakum, DD 2.JPG
2020.04.08 10:21 B C:\Users\dotti\Desktop\peach-festival\2007_Barms-of-Oxford\Oxford, Jacks Hill Rd, stakum, DD 3 (2).JPG --> ftp.oxfordpast.com /ohs/peach-festival/2007_Barms-of-Oxford Oxford, Jacks Hill Rd, stakum, DD 3 (2).JPG
2020.04.08 10:21 B C:\Users\dotti\Desktop\peach-festival\2007_Barms-of-Oxford\Oxford, Jacks Hill Rd, stakum, DD 4.JPG --> ftp.oxfordpast.com /ohs/peach-festival/2007_Barms-of-Oxford Oxford, Jacks Hill Rd, stakum, DD 4.JPG
2020.04.08 10:21 B C:\Users\dotti\Desktop\peach-festival\2007_Barms-of-Oxford\Oxford, Oxford Rd, 176 DD 2.JPG --> ftp.oxfordpast.com /ohs/peach-festival/2007_Barms-of-Oxford Oxford, Oxford Rd, 176 DD 2.JPG
2020.04.08 10:21 B C:\Users\dotti\Desktop\peach-festival\2007_Barms-of-Oxford\Oxford, Oxford Rd, 176 DD 3.JPG --> ftp.oxfordpast.com /ohs/peach-festival/2007_Barms-of-Oxford Oxford, Oxford Rd, 176 DD 3.JPG
2020.04.08 10:21 B C:\Users\dotti\Desktop\peach-festival\2007_Barms-of-Oxford\Oxford, Oxford Rd, 531 DD 2.JPG --> ftp.oxfordpast.com /ohs/peach-festival/2007_Barms-of-Oxford Oxford, Oxford Rd, 531 DD 2.JPG
2020.04.08 10:21 B C:\Users\dotti\Desktop\peach-festival\2007_Barms-of-Oxford\Oxford, Oxford Rd, 531 DD 3.JPG --> ftp.oxfordpast.com /ohs/peach-festival/2007_Barms-of-Oxford Oxford, Oxford Rd, 531 DD 3.JPG
2020.04.08 10:21 B C:\Users\dotti\Desktop\peach-festival\2007_Barms-of-Oxford\Oxford, Oxford Rd, 531 DD 5.JPG --> ftp.oxfordpast.com /ohs/peach-festival/2007_Barms-of-Oxford Oxford, Oxford Rd, 531 DD 5.JPG
2020.04.08 10:21 B C:\Users\dotti\Desktop\peach-festival\2007_Barms-of-Oxford\Oxford, Oxford Rd, 571 (former Husted) DD 1 (2).JPG --> ftp.oxfordpast.com /ohs/peach-festival/2007_Barms-of-Oxford Oxford, Oxford Rd, 571 (former Husted) DD 1 (2).JPG
2020.04.08 10:21 B C:\Users\dotti\Desktop\peach-festival\2007_Barms-of-Oxford\Oxford, Oxford Rd, 571 (former Husted) DD 6.JPG --> ftp.oxfordpast.com /ohs/peach-festival/2007_Barms-of-Oxford Oxford, Oxford Rd, 571 (former Husted) DD 6.JPG
2020.04.08 10:21 B C:\Users\dotti\Desktop\peach-festival\2007_Barms-of-Oxford\Oxford, Oxford Rd, 571 (former Husted) DD 7.JPG --> ftp.oxfordpast.com /ohs/peach-festival/2007_Barms-of-Oxford Oxford, Oxford Rd, 571 (former Husted) DD 7.JPG
2020.04.08 10:21 B C:\Users\dotti\Desktop\peach-festival\2007_Barms-of-Oxford\Oxford, Oxford Rd, 691, 2, CH.jpg --> ftp.oxfordpast.com /ohs/peach-festival/2007_Barms-of-Oxford Oxford, Oxford Rd, 691, 2, CH.jpg
2020.04.08 10:21 B C:\Users\dotti\Desktop\peach-festival\2007_Barms-of-Oxford\Oxford, Oxford Rd, 691,CH.JPG --> ftp.oxfordpast.com /ohs/peach-festival/2007_Barms-of-Oxford Oxford, Oxford Rd, 691,CH.JPG
2020.04.08 10:21 B C:\Users\dotti\Desktop\peach-festival\2007_Barms-of-Oxford\Oxford, Oxford Rd, 809, CH, 2.JPG --> ftp.oxfordpast.com /ohs/peach-festival/2007_Barms-of-Oxford Oxford, Oxford Rd, 809, CH, 2.JPG
2020.04.08 10:21 B C:\Users\dotti\Desktop\peach-festival\2007_Barms-of-Oxford\Oxford, Oxford Rd, 809, Oakcrestm CH.JPG --> ftp.oxfordpast.com /ohs/peach-festival/2007_Barms-of-Oxford Oxford, Oxford Rd, 809, Oakcrestm CH.JPG
2020.04.08 10:21 B C:\Users\dotti\Desktop\peach-festival\2007_Barms-of-Oxford\Oxford, Quaker Farms Rd, 402 BL 1.JPG --> ftp.oxfordpast.com /ohs/peach-festival/2007_Barms-of-Oxford Oxford, Quaker Farms Rd, 402 BL 1.JPG
2020.04.08 10:21 B C:\Users\dotti\Desktop\peach-festival\2007_Barms-of-Oxford\Oxford, Quaker Farms Rd, 402 BL 3.JPG --> ftp.oxfordpast.com /ohs/peach-festival/2007_Barms-of-Oxford Oxford, Quaker Farms Rd, 402 BL 3.JPG
2020.04.08 10:21 B C:\Users\dotti\Desktop\peach-festival\2007_Barms-of-Oxford\Oxford, Quaker Farms Rd, 491 BL 1.JPG --> ftp.oxfordpast.com /ohs/peach-festival/2007_Barms-of-Oxford Oxford, Quaker Farms Rd, 491 BL 1.JPG
2020.04.08 10:22 B C:\Users\dotti\Desktop\peach-festival\2007_Barms-of-Oxford\Oxford, Quaker Farms Rd, 491 BL 2.JPG --> ftp.oxfordpast.com /ohs/peach-festival/2007_Barms-of-Oxford Oxford, Quaker Farms Rd, 491 BL 2.JPG
2020.04.08 10:22 B C:\Users\dotti\Desktop\peach-festival\2007_Barms-of-Oxford\Oxford, Quaker Farms Rd, 491 BL 3.JPG --> ftp.oxfordpast.com /ohs/peach-festival/2007_Barms-of-Oxford Oxford, Quaker Farms Rd, 491 BL 3.JPG
2020.04.08 10:22 B C:\Users\dotti\Desktop\peach-festival\2007_Barms-of-Oxford\Oxford__Quaker_Farms_Rd__344_BL_1.JPG --> ftp.oxfordpast.com /ohs/peach-festival/2007_Barms-of-Oxford Oxford__Quaker_Farms_Rd__344_BL_1.JPG
2020.04.08 10:22 B C:\Users\dotti\Desktop\peach-festival\2007_Barms-of-Oxford\Oxford_Academy-Rd_07_DD.jpg --> ftp.oxfordpast.com /ohs/peach-festival/2007_Barms-of-Oxford Oxford_Academy-Rd_07_DD.jpg
2020.04.08 10:22 B C:\Users\dotti\Desktop\peach-festival\2007_Barms-of-Oxford\Oxford_AcademyRd_1_DD1.JPG --> ftp.oxfordpast.com /ohs/peach-festival/2007_Barms-of-Oxford Oxford_AcademyRd_1_DD1.JPG
2020.04.08 10:22 B C:\Users\dotti\Desktop\peach-festival\2007_Barms-of-Oxford\Oxford_AcademyRd_7_DD4.jpg --> ftp.oxfordpast.com /ohs/peach-festival/2007_Barms-of-Oxford Oxford_AcademyRd_7_DD4.jpg
2020.04.08 10:22 B C:\Users\dotti\Desktop\peach-festival\2007_Barms-of-Oxford\Oxford_Barry-Rd_78(2)_DD.jpg --> ftp.oxfordpast.com /ohs/peach-festival/2007_Barms-of-Oxford Oxford_Barry-Rd_78(2)_DD.jpg
2020.04.08 10:22 B C:\Users\dotti\Desktop\peach-festival\2007_Barms-of-Oxford\Oxford_Barry-Rd_78_DD.jpg --> ftp.oxfordpast.com /ohs/peach-festival/2007_Barms-of-Oxford Oxford_Barry-Rd_78_DD.jpg
2020.04.08 10:22 B C:\Users\dotti\Desktop\peach-festival\2007_Barms-of-Oxford\Oxford_Carriage-Dr_33_MK.jpg --> ftp.oxfordpast.com /ohs/peach-festival/2007_Barms-of-Oxford Oxford_Carriage-Dr_33_MK.jpg
2020.04.08 10:22 B C:\Users\dotti\Desktop\peach-festival\2007_Barms-of-Oxford\Oxford_Chestnut-Tree-Hill-Rd-Ext_17_BL.JPG --> ftp.oxfordpast.com /ohs/peach-festival/2007_Barms-of-Oxford Oxford_Chestnut-Tree-Hill-Rd-Ext_17_BL.JPG
2020.04.08 10:22 B C:\Users\dotti\Desktop\peach-festival\2007_Barms-of-Oxford\Oxford_Chestnut-Tree-Hill-Rd_126_BL.JPG --> ftp.oxfordpast.com /ohs/peach-festival/2007_Barms-of-Oxford Oxford_Chestnut-Tree-Hill-Rd_126_BL.JPG
2020.04.08 10:22 B C:\Users\dotti\Desktop\peach-festival\2007_Barms-of-Oxford\Oxford_Chestnut-Tree-Hill-Rd_126_JC.jpg --> ftp.oxfordpast.com /ohs/peach-festival/2007_Barms-of-Oxford Oxford_Chestnut-Tree-Hill-Rd_126_JC.jpg
2020.04.08 10:22 B C:\Users\dotti\Desktop\peach-festival\2007_Barms-of-Oxford\Oxford_Chestnut-Tree-Hill-Rd_126a_BL.JPG --> ftp.oxfordpast.com /ohs/peach-festival/2007_Barms-of-Oxford Oxford_Chestnut-Tree-Hill-Rd_126a_BL.JPG
2020.04.08 10:22 B C:\Users\dotti\Desktop\peach-festival\2007_Barms-of-Oxford\Oxford_Chestnut-Tree-Hill-Rd_459_BL.JPG --> ftp.oxfordpast.com /ohs/peach-festival/2007_Barms-of-Oxford Oxford_Chestnut-Tree-Hill-Rd_459_BL.JPG
2020.04.08 10:22 B C:\Users\dotti\Desktop\peach-festival\2007_Barms-of-Oxford\Oxford_Chestnut-Tree-Hill-Rd_487a_BL.JPG --> ftp.oxfordpast.com /ohs/peach-festival/2007_Barms-of-Oxford Oxford_Chestnut-Tree-Hill-Rd_487a_BL.JPG
2020.04.08 10:22 B C:\Users\dotti\Desktop\peach-festival\2007_Barms-of-Oxford\Oxford_Chestnut-Tree-Hill-Rd_613a_BL.JPG --> ftp.oxfordpast.com /ohs/peach-festival/2007_Barms-of-Oxford Oxford_Chestnut-Tree-Hill-Rd_613a_BL.JPG
2020.04.08 10:22 B C:\Users\dotti\Desktop\peach-festival\2007_Barms-of-Oxford\Oxford_Chestnut-Tree-Hill-Rd_613c_BL (2).JPG --> ftp.oxfordpast.com /ohs/peach-festival/2007_Barms-of-Oxford Oxford_Chestnut-Tree-Hill-Rd_613c_BL (2).JPG
2020.04.08 10:23 B C:\Users\dotti\Desktop\peach-festival\2007_Barms-of-Oxford\Oxford_Chestnut-Tree-Hill-Rd_613c_BL.JPG --> ftp.oxfordpast.com /ohs/peach-festival/2007_Barms-of-Oxford Oxford_Chestnut-Tree-Hill-Rd_613c_BL.JPG
2020.04.08 10:23 B C:\Users\dotti\Desktop\peach-festival\2007_Barms-of-Oxford\Oxford_Chestnut-Tree-Hill-Rd_613d_BL.JPG --> ftp.oxfordpast.com /ohs/peach-festival/2007_Barms-of-Oxford Oxford_Chestnut-Tree-Hill-Rd_613d_BL.JPG
2020.04.08 10:23 B C:\Users\dotti\Desktop\peach-festival\2007_Barms-of-Oxford\Oxford_Chestnut-Tree-Hill-Rd__575_BL.JPG --> ftp.oxfordpast.com /ohs/peach-festival/2007_Barms-of-Oxford Oxford_Chestnut-Tree-Hill-Rd__575_BL.JPG
2020.04.08 10:23 B C:\Users\dotti\Desktop\peach-festival\2007_Barms-of-Oxford\Oxford_Christian-St_046_AG.jpg --> ftp.oxfordpast.com /ohs/peach-festival/2007_Barms-of-Oxford Oxford_Christian-St_046_AG.jpg
2020.04.08 10:23 B C:\Users\dotti\Desktop\peach-festival\2007_Barms-of-Oxford\Oxford_Christian-St_067_AG.jpg --> ftp.oxfordpast.com /ohs/peach-festival/2007_Barms-of-Oxford Oxford_Christian-St_067_AG.jpg
2020.04.08 10:23 B C:\Users\dotti\Desktop\peach-festival\2007_Barms-of-Oxford\Oxford_Good-Hill-Rd_117_DD-Barn2.jpg --> ftp.oxfordpast.com /ohs/peach-festival/2007_Barms-of-Oxford Oxford_Good-Hill-Rd_117_DD-Barn2.jpg
2020.04.08 10:23 B C:\Users\dotti\Desktop\peach-festival\2007_Barms-of-Oxford\Oxford_Good-Hill-Rd_117_DD_Barn1-1.jpg --> ftp.oxfordpast.com /ohs/peach-festival/2007_Barms-of-Oxford Oxford_Good-Hill-Rd_117_DD_Barn1-1.jpg
2020.04.08 10:23 B C:\Users\dotti\Desktop\peach-festival\2007_Barms-of-Oxford\Oxford_Good-Hill-Rd_117_DD_Barn1-2.jpg --> ftp.oxfordpast.com /ohs/peach-festival/2007_Barms-of-Oxford Oxford_Good-Hill-Rd_117_DD_Barn1-2.jpg
2020.04.08 10:23 B C:\Users\dotti\Desktop\peach-festival\2007_Barms-of-Oxford\Oxford_Good-Hill-Rd_117_DD_Barn1-3.jpg --> ftp.oxfordpast.com /ohs/peach-festival/2007_Barms-of-Oxford Oxford_Good-Hill-Rd_117_DD_Barn1-3.jpg
2020.04.08 10:23 B C:\Users\dotti\Desktop\peach-festival\2007_Barms-of-Oxford\Oxford_Good-Hill-Rd_117_DD_Barn1-4.jpg --> ftp.oxfordpast.com /ohs/peach-festival/2007_Barms-of-Oxford Oxford_Good-Hill-Rd_117_DD_Barn1-4.jpg
2020.04.08 10:23 B C:\Users\dotti\Desktop\peach-festival\2007_Barms-of-Oxford\Oxford_GoodHillRd_117_DDbarn2.jpg --> ftp.oxfordpast.com /ohs/peach-festival/2007_Barms-of-Oxford Oxford_GoodHillRd_117_DDbarn2.jpg
2020.04.08 10:23 B C:\Users\dotti\Desktop\peach-festival\2007_Barms-of-Oxford\Oxford_Hawley-Rd_081_KS_Barn2.jpg --> ftp.oxfordpast.com /ohs/peach-festival/2007_Barms-of-Oxford Oxford_Hawley-Rd_081_KS_Barn2.jpg
2020.04.08 10:24 B C:\Users\dotti\Desktop\peach-festival\2007_Barms-of-Oxford\Oxford_Hawley-Rd_110_(opp-103)_Barn2.jpg --> ftp.oxfordpast.com /ohs/peach-festival/2007_Barms-of-Oxford Oxford_Hawley-Rd_110_(opp-103)_Barn2.jpg
2020.04.08 10:24 B C:\Users\dotti\Desktop\peach-festival\2007_Barms-of-Oxford\Oxford_Hawley-Rd_110_(opp-103)_JS.jpg --> ftp.oxfordpast.com /ohs/peach-festival/2007_Barms-of-Oxford Oxford_Hawley-Rd_110_(opp-103)_JS.jpg
2020.04.08 10:24 B C:\Users\dotti\Desktop\peach-festival\2007_Barms-of-Oxford\Oxford_Hawley-Rd_110_(opp-103)_KS.jpg --> ftp.oxfordpast.com /ohs/peach-festival/2007_Barms-of-Oxford Oxford_Hawley-Rd_110_(opp-103)_KS.jpg
2020.04.08 10:24 B C:\Users\dotti\Desktop\peach-festival\2007_Barms-of-Oxford\Oxford_Hawley-Rd_121_KS_Barn1.jpg --> ftp.oxfordpast.com /ohs/peach-festival/2007_Barms-of-Oxford Oxford_Hawley-Rd_121_KS_Barn1.jpg
2020.04.08 10:24 B C:\Users\dotti\Desktop\peach-festival\2007_Barms-of-Oxford\Oxford_Hawley-Rd_121_KS_Barn2.jpg --> ftp.oxfordpast.com /ohs/peach-festival/2007_Barms-of-Oxford Oxford_Hawley-Rd_121_KS_Barn2.jpg
2020.04.08 10:24 B C:\Users\dotti\Desktop\peach-festival\2007_Barms-of-Oxford\Oxford_Hawley-Rd_81_KS_Barn1.jpg --> ftp.oxfordpast.com /ohs/peach-festival/2007_Barms-of-Oxford Oxford_Hawley-Rd_81_KS_Barn1.jpg
2020.04.08 10:24 B C:\Users\dotti\Desktop\peach-festival\2007_Barms-of-Oxford\Oxford_Hawley-Rd_Airport-Center_DD-front-view.jpg --> ftp.oxfordpast.com /ohs/peach-festival/2007_Barms-of-Oxford Oxford_Hawley-Rd_Airport-Center_DD-front-view.jpg
2020.04.08 10:24 B C:\Users\dotti\Desktop\peach-festival\2007_Barms-of-Oxford\Oxford_Hawley-Rd_Airport-Center_KS-side-view.jpg --> ftp.oxfordpast.com /ohs/peach-festival/2007_Barms-of-Oxford Oxford_Hawley-Rd_Airport-Center_KS-side-view.jpg
2020.04.08 10:24 B C:\Users\dotti\Desktop\peach-festival\2007_Barms-of-Oxford\Oxford_Hawley_Rd_130a_BL.JPG --> ftp.oxfordpast.com /ohs/peach-festival/2007_Barms-of-Oxford Oxford_Hawley_Rd_130a_BL.JPG
2020.04.08 10:24 B C:\Users\dotti\Desktop\peach-festival\2007_Barms-of-Oxford\Oxford_Hawley_Rd_130b_BL.JPG --> ftp.oxfordpast.com /ohs/peach-festival/2007_Barms-of-Oxford Oxford_Hawley_Rd_130b_BL.JPG
2020.04.08 10:24 B C:\Users\dotti\Desktop\peach-festival\2007_Barms-of-Oxford\Oxford_HawleyRd_110_opp_103-JS (2).jpg --> ftp.oxfordpast.com /ohs/peach-festival/2007_Barms-of-Oxford Oxford_HawleyRd_110_opp_103-JS (2).jpg
2020.04.08 10:24 B C:\Users\dotti\Desktop\peach-festival\2007_Barms-of-Oxford\Oxford_Jacks_Hill_165_BL.JPG --> ftp.oxfordpast.com /ohs/peach-festival/2007_Barms-of-Oxford Oxford_Jacks_Hill_165_BL.JPG
2020.04.08 10:25 B C:\Users\dotti\Desktop\peach-festival\2007_Barms-of-Oxford\Oxford_Jackson-Cove-Rd_63_JC.jpg --> ftp.oxfordpast.com /ohs/peach-festival/2007_Barms-of-Oxford Oxford_Jackson-Cove-Rd_63_JC.jpg
2020.04.08 10:25 B C:\Users\dotti\Desktop\peach-festival\2007_Barms-of-Oxford\Oxford_Larkey_Rd_5_LB_1 (2).jpg --> ftp.oxfordpast.com /ohs/peach-festival/2007_Barms-of-Oxford Oxford_Larkey_Rd_5_LB_1 (2).jpg
2020.04.08 10:25 B C:\Users\dotti\Desktop\peach-festival\2007_Barms-of-Oxford\Oxford_Loughlin-Rd_281_MADR.jpg --> ftp.oxfordpast.com /ohs/peach-festival/2007_Barms-of-Oxford Oxford_Loughlin-Rd_281_MADR.jpg
2020.04.08 10:25 B C:\Users\dotti\Desktop\peach-festival\2007_Barms-of-Oxford\Oxford_Maple-Tree-Hill_155_JC.jpg --> ftp.oxfordpast.com /ohs/peach-festival/2007_Barms-of-Oxford Oxford_Maple-Tree-Hill_155_JC.jpg
2020.04.08 10:25 B C:\Users\dotti\Desktop\peach-festival\2007_Barms-of-Oxford\Oxford_Moose-Hill-Rd_124_JC.jpg --> ftp.oxfordpast.com /ohs/peach-festival/2007_Barms-of-Oxford Oxford_Moose-Hill-Rd_124_JC.jpg
2020.04.08 10:25 B C:\Users\dotti\Desktop\peach-festival\2007_Barms-of-Oxford\Oxford_Moose-Hill-Road_JC.jpg --> ftp.oxfordpast.com /ohs/peach-festival/2007_Barms-of-Oxford Oxford_Moose-Hill-Road_JC.jpg
2020.04.08 10:25 B C:\Users\dotti\Desktop\peach-festival\2007_Barms-of-Oxford\Oxford_Moose_Hill_124a_BL.jpg --> ftp.oxfordpast.com /ohs/peach-festival/2007_Barms-of-Oxford Oxford_Moose_Hill_124a_BL.jpg
2020.04.08 10:25 B C:\Users\dotti\Desktop\peach-festival\2007_Barms-of-Oxford\Oxford_Moose_Hill_124b_BL.jpg --> ftp.oxfordpast.com /ohs/peach-festival/2007_Barms-of-Oxford Oxford_Moose_Hill_124b_BL.jpg
2020.04.08 10:25 B C:\Users\dotti\Desktop\peach-festival\2007_Barms-of-Oxford\Oxford_Moose_Hill_124d_BL.jpg --> ftp.oxfordpast.com /ohs/peach-festival/2007_Barms-of-Oxford Oxford_Moose_Hill_124d_BL.jpg
2020.04.08 10:25 B C:\Users\dotti\Desktop\peach-festival\2007_Barms-of-Oxford\Oxford_Moose_Hill_124f_BL.jpg --> ftp.oxfordpast.com /ohs/peach-festival/2007_Barms-of-Oxford Oxford_Moose_Hill_124f_BL.jpg
2020.04.08 10:25 B C:\Users\dotti\Desktop\peach-festival\2007_Barms-of-Oxford\Oxford_Moose_Hill_124g_BL.jpg --> ftp.oxfordpast.com /ohs/peach-festival/2007_Barms-of-Oxford Oxford_Moose_Hill_124g_BL.jpg
2020.04.08 10:25 B C:\Users\dotti\Desktop\peach-festival\2007_Barms-of-Oxford\Oxford_Moose_Hill_197a_BL.jpg --> ftp.oxfordpast.com /ohs/peach-festival/2007_Barms-of-Oxford Oxford_Moose_Hill_197a_BL.jpg
2020.04.08 10:25 B C:\Users\dotti\Desktop\peach-festival\2007_Barms-of-Oxford\Oxford_Moose_Hill_197b_BL.jpg --> ftp.oxfordpast.com /ohs/peach-festival/2007_Barms-of-Oxford Oxford_Moose_Hill_197b_BL.jpg
2020.04.08 10:25 B C:\Users\dotti\Desktop\peach-festival\2007_Barms-of-Oxford\Oxford_Moose_Hill_212_BL.jpg --> ftp.oxfordpast.com /ohs/peach-festival/2007_Barms-of-Oxford Oxford_Moose_Hill_212_BL.jpg
2020.04.08 10:25 B C:\Users\dotti\Desktop\peach-festival\2007_Barms-of-Oxford\Oxford_Moose_Hill_224a_BL.jpg --> ftp.oxfordpast.com /ohs/peach-festival/2007_Barms-of-Oxford Oxford_Moose_Hill_224a_BL.jpg
2020.04.08 10:25 B C:\Users\dotti\Desktop\peach-festival\2007_Barms-of-Oxford\Oxford_Moose_Hill_224b_BL.jpg --> ftp.oxfordpast.com /ohs/peach-festival/2007_Barms-of-Oxford Oxford_Moose_Hill_224b_BL.jpg
2020.04.08 10:25 B C:\Users\dotti\Desktop\peach-festival\2007_Barms-of-Oxford\Oxford_Moose_Hill_a_BL.jpg --> ftp.oxfordpast.com /ohs/peach-festival/2007_Barms-of-Oxford Oxford_Moose_Hill_a_BL.jpg
2020.04.08 10:25 B C:\Users\dotti\Desktop\peach-festival\2007_Barms-of-Oxford\Oxford_Moose_Hill_b_BL.jpg --> ftp.oxfordpast.com /ohs/peach-festival/2007_Barms-of-Oxford Oxford_Moose_Hill_b_BL.jpg
2020.04.08 10:25 B C:\Users\dotti\Desktop\peach-festival\2007_Barms-of-Oxford\Oxford_MooseHillRd_212-_02.jpg --> ftp.oxfordpast.com /ohs/peach-festival/2007_Barms-of-Oxford Oxford_MooseHillRd_212-_02.jpg
2020.04.08 10:25 B C:\Users\dotti\Desktop\peach-festival\2007_Barms-of-Oxford\Oxford_MooseHillRd_212_03.jpg --> ftp.oxfordpast.com /ohs/peach-festival/2007_Barms-of-Oxford Oxford_MooseHillRd_212_03.jpg
2020.04.08 10:25 B C:\Users\dotti\Desktop\peach-festival\2007_Barms-of-Oxford\Oxford_MooseHillRd_212_04.jpg --> ftp.oxfordpast.com /ohs/peach-festival/2007_Barms-of-Oxford Oxford_MooseHillRd_212_04.jpg
2020.04.08 10:25 B C:\Users\dotti\Desktop\peach-festival\2007_Barms-of-Oxford\Oxford_MooseHillRd_212_05.jpg --> ftp.oxfordpast.com /ohs/peach-festival/2007_Barms-of-Oxford Oxford_MooseHillRd_212_05.jpg
2020.04.08 10:25 B C:\Users\dotti\Desktop\peach-festival\2007_Barms-of-Oxford\Oxford_MooseHillRd_212_06.jpg --> ftp.oxfordpast.com /ohs/peach-festival/2007_Barms-of-Oxford Oxford_MooseHillRd_212_06.jpg
2020.04.08 10:26 B C:\Users\dotti\Desktop\peach-festival\2007_Barms-of-Oxford\Oxford_North-Larkey-Rd_14_AG.jpg --> ftp.oxfordpast.com /ohs/peach-festival/2007_Barms-of-Oxford Oxford_North-Larkey-Rd_14_AG.jpg
2020.04.08 10:26 B C:\Users\dotti\Desktop\peach-festival\2007_Barms-of-Oxford\Oxford_Oxford-Rd_035_DD.jpg --> ftp.oxfordpast.com /ohs/peach-festival/2007_Barms-of-Oxford Oxford_Oxford-Rd_035_DD.jpg
2020.04.08 10:26 B C:\Users\dotti\Desktop\peach-festival\2007_Barms-of-Oxford\Oxford_Oxford-Rd_051_DD.jpg --> ftp.oxfordpast.com /ohs/peach-festival/2007_Barms-of-Oxford Oxford_Oxford-Rd_051_DD.jpg
2020.04.08 10:26 B C:\Users\dotti\Desktop\peach-festival\2007_Barms-of-Oxford\Oxford_Oxford-Rd_108_DD.jpg --> ftp.oxfordpast.com /ohs/peach-festival/2007_Barms-of-Oxford Oxford_Oxford-Rd_108_DD.jpg
2020.04.08 10:26 B C:\Users\dotti\Desktop\peach-festival\2007_Barms-of-Oxford\Oxford_Oxford-Rd_176_DD-2.jpg --> ftp.oxfordpast.com /ohs/peach-festival/2007_Barms-of-Oxford Oxford_Oxford-Rd_176_DD-2.jpg
2020.04.08 10:26 B C:\Users\dotti\Desktop\peach-festival\2007_Barms-of-Oxford\Oxford_Oxford-Rd_176_DD.jpg --> ftp.oxfordpast.com /ohs/peach-festival/2007_Barms-of-Oxford Oxford_Oxford-Rd_176_DD.jpg
2020.04.08 10:26 B C:\Users\dotti\Desktop\peach-festival\2007_Barms-of-Oxford\Oxford_Oxford-Rd_431_2_DD.jpg --> ftp.oxfordpast.com /ohs/peach-festival/2007_Barms-of-Oxford Oxford_Oxford-Rd_431_2_DD.jpg
2020.04.08 10:26 B C:\Users\dotti\Desktop\peach-festival\2007_Barms-of-Oxford\Oxford_Oxford-Rd_451_3_DD.jpg --> ftp.oxfordpast.com /ohs/peach-festival/2007_Barms-of-Oxford Oxford_Oxford-Rd_451_3_DD.jpg
2020.04.08 10:26 B C:\Users\dotti\Desktop\peach-festival\2007_Barms-of-Oxford\Oxford_Oxford-Rd_451_DD.jpg --> ftp.oxfordpast.com /ohs/peach-festival/2007_Barms-of-Oxford Oxford_Oxford-Rd_451_DD.jpg
2020.04.08 10:26 B C:\Users\dotti\Desktop\peach-festival\2007_Barms-of-Oxford\Oxford_Oxford-Rd_516_(3)_CH.jpg --> ftp.oxfordpast.com /ohs/peach-festival/2007_Barms-of-Oxford Oxford_Oxford-Rd_516_(3)_CH.jpg
2020.04.08 10:27 B C:\Users\dotti\Desktop\peach-festival\2007_Barms-of-Oxford\Oxford_Oxford-Rd_531_Barn1-2_DD.jpg --> ftp.oxfordpast.com /ohs/peach-festival/2007_Barms-of-Oxford Oxford_Oxford-Rd_531_Barn1-2_DD.jpg
2020.04.08 10:27 B C:\Users\dotti\Desktop\peach-festival\2007_Barms-of-Oxford\Oxford_Oxford-Rd_531_Barn1_CH.jpg --> ftp.oxfordpast.com /ohs/peach-festival/2007_Barms-of-Oxford Oxford_Oxford-Rd_531_Barn1_CH.jpg
2020.04.08 10:27 B C:\Users\dotti\Desktop\peach-festival\2007_Barms-of-Oxford\Oxford_Oxford-Rd_531_Barn2-1_CH.jpg --> ftp.oxfordpast.com /ohs/peach-festival/2007_Barms-of-Oxford Oxford_Oxford-Rd_531_Barn2-1_CH.jpg
2020.04.08 10:27 B C:\Users\dotti\Desktop\peach-festival\2007_Barms-of-Oxford\Oxford_Oxford-Rd_531_Barn2-2_CH.jpg --> ftp.oxfordpast.com /ohs/peach-festival/2007_Barms-of-Oxford Oxford_Oxford-Rd_531_Barn2-2_CH.jpg
2020.04.08 10:27 B C:\Users\dotti\Desktop\peach-festival\2007_Barms-of-Oxford\Oxford_Oxford-Rd_531_Barn2-3_CH.jpg --> ftp.oxfordpast.com /ohs/peach-festival/2007_Barms-of-Oxford Oxford_Oxford-Rd_531_Barn2-3_CH.jpg
2020.04.08 10:27 B C:\Users\dotti\Desktop\peach-festival\2007_Barms-of-Oxford\Oxford_Oxford-Rd_531_Barn2-4_DD.jpg --> ftp.oxfordpast.com /ohs/peach-festival/2007_Barms-of-Oxford Oxford_Oxford-Rd_531_Barn2-4_DD.jpg
2020.04.08 10:27 B C:\Users\dotti\Desktop\peach-festival\2007_Barms-of-Oxford\Oxford_Oxford-Rd_531_Barn3_CH.jpg --> ftp.oxfordpast.com /ohs/peach-festival/2007_Barms-of-Oxford Oxford_Oxford-Rd_531_Barn3_CH.jpg
2020.04.08 10:27 B C:\Users\dotti\Desktop\peach-festival\2007_Barms-of-Oxford\Oxford_Oxford-Rd_535_DD.jpg --> ftp.oxfordpast.com /ohs/peach-festival/2007_Barms-of-Oxford Oxford_Oxford-Rd_535_DD.jpg
2020.04.08 10:27 B C:\Users\dotti\Desktop\peach-festival\2007_Barms-of-Oxford\Oxford_Oxford-Rd_556_CH.jpg --> ftp.oxfordpast.com /ohs/peach-festival/2007_Barms-of-Oxford Oxford_Oxford-Rd_556_CH.jpg
2020.04.08 10:27 B C:\Users\dotti\Desktop\peach-festival\2007_Barms-of-Oxford\Oxford_Oxford-Rd_561_CH-2 (2).jpg --> ftp.oxfordpast.com /ohs/peach-festival/2007_Barms-of-Oxford Oxford_Oxford-Rd_561_CH-2 (2).jpg
2020.04.08 10:27 B C:\Users\dotti\Desktop\peach-festival\2007_Barms-of-Oxford\Oxford_Oxford-Rd_561_CH-2.jpg --> ftp.oxfordpast.com /ohs/peach-festival/2007_Barms-of-Oxford Oxford_Oxford-Rd_561_CH-2.jpg
2020.04.08 10:27 B C:\Users\dotti\Desktop\peach-festival\2007_Barms-of-Oxford\Oxford_Oxford-Rd_561_CH-corn-crib.jpg --> ftp.oxfordpast.com /ohs/peach-festival/2007_Barms-of-Oxford Oxford_Oxford-Rd_561_CH-corn-crib.jpg
2020.04.08 10:27 B C:\Users\dotti\Desktop\peach-festival\2007_Barms-of-Oxford\Oxford_Oxford-Rd_562_Barn1_CH.jpg --> ftp.oxfordpast.com /ohs/peach-festival/2007_Barms-of-Oxford Oxford_Oxford-Rd_562_Barn1_CH.jpg
2020.04.08 10:28 B C:\Users\dotti\Desktop\peach-festival\2007_Barms-of-Oxford\Oxford_Oxford-Rd_562_Barn1_DD.jpg --> ftp.oxfordpast.com /ohs/peach-festival/2007_Barms-of-Oxford Oxford_Oxford-Rd_562_Barn1_DD.jpg
2020.04.08 10:28 B C:\Users\dotti\Desktop\peach-festival\2007_Barms-of-Oxford\Oxford_Oxford-Rd_562_Barn2_CH.jpg --> ftp.oxfordpast.com /ohs/peach-festival/2007_Barms-of-Oxford Oxford_Oxford-Rd_562_Barn2_CH.jpg
2020.04.08 10:28 B C:\Users\dotti\Desktop\peach-festival\2007_Barms-of-Oxford\Oxford_Oxford-Rd_566_CH.jpg --> ftp.oxfordpast.com /ohs/peach-festival/2007_Barms-of-Oxford Oxford_Oxford-Rd_566_CH.jpg
2020.04.08 10:28 B C:\Users\dotti\Desktop\peach-festival\2007_Barms-of-Oxford\Oxford_Oxford-Rd_567_DD.jpg --> ftp.oxfordpast.com /ohs/peach-festival/2007_Barms-of-Oxford Oxford_Oxford-Rd_567_DD.jpg
2020.04.08 10:28 B C:\Users\dotti\Desktop\peach-festival\2007_Barms-of-Oxford\Oxford_Oxford-Rd_571_(North-side)_DD..jpg --> ftp.oxfordpast.com /ohs/peach-festival/2007_Barms-of-Oxford Oxford_Oxford-Rd_571_(North-side)_DD..jpg
2020.04.08 10:28 B C:\Users\dotti\Desktop\peach-festival\2007_Barms-of-Oxford\Oxford_Oxford-Rd_571_(North-side-close)_DD..jpg --> ftp.oxfordpast.com /ohs/peach-festival/2007_Barms-of-Oxford Oxford_Oxford-Rd_571_(North-side-close)_DD..jpg
2020.04.08 10:28 B C:\Users\dotti\Desktop\peach-festival\2007_Barms-of-Oxford\Oxford_Oxford-Rd_571_(south-side-closer)_DD..JPG --> ftp.oxfordpast.com /ohs/peach-festival/2007_Barms-of-Oxford Oxford_Oxford-Rd_571_(south-side-closer)_DD..JPG
2020.04.08 10:28 B C:\Users\dotti\Desktop\peach-festival\2007_Barms-of-Oxford\Oxford_Oxford-Rd_671_(4)_CH.jpg --> ftp.oxfordpast.com /ohs/peach-festival/2007_Barms-of-Oxford Oxford_Oxford-Rd_671_(4)_CH.jpg
2020.04.08 10:28 B C:\Users\dotti\Desktop\peach-festival\2007_Barms-of-Oxford\Oxford_Oxford-Rd_671_(5)_CH.jpg --> ftp.oxfordpast.com /ohs/peach-festival/2007_Barms-of-Oxford Oxford_Oxford-Rd_671_(5)_CH.jpg
2020.04.08 10:28 B C:\Users\dotti\Desktop\peach-festival\2007_Barms-of-Oxford\Oxford_Oxford-Rd_671__Barn1&Shed-2_CH.jpg --> ftp.oxfordpast.com /ohs/peach-festival/2007_Barms-of-Oxford Oxford_Oxford-Rd_671__Barn1&Shed-2_CH.jpg
2020.04.08 10:28 B C:\Users\dotti\Desktop\peach-festival\2007_Barms-of-Oxford\Oxford_Oxford-Rd_671_Barn1&Shed_CH.jpg --> ftp.oxfordpast.com /ohs/peach-festival/2007_Barms-of-Oxford Oxford_Oxford-Rd_671_Barn1&Shed_CH.jpg
2020.04.08 10:28 B C:\Users\dotti\Desktop\peach-festival\2007_Barms-of-Oxford\Oxford_Oxford-Rd_671_Barn2_CH.jpg --> ftp.oxfordpast.com /ohs/peach-festival/2007_Barms-of-Oxford Oxford_Oxford-Rd_671_Barn2_CH.jpg
2020.04.08 10:29 B C:\Users\dotti\Desktop\peach-festival\2007_Barms-of-Oxford\Oxford_Oxford-Rd_671_CornCrib_CH.jpg --> ftp.oxfordpast.com /ohs/peach-festival/2007_Barms-of-Oxford Oxford_Oxford-Rd_671_CornCrib_CH.jpg
2020.04.08 10:29 B C:\Users\dotti\Desktop\peach-festival\2007_Barms-of-Oxford\Oxford_Oxford-Rd_691_CH.jpg --> ftp.oxfordpast.com /ohs/peach-festival/2007_Barms-of-Oxford Oxford_Oxford-Rd_691_CH.jpg
2020.04.08 10:29 B C:\Users\dotti\Desktop\peach-festival\2007_Barms-of-Oxford\Oxford_Oxford-Rd_705_Barn1_CH.jpg --> ftp.oxfordpast.com /ohs/peach-festival/2007_Barms-of-Oxford Oxford_Oxford-Rd_705_Barn1_CH.jpg
2020.04.08 10:29 B C:\Users\dotti\Desktop\peach-festival\2007_Barms-of-Oxford\Oxford_Oxford-Rd_705_Barn1_DD.jpg --> ftp.oxfordpast.com /ohs/peach-festival/2007_Barms-of-Oxford Oxford_Oxford-Rd_705_Barn1_DD.jpg
2020.04.08 10:29 B C:\Users\dotti\Desktop\peach-festival\2007_Barms-of-Oxford\Oxford_Oxford-Rd_705_Barn2_CH.jpg --> ftp.oxfordpast.com /ohs/peach-festival/2007_Barms-of-Oxford Oxford_Oxford-Rd_705_Barn2_CH.jpg
2020.04.08 10:29 B C:\Users\dotti\Desktop\peach-festival\2007_Barms-of-Oxford\Oxford_Oxford-Rd_705_Barn2_DD.jpg --> ftp.oxfordpast.com /ohs/peach-festival/2007_Barms-of-Oxford Oxford_Oxford-Rd_705_Barn2_DD.jpg
2020.04.08 10:29 B C:\Users\dotti\Desktop\peach-festival\2007_Barms-of-Oxford\Oxford_Oxford-Rd_705_Barn3_CH.jpg --> ftp.oxfordpast.com /ohs/peach-festival/2007_Barms-of-Oxford Oxford_Oxford-Rd_705_Barn3_CH.jpg
2020.04.08 10:29 B C:\Users\dotti\Desktop\peach-festival\2007_Barms-of-Oxford\Oxford_Oxford-Rd_705_Barn4_CH.jpg --> ftp.oxfordpast.com /ohs/peach-festival/2007_Barms-of-Oxford Oxford_Oxford-Rd_705_Barn4_CH.jpg
2020.04.08 10:29 B C:\Users\dotti\Desktop\peach-festival\2007_Barms-of-Oxford\Oxford_Oxford-Rd_705_Barn5_CH.jpg --> ftp.oxfordpast.com /ohs/peach-festival/2007_Barms-of-Oxford Oxford_Oxford-Rd_705_Barn5_CH.jpg
2020.04.08 10:29 B C:\Users\dotti\Desktop\peach-festival\2007_Barms-of-Oxford\Oxford_Oxford-Rd_766_DD-side-view.jpg --> ftp.oxfordpast.com /ohs/peach-festival/2007_Barms-of-Oxford Oxford_Oxford-Rd_766_DD-side-view.jpg
2020.04.08 10:29 B C:\Users\dotti\Desktop\peach-festival\2007_Barms-of-Oxford\Oxford_Oxford-Rd_766_DD.jpg --> ftp.oxfordpast.com /ohs/peach-festival/2007_Barms-of-Oxford Oxford_Oxford-Rd_766_DD.jpg
2020.04.08 10:30 B C:\Users\dotti\Desktop\peach-festival\2007_Barms-of-Oxford\Oxford_Oxford-Rd_785-CH.JPG --> ftp.oxfordpast.com /ohs/peach-festival/2007_Barms-of-Oxford Oxford_Oxford-Rd_785-CH.JPG
2020.04.08 10:30 B C:\Users\dotti\Desktop\peach-festival\2007_Barms-of-Oxford\Oxford_Oxford-Rd_807_CH.jpg --> ftp.oxfordpast.com /ohs/peach-festival/2007_Barms-of-Oxford Oxford_Oxford-Rd_807_CH.jpg
2020.04.08 10:30 B C:\Users\dotti\Desktop\peach-festival\2007_Barms-of-Oxford\Oxford_Oxford-Rd_809_CH-(2).jpg --> ftp.oxfordpast.com /ohs/peach-festival/2007_Barms-of-Oxford Oxford_Oxford-Rd_809_CH-(2).jpg
2020.04.08 10:30 B C:\Users\dotti\Desktop\peach-festival\2007_Barms-of-Oxford\Oxford_Oxford-Rd_809_CH.jpg --> ftp.oxfordpast.com /ohs/peach-festival/2007_Barms-of-Oxford Oxford_Oxford-Rd_809_CH.jpg
2020.04.08 10:30 B C:\Users\dotti\Desktop\peach-festival\2007_Barms-of-Oxford\Oxford_OxfordRd_035_DD2.jpg --> ftp.oxfordpast.com /ohs/peach-festival/2007_Barms-of-Oxford Oxford_OxfordRd_035_DD2.jpg
2020.04.08 10:30 B C:\Users\dotti\Desktop\peach-festival\2007_Barms-of-Oxford\Oxford_OxfordRd_035_DD4.jpg --> ftp.oxfordpast.com /ohs/peach-festival/2007_Barms-of-Oxford Oxford_OxfordRd_035_DD4.jpg
2020.04.08 10:30 B C:\Users\dotti\Desktop\peach-festival\2007_Barms-of-Oxford\Oxford_OxfordRd_051_DD1.jpg --> ftp.oxfordpast.com /ohs/peach-festival/2007_Barms-of-Oxford Oxford_OxfordRd_051_DD1.jpg
2020.04.08 10:30 B C:\Users\dotti\Desktop\peach-festival\2007_Barms-of-Oxford\Oxford_PisgahRd_112_ST01 (2).jpg --> ftp.oxfordpast.com /ohs/peach-festival/2007_Barms-of-Oxford Oxford_PisgahRd_112_ST01 (2).jpg
2020.04.08 10:30 B C:\Users\dotti\Desktop\peach-festival\2007_Barms-of-Oxford\Oxford_Pope-Rd_06_KS.jpg --> ftp.oxfordpast.com /ohs/peach-festival/2007_Barms-of-Oxford Oxford_Pope-Rd_06_KS.jpg
2020.04.08 10:30 B C:\Users\dotti\Desktop\peach-festival\2007_Barms-of-Oxford\Oxford_Pope-Rd_072_KS-2.jpg --> ftp.oxfordpast.com /ohs/peach-festival/2007_Barms-of-Oxford Oxford_Pope-Rd_072_KS-2.jpg
2020.04.08 10:30 B C:\Users\dotti\Desktop\peach-festival\2007_Barms-of-Oxford\Oxford_Pope-Rd_072_KS.jpg --> ftp.oxfordpast.com /ohs/peach-festival/2007_Barms-of-Oxford Oxford_Pope-Rd_072_KS.jpg
2020.04.08 10:30 B C:\Users\dotti\Desktop\peach-festival\2007_Barms-of-Oxford\Oxford_Pope-Rd_09_KS.jpg --> ftp.oxfordpast.com /ohs/peach-festival/2007_Barms-of-Oxford Oxford_Pope-Rd_09_KS.jpg
2020.04.08 10:30 B C:\Users\dotti\Desktop\peach-festival\2007_Barms-of-Oxford\Oxford_PopeRd_57_KS01.jpg --> ftp.oxfordpast.com /ohs/peach-festival/2007_Barms-of-Oxford Oxford_PopeRd_57_KS01.jpg
2020.04.08 10:30 B C:\Users\dotti\Desktop\peach-festival\2007_Barms-of-Oxford\Oxford_PopeRd_57_KS02.JPG --> ftp.oxfordpast.com /ohs/peach-festival/2007_Barms-of-Oxford Oxford_PopeRd_57_KS02.JPG
2020.04.08 10:30 B C:\Users\dotti\Desktop\peach-festival\2007_Barms-of-Oxford\Oxford_PopeRd_57_KS03.JPG --> ftp.oxfordpast.com /ohs/peach-festival/2007_Barms-of-Oxford Oxford_PopeRd_57_KS03.JPG
2020.04.08 10:30 B C:\Users\dotti\Desktop\peach-festival\2007_Barms-of-Oxford\Oxford_PopeRd_59_KS02.JPG --> ftp.oxfordpast.com /ohs/peach-festival/2007_Barms-of-Oxford Oxford_PopeRd_59_KS02.JPG
2020.04.08 10:31 B C:\Users\dotti\Desktop\peach-festival\2007_Barms-of-Oxford\Oxford_PopeRd_59_KS03a.JPG --> ftp.oxfordpast.com /ohs/peach-festival/2007_Barms-of-Oxford Oxford_PopeRd_59_KS03a.JPG
2020.04.08 10:31 B C:\Users\dotti\Desktop\peach-festival\2007_Barms-of-Oxford\Oxford_PopeRd_59_KS06.JPG --> ftp.oxfordpast.com /ohs/peach-festival/2007_Barms-of-Oxford Oxford_PopeRd_59_KS06.JPG
2020.04.08 10:31 B C:\Users\dotti\Desktop\peach-festival\2007_Barms-of-Oxford\Oxford_PopeRd_59_KS08.JPG --> ftp.oxfordpast.com /ohs/peach-festival/2007_Barms-of-Oxford Oxford_PopeRd_59_KS08.JPG
2020.04.08 10:31 B C:\Users\dotti\Desktop\peach-festival\2007_Barms-of-Oxford\Oxford_PopeRd_6_KS4 (2).JPG --> ftp.oxfordpast.com /ohs/peach-festival/2007_Barms-of-Oxford Oxford_PopeRd_6_KS4 (2).JPG
2020.04.08 10:31 B C:\Users\dotti\Desktop\peach-festival\2007_Barms-of-Oxford\Oxford_PopeRd_72_KS01 (2).JPG --> ftp.oxfordpast.com /ohs/peach-festival/2007_Barms-of-Oxford Oxford_PopeRd_72_KS01 (2).JPG
2020.04.08 10:31 B C:\Users\dotti\Desktop\peach-festival\2007_Barms-of-Oxford\Oxford_PopeRd_72_KS02.JPG --> ftp.oxfordpast.com /ohs/peach-festival/2007_Barms-of-Oxford Oxford_PopeRd_72_KS02.JPG
2020.04.08 10:31 B C:\Users\dotti\Desktop\peach-festival\2007_Barms-of-Oxford\Oxford_PopeRd_9_KS01 (2).JPG --> ftp.oxfordpast.com /ohs/peach-festival/2007_Barms-of-Oxford Oxford_PopeRd_9_KS01 (2).JPG
2020.04.08 10:31 B C:\Users\dotti\Desktop\peach-festival\2007_Barms-of-Oxford\Oxford_Prokop-Rd_DD.jpg --> ftp.oxfordpast.com /ohs/peach-festival/2007_Barms-of-Oxford Oxford_Prokop-Rd_DD.jpg
2020.04.08 10:31 B C:\Users\dotti\Desktop\peach-festival\2007_Barms-of-Oxford\Oxford_Quaker-Farms-Rd_064_BL.jpg --> ftp.oxfordpast.com /ohs/peach-festival/2007_Barms-of-Oxford Oxford_Quaker-Farms-Rd_064_BL.jpg
2020.04.08 10:31 B C:\Users\dotti\Desktop\peach-festival\2007_Barms-of-Oxford\Oxford_Quaker-Farms-Rd_085(2)_BL.jpg --> ftp.oxfordpast.com /ohs/peach-festival/2007_Barms-of-Oxford Oxford_Quaker-Farms-Rd_085(2)_BL.jpg
2020.04.08 10:31 B C:\Users\dotti\Desktop\peach-festival\2007_Barms-of-Oxford\Oxford_Quaker-Farms-Rd_085_BL.jpg --> ftp.oxfordpast.com /ohs/peach-festival/2007_Barms-of-Oxford Oxford_Quaker-Farms-Rd_085_BL.jpg
2020.04.08 10:31 B C:\Users\dotti\Desktop\peach-festival\2007_Barms-of-Oxford\Oxford_Quaker-Farms-Rd_117(2)_BL.jpg --> ftp.oxfordpast.com /ohs/peach-festival/2007_Barms-of-Oxford Oxford_Quaker-Farms-Rd_117(2)_BL.jpg
2020.04.08 10:31 B C:\Users\dotti\Desktop\peach-festival\2007_Barms-of-Oxford\Oxford_Quaker-Farms-Rd_117_BL.jpg --> ftp.oxfordpast.com /ohs/peach-festival/2007_Barms-of-Oxford Oxford_Quaker-Farms-Rd_117_BL.jpg
2020.04.08 10:31 B C:\Users\dotti\Desktop\peach-festival\2007_Barms-of-Oxford\Oxford_Quaker-Farms-Rd_228_BL.jpg --> ftp.oxfordpast.com /ohs/peach-festival/2007_Barms-of-Oxford Oxford_Quaker-Farms-Rd_228_BL.jpg
2020.04.08 10:31 B C:\Users\dotti\Desktop\peach-festival\2007_Barms-of-Oxford\Oxford_Quaker-Farms-Rd_307-(2)_BL.jpg --> ftp.oxfordpast.com /ohs/peach-festival/2007_Barms-of-Oxford Oxford_Quaker-Farms-Rd_307-(2)_BL.jpg
2020.04.08 10:31 B C:\Users\dotti\Desktop\peach-festival\2007_Barms-of-Oxford\Oxford_Quaker-Farms-Rd_307_BL.jpg --> ftp.oxfordpast.com /ohs/peach-festival/2007_Barms-of-Oxford Oxford_Quaker-Farms-Rd_307_BL.jpg
2020.04.08 10:32 B C:\Users\dotti\Desktop\peach-festival\2007_Barms-of-Oxford\Oxford_Quaker-Farms-Rd_344_BL.jpg --> ftp.oxfordpast.com /ohs/peach-festival/2007_Barms-of-Oxford Oxford_Quaker-Farms-Rd_344_BL.jpg
2020.04.08 10:32 B C:\Users\dotti\Desktop\peach-festival\2007_Barms-of-Oxford\Oxford_Quaker-Farms-Rd_402-2_BL.jpg --> ftp.oxfordpast.com /ohs/peach-festival/2007_Barms-of-Oxford Oxford_Quaker-Farms-Rd_402-2_BL.jpg
2020.04.08 10:32 B C:\Users\dotti\Desktop\peach-festival\2007_Barms-of-Oxford\Oxford_Quaker-Farms-Rd_402_BL.jpg --> ftp.oxfordpast.com /ohs/peach-festival/2007_Barms-of-Oxford Oxford_Quaker-Farms-Rd_402_BL.jpg
2020.04.08 10:32 B C:\Users\dotti\Desktop\peach-festival\2007_Barms-of-Oxford\Oxford_Quaker-Farms-Rd_410_BL.jpg --> ftp.oxfordpast.com /ohs/peach-festival/2007_Barms-of-Oxford Oxford_Quaker-Farms-Rd_410_BL.jpg
2020.04.08 10:32 B C:\Users\dotti\Desktop\peach-festival\2007_Barms-of-Oxford\Oxford_Quaker-Farms-Rd_429-1_BL.jpg --> ftp.oxfordpast.com /ohs/peach-festival/2007_Barms-of-Oxford Oxford_Quaker-Farms-Rd_429-1_BL.jpg
2020.04.08 10:32 B C:\Users\dotti\Desktop\peach-festival\2007_Barms-of-Oxford\Oxford_Quaker-Farms-Rd_429-2_BL.jpg --> ftp.oxfordpast.com /ohs/peach-festival/2007_Barms-of-Oxford Oxford_Quaker-Farms-Rd_429-2_BL.jpg
2020.04.08 10:32 B C:\Users\dotti\Desktop\peach-festival\2007_Barms-of-Oxford\Oxford_Quaker-Farms-Rd_429_3_BL.jpg --> ftp.oxfordpast.com /ohs/peach-festival/2007_Barms-of-Oxford Oxford_Quaker-Farms-Rd_429_3_BL.jpg
2020.04.08 10:32 B C:\Users\dotti\Desktop\peach-festival\2007_Barms-of-Oxford\Oxford_Quaker-Farms-Rd_432-1_BL.jpg --> ftp.oxfordpast.com /ohs/peach-festival/2007_Barms-of-Oxford Oxford_Quaker-Farms-Rd_432-1_BL.jpg
2020.04.08 10:32 B C:\Users\dotti\Desktop\peach-festival\2007_Barms-of-Oxford\Oxford_Quaker-Farms-Rd_432-2_BL.jpg --> ftp.oxfordpast.com /ohs/peach-festival/2007_Barms-of-Oxford Oxford_Quaker-Farms-Rd_432-2_BL.jpg
2020.04.08 10:32 B C:\Users\dotti\Desktop\peach-festival\2007_Barms-of-Oxford\Oxford_Quaker-Farms-Rd_491-(2)_BL.jpg --> ftp.oxfordpast.com /ohs/peach-festival/2007_Barms-of-Oxford Oxford_Quaker-Farms-Rd_491-(2)_BL.jpg
2020.04.08 10:32 B C:\Users\dotti\Desktop\peach-festival\2007_Barms-of-Oxford\Oxford_Quaker-Farms-Rd_491_(2)_BL.jpg --> ftp.oxfordpast.com /ohs/peach-festival/2007_Barms-of-Oxford Oxford_Quaker-Farms-Rd_491_(2)_BL.jpg
2020.04.08 10:32 B C:\Users\dotti\Desktop\peach-festival\2007_Barms-of-Oxford\Oxford_Quaker-Farms-Rd_491_BL.jpg --> ftp.oxfordpast.com /ohs/peach-festival/2007_Barms-of-Oxford Oxford_Quaker-Farms-Rd_491_BL.jpg
2020.04.08 10:33 B C:\Users\dotti\Desktop\peach-festival\2007_Barms-of-Oxford\Oxford_Quaker-Farms-Rd_571_(2)_BL.jpg --> ftp.oxfordpast.com /ohs/peach-festival/2007_Barms-of-Oxford Oxford_Quaker-Farms-Rd_571_(2)_BL.jpg
2020.04.08 10:33 B C:\Users\dotti\Desktop\peach-festival\2007_Barms-of-Oxford\Oxford_Quaker-Farms-Rd_571_(3)_BL.jpg --> ftp.oxfordpast.com /ohs/peach-festival/2007_Barms-of-Oxford Oxford_Quaker-Farms-Rd_571_(3)_BL.jpg
2020.04.08 10:33 B C:\Users\dotti\Desktop\peach-festival\2007_Barms-of-Oxford\Oxford_Quaker-Farms-Rd_571_(4)_BL.jpg --> ftp.oxfordpast.com /ohs/peach-festival/2007_Barms-of-Oxford Oxford_Quaker-Farms-Rd_571_(4)_BL.jpg
2020.04.08 10:33 B C:\Users\dotti\Desktop\peach-festival\2007_Barms-of-Oxford\Oxford_Quaker-Farms-Rd_571_BL.jpg --> ftp.oxfordpast.com /ohs/peach-festival/2007_Barms-of-Oxford Oxford_Quaker-Farms-Rd_571_BL.jpg
2020.04.08 10:33 B C:\Users\dotti\Desktop\peach-festival\2007_Barms-of-Oxford\Oxford_Quaker-Farms-Rd_705_BL.jpg --> ftp.oxfordpast.com /ohs/peach-festival/2007_Barms-of-Oxford Oxford_Quaker-Farms-Rd_705_BL.jpg
2020.04.08 10:33 B C:\Users\dotti\Desktop\peach-festival\2007_Barms-of-Oxford\Oxford_QuakerFarms_571_BL1.JPG --> ftp.oxfordpast.com /ohs/peach-festival/2007_Barms-of-Oxford Oxford_QuakerFarms_571_BL1.JPG
2020.04.08 10:33 B C:\Users\dotti\Desktop\peach-festival\2007_Barms-of-Oxford\Oxford_QuakerFarms_571_BL2.JPG --> ftp.oxfordpast.com /ohs/peach-festival/2007_Barms-of-Oxford Oxford_QuakerFarms_571_BL2.JPG
2020.04.08 10:33 B C:\Users\dotti\Desktop\peach-festival\2007_Barms-of-Oxford\Oxford_QuakerFarms_571_BL3.JPG --> ftp.oxfordpast.com /ohs/peach-festival/2007_Barms-of-Oxford Oxford_QuakerFarms_571_BL3.JPG
2020.04.08 10:33 B C:\Users\dotti\Desktop\peach-festival\2007_Barms-of-Oxford\Oxford_QuakerFarms_571_BL4.JPG --> ftp.oxfordpast.com /ohs/peach-festival/2007_Barms-of-Oxford Oxford_QuakerFarms_571_BL4.JPG
2020.04.08 10:33 B C:\Users\dotti\Desktop\peach-festival\2007_Barms-of-Oxford\Oxford_QuakerFarms_705_BL_2.JPG --> ftp.oxfordpast.com /ohs/peach-festival/2007_Barms-of-Oxford Oxford_QuakerFarms_705_BL_2.JPG
2020.04.08 10:33 B C:\Users\dotti\Desktop\peach-festival\2007_Barms-of-Oxford\Oxford_QuakerFarmsRd_117_BL1.JPG --> ftp.oxfordpast.com /ohs/peach-festival/2007_Barms-of-Oxford Oxford_QuakerFarmsRd_117_BL1.JPG
2020.04.08 10:33 B C:\Users\dotti\Desktop\peach-festival\2007_Barms-of-Oxford\Oxford_QuakerFarmsRd_117_BL2.JPG --> ftp.oxfordpast.com /ohs/peach-festival/2007_Barms-of-Oxford Oxford_QuakerFarmsRd_117_BL2.JPG
2020.04.08 10:33 B C:\Users\dotti\Desktop\peach-festival\2007_Barms-of-Oxford\Oxford_QuakerFarmsRd_228_BL1.JPG --> ftp.oxfordpast.com /ohs/peach-festival/2007_Barms-of-Oxford Oxford_QuakerFarmsRd_228_BL1.JPG
2020.04.08 10:33 B C:\Users\dotti\Desktop\peach-festival\2007_Barms-of-Oxford\Oxford_QuakerFarmsRd_228_BL2.JPG --> ftp.oxfordpast.com /ohs/peach-festival/2007_Barms-of-Oxford Oxford_QuakerFarmsRd_228_BL2.JPG
2020.04.08 10:33 B C:\Users\dotti\Desktop\peach-festival\2007_Barms-of-Oxford\Oxford_QuakerFarmsRd_307_BL2.JPG --> ftp.oxfordpast.com /ohs/peach-festival/2007_Barms-of-Oxford Oxford_QuakerFarmsRd_307_BL2.JPG
2020.04.08 10:33 B C:\Users\dotti\Desktop\peach-festival\2007_Barms-of-Oxford\Oxford_QuakerFarmsRd_307_BL3.JPG --> ftp.oxfordpast.com /ohs/peach-festival/2007_Barms-of-Oxford Oxford_QuakerFarmsRd_307_BL3.JPG
2020.04.08 10:33 B C:\Users\dotti\Desktop\peach-festival\2007_Barms-of-Oxford\Oxford_QuakerFarmsRd_410_BL_1.JPG --> ftp.oxfordpast.com /ohs/peach-festival/2007_Barms-of-Oxford Oxford_QuakerFarmsRd_410_BL_1.JPG
2020.04.08 10:33 B C:\Users\dotti\Desktop\peach-festival\2007_Barms-of-Oxford\Oxford_QuakerFarmsRd_410_BL_2.JPG --> ftp.oxfordpast.com /ohs/peach-festival/2007_Barms-of-Oxford Oxford_QuakerFarmsRd_410_BL_2.JPG
2020.04.08 10:33 B C:\Users\dotti\Desktop\peach-festival\2007_Barms-of-Oxford\Oxford_QuakerFarmsRd_429 BL  2.JPG --> ftp.oxfordpast.com /ohs/peach-festival/2007_Barms-of-Oxford Oxford_QuakerFarmsRd_429 BL  2.JPG
2020.04.08 10:33 B C:\Users\dotti\Desktop\peach-festival\2007_Barms-of-Oxford\Oxford_QuakerFarmsRd_429 BL 1.JPG --> ftp.oxfordpast.com /ohs/peach-festival/2007_Barms-of-Oxford Oxford_QuakerFarmsRd_429 BL 1.JPG
2020.04.08 10:33 B C:\Users\dotti\Desktop\peach-festival\2007_Barms-of-Oxford\Oxford_QuakerFarmsRd_429 BL 3.JPG --> ftp.oxfordpast.com /ohs/peach-festival/2007_Barms-of-Oxford Oxford_QuakerFarmsRd_429 BL 3.JPG
2020.04.08 10:33 B C:\Users\dotti\Desktop\peach-festival\2007_Barms-of-Oxford\Oxford_QuakerFarmsRd_432_BL_1.JPG --> ftp.oxfordpast.com /ohs/peach-festival/2007_Barms-of-Oxford Oxford_QuakerFarmsRd_432_BL_1.JPG
2020.04.08 10:33 B C:\Users\dotti\Desktop\peach-festival\2007_Barms-of-Oxford\Oxford_QuakerFarmsRd_432_BL_2.JPG --> ftp.oxfordpast.com /ohs/peach-festival/2007_Barms-of-Oxford Oxford_QuakerFarmsRd_432_BL_2.JPG
2020.04.08 10:33 B C:\Users\dotti\Desktop\peach-festival\2007_Barms-of-Oxford\Oxford_QuakerFarmsRd_64_BL2.JPG --> ftp.oxfordpast.com /ohs/peach-festival/2007_Barms-of-Oxford Oxford_QuakerFarmsRd_64_BL2.JPG
2020.04.08 10:33 B C:\Users\dotti\Desktop\peach-festival\2007_Barms-of-Oxford\Oxford_QuakerFarmsRd_85_BL3.JPG --> ftp.oxfordpast.com /ohs/peach-festival/2007_Barms-of-Oxford Oxford_QuakerFarmsRd_85_BL3.JPG
2020.04.08 10:33 B C:\Users\dotti\Desktop\peach-festival\2007_Barms-of-Oxford\Oxford_QuakerFarmsRd_85_BL4.jpg --> ftp.oxfordpast.com /ohs/peach-festival/2007_Barms-of-Oxford Oxford_QuakerFarmsRd_85_BL4.jpg
2020.04.08 10:33 B C:\Users\dotti\Desktop\peach-festival\2007_Barms-of-Oxford\Oxford_QuakerFarmsRd_85_BL5.JPG --> ftp.oxfordpast.com /ohs/peach-festival/2007_Barms-of-Oxford Oxford_QuakerFarmsRd_85_BL5.JPG
2020.04.08 10:33 B C:\Users\dotti\Desktop\peach-festival\2007_Barms-of-Oxford\Oxford_QuakerFarmsRd_85_GMap.jpg --> ftp.oxfordpast.com /ohs/peach-festival/2007_Barms-of-Oxford Oxford_QuakerFarmsRd_85_GMap.jpg
2020.04.08 10:34 B C:\Users\dotti\Desktop\peach-festival\2007_Barms-of-Oxford\Oxford_Riggs-St_060_AG.jpg --> ftp.oxfordpast.com /ohs/peach-festival/2007_Barms-of-Oxford Oxford_Riggs-St_060_AG.jpg
2020.04.08 10:34 B C:\Users\dotti\Desktop\peach-festival\2007_Barms-of-Oxford\Oxford_Riggs-St_189_AG.jpg --> ftp.oxfordpast.com /ohs/peach-festival/2007_Barms-of-Oxford Oxford_Riggs-St_189_AG.jpg
2020.04.08 10:34 B C:\Users\dotti\Desktop\peach-festival\2007_Barms-of-Oxford\Oxford_Riggs-St_195_AG.jpg --> ftp.oxfordpast.com /ohs/peach-festival/2007_Barms-of-Oxford Oxford_Riggs-St_195_AG.jpg
2020.04.08 10:34 B C:\Users\dotti\Desktop\peach-festival\2007_Barms-of-Oxford\Oxford_Riggs-St_225_AG.jpg --> ftp.oxfordpast.com /ohs/peach-festival/2007_Barms-of-Oxford Oxford_Riggs-St_225_AG.jpg
2020.04.08 10:34 B C:\Users\dotti\Desktop\peach-festival\2007_Barms-of-Oxford\Oxford_RiggsSt_060_AG_01.JPG --> ftp.oxfordpast.com /ohs/peach-festival/2007_Barms-of-Oxford Oxford_RiggsSt_060_AG_01.JPG
2020.04.08 10:34 B C:\Users\dotti\Desktop\peach-festival\2007_Barms-of-Oxford\Oxford_RiggsSt_195_AG (2).JPG --> ftp.oxfordpast.com /ohs/peach-festival/2007_Barms-of-Oxford Oxford_RiggsSt_195_AG (2).JPG
2020.04.08 10:34 B C:\Users\dotti\Desktop\peach-festival\2007_Barms-of-Oxford\Oxford_RiggsSt_214_AG.JPG --> ftp.oxfordpast.com /ohs/peach-festival/2007_Barms-of-Oxford Oxford_RiggsSt_214_AG.JPG
2020.04.08 10:34 B C:\Users\dotti\Desktop\peach-festival\2007_Barms-of-Oxford\Oxford_RiggsSt_225_AG (2).JPG --> ftp.oxfordpast.com /ohs/peach-festival/2007_Barms-of-Oxford Oxford_RiggsSt_225_AG (2).JPG
2020.04.08 10:34 B C:\Users\dotti\Desktop\peach-festival\2007_Barms-of-Oxford\Oxford_Towantic_Hill_39_BL.JPG --> ftp.oxfordpast.com /ohs/peach-festival/2007_Barms-of-Oxford Oxford_Towantic_Hill_39_BL.JPG
2020.04.08 10:34 B C:\Users\dotti\Desktop\peach-festival\2007_Barms-of-Oxford\Oxford_Towantic_Hill_7a_BL.JPG --> ftp.oxfordpast.com /ohs/peach-festival/2007_Barms-of-Oxford Oxford_Towantic_Hill_7a_BL.JPG
2020.04.08 10:34 B C:\Users\dotti\Desktop\peach-festival\2007_Barms-of-Oxford\Oxford_Towantic_Hill_7b_BL.JPG --> ftp.oxfordpast.com /ohs/peach-festival/2007_Barms-of-Oxford Oxford_Towantic_Hill_7b_BL.JPG
2020.04.08 10:34 B C:\Users\dotti\Desktop\peach-festival\2007_Barms-of-Oxford\Oxford_Towantic_Hill_7c_BL.JPG --> ftp.oxfordpast.com /ohs/peach-festival/2007_Barms-of-Oxford Oxford_Towantic_Hill_7c_BL.JPG
2020.04.08 10:34 B C:\Users\dotti\Desktop\peach-festival\2007_Barms-of-Oxford\Oxford_Towner-Ln_16_BL.JPG --> ftp.oxfordpast.com /ohs/peach-festival/2007_Barms-of-Oxford Oxford_Towner-Ln_16_BL.JPG
2020.04.08 10:34 B C:\Users\dotti\Desktop\peach-festival\2007_Barms-of-Oxford\Oxford_Towner-Ln_24_KS12.JPG --> ftp.oxfordpast.com /ohs/peach-festival/2007_Barms-of-Oxford Oxford_Towner-Ln_24_KS12.JPG
2020.04.08 10:34 B C:\Users\dotti\Desktop\peach-festival\2007_Barms-of-Oxford\Oxford_Towner-Ln_31_DD.jpg --> ftp.oxfordpast.com /ohs/peach-festival/2007_Barms-of-Oxford Oxford_Towner-Ln_31_DD.jpg
2020.04.08 10:34 B C:\Users\dotti\Desktop\peach-festival\2007_Barms-of-Oxford\Oxford_Towner-Ln_31_DD_02.jpg --> ftp.oxfordpast.com /ohs/peach-festival/2007_Barms-of-Oxford Oxford_Towner-Ln_31_DD_02.jpg
2020.04.08 10:34 B C:\Users\dotti\Desktop\peach-festival\2007_Barms-of-Oxford\Oxford_Towner-Ln_31_DD_37.jpg --> ftp.oxfordpast.com /ohs/peach-festival/2007_Barms-of-Oxford Oxford_Towner-Ln_31_DD_37.jpg
2020.04.08 10:34 B C:\Users\dotti\Desktop\peach-festival\2007_Barms-of-Oxford\Oxford_Towner-Ln_62_KS03.Jpg --> ftp.oxfordpast.com /ohs/peach-festival/2007_Barms-of-Oxford Oxford_Towner-Ln_62_KS03.Jpg
2020.04.08 10:34 B C:\Users\dotti\Desktop\peach-festival\2007_Barms-of-Oxford\Oxford_Towner-Ln_72_KS03.JPG --> ftp.oxfordpast.com /ohs/peach-festival/2007_Barms-of-Oxford Oxford_Towner-Ln_72_KS03.JPG
2020.04.08 10:34 B C:\Users\dotti\Desktop\peach-festival\2007_Barms-of-Oxford\Oxford_TownerLn_24_KS01.JPG --> ftp.oxfordpast.com /ohs/peach-festival/2007_Barms-of-Oxford Oxford_TownerLn_24_KS01.JPG
2020.04.08 10:34 B C:\Users\dotti\Desktop\peach-festival\2007_Barms-of-Oxford\Oxford_TownerLn_24_KS04.JPG --> ftp.oxfordpast.com /ohs/peach-festival/2007_Barms-of-Oxford Oxford_TownerLn_24_KS04.JPG
2020.04.08 10:34 B C:\Users\dotti\Desktop\peach-festival\2007_Barms-of-Oxford\Oxford_Wyant-Rd_28_BL.JPG --> ftp.oxfordpast.com /ohs/peach-festival/2007_Barms-of-Oxford Oxford_Wyant-Rd_28_BL.JPG
2020.04.08 10:34 B C:\Users\dotti\Desktop\peach-festival\2007_Barms-of-Oxford\T0361400.jpg --> ftp.oxfordpast.com /ohs/peach-festival/2007_Barms-of-Oxford T0361400.jpg
2020.04.08 10:38 B C:\Users\dotti\Desktop\peach-festival\2007_Barms-of-Oxford\trimmed-2-pics-only.pdf --> ftp.oxfordpast.com /ohs/peach-festival/2007_Barms-of-Oxford trimmed-2-pics-only.pdf
2020.04.08 10:38 B C:\Users\dotti\Desktop\peach-festival\2007_Barms-of-Oxford\why are barna red.jpg --> ftp.oxfordpast.com /ohs/peach-festival/2007_Barms-of-Oxford why are barna red.jpg
