2020.12.03 13:26 B C:\Users\dotti\Documents\OHS\Hometown-heroes\2020_VETS=175\Hellman, Betsi.jpg --> ftp.oxfordpast.com /2020_VETS=175 Hellman, Betsi.jpg
2020.12.03 13:26 B C:\Users\dotti\Documents\OHS\Hometown-heroes\2020_VETS=175\Dykstra, Nicole.jpg --> ftp.oxfordpast.com /2020_VETS=175 Dykstra, Nicole.jpg
2020.12.03 13:26 B C:\Users\dotti\Documents\OHS\Hometown-heroes\2020_VETS=175\Dykstra, Joshua.jpg --> ftp.oxfordpast.com /2020_VETS=175 Dykstra, Joshua.jpg
2020.12.03 13:26 B C:\Users\dotti\Documents\OHS\Hometown-heroes\2020_VETS=175\Wilde, Alexander M.jpg --> ftp.oxfordpast.com /2020_VETS=175 Wilde, Alexander M.jpg
2020.12.03 13:26 B C:\Users\dotti\Documents\OHS\Hometown-heroes\2020_VETS=175\Clark_Karen Chicoski.jpg --> ftp.oxfordpast.com /2020_VETS=175 Clark_Karen Chicoski.jpg
2020.12.03 13:26 B C:\Users\dotti\Documents\OHS\Hometown-heroes\2020_VETS=175\Rollinson George-W.jpg --> ftp.oxfordpast.com /2020_VETS=175 Rollinson George-W.jpg
2020.12.03 13:26 B C:\Users\dotti\Documents\OHS\Hometown-heroes\2020_VETS=175\Chicoski, Joseph S.jpg --> ftp.oxfordpast.com /2020_VETS=175 Chicoski, Joseph S.jpg
2020.12.03 13:26 B C:\Users\dotti\Documents\OHS\Hometown-heroes\2020_VETS=175\Olsen, Harold_001.jpg --> ftp.oxfordpast.com /2020_VETS=175 Olsen, Harold_001.jpg
2020.12.03 13:26 B C:\Users\dotti\Documents\OHS\Hometown-heroes\2020_VETS=175\DeBisschop, John.jpg --> ftp.oxfordpast.com /2020_VETS=175 DeBisschop, John.jpg
2020.12.03 13:26 B C:\Users\dotti\Documents\OHS\Hometown-heroes\2020_VETS=175\Taggart, Garrett.jpg --> ftp.oxfordpast.com /2020_VETS=175 Taggart, Garrett.jpg
2020.12.03 13:26 B C:\Users\dotti\Documents\OHS\Hometown-heroes\2020_VETS=175\Rzeszitek, George.jpg --> ftp.oxfordpast.com /2020_VETS=175 Rzeszitek, George.jpg
2020.12.03 13:26 B C:\Users\dotti\Documents\OHS\Hometown-heroes\2020_VETS=175\Chicoski,Joseph-E.jpg --> ftp.oxfordpast.com /2020_VETS=175 Chicoski,Joseph-E.jpg
2020.12.03 13:26 B C:\Users\dotti\Documents\OHS\Hometown-heroes\2020_VETS=175\Spader, Richard.jpg --> ftp.oxfordpast.com /2020_VETS=175 Spader, Richard.jpg
2020.12.03 13:26 B C:\Users\dotti\Documents\OHS\Hometown-heroes\2020_VETS=175\Smith, Wesley E.jpg --> ftp.oxfordpast.com /2020_VETS=175 Smith, Wesley E.jpg
2020.12.03 13:26 B C:\Users\dotti\Documents\OHS\Hometown-heroes\2020_VETS=175\Brown, Richard F..jpg --> ftp.oxfordpast.com /2020_VETS=175 Brown, Richard F..jpg
2020.12.03 13:26 B C:\Users\dotti\Documents\OHS\Hometown-heroes\2020_VETS=175\Spader, Erick.jpg --> ftp.oxfordpast.com /2020_VETS=175 Spader, Erick.jpg
2020.12.03 13:26 B C:\Users\dotti\Documents\OHS\Hometown-heroes\2020_VETS=175\Spader, Richard, Jr..jpg --> ftp.oxfordpast.com /2020_VETS=175 Spader, Richard, Jr..jpg
2020.12.03 13:26 B C:\Users\dotti\Documents\OHS\Hometown-heroes\2020_VETS=175\Cowell, Jillian.jpg --> ftp.oxfordpast.com /2020_VETS=175 Cowell, Jillian.jpg
2020.12.03 13:26 B C:\Users\dotti\Documents\OHS\Hometown-heroes\2020_VETS=175\Didsbury, William A.jpg --> ftp.oxfordpast.com /2020_VETS=175 Didsbury, William A.jpg
2020.12.03 13:26 B C:\Users\dotti\Documents\OHS\Hometown-heroes\2020_VETS=175\Stewart, Gary.jpg --> ftp.oxfordpast.com /2020_VETS=175 Stewart, Gary.jpg
2020.12.03 13:26 B C:\Users\dotti\Documents\OHS\Hometown-heroes\2020_VETS=175\Randall, Nick (2).jpg --> ftp.oxfordpast.com /2020_VETS=175 Randall, Nick (2).jpg
2020.12.03 13:26 B C:\Users\dotti\Documents\OHS\Hometown-heroes\2020_VETS=175\Rice, Capt. William.jpg --> ftp.oxfordpast.com /2020_VETS=175 Rice, Capt. William.jpg
2020.12.03 13:26 B C:\Users\dotti\Documents\OHS\Hometown-heroes\2020_VETS=175\Hilton, Justin.jpg --> ftp.oxfordpast.com /2020_VETS=175 Hilton, Justin.jpg
2020.12.03 13:26 B C:\Users\dotti\Documents\OHS\Hometown-heroes\2020_VETS=175\Steinis, John D..jpg --> ftp.oxfordpast.com /2020_VETS=175 Steinis, John D..jpg
2020.12.03 13:26 B C:\Users\dotti\Documents\OHS\Hometown-heroes\2020_VETS=175\Albro, David_001.jpg --> ftp.oxfordpast.com /2020_VETS=175 Albro, David_001.jpg
2020.12.03 13:26 B C:\Users\dotti\Documents\OHS\Hometown-heroes\2020_VETS=175\Joy, John N_001.jpg --> ftp.oxfordpast.com /2020_VETS=175 Joy, John N_001.jpg
2020.12.03 13:26 B C:\Users\dotti\Documents\OHS\Hometown-heroes\2020_VETS=175\Walker, Calvin L..jpg --> ftp.oxfordpast.com /2020_VETS=175 Walker, Calvin L..jpg
2020.12.03 13:26 B C:\Users\dotti\Documents\OHS\Hometown-heroes\2020_VETS=175\Stachelczyk, Anthony.jpg --> ftp.oxfordpast.com /2020_VETS=175 Stachelczyk, Anthony.jpg
2020.12.03 13:26 B C:\Users\dotti\Documents\OHS\Hometown-heroes\2020_VETS=175\Cowell, Chris, Jr.jpg --> ftp.oxfordpast.com /2020_VETS=175 Cowell, Chris, Jr.jpg
2020.12.03 13:26 B C:\Users\dotti\Documents\OHS\Hometown-heroes\2020_VETS=175\Fritz, John A.jpg --> ftp.oxfordpast.com /2020_VETS=175 Fritz, John A.jpg
2020.12.03 13:26 B C:\Users\dotti\Documents\OHS\Hometown-heroes\2020_VETS=175\Anderson, John Edward.jpg --> ftp.oxfordpast.com /2020_VETS=175 Anderson, John Edward.jpg
2020.12.03 13:26 B C:\Users\dotti\Documents\OHS\Hometown-heroes\2020_VETS=175\Rollinson, George.jpg --> ftp.oxfordpast.com /2020_VETS=175 Rollinson, George.jpg
2020.12.03 13:26 B C:\Users\dotti\Documents\OHS\Hometown-heroes\2020_VETS=175\Rocks, Dan.jpg --> ftp.oxfordpast.com /2020_VETS=175 Rocks, Dan.jpg
2020.12.03 13:26 B C:\Users\dotti\Documents\OHS\Hometown-heroes\2020_VETS=175\Hilton, Nathan.jpg --> ftp.oxfordpast.com /2020_VETS=175 Hilton, Nathan.jpg
2020.12.03 13:26 B C:\Users\dotti\Documents\OHS\Hometown-heroes\2020_VETS=175\Eames, Hugh Crawford_001.jpg --> ftp.oxfordpast.com /2020_VETS=175 Eames, Hugh Crawford_001.jpg
2020.12.03 13:26 B C:\Users\dotti\Documents\OHS\Hometown-heroes\2020_VETS=175\Griswold, Robert.jpg --> ftp.oxfordpast.com /2020_VETS=175 Griswold, Robert.jpg
2020.12.03 13:26 B C:\Users\dotti\Documents\OHS\Hometown-heroes\2020_VETS=175\Woodworrth, Don (Col).jpg --> ftp.oxfordpast.com /2020_VETS=175 Woodworrth, Don (Col).jpg
2020.12.03 13:26 B C:\Users\dotti\Documents\OHS\Hometown-heroes\2020_VETS=175\Paoli, Joseph.jpg --> ftp.oxfordpast.com /2020_VETS=175 Paoli, Joseph.jpg
2020.12.03 13:27 B C:\Users\dotti\Documents\OHS\Hometown-heroes\2020_VETS=175\Kaminiski, Richard.jpg --> ftp.oxfordpast.com /2020_VETS=175 Kaminiski, Richard.jpg
2020.12.03 13:27 B C:\Users\dotti\Documents\OHS\Hometown-heroes\2020_VETS=175\Hotchkiss, Donald.jpg --> ftp.oxfordpast.com /2020_VETS=175 Hotchkiss, Donald.jpg
2020.12.03 13:27 B C:\Users\dotti\Documents\OHS\Hometown-heroes\2020_VETS=175\Hummell, John D.jpg --> ftp.oxfordpast.com /2020_VETS=175 Hummell, John D.jpg
2020.12.03 13:27 B C:\Users\dotti\Documents\OHS\Hometown-heroes\2020_VETS=175\Drake, James_001.jpg --> ftp.oxfordpast.com /2020_VETS=175 Drake, James_001.jpg
2020.12.03 13:27 B C:\Users\dotti\Documents\OHS\Hometown-heroes\2020_VETS=175\Woodworth, Donald A, Sr.jpg --> ftp.oxfordpast.com /2020_VETS=175 Woodworth, Donald A, Sr.jpg
2020.12.03 13:27 B C:\Users\dotti\Documents\OHS\Hometown-heroes\2020_VETS=175\Walters, Katie Ritter.jpg --> ftp.oxfordpast.com /2020_VETS=175 Walters, Katie Ritter.jpg
2020.12.03 13:27 B C:\Users\dotti\Documents\OHS\Hometown-heroes\2020_VETS=175\Anderson, Michael.jpg --> ftp.oxfordpast.com /2020_VETS=175 Anderson, Michael.jpg
2020.12.03 13:27 B C:\Users\dotti\Documents\OHS\Hometown-heroes\2020_VETS=175\Coons, Jacob.jpg --> ftp.oxfordpast.com /2020_VETS=175 Coons, Jacob.jpg
2020.12.03 13:27 B C:\Users\dotti\Documents\OHS\Hometown-heroes\2020_VETS=175\Manley, Christopher-Daniel.jpg --> ftp.oxfordpast.com /2020_VETS=175 Manley, Christopher-Daniel.jpg
2020.12.03 13:27 B C:\Users\dotti\Documents\OHS\Hometown-heroes\2020_VETS=175\Doyle, Raymond-Paul.jpg --> ftp.oxfordpast.com /2020_VETS=175 Doyle, Raymond-Paul.jpg
2020.12.03 13:27 B C:\Users\dotti\Documents\OHS\Hometown-heroes\2020_VETS=175\Fritz, Bob.jpg --> ftp.oxfordpast.com /2020_VETS=175 Fritz, Bob.jpg
2020.12.03 13:27 B C:\Users\dotti\Documents\OHS\Hometown-heroes\2020_VETS=175\Verlezza, Andy.jpg --> ftp.oxfordpast.com /2020_VETS=175 Verlezza, Andy.jpg
2020.12.03 13:27 B C:\Users\dotti\Documents\OHS\Hometown-heroes\2020_VETS=175\Pelletier,  Grace.jpg --> ftp.oxfordpast.com /2020_VETS=175 Pelletier,  Grace.jpg
2020.12.03 13:27 B C:\Users\dotti\Documents\OHS\Hometown-heroes\2020_VETS=175\Rzeszutek, Joseph, Jr.jpg --> ftp.oxfordpast.com /2020_VETS=175 Rzeszutek, Joseph, Jr.jpg
2020.12.03 13:27 B C:\Users\dotti\Documents\OHS\Hometown-heroes\2020_VETS=175\Luskay, Louis-A-III.jpg --> ftp.oxfordpast.com /2020_VETS=175 Luskay, Louis-A-III.jpg
2020.12.03 13:27 B C:\Users\dotti\Documents\OHS\Hometown-heroes\2020_VETS=175\Anderson, Charles-T.jpg --> ftp.oxfordpast.com /2020_VETS=175 Anderson, Charles-T.jpg
2020.12.03 13:27 B C:\Users\dotti\Documents\OHS\Hometown-heroes\2020_VETS=175\Rowland, Edward-T.jpg --> ftp.oxfordpast.com /2020_VETS=175 Rowland, Edward-T.jpg
2020.12.03 13:27 B C:\Users\dotti\Documents\OHS\Hometown-heroes\2020_VETS=175\Farnum, Peter.jpg --> ftp.oxfordpast.com /2020_VETS=175 Farnum, Peter.jpg
2020.12.03 13:27 B C:\Users\dotti\Documents\OHS\Hometown-heroes\2020_VETS=175\Soracin, Tanner-j_.JPG --> ftp.oxfordpast.com /2020_VETS=175 Soracin, Tanner-j_.JPG
2020.12.03 13:27 B C:\Users\dotti\Documents\OHS\Hometown-heroes\2020_VETS=175\Rzeszutek brothers_Stanley.jpg --> ftp.oxfordpast.com /2020_VETS=175 Rzeszutek brothers_Stanley.jpg
2020.12.03 13:27 B C:\Users\dotti\Documents\OHS\Hometown-heroes\2020_VETS=175\Godshall, Raymond-Joseph.jpg --> ftp.oxfordpast.com /2020_VETS=175 Godshall, Raymond-Joseph.jpg
2020.12.03 13:27 B C:\Users\dotti\Documents\OHS\Hometown-heroes\2020_VETS=175\Belinsky, Howard.jpg --> ftp.oxfordpast.com /2020_VETS=175 Belinsky, Howard.jpg
2020.12.03 13:27 B C:\Users\dotti\Documents\OHS\Hometown-heroes\2020_VETS=175\Belinsky, Sunset.jpg --> ftp.oxfordpast.com /2020_VETS=175 Belinsky, Sunset.jpg
2020.12.03 13:27 B C:\Users\dotti\Documents\OHS\Hometown-heroes\2020_VETS=175\Coons, Hilary.jpg --> ftp.oxfordpast.com /2020_VETS=175 Coons, Hilary.jpg
2020.12.03 13:27 B C:\Users\dotti\Documents\OHS\Hometown-heroes\2020_VETS=175\Chiarella, Tom Jr.jpg --> ftp.oxfordpast.com /2020_VETS=175 Chiarella, Tom Jr.jpg
2020.12.03 13:28 B C:\Users\dotti\Documents\OHS\Hometown-heroes\2020_VETS=175\Mitchell, Col. Kim.jpg --> ftp.oxfordpast.com /2020_VETS=175 Mitchell, Col. Kim.jpg
2020.12.03 13:28 B C:\Users\dotti\Documents\OHS\Hometown-heroes\2020_VETS=175\Carpenter, Brian.jpg --> ftp.oxfordpast.com /2020_VETS=175 Carpenter, Brian.jpg
2020.12.03 13:28 B C:\Users\dotti\Documents\OHS\Hometown-heroes\2020_VETS=175\Chiarella, Stephen.jpg --> ftp.oxfordpast.com /2020_VETS=175 Chiarella, Stephen.jpg
2020.12.03 13:28 B C:\Users\dotti\Documents\OHS\Hometown-heroes\2020_VETS=175\Godshall, David-Brad.jpg --> ftp.oxfordpast.com /2020_VETS=175 Godshall, David-Brad.jpg
2020.12.03 13:28 B C:\Users\dotti\Documents\OHS\Hometown-heroes\2020_VETS=175\Godshalls, David-Brad.jpg --> ftp.oxfordpast.com /2020_VETS=175 Godshalls, David-Brad.jpg
2020.12.03 13:28 B C:\Users\dotti\Documents\OHS\Hometown-heroes\2020_VETS=175\Stebar, Ronald.jpg --> ftp.oxfordpast.com /2020_VETS=175 Stebar, Ronald.jpg
2020.12.03 13:28 B C:\Users\dotti\Documents\OHS\Hometown-heroes\2020_VETS=175\Root, Alfred, JR.jpg --> ftp.oxfordpast.com /2020_VETS=175 Root, Alfred, JR.jpg
2020.12.03 13:28 B C:\Users\dotti\Documents\OHS\Hometown-heroes\2020_VETS=175\Fabien, Ed.jpg --> ftp.oxfordpast.com /2020_VETS=175 Fabien, Ed.jpg
2020.12.03 13:28 B C:\Users\dotti\Documents\OHS\Hometown-heroes\2020_VETS=175\DeBisschop, Howard.jpg --> ftp.oxfordpast.com /2020_VETS=175 DeBisschop, Howard.jpg
2020.12.03 13:28 B C:\Users\dotti\Documents\OHS\Hometown-heroes\2020_VETS=175\Tallberg, Lawrence.jpg --> ftp.oxfordpast.com /2020_VETS=175 Tallberg, Lawrence.jpg
2020.12.03 13:28 B C:\Users\dotti\Documents\OHS\Hometown-heroes\2020_VETS=175\Rowland, Phillip.jpg --> ftp.oxfordpast.com /2020_VETS=175 Rowland, Phillip.jpg
2020.12.03 13:29 B C:\Users\dotti\Documents\OHS\Hometown-heroes\2020_VETS=175\Stanton, Lloyd.jpg --> ftp.oxfordpast.com /2020_VETS=175 Stanton, Lloyd.jpg
2020.12.03 13:29 B C:\Users\dotti\Documents\OHS\Hometown-heroes\2020_VETS=175\Robinson, Donald W.jpg --> ftp.oxfordpast.com /2020_VETS=175 Robinson, Donald W.jpg
2020.12.03 13:29 B C:\Users\dotti\Documents\OHS\Hometown-heroes\2020_VETS=175\Rowland, Edward.jpg --> ftp.oxfordpast.com /2020_VETS=175 Rowland, Edward.jpg
2020.12.03 13:29 B C:\Users\dotti\Documents\OHS\Hometown-heroes\2020_VETS=175\Bednarcik, Bob.jpg --> ftp.oxfordpast.com /2020_VETS=175 Bednarcik, Bob.jpg
2020.12.03 13:29 B C:\Users\dotti\Documents\OHS\Hometown-heroes\2020_VETS=175\Fink, Jeremy.jpg --> ftp.oxfordpast.com /2020_VETS=175 Fink, Jeremy.jpg
2020.12.03 13:29 B C:\Users\dotti\Documents\OHS\Hometown-heroes\2020_VETS=175\Roberts, Gilbert.jpg --> ftp.oxfordpast.com /2020_VETS=175 Roberts, Gilbert.jpg
2020.12.03 13:29 B C:\Users\dotti\Documents\OHS\Hometown-heroes\2020_VETS=175\Stanton, Robert.jpg --> ftp.oxfordpast.com /2020_VETS=175 Stanton, Robert.jpg
2020.12.03 13:29 B C:\Users\dotti\Documents\OHS\Hometown-heroes\2020_VETS=175\Bice, Reid P,.jpg --> ftp.oxfordpast.com /2020_VETS=175 Bice, Reid P,.jpg
2020.12.03 13:29 B C:\Users\dotti\Documents\OHS\Hometown-heroes\2020_VETS=175\Seyler, David.jpg --> ftp.oxfordpast.com /2020_VETS=175 Seyler, David.jpg
2020.12.03 13:30 B C:\Users\dotti\Documents\OHS\Hometown-heroes\2020_VETS=175\Manville, Charles Floyd.jpg --> ftp.oxfordpast.com /2020_VETS=175 Manville, Charles Floyd.jpg
2020.12.03 13:30 B C:\Users\dotti\Documents\OHS\Hometown-heroes\2020_VETS=175\Ives, Victor.jpg --> ftp.oxfordpast.com /2020_VETS=175 Ives, Victor.jpg
2020.12.03 13:30 B C:\Users\dotti\Documents\OHS\Hometown-heroes\2020_VETS=175\Miles, Franklin R.jpg --> ftp.oxfordpast.com /2020_VETS=175 Miles, Franklin R.jpg
2020.12.03 13:30 B C:\Users\dotti\Documents\OHS\Hometown-heroes\2020_VETS=175\Oczkowski, Theodore.jpg --> ftp.oxfordpast.com /2020_VETS=175 Oczkowski, Theodore.jpg
2020.12.03 13:30 B C:\Users\dotti\Documents\OHS\Hometown-heroes\2020_VETS=175\Dytko, Eve.jpg --> ftp.oxfordpast.com /2020_VETS=175 Dytko, Eve.jpg
2020.12.03 13:30 B C:\Users\dotti\Documents\OHS\Hometown-heroes\2020_VETS=175\Tallberg, Robert L.jpg --> ftp.oxfordpast.com /2020_VETS=175 Tallberg, Robert L.jpg
2020.12.03 13:30 B C:\Users\dotti\Documents\OHS\Hometown-heroes\2020_VETS=175\Davino, Gerals.jpg --> ftp.oxfordpast.com /2020_VETS=175 Davino, Gerals.jpg
2020.12.03 13:30 B C:\Users\dotti\Documents\OHS\Hometown-heroes\2020_VETS=175\Phillips, Frank C.jpg --> ftp.oxfordpast.com /2020_VETS=175 Phillips, Frank C.jpg
2020.12.03 13:31 B C:\Users\dotti\Documents\OHS\Hometown-heroes\2020_VETS=175\Gibbons, Michael.jpg --> ftp.oxfordpast.com /2020_VETS=175 Gibbons, Michael.jpg
2020.12.03 13:31 B C:\Users\dotti\Documents\OHS\Hometown-heroes\2020_VETS=175\Miles, Edward U.jpg --> ftp.oxfordpast.com /2020_VETS=175 Miles, Edward U.jpg
2020.12.03 13:31 B C:\Users\dotti\Documents\OHS\Hometown-heroes\2020_VETS=175\Miles, Roger.jpg --> ftp.oxfordpast.com /2020_VETS=175 Miles, Roger.jpg
2020.12.03 13:31 B C:\Users\dotti\Documents\OHS\Hometown-heroes\2020_VETS=175\Miles, H Wilson.jpg --> ftp.oxfordpast.com /2020_VETS=175 Miles, H Wilson.jpg
2020.12.03 13:31 B C:\Users\dotti\Documents\OHS\Hometown-heroes\2020_VETS=175\Flanders, Raymond.jpg --> ftp.oxfordpast.com /2020_VETS=175 Flanders, Raymond.jpg
2020.12.03 13:31 B C:\Users\dotti\Documents\OHS\Hometown-heroes\2020_VETS=175\Serus, Carl.jpg --> ftp.oxfordpast.com /2020_VETS=175 Serus, Carl.jpg
2020.12.03 13:31 B C:\Users\dotti\Documents\OHS\Hometown-heroes\2020_VETS=175\Rodia, Ralph J.jpg --> ftp.oxfordpast.com /2020_VETS=175 Rodia, Ralph J.jpg
2020.12.03 13:31 B C:\Users\dotti\Documents\OHS\Hometown-heroes\2020_VETS=175\Robinson, Robert D.jpg --> ftp.oxfordpast.com /2020_VETS=175 Robinson, Robert D.jpg
2020.12.03 13:32 B C:\Users\dotti\Documents\OHS\Hometown-heroes\2020_VETS=175\Iwanski, Frank.jpg --> ftp.oxfordpast.com /2020_VETS=175 Iwanski, Frank.jpg
2020.12.03 13:32 B C:\Users\dotti\Documents\OHS\Hometown-heroes\2020_VETS=175\Larsen, Milton.jpg --> ftp.oxfordpast.com /2020_VETS=175 Larsen, Milton.jpg
2020.12.03 13:32 B C:\Users\dotti\Documents\OHS\Hometown-heroes\2020_VETS=175\Rzeszutek brothers_Joseph.jpg --> ftp.oxfordpast.com /2020_VETS=175 Rzeszutek brothers_Joseph.jpg
2020.12.03 13:32 B C:\Users\dotti\Documents\OHS\Hometown-heroes\2020_VETS=175\Scianna, David.jpg --> ftp.oxfordpast.com /2020_VETS=175 Scianna, David.jpg
2020.12.03 13:32 B C:\Users\dotti\Documents\OHS\Hometown-heroes\2020_VETS=175\Lane, Lewis F.jpg --> ftp.oxfordpast.com /2020_VETS=175 Lane, Lewis F.jpg
2020.12.03 13:32 B C:\Users\dotti\Documents\OHS\Hometown-heroes\2020_VETS=175\Lakomski, Matthew J.jpg --> ftp.oxfordpast.com /2020_VETS=175 Lakomski, Matthew J.jpg
2020.12.03 13:32 B C:\Users\dotti\Documents\OHS\Hometown-heroes\2020_VETS=175\Hoffman, Joshua.jpg --> ftp.oxfordpast.com /2020_VETS=175 Hoffman, Joshua.jpg
2020.12.03 13:33 B C:\Users\dotti\Documents\OHS\Hometown-heroes\2020_VETS=175\Vallee, Timothy.jpg --> ftp.oxfordpast.com /2020_VETS=175 Vallee, Timothy.jpg
2020.12.03 13:33 B C:\Users\dotti\Documents\OHS\Hometown-heroes\2020_VETS=175\Magda, John.jpg --> ftp.oxfordpast.com /2020_VETS=175 Magda, John.jpg
2020.12.03 13:33 B C:\Users\dotti\Documents\OHS\Hometown-heroes\2020_VETS=175\Madorno, Nicholas Joseph.jpg --> ftp.oxfordpast.com /2020_VETS=175 Madorno, Nicholas Joseph.jpg
2020.12.03 13:33 B C:\Users\dotti\Documents\OHS\Hometown-heroes\2020_VETS=175\Maybury, C Arthur.jpg --> ftp.oxfordpast.com /2020_VETS=175 Maybury, C Arthur.jpg
2020.12.03 13:33 B C:\Users\dotti\Documents\OHS\Hometown-heroes\2020_VETS=175\Moran_John.jpg --> ftp.oxfordpast.com /2020_VETS=175 Moran_John.jpg
2020.12.03 13:33 B C:\Users\dotti\Documents\OHS\Hometown-heroes\2020_VETS=175\Lisewski, Michael J.jpg --> ftp.oxfordpast.com /2020_VETS=175 Lisewski, Michael J.jpg
2020.12.03 13:33 B C:\Users\dotti\Documents\OHS\Hometown-heroes\2020_VETS=175\Keefe, Joeph V.jpg --> ftp.oxfordpast.com /2020_VETS=175 Keefe, Joeph V.jpg
2020.12.03 13:34 B C:\Users\dotti\Documents\OHS\Hometown-heroes\2020_VETS=175\Boudreau, Kenneth.jpg --> ftp.oxfordpast.com /2020_VETS=175 Boudreau, Kenneth.jpg
2020.12.03 13:34 B C:\Users\dotti\Documents\OHS\Hometown-heroes\2020_VETS=175\Budris, Charles G.jpg --> ftp.oxfordpast.com /2020_VETS=175 Budris, Charles G.jpg
2020.12.03 13:34 B C:\Users\dotti\Documents\OHS\Hometown-heroes\2020_VETS=175\Copsey, James.jpg --> ftp.oxfordpast.com /2020_VETS=175 Copsey, James.jpg
2020.12.03 13:34 B C:\Users\dotti\Documents\OHS\Hometown-heroes\2020_VETS=175\Shingara, Michael.jpg --> ftp.oxfordpast.com /2020_VETS=175 Shingara, Michael.jpg
2020.12.03 13:34 B C:\Users\dotti\Documents\OHS\Hometown-heroes\2020_VETS=175\Gabor, Adam.jpg --> ftp.oxfordpast.com /2020_VETS=175 Gabor, Adam.jpg
2020.12.03 13:34 B C:\Users\dotti\Documents\OHS\Hometown-heroes\2020_VETS=175\Ploch, John.jpg --> ftp.oxfordpast.com /2020_VETS=175 Ploch, John.jpg
2020.12.03 13:34 B C:\Users\dotti\Documents\OHS\Hometown-heroes\2020_VETS=175\Fox, William.jpg --> ftp.oxfordpast.com /2020_VETS=175 Fox, William.jpg
2020.12.03 13:35 B C:\Users\dotti\Documents\OHS\Hometown-heroes\2020_VETS=175\Magda, Joseph.jpg --> ftp.oxfordpast.com /2020_VETS=175 Magda, Joseph.jpg
2020.12.03 13:35 B C:\Users\dotti\Documents\OHS\Hometown-heroes\2020_VETS=175\Tramontano, Erica.jpg --> ftp.oxfordpast.com /2020_VETS=175 Tramontano, Erica.jpg
2020.12.03 13:35 B C:\Users\dotti\Documents\OHS\Hometown-heroes\2020_VETS=175\Hibbard, LeRoy.jpg --> ftp.oxfordpast.com /2020_VETS=175 Hibbard, LeRoy.jpg
2020.12.03 13:35 B C:\Users\dotti\Documents\OHS\Hometown-heroes\2020_VETS=175\Larsen, Clifford.jpg --> ftp.oxfordpast.com /2020_VETS=175 Larsen, Clifford.jpg
2020.12.03 13:35 B C:\Users\dotti\Documents\OHS\Hometown-heroes\2020_VETS=175\Brozek, Alan.jpg --> ftp.oxfordpast.com /2020_VETS=175 Brozek, Alan.jpg
2020.12.03 13:35 B C:\Users\dotti\Documents\OHS\Hometown-heroes\2020_VETS=175\Hogerheide, John.jpg --> ftp.oxfordpast.com /2020_VETS=175 Hogerheide, John.jpg
2020.12.03 13:35 B C:\Users\dotti\Documents\OHS\Hometown-heroes\2020_VETS=175\Domizo, Kyle S.jpg --> ftp.oxfordpast.com /2020_VETS=175 Domizo, Kyle S.jpg
2020.12.03 13:36 B C:\Users\dotti\Documents\OHS\Hometown-heroes\2020_VETS=175\Roberts, Clarence.jpg --> ftp.oxfordpast.com /2020_VETS=175 Roberts, Clarence.jpg
2020.12.03 13:36 B C:\Users\dotti\Documents\OHS\Hometown-heroes\2020_VETS=175\Lavorgna, Jeremy.jpg --> ftp.oxfordpast.com /2020_VETS=175 Lavorgna, Jeremy.jpg
2020.12.03 13:36 B C:\Users\dotti\Documents\OHS\Hometown-heroes\2020_VETS=175\Gray, Joseph.jpg --> ftp.oxfordpast.com /2020_VETS=175 Gray, Joseph.jpg
