2020.04.08 11:01 B C:\Users\dotti\Desktop\peach-festival\2010_Animals-of-Oxford-\018_horse-team&coach.jpg --> ftp.oxfordpast.com /ohs/peach-festival/2010_Animals-of-Oxford- 018_horse-team&coach.jpg
2020.04.08 11:01 B C:\Users\dotti\Desktop\peach-festival\2010_Animals-of-Oxford-\035_Julia-A-Sanford.jpg --> ftp.oxfordpast.com /ohs/peach-festival/2010_Animals-of-Oxford- 035_Julia-A-Sanford.jpg
2020.04.08 11:01 B C:\Users\dotti\Desktop\peach-festival\2010_Animals-of-Oxford-\051_kitty-in-window.jpg --> ftp.oxfordpast.com /ohs/peach-festival/2010_Animals-of-Oxford- 051_kitty-in-window.jpg
2020.04.08 11:01 B C:\Users\dotti\Desktop\peach-festival\2010_Animals-of-Oxford-\052_sheep-at-sanford-farm.jpg --> ftp.oxfordpast.com /ohs/peach-festival/2010_Animals-of-Oxford- 052_sheep-at-sanford-farm.jpg
2020.04.08 11:02 B C:\Users\dotti\Desktop\peach-festival\2010_Animals-of-Oxford-\1041_BudrisOld-Pop-Bice_and_Dad_ted-and-gus-Coon-dogs-Oxford-Rd.jpg --> ftp.oxfordpast.com /ohs/peach-festival/2010_Animals-of-Oxford- 1041_BudrisOld-Pop-Bice_and_Dad_ted-and-gus-Coon-dogs-Oxford-Rd.jpg
2020.04.08 11:02 B C:\Users\dotti\Desktop\peach-festival\2010_Animals-of-Oxford-\1137_Louise_Burr_10c.jpg --> ftp.oxfordpast.com /ohs/peach-festival/2010_Animals-of-Oxford- 1137_Louise_Burr_10c.jpg
2020.04.08 11:02 B C:\Users\dotti\Desktop\peach-festival\2010_Animals-of-Oxford-\1157_Louise_Burr_01g.jpg --> ftp.oxfordpast.com /ohs/peach-festival/2010_Animals-of-Oxford- 1157_Louise_Burr_01g.jpg
2020.04.08 11:02 B C:\Users\dotti\Desktop\peach-festival\2010_Animals-of-Oxford-\1163_Louise_Burr_02d.jpg --> ftp.oxfordpast.com /ohs/peach-festival/2010_Animals-of-Oxford- 1163_Louise_Burr_02d.jpg
2020.04.08 11:02 B C:\Users\dotti\Desktop\peach-festival\2010_Animals-of-Oxford-\1166_Louise_Burr_02g.jpg --> ftp.oxfordpast.com /ohs/peach-festival/2010_Animals-of-Oxford- 1166_Louise_Burr_02g.jpg
2020.04.08 11:02 B C:\Users\dotti\Desktop\peach-festival\2010_Animals-of-Oxford-\1167_Louise_Burr_03a.jpg --> ftp.oxfordpast.com /ohs/peach-festival/2010_Animals-of-Oxford- 1167_Louise_Burr_03a.jpg
2020.04.08 11:02 B C:\Users\dotti\Desktop\peach-festival\2010_Animals-of-Oxford-\1171_Louise_Burr_03e.jpg --> ftp.oxfordpast.com /ohs/peach-festival/2010_Animals-of-Oxford- 1171_Louise_Burr_03e.jpg
2020.04.08 11:02 B C:\Users\dotti\Desktop\peach-festival\2010_Animals-of-Oxford-\1174_Louise_Burr_04b.jpg --> ftp.oxfordpast.com /ohs/peach-festival/2010_Animals-of-Oxford- 1174_Louise_Burr_04b.jpg
2020.04.08 11:02 B C:\Users\dotti\Desktop\peach-festival\2010_Animals-of-Oxford-\1175_Louise_Burr_04c.jpg --> ftp.oxfordpast.com /ohs/peach-festival/2010_Animals-of-Oxford- 1175_Louise_Burr_04c.jpg
2020.04.08 11:02 B C:\Users\dotti\Desktop\peach-festival\2010_Animals-of-Oxford-\1180_Louise_Burr_05b.jpg --> ftp.oxfordpast.com /ohs/peach-festival/2010_Animals-of-Oxford- 1180_Louise_Burr_05b.jpg
2020.04.08 11:02 B C:\Users\dotti\Desktop\peach-festival\2010_Animals-of-Oxford-\1181_Louise_Burr_05c.jpg --> ftp.oxfordpast.com /ohs/peach-festival/2010_Animals-of-Oxford- 1181_Louise_Burr_05c.jpg
2020.04.08 11:02 B C:\Users\dotti\Desktop\peach-festival\2010_Animals-of-Oxford-\1258_1976-Olde-Tyme-Fair_271.tif --> ftp.oxfordpast.com /ohs/peach-festival/2010_Animals-of-Oxford- 1258_1976-Olde-Tyme-Fair_271.tif
2020.04.08 11:02 B C:\Users\dotti\Desktop\peach-festival\2010_Animals-of-Oxford-\1259_1976-Olde-Tyme-Fair_272.jpg --> ftp.oxfordpast.com /ohs/peach-festival/2010_Animals-of-Oxford- 1259_1976-Olde-Tyme-Fair_272.jpg
2020.04.08 11:02 B C:\Users\dotti\Desktop\peach-festival\2010_Animals-of-Oxford-\1268_1976-Olde-Tyme-Fair_281.jpg --> ftp.oxfordpast.com /ohs/peach-festival/2010_Animals-of-Oxford- 1268_1976-Olde-Tyme-Fair_281.jpg
2020.04.08 11:02 B C:\Users\dotti\Desktop\peach-festival\2010_Animals-of-Oxford-\1269_1976-Olde-Tyme-Fair_282.jpg --> ftp.oxfordpast.com /ohs/peach-festival/2010_Animals-of-Oxford- 1269_1976-Olde-Tyme-Fair_282.jpg
2020.04.08 11:02 B C:\Users\dotti\Desktop\peach-festival\2010_Animals-of-Oxford-\1270_1976-Olde-Tyme-Fair_283.jpg --> ftp.oxfordpast.com /ohs/peach-festival/2010_Animals-of-Oxford- 1270_1976-Olde-Tyme-Fair_283.jpg
2020.04.08 11:02 B C:\Users\dotti\Desktop\peach-festival\2010_Animals-of-Oxford-\1273_1976-Olde-Tyme-Fair_286.jpg --> ftp.oxfordpast.com /ohs/peach-festival/2010_Animals-of-Oxford- 1273_1976-Olde-Tyme-Fair_286.jpg
2020.04.08 11:02 B C:\Users\dotti\Desktop\peach-festival\2010_Animals-of-Oxford-\1311_N-L-Madorno.jpg --> ftp.oxfordpast.com /ohs/peach-festival/2010_Animals-of-Oxford- 1311_N-L-Madorno.jpg
2020.04.08 11:02 B C:\Users\dotti\Desktop\peach-festival\2010_Animals-of-Oxford-\1316_N-L-Madorno.jpg --> ftp.oxfordpast.com /ohs/peach-festival/2010_Animals-of-Oxford- 1316_N-L-Madorno.jpg
2020.04.08 11:02 B C:\Users\dotti\Desktop\peach-festival\2010_Animals-of-Oxford-\1321_N-L-Madorno.jpg --> ftp.oxfordpast.com /ohs/peach-festival/2010_Animals-of-Oxford- 1321_N-L-Madorno.jpg
2020.04.08 11:02 B C:\Users\dotti\Desktop\peach-festival\2010_Animals-of-Oxford-\1427_Peter Popowski May 1940, 82 Bowers Hill Road.jpg --> ftp.oxfordpast.com /ohs/peach-festival/2010_Animals-of-Oxford- 1427_Peter Popowski May 1940, 82 Bowers Hill Road.jpg
2020.04.08 11:02 B C:\Users\dotti\Desktop\peach-festival\2010_Animals-of-Oxford-\1454_MBS_Robert-Z-Hawkins-&-Oxen.jpg --> ftp.oxfordpast.com /ohs/peach-festival/2010_Animals-of-Oxford- 1454_MBS_Robert-Z-Hawkins-&-Oxen.jpg
2020.04.08 11:02 B C:\Users\dotti\Desktop\peach-festival\2010_Animals-of-Oxford-\1479_MBS_red-house-@600.jpg --> ftp.oxfordpast.com /ohs/peach-festival/2010_Animals-of-Oxford- 1479_MBS_red-house-@600.jpg
2020.04.08 11:02 B C:\Users\dotti\Desktop\peach-festival\2010_Animals-of-Oxford-\1531_MBS_Grace-Hawkins-Roberts_who_Who_Louisa-Hawkins_Elsie-Stanton.jpg --> ftp.oxfordpast.com /ohs/peach-festival/2010_Animals-of-Oxford- 1531_MBS_Grace-Hawkins-Roberts_who_Who_Louisa-Hawkins_Elsie-Stanton.jpg
2020.04.08 11:03 B C:\Users\dotti\Desktop\peach-festival\2010_Animals-of-Oxford-\1532_MBS_home-comfort-stove-sgent-about-1931-boarded-here.jpg --> ftp.oxfordpast.com /ohs/peach-festival/2010_Animals-of-Oxford- 1532_MBS_home-comfort-stove-sgent-about-1931-boarded-here.jpg
2020.04.08 11:03 B C:\Users\dotti\Desktop\peach-festival\2010_Animals-of-Oxford-\1550_MBS_Robert-Z-Hawkins.jpg --> ftp.oxfordpast.com /ohs/peach-festival/2010_Animals-of-Oxford- 1550_MBS_Robert-Z-Hawkins.jpg
2020.04.08 11:03 B C:\Users\dotti\Desktop\peach-festival\2010_Animals-of-Oxford-\1585_CPP_Rose-between-two-thorns-.jpg --> ftp.oxfordpast.com /ohs/peach-festival/2010_Animals-of-Oxford- 1585_CPP_Rose-between-two-thorns-.jpg
2020.04.08 11:03 B C:\Users\dotti\Desktop\peach-festival\2010_Animals-of-Oxford-\158_Charles-Bonnett--ALphoto.jpg --> ftp.oxfordpast.com /ohs/peach-festival/2010_Animals-of-Oxford- 158_Charles-Bonnett--ALphoto.jpg
2020.04.08 11:03 B C:\Users\dotti\Desktop\peach-festival\2010_Animals-of-Oxford-\161_Atwater&oxen-under-glass-photo-scan-setting.jpg --> ftp.oxfordpast.com /ohs/peach-festival/2010_Animals-of-Oxford- 161_Atwater&oxen-under-glass-photo-scan-setting.jpg
2020.04.08 11:03 B C:\Users\dotti\Desktop\peach-festival\2010_Animals-of-Oxford-\1686_FRO_Clarence-Roberts-&-Oxen-1909.jpg --> ftp.oxfordpast.com /ohs/peach-festival/2010_Animals-of-Oxford- 1686_FRO_Clarence-Roberts-&-Oxen-1909.jpg
2020.04.08 11:03 B C:\Users\dotti\Desktop\peach-festival\2010_Animals-of-Oxford-\1689_FRO_RZH-Winter-1919-20-two-foxes.jpg --> ftp.oxfordpast.com /ohs/peach-festival/2010_Animals-of-Oxford- 1689_FRO_RZH-Winter-1919-20-two-foxes.jpg
2020.04.08 11:03 B C:\Users\dotti\Desktop\peach-festival\2010_Animals-of-Oxford-\170071007.jpg --> ftp.oxfordpast.com /ohs/peach-festival/2010_Animals-of-Oxford- 170071007.jpg
2020.04.08 11:03 B C:\Users\dotti\Desktop\peach-festival\2010_Animals-of-Oxford-\170071008.jpg --> ftp.oxfordpast.com /ohs/peach-festival/2010_Animals-of-Oxford- 170071008.jpg
2020.04.08 11:03 B C:\Users\dotti\Desktop\peach-festival\2010_Animals-of-Oxford-\170071025.jpg --> ftp.oxfordpast.com /ohs/peach-festival/2010_Animals-of-Oxford- 170071025.jpg
2020.04.08 11:03 B C:\Users\dotti\Desktop\peach-festival\2010_Animals-of-Oxford-\170071052.jpg --> ftp.oxfordpast.com /ohs/peach-festival/2010_Animals-of-Oxford- 170071052.jpg
2020.04.08 11:03 B C:\Users\dotti\Desktop\peach-festival\2010_Animals-of-Oxford-\170071054.jpg --> ftp.oxfordpast.com /ohs/peach-festival/2010_Animals-of-Oxford- 170071054.jpg
2020.04.08 11:03 B C:\Users\dotti\Desktop\peach-festival\2010_Animals-of-Oxford-\170071057.jpg --> ftp.oxfordpast.com /ohs/peach-festival/2010_Animals-of-Oxford- 170071057.jpg
2020.04.08 11:03 B C:\Users\dotti\Desktop\peach-festival\2010_Animals-of-Oxford-\170071058.jpg --> ftp.oxfordpast.com /ohs/peach-festival/2010_Animals-of-Oxford- 170071058.jpg
2020.04.08 11:03 B C:\Users\dotti\Desktop\peach-festival\2010_Animals-of-Oxford-\170071063.jpg --> ftp.oxfordpast.com /ohs/peach-festival/2010_Animals-of-Oxford- 170071063.jpg
2020.04.08 11:03 B C:\Users\dotti\Desktop\peach-festival\2010_Animals-of-Oxford-\170071160.jpg --> ftp.oxfordpast.com /ohs/peach-festival/2010_Animals-of-Oxford- 170071160.jpg
2020.04.08 11:03 B C:\Users\dotti\Desktop\peach-festival\2010_Animals-of-Oxford-\1728_FRO_Flora-Roberts-Equestrian-Summer, 1910.jpg --> ftp.oxfordpast.com /ohs/peach-festival/2010_Animals-of-Oxford- 1728_FRO_Flora-Roberts-Equestrian-Summer, 1910.jpg
2020.04.08 11:03 B C:\Users\dotti\Desktop\peach-festival\2010_Animals-of-Oxford-\190_Bonnet-Timer-with-dog--maybe-Peggy--where-is-this.jpg --> ftp.oxfordpast.com /ohs/peach-festival/2010_Animals-of-Oxford- 190_Bonnet-Timer-with-dog--maybe-Peggy--where-is-this.jpg
2020.04.08 11:03 B C:\Users\dotti\Desktop\peach-festival\2010_Animals-of-Oxford-\234_J-Hummel_cow-calf-man-boy.jpg --> ftp.oxfordpast.com /ohs/peach-festival/2010_Animals-of-Oxford- 234_J-Hummel_cow-calf-man-boy.jpg
2020.04.08 11:03 B C:\Users\dotti\Desktop\peach-festival\2010_Animals-of-Oxford-\235_J-Hummel_Dog-and-ducklings.jpg --> ftp.oxfordpast.com /ohs/peach-festival/2010_Animals-of-Oxford- 235_J-Hummel_Dog-and-ducklings.jpg
2020.04.08 11:03 B C:\Users\dotti\Desktop\peach-festival\2010_Animals-of-Oxford-\241_File0010.jpg --> ftp.oxfordpast.com /ohs/peach-festival/2010_Animals-of-Oxford- 241_File0010.jpg
2020.04.08 11:03 B C:\Users\dotti\Desktop\peach-festival\2010_Animals-of-Oxford-\269_McCarthy-non-mill.jpg --> ftp.oxfordpast.com /ohs/peach-festival/2010_Animals-of-Oxford- 269_McCarthy-non-mill.jpg
2020.04.08 11:03 B C:\Users\dotti\Desktop\peach-festival\2010_Animals-of-Oxford-\288_Oxen-Atwater-and-the-guys-with-dog.jpg --> ftp.oxfordpast.com /ohs/peach-festival/2010_Animals-of-Oxford- 288_Oxen-Atwater-and-the-guys-with-dog.jpg
2020.04.08 11:03 B C:\Users\dotti\Desktop\peach-festival\2010_Animals-of-Oxford-\296_Atwater-standing-on-hay-laden-oxcart.jpg --> ftp.oxfordpast.com /ohs/peach-festival/2010_Animals-of-Oxford- 296_Atwater-standing-on-hay-laden-oxcart.jpg
2020.04.08 11:03 B C:\Users\dotti\Desktop\peach-festival\2010_Animals-of-Oxford-\2cows&farmhouse-in-background-1931.jpg --> ftp.oxfordpast.com /ohs/peach-festival/2010_Animals-of-Oxford- 2cows&farmhouse-in-background-1931.jpg
2020.04.08 11:03 B C:\Users\dotti\Desktop\peach-festival\2010_Animals-of-Oxford-\300_Chandlers-in-carriage-Cover-suggestion.jpg --> ftp.oxfordpast.com /ohs/peach-festival/2010_Animals-of-Oxford- 300_Chandlers-in-carriage-Cover-suggestion.jpg
2020.04.08 11:03 B C:\Users\dotti\Desktop\peach-festival\2010_Animals-of-Oxford-\301_Nettie-and-cow-facing-camera-cover-size.jpg --> ftp.oxfordpast.com /ohs/peach-festival/2010_Animals-of-Oxford- 301_Nettie-and-cow-facing-camera-cover-size.jpg
2020.04.08 11:04 B C:\Users\dotti\Desktop\peach-festival\2010_Animals-of-Oxford-\395_oxen-snow-r-cable-homestead.jpg --> ftp.oxfordpast.com /ohs/peach-festival/2010_Animals-of-Oxford- 395_oxen-snow-r-cable-homestead.jpg
2020.04.08 11:04 B C:\Users\dotti\Desktop\peach-festival\2010_Animals-of-Oxford-\421-HB2_01.jpg --> ftp.oxfordpast.com /ohs/peach-festival/2010_Animals-of-Oxford- 421-HB2_01.jpg
2020.04.08 11:04 B C:\Users\dotti\Desktop\peach-festival\2010_Animals-of-Oxford-\422_hb02.jpg --> ftp.oxfordpast.com /ohs/peach-festival/2010_Animals-of-Oxford- 422_hb02.jpg
2020.04.08 11:04 B C:\Users\dotti\Desktop\peach-festival\2010_Animals-of-Oxford-\429_-hb-Sam-Belinsky-mowing.jpg --> ftp.oxfordpast.com /ohs/peach-festival/2010_Animals-of-Oxford- 429_-hb-Sam-Belinsky-mowing.jpg
2020.04.08 11:04 B C:\Users\dotti\Desktop\peach-festival\2010_Animals-of-Oxford-\502_oxcart&hay.jpg --> ftp.oxfordpast.com /ohs/peach-festival/2010_Animals-of-Oxford- 502_oxcart&hay.jpg
2020.04.08 11:04 B C:\Users\dotti\Desktop\peach-festival\2010_Animals-of-Oxford-\507_Ladies&Gent-in-Oxcart.jpg --> ftp.oxfordpast.com /ohs/peach-festival/2010_Animals-of-Oxford- 507_Ladies&Gent-in-Oxcart.jpg
2020.04.08 11:04 B C:\Users\dotti\Desktop\peach-festival\2010_Animals-of-Oxford-\510_Nelson&oxen-at-Oxfordshire.jpg --> ftp.oxfordpast.com /ohs/peach-festival/2010_Animals-of-Oxford- 510_Nelson&oxen-at-Oxfordshire.jpg
2020.04.08 11:04 B C:\Users\dotti\Desktop\peach-festival\2010_Animals-of-Oxford-\512_Oxen-hauling-wood-in-snow.jpg --> ftp.oxfordpast.com /ohs/peach-festival/2010_Animals-of-Oxford- 512_Oxen-hauling-wood-in-snow.jpg
2020.04.08 11:04 B C:\Users\dotti\Desktop\peach-festival\2010_Animals-of-Oxford-\568_horse&foal-in-pasture.jpg --> ftp.oxfordpast.com /ohs/peach-festival/2010_Animals-of-Oxford- 568_horse&foal-in-pasture.jpg
2020.04.08 11:04 B C:\Users\dotti\Desktop\peach-festival\2010_Animals-of-Oxford-\583_Nyberg_06.jpg --> ftp.oxfordpast.com /ohs/peach-festival/2010_Animals-of-Oxford- 583_Nyberg_06.jpg
2020.04.08 11:04 B C:\Users\dotti\Desktop\peach-festival\2010_Animals-of-Oxford-\586_Nyberg_09.jpg --> ftp.oxfordpast.com /ohs/peach-festival/2010_Animals-of-Oxford- 586_Nyberg_09.jpg
2020.04.08 11:04 B C:\Users\dotti\Desktop\peach-festival\2010_Animals-of-Oxford-\587_Nyberg_10.jpg --> ftp.oxfordpast.com /ohs/peach-festival/2010_Animals-of-Oxford- 587_Nyberg_10.jpg
2020.04.08 11:04 B C:\Users\dotti\Desktop\peach-festival\2010_Animals-of-Oxford-\588_Nyberg_11.jpg --> ftp.oxfordpast.com /ohs/peach-festival/2010_Animals-of-Oxford- 588_Nyberg_11.jpg
2020.04.08 11:04 B C:\Users\dotti\Desktop\peach-festival\2010_Animals-of-Oxford-\602_Nyberg_25.jpg --> ftp.oxfordpast.com /ohs/peach-festival/2010_Animals-of-Oxford- 602_Nyberg_25.jpg
2020.04.08 11:04 B C:\Users\dotti\Desktop\peach-festival\2010_Animals-of-Oxford-\611_Nyberg_34.jpg --> ftp.oxfordpast.com /ohs/peach-festival/2010_Animals-of-Oxford- 611_Nyberg_34.jpg
2020.04.08 11:04 B C:\Users\dotti\Desktop\peach-festival\2010_Animals-of-Oxford-\625_Nyberg_41a.jpg --> ftp.oxfordpast.com /ohs/peach-festival/2010_Animals-of-Oxford- 625_Nyberg_41a.jpg
2020.04.08 11:04 B C:\Users\dotti\Desktop\peach-festival\2010_Animals-of-Oxford-\626_Nyberg_41b.jpg --> ftp.oxfordpast.com /ohs/peach-festival/2010_Animals-of-Oxford- 626_Nyberg_41b.jpg
2020.04.08 11:04 B C:\Users\dotti\Desktop\peach-festival\2010_Animals-of-Oxford-\627_Nyberg_41c.jpg --> ftp.oxfordpast.com /ohs/peach-festival/2010_Animals-of-Oxford- 627_Nyberg_41c.jpg
2020.04.08 11:04 B C:\Users\dotti\Desktop\peach-festival\2010_Animals-of-Oxford-\628_Nyberg_42.jpg --> ftp.oxfordpast.com /ohs/peach-festival/2010_Animals-of-Oxford- 628_Nyberg_42.jpg
2020.04.08 11:04 B C:\Users\dotti\Desktop\peach-festival\2010_Animals-of-Oxford-\642_Nyberg_46a.jpg --> ftp.oxfordpast.com /ohs/peach-festival/2010_Animals-of-Oxford- 642_Nyberg_46a.jpg
2020.04.08 11:04 B C:\Users\dotti\Desktop\peach-festival\2010_Animals-of-Oxford-\643_Nyberg_46b.jpg --> ftp.oxfordpast.com /ohs/peach-festival/2010_Animals-of-Oxford- 643_Nyberg_46b.jpg
2020.04.08 11:04 B C:\Users\dotti\Desktop\peach-festival\2010_Animals-of-Oxford-\644_Nyberg_47-bottom.jpg --> ftp.oxfordpast.com /ohs/peach-festival/2010_Animals-of-Oxford- 644_Nyberg_47-bottom.jpg
2020.04.08 11:04 B C:\Users\dotti\Desktop\peach-festival\2010_Animals-of-Oxford-\655_Nyberg_50c.jpg --> ftp.oxfordpast.com /ohs/peach-festival/2010_Animals-of-Oxford- 655_Nyberg_50c.jpg
2020.04.08 11:04 B C:\Users\dotti\Desktop\peach-festival\2010_Animals-of-Oxford-\659_Nyberg_53a.jpg --> ftp.oxfordpast.com /ohs/peach-festival/2010_Animals-of-Oxford- 659_Nyberg_53a.jpg
2020.04.08 11:04 B C:\Users\dotti\Desktop\peach-festival\2010_Animals-of-Oxford-\671_Nyberg_58.jpg --> ftp.oxfordpast.com /ohs/peach-festival/2010_Animals-of-Oxford- 671_Nyberg_58.jpg
2020.04.08 11:04 B C:\Users\dotti\Desktop\peach-festival\2010_Animals-of-Oxford-\673_Grandma&Grandpa-Belinsky-Sam&Mary.jpg --> ftp.oxfordpast.com /ohs/peach-festival/2010_Animals-of-Oxford- 673_Grandma&Grandpa-Belinsky-Sam&Mary.jpg
2020.04.08 11:04 B C:\Users\dotti\Desktop\peach-festival\2010_Animals-of-Oxford-\741_Merino-drawing.jpg --> ftp.oxfordpast.com /ohs/peach-festival/2010_Animals-of-Oxford- 741_Merino-drawing.jpg
2020.04.08 11:04 B C:\Users\dotti\Desktop\peach-festival\2010_Animals-of-Oxford-\846_rowland-homestead-01-Pasture-Ed-Rowland-Southbury-7-12-34-Millet-oats-&-barley-1-3-feet-tallcattle.jpg --> ftp.oxfordpast.com /ohs/peach-festival/2010_Animals-of-Oxford- 846_rowland-homestead-01-Pasture-Ed-Rowland-Southbury-7-12-34-Millet-oats-&-barley-1-3-feet-tallcattle.jpg
2020.04.08 11:04 B C:\Users\dotti\Desktop\peach-festival\2010_Animals-of-Oxford-\850_Rowland-Homestead-04.jpg --> ftp.oxfordpast.com /ohs/peach-festival/2010_Animals-of-Oxford- 850_Rowland-Homestead-04.jpg
2020.04.08 11:04 B C:\Users\dotti\Desktop\peach-festival\2010_Animals-of-Oxford-\854_Rowland-Homestead-07.jpg --> ftp.oxfordpast.com /ohs/peach-festival/2010_Animals-of-Oxford- 854_Rowland-Homestead-07.jpg
2020.04.08 11:04 B C:\Users\dotti\Desktop\peach-festival\2010_Animals-of-Oxford-\857_Rowland-Homestead-10-3-horse-hitch.jpg --> ftp.oxfordpast.com /ohs/peach-festival/2010_Animals-of-Oxford- 857_Rowland-Homestead-10-3-horse-hitch.jpg
2020.04.08 11:04 B C:\Users\dotti\Desktop\peach-festival\2010_Animals-of-Oxford-\932_BR_.jpg --> ftp.oxfordpast.com /ohs/peach-festival/2010_Animals-of-Oxford- 932_BR_.jpg
2020.04.08 11:05 B C:\Users\dotti\Desktop\peach-festival\2010_Animals-of-Oxford-\987_BudrisNell-and-Alf-Tolley-Warren-Aunt_2.jpg --> ftp.oxfordpast.com /ohs/peach-festival/2010_Animals-of-Oxford- 987_BudrisNell-and-Alf-Tolley-Warren-Aunt_2.jpg
2020.04.08 11:05 B C:\Users\dotti\Desktop\peach-festival\2010_Animals-of-Oxford-\animals.pdf --> ftp.oxfordpast.com /ohs/peach-festival/2010_Animals-of-Oxford- animals.pdf
2020.04.08 11:05 B C:\Users\dotti\Desktop\peach-festival\2010_Animals-of-Oxford-\b0049.jpg --> ftp.oxfordpast.com /ohs/peach-festival/2010_Animals-of-Oxford- b0049.jpg
2020.04.08 11:05 B C:\Users\dotti\Desktop\peach-festival\2010_Animals-of-Oxford-\Cattle - Summer, 1934__.jpg --> ftp.oxfordpast.com /ohs/peach-festival/2010_Animals-of-Oxford- Cattle - Summer, 1934__.jpg
2020.04.08 11:05 B C:\Users\dotti\Desktop\peach-festival\2010_Animals-of-Oxford-\class-810001 23_Steinis.jpg --> ftp.oxfordpast.com /ohs/peach-festival/2010_Animals-of-Oxford- class-810001 23_Steinis.jpg
2020.04.08 11:05 B C:\Users\dotti\Desktop\peach-festival\2010_Animals-of-Oxford-\class-810001 35.jpg --> ftp.oxfordpast.com /ohs/peach-festival/2010_Animals-of-Oxford- class-810001 35.jpg
2020.04.08 11:05 B C:\Users\dotti\Desktop\peach-festival\2010_Animals-of-Oxford-\CLS_02_horse-possibly-Albert=-Laborde-in-carriage_Jaanne-Laborde_Claire-Laborde-(Stanton)-on'way-toQF-School.jpg --> ftp.oxfordpast.com /ohs/peach-festival/2010_Animals-of-Oxford- CLS_02_horse-possibly-Albert=-Laborde-in-carriage_Jaanne-Laborde_Claire-Laborde-(Stanton)-on'way-toQF-School.jpg
2020.04.08 11:05 B C:\Users\dotti\Desktop\peach-festival\2010_Animals-of-Oxford-\CLS_05_Claire Laborde-Maple-tree-hill-rd-Oxford.png --> ftp.oxfordpast.com /ohs/peach-festival/2010_Animals-of-Oxford- CLS_05_Claire Laborde-Maple-tree-hill-rd-Oxford.png
2020.04.08 11:06 B C:\Users\dotti\Desktop\peach-festival\2010_Animals-of-Oxford-\Cody-turkey.JPG --> ftp.oxfordpast.com /ohs/peach-festival/2010_Animals-of-Oxford- Cody-turkey.JPG
2020.04.08 11:06 B C:\Users\dotti\Desktop\peach-festival\2010_Animals-of-Oxford-\Dad&Oxen.jpg --> ftp.oxfordpast.com /ohs/peach-festival/2010_Animals-of-Oxford- Dad&Oxen.jpg
2020.04.08 11:06 B C:\Users\dotti\Desktop\peach-festival\2010_Animals-of-Oxford-\Deer sold June 10, 1932 for veal - Jan 13, 1932__.jpg --> ftp.oxfordpast.com /ohs/peach-festival/2010_Animals-of-Oxford- Deer sold June 10, 1932 for veal - Jan 13, 1932__.jpg
2020.04.08 11:06 B C:\Users\dotti\Desktop\peach-festival\2010_Animals-of-Oxford-\farm-a.jpg --> ftp.oxfordpast.com /ohs/peach-festival/2010_Animals-of-Oxford- farm-a.jpg
2020.04.08 11:06 B C:\Users\dotti\Desktop\peach-festival\2010_Animals-of-Oxford-\image01.jpg --> ftp.oxfordpast.com /ohs/peach-festival/2010_Animals-of-Oxford- image01.jpg
2020.04.08 11:06 B C:\Users\dotti\Desktop\peach-festival\2010_Animals-of-Oxford-\image14.jpg --> ftp.oxfordpast.com /ohs/peach-festival/2010_Animals-of-Oxford- image14.jpg
2020.04.08 11:06 B C:\Users\dotti\Desktop\peach-festival\2010_Animals-of-Oxford-\louise-scan11.jpg --> ftp.oxfordpast.com /ohs/peach-festival/2010_Animals-of-Oxford- louise-scan11.jpg
2020.04.08 11:06 B C:\Users\dotti\Desktop\peach-festival\2010_Animals-of-Oxford-\louise-scan11b.jpg --> ftp.oxfordpast.com /ohs/peach-festival/2010_Animals-of-Oxford- louise-scan11b.jpg
2020.04.08 11:06 B C:\Users\dotti\Desktop\peach-festival\2010_Animals-of-Oxford-\Mary-Barry-Mother-of-Maurice-C-Barry-&Paul-L-Barry.jpg --> ftp.oxfordpast.com /ohs/peach-festival/2010_Animals-of-Oxford- Mary-Barry-Mother-of-Maurice-C-Barry-&Paul-L-Barry.jpg
2020.04.08 11:06 B C:\Users\dotti\Desktop\peach-festival\2010_Animals-of-Oxford-\Mary_Barry.jpg --> ftp.oxfordpast.com /ohs/peach-festival/2010_Animals-of-Oxford- Mary_Barry.jpg
2020.04.08 11:06 B C:\Users\dotti\Desktop\peach-festival\2010_Animals-of-Oxford-\Nyberg-donkey-farm-news.jpg --> ftp.oxfordpast.com /ohs/peach-festival/2010_Animals-of-Oxford- Nyberg-donkey-farm-news.jpg
2020.04.08 11:06 B C:\Users\dotti\Desktop\peach-festival\2010_Animals-of-Oxford-\oxfair677003.jpg --> ftp.oxfordpast.com /ohs/peach-festival/2010_Animals-of-Oxford- oxfair677003.jpg
2020.04.08 11:06 B C:\Users\dotti\Desktop\peach-festival\2010_Animals-of-Oxford-\oxfair677021.jpg --> ftp.oxfordpast.com /ohs/peach-festival/2010_Animals-of-Oxford- oxfair677021.jpg
2020.04.08 11:07 B C:\Users\dotti\Desktop\peach-festival\2010_Animals-of-Oxford-\oxfair677026.jpg --> ftp.oxfordpast.com /ohs/peach-festival/2010_Animals-of-Oxford- oxfair677026.jpg
2020.04.08 11:07 B C:\Users\dotti\Desktop\peach-festival\2010_Animals-of-Oxford-\oxfair677030.jpg --> ftp.oxfordpast.com /ohs/peach-festival/2010_Animals-of-Oxford- oxfair677030.jpg
2020.04.08 11:07 B C:\Users\dotti\Desktop\peach-festival\2010_Animals-of-Oxford-\oxfair677031.jpg --> ftp.oxfordpast.com /ohs/peach-festival/2010_Animals-of-Oxford- oxfair677031.jpg
2020.04.08 11:07 B C:\Users\dotti\Desktop\peach-festival\2010_Animals-of-Oxford-\oxfair677033.jpg --> ftp.oxfordpast.com /ohs/peach-festival/2010_Animals-of-Oxford- oxfair677033.jpg
2020.04.08 11:07 B C:\Users\dotti\Desktop\peach-festival\2010_Animals-of-Oxford-\oxfair677034.jpg --> ftp.oxfordpast.com /ohs/peach-festival/2010_Animals-of-Oxford- oxfair677034.jpg
2020.04.08 11:07 B C:\Users\dotti\Desktop\peach-festival\2010_Animals-of-Oxford-\oxfair677035.jpg --> ftp.oxfordpast.com /ohs/peach-festival/2010_Animals-of-Oxford- oxfair677035.jpg
2020.04.08 11:07 B C:\Users\dotti\Desktop\peach-festival\2010_Animals-of-Oxford-\oxfair677036.jpg --> ftp.oxfordpast.com /ohs/peach-festival/2010_Animals-of-Oxford- oxfair677036.jpg
2020.04.08 11:07 B C:\Users\dotti\Desktop\peach-festival\2010_Animals-of-Oxford-\oxfair677037.jpg --> ftp.oxfordpast.com /ohs/peach-festival/2010_Animals-of-Oxford- oxfair677037.jpg
2020.04.08 11:07 B C:\Users\dotti\Desktop\peach-festival\2010_Animals-of-Oxford-\oxfair677038.jpg --> ftp.oxfordpast.com /ohs/peach-festival/2010_Animals-of-Oxford- oxfair677038.jpg
2020.04.08 11:08 B C:\Users\dotti\Desktop\peach-festival\2010_Animals-of-Oxford-\oxfair677043.jpg --> ftp.oxfordpast.com /ohs/peach-festival/2010_Animals-of-Oxford- oxfair677043.jpg
2020.04.08 11:08 B C:\Users\dotti\Desktop\peach-festival\2010_Animals-of-Oxford-\oxfair677044.jpg --> ftp.oxfordpast.com /ohs/peach-festival/2010_Animals-of-Oxford- oxfair677044.jpg
2020.04.08 11:08 B C:\Users\dotti\Desktop\peach-festival\2010_Animals-of-Oxford-\oxfair677045.jpg --> ftp.oxfordpast.com /ohs/peach-festival/2010_Animals-of-Oxford- oxfair677045.jpg
2020.04.08 11:08 B C:\Users\dotti\Desktop\peach-festival\2010_Animals-of-Oxford-\oxfair677046.jpg --> ftp.oxfordpast.com /ohs/peach-festival/2010_Animals-of-Oxford- oxfair677046.jpg
2020.04.08 11:08 B C:\Users\dotti\Desktop\peach-festival\2010_Animals-of-Oxford-\oxfair677056.jpg --> ftp.oxfordpast.com /ohs/peach-festival/2010_Animals-of-Oxford- oxfair677056.jpg
2020.04.08 11:08 B C:\Users\dotti\Desktop\peach-festival\2010_Animals-of-Oxford-\oxfair677058.jpg --> ftp.oxfordpast.com /ohs/peach-festival/2010_Animals-of-Oxford- oxfair677058.jpg
2020.04.08 11:08 B C:\Users\dotti\Desktop\peach-festival\2010_Animals-of-Oxford-\oxfair677059.jpg --> ftp.oxfordpast.com /ohs/peach-festival/2010_Animals-of-Oxford- oxfair677059.jpg
2020.04.08 11:08 B C:\Users\dotti\Desktop\peach-festival\2010_Animals-of-Oxford-\oxfair677060.jpg --> ftp.oxfordpast.com /ohs/peach-festival/2010_Animals-of-Oxford- oxfair677060.jpg
2020.04.08 11:08 B C:\Users\dotti\Desktop\peach-festival\2010_Animals-of-Oxford-\oxfair677061.jpg --> ftp.oxfordpast.com /ohs/peach-festival/2010_Animals-of-Oxford- oxfair677061.jpg
2020.04.08 11:08 B C:\Users\dotti\Desktop\peach-festival\2010_Animals-of-Oxford-\oxfair677062.jpg --> ftp.oxfordpast.com /ohs/peach-festival/2010_Animals-of-Oxford- oxfair677062.jpg
2020.04.08 11:08 B C:\Users\dotti\Desktop\peach-festival\2010_Animals-of-Oxford-\oxfair677064.jpg --> ftp.oxfordpast.com /ohs/peach-festival/2010_Animals-of-Oxford- oxfair677064.jpg
2020.04.08 11:08 B C:\Users\dotti\Desktop\peach-festival\2010_Animals-of-Oxford-\oxfair677065.jpg --> ftp.oxfordpast.com /ohs/peach-festival/2010_Animals-of-Oxford- oxfair677065.jpg
2020.04.08 11:08 B C:\Users\dotti\Desktop\peach-festival\2010_Animals-of-Oxford-\oxfair677067.jpg --> ftp.oxfordpast.com /ohs/peach-festival/2010_Animals-of-Oxford- oxfair677067.jpg
2020.04.08 11:08 B C:\Users\dotti\Desktop\peach-festival\2010_Animals-of-Oxford-\oxfair677068.jpg --> ftp.oxfordpast.com /ohs/peach-festival/2010_Animals-of-Oxford- oxfair677068.jpg
2020.04.08 11:08 B C:\Users\dotti\Desktop\peach-festival\2010_Animals-of-Oxford-\oxfair677069.jpg --> ftp.oxfordpast.com /ohs/peach-festival/2010_Animals-of-Oxford- oxfair677069.jpg
2020.04.08 11:08 B C:\Users\dotti\Desktop\peach-festival\2010_Animals-of-Oxford-\oxfair677070.jpg --> ftp.oxfordpast.com /ohs/peach-festival/2010_Animals-of-Oxford- oxfair677070.jpg
2020.04.08 11:09 B C:\Users\dotti\Desktop\peach-festival\2010_Animals-of-Oxford-\oxfair677071.jpg --> ftp.oxfordpast.com /ohs/peach-festival/2010_Animals-of-Oxford- oxfair677071.jpg
2020.04.08 11:09 B C:\Users\dotti\Desktop\peach-festival\2010_Animals-of-Oxford-\oxfair677072.jpg --> ftp.oxfordpast.com /ohs/peach-festival/2010_Animals-of-Oxford- oxfair677072.jpg
2020.04.08 11:09 B C:\Users\dotti\Desktop\peach-festival\2010_Animals-of-Oxford-\oxfair677074.jpg --> ftp.oxfordpast.com /ohs/peach-festival/2010_Animals-of-Oxford- oxfair677074.jpg
2020.04.08 11:09 B C:\Users\dotti\Desktop\peach-festival\2010_Animals-of-Oxford-\oxfair677075.jpg --> ftp.oxfordpast.com /ohs/peach-festival/2010_Animals-of-Oxford- oxfair677075.jpg
2020.04.08 11:09 B C:\Users\dotti\Desktop\peach-festival\2010_Animals-of-Oxford-\oxfair677076.jpg --> ftp.oxfordpast.com /ohs/peach-festival/2010_Animals-of-Oxford- oxfair677076.jpg
2020.04.08 11:09 B C:\Users\dotti\Desktop\peach-festival\2010_Animals-of-Oxford-\oxfair677077.jpg --> ftp.oxfordpast.com /ohs/peach-festival/2010_Animals-of-Oxford- oxfair677077.jpg
2020.04.08 11:09 B C:\Users\dotti\Desktop\peach-festival\2010_Animals-of-Oxford-\oxfair677078.jpg --> ftp.oxfordpast.com /ohs/peach-festival/2010_Animals-of-Oxford- oxfair677078.jpg
2020.04.08 11:09 B C:\Users\dotti\Desktop\peach-festival\2010_Animals-of-Oxford-\oxfair677079.jpg --> ftp.oxfordpast.com /ohs/peach-festival/2010_Animals-of-Oxford- oxfair677079.jpg
2020.04.08 11:09 B C:\Users\dotti\Desktop\peach-festival\2010_Animals-of-Oxford-\oxfair677081.jpg --> ftp.oxfordpast.com /ohs/peach-festival/2010_Animals-of-Oxford- oxfair677081.jpg
2020.04.08 11:09 B C:\Users\dotti\Desktop\peach-festival\2010_Animals-of-Oxford-\oxfair677082.jpg --> ftp.oxfordpast.com /ohs/peach-festival/2010_Animals-of-Oxford- oxfair677082.jpg
2020.04.08 11:09 B C:\Users\dotti\Desktop\peach-festival\2010_Animals-of-Oxford-\oxfair677083.jpg --> ftp.oxfordpast.com /ohs/peach-festival/2010_Animals-of-Oxford- oxfair677083.jpg
2020.04.08 11:09 B C:\Users\dotti\Desktop\peach-festival\2010_Animals-of-Oxford-\oxfair677092.jpg --> ftp.oxfordpast.com /ohs/peach-festival/2010_Animals-of-Oxford- oxfair677092.jpg
2020.04.08 11:09 B C:\Users\dotti\Desktop\peach-festival\2010_Animals-of-Oxford-\oxfair677093.jpg --> ftp.oxfordpast.com /ohs/peach-festival/2010_Animals-of-Oxford- oxfair677093.jpg
2020.04.08 11:09 B C:\Users\dotti\Desktop\peach-festival\2010_Animals-of-Oxford-\oxfair677094.jpg --> ftp.oxfordpast.com /ohs/peach-festival/2010_Animals-of-Oxford- oxfair677094.jpg
2020.04.08 11:09 B C:\Users\dotti\Desktop\peach-festival\2010_Animals-of-Oxford-\oxfair677095.jpg --> ftp.oxfordpast.com /ohs/peach-festival/2010_Animals-of-Oxford- oxfair677095.jpg
2020.04.08 11:09 B C:\Users\dotti\Desktop\peach-festival\2010_Animals-of-Oxford-\oxfair677096.jpg --> ftp.oxfordpast.com /ohs/peach-festival/2010_Animals-of-Oxford- oxfair677096.jpg
2020.04.08 11:09 B C:\Users\dotti\Desktop\peach-festival\2010_Animals-of-Oxford-\oxfair677097.jpg --> ftp.oxfordpast.com /ohs/peach-festival/2010_Animals-of-Oxford- oxfair677097.jpg
2020.04.08 11:10 B C:\Users\dotti\Desktop\peach-festival\2010_Animals-of-Oxford-\oxfair677098.jpg --> ftp.oxfordpast.com /ohs/peach-festival/2010_Animals-of-Oxford- oxfair677098.jpg
2020.04.08 11:10 B C:\Users\dotti\Desktop\peach-festival\2010_Animals-of-Oxford-\oxfair677104.jpg --> ftp.oxfordpast.com /ohs/peach-festival/2010_Animals-of-Oxford- oxfair677104.jpg
2020.04.08 11:10 B C:\Users\dotti\Desktop\peach-festival\2010_Animals-of-Oxford-\oxfair677105.jpg --> ftp.oxfordpast.com /ohs/peach-festival/2010_Animals-of-Oxford- oxfair677105.jpg
2020.04.08 11:10 B C:\Users\dotti\Desktop\peach-festival\2010_Animals-of-Oxford-\oxfair677106.jpg --> ftp.oxfordpast.com /ohs/peach-festival/2010_Animals-of-Oxford- oxfair677106.jpg
2020.04.08 11:10 B C:\Users\dotti\Desktop\peach-festival\2010_Animals-of-Oxford-\oxfair677107.jpg --> ftp.oxfordpast.com /ohs/peach-festival/2010_Animals-of-Oxford- oxfair677107.jpg
2020.04.08 11:10 B C:\Users\dotti\Desktop\peach-festival\2010_Animals-of-Oxford-\oxfair677108.jpg --> ftp.oxfordpast.com /ohs/peach-festival/2010_Animals-of-Oxford- oxfair677108.jpg
2020.04.08 11:10 B C:\Users\dotti\Desktop\peach-festival\2010_Animals-of-Oxford-\oxfair677109.jpg --> ftp.oxfordpast.com /ohs/peach-festival/2010_Animals-of-Oxford- oxfair677109.jpg
2020.04.08 11:10 B C:\Users\dotti\Desktop\peach-festival\2010_Animals-of-Oxford-\oxfair677110.jpg --> ftp.oxfordpast.com /ohs/peach-festival/2010_Animals-of-Oxford- oxfair677110.jpg
2020.04.08 11:10 B C:\Users\dotti\Desktop\peach-festival\2010_Animals-of-Oxford-\oxfair677112.jpg --> ftp.oxfordpast.com /ohs/peach-festival/2010_Animals-of-Oxford- oxfair677112.jpg
2020.04.08 11:10 B C:\Users\dotti\Desktop\peach-festival\2010_Animals-of-Oxford-\oxfair677113.jpg --> ftp.oxfordpast.com /ohs/peach-festival/2010_Animals-of-Oxford- oxfair677113.jpg
2020.04.08 11:10 B C:\Users\dotti\Desktop\peach-festival\2010_Animals-of-Oxford-\oxfair677114.jpg --> ftp.oxfordpast.com /ohs/peach-festival/2010_Animals-of-Oxford- oxfair677114.jpg
2020.04.08 11:10 B C:\Users\dotti\Desktop\peach-festival\2010_Animals-of-Oxford-\oxfair677115.jpg --> ftp.oxfordpast.com /ohs/peach-festival/2010_Animals-of-Oxford- oxfair677115.jpg
2020.04.08 11:10 B C:\Users\dotti\Desktop\peach-festival\2010_Animals-of-Oxford-\oxfair677116.jpg --> ftp.oxfordpast.com /ohs/peach-festival/2010_Animals-of-Oxford- oxfair677116.jpg
2020.04.08 11:10 B C:\Users\dotti\Desktop\peach-festival\2010_Animals-of-Oxford-\oxfair677118.jpg --> ftp.oxfordpast.com /ohs/peach-festival/2010_Animals-of-Oxford- oxfair677118.jpg
2020.04.08 11:10 B C:\Users\dotti\Desktop\peach-festival\2010_Animals-of-Oxford-\oxfair677119.jpg --> ftp.oxfordpast.com /ohs/peach-festival/2010_Animals-of-Oxford- oxfair677119.jpg
2020.04.08 11:11 B C:\Users\dotti\Desktop\peach-festival\2010_Animals-of-Oxford-\oxfair677120.jpg --> ftp.oxfordpast.com /ohs/peach-festival/2010_Animals-of-Oxford- oxfair677120.jpg
2020.04.08 11:11 B C:\Users\dotti\Desktop\peach-festival\2010_Animals-of-Oxford-\oxfair677122.jpg --> ftp.oxfordpast.com /ohs/peach-festival/2010_Animals-of-Oxford- oxfair677122.jpg
2020.04.08 11:11 B C:\Users\dotti\Desktop\peach-festival\2010_Animals-of-Oxford-\oxfair677123.jpg --> ftp.oxfordpast.com /ohs/peach-festival/2010_Animals-of-Oxford- oxfair677123.jpg
2020.04.08 11:11 B C:\Users\dotti\Desktop\peach-festival\2010_Animals-of-Oxford-\oxfair677124.jpg --> ftp.oxfordpast.com /ohs/peach-festival/2010_Animals-of-Oxford- oxfair677124.jpg
2020.04.08 11:11 B C:\Users\dotti\Desktop\peach-festival\2010_Animals-of-Oxford-\oxfair677125.jpg --> ftp.oxfordpast.com /ohs/peach-festival/2010_Animals-of-Oxford- oxfair677125.jpg
2020.04.08 11:11 B C:\Users\dotti\Desktop\peach-festival\2010_Animals-of-Oxford-\oxfair677126.jpg --> ftp.oxfordpast.com /ohs/peach-festival/2010_Animals-of-Oxford- oxfair677126.jpg
2020.04.08 11:11 B C:\Users\dotti\Desktop\peach-festival\2010_Animals-of-Oxford-\oxfair677128.jpg --> ftp.oxfordpast.com /ohs/peach-festival/2010_Animals-of-Oxford- oxfair677128.jpg
2020.04.08 11:11 B C:\Users\dotti\Desktop\peach-festival\2010_Animals-of-Oxford-\oxfair677129.jpg --> ftp.oxfordpast.com /ohs/peach-festival/2010_Animals-of-Oxford- oxfair677129.jpg
2020.04.08 11:11 B C:\Users\dotti\Desktop\peach-festival\2010_Animals-of-Oxford-\oxfair677130.jpg --> ftp.oxfordpast.com /ohs/peach-festival/2010_Animals-of-Oxford- oxfair677130.jpg
2020.04.08 11:11 B C:\Users\dotti\Desktop\peach-festival\2010_Animals-of-Oxford-\oxfair677131.jpg --> ftp.oxfordpast.com /ohs/peach-festival/2010_Animals-of-Oxford- oxfair677131.jpg
2020.04.08 11:11 B C:\Users\dotti\Desktop\peach-festival\2010_Animals-of-Oxford-\oxfair677132.jpg --> ftp.oxfordpast.com /ohs/peach-festival/2010_Animals-of-Oxford- oxfair677132.jpg
2020.04.08 11:11 B C:\Users\dotti\Desktop\peach-festival\2010_Animals-of-Oxford-\oxfair677133.jpg --> ftp.oxfordpast.com /ohs/peach-festival/2010_Animals-of-Oxford- oxfair677133.jpg
2020.04.08 11:11 B C:\Users\dotti\Desktop\peach-festival\2010_Animals-of-Oxford-\oxfair677134.jpg --> ftp.oxfordpast.com /ohs/peach-festival/2010_Animals-of-Oxford- oxfair677134.jpg
2020.04.08 11:11 B C:\Users\dotti\Desktop\peach-festival\2010_Animals-of-Oxford-\oxfair677135.jpg --> ftp.oxfordpast.com /ohs/peach-festival/2010_Animals-of-Oxford- oxfair677135.jpg
2020.04.08 11:11 B C:\Users\dotti\Desktop\peach-festival\2010_Animals-of-Oxford-\oxfair677136.jpg --> ftp.oxfordpast.com /ohs/peach-festival/2010_Animals-of-Oxford- oxfair677136.jpg
2020.04.08 11:12 B C:\Users\dotti\Desktop\peach-festival\2010_Animals-of-Oxford-\oxfair677137.jpg --> ftp.oxfordpast.com /ohs/peach-festival/2010_Animals-of-Oxford- oxfair677137.jpg
2020.04.08 11:12 B C:\Users\dotti\Desktop\peach-festival\2010_Animals-of-Oxford-\oxfair677140.jpg --> ftp.oxfordpast.com /ohs/peach-festival/2010_Animals-of-Oxford- oxfair677140.jpg
2020.04.08 11:12 B C:\Users\dotti\Desktop\peach-festival\2010_Animals-of-Oxford-\oxfair677141.jpg --> ftp.oxfordpast.com /ohs/peach-festival/2010_Animals-of-Oxford- oxfair677141.jpg
2020.04.08 11:12 B C:\Users\dotti\Desktop\peach-festival\2010_Animals-of-Oxford-\oxfair677142.jpg --> ftp.oxfordpast.com /ohs/peach-festival/2010_Animals-of-Oxford- oxfair677142.jpg
2020.04.08 11:12 B C:\Users\dotti\Desktop\peach-festival\2010_Animals-of-Oxford-\oxfair677143.jpg --> ftp.oxfordpast.com /ohs/peach-festival/2010_Animals-of-Oxford- oxfair677143.jpg
2020.04.08 11:12 B C:\Users\dotti\Desktop\peach-festival\2010_Animals-of-Oxford-\oxfair677144.jpg --> ftp.oxfordpast.com /ohs/peach-festival/2010_Animals-of-Oxford- oxfair677144.jpg
2020.04.08 11:12 B C:\Users\dotti\Desktop\peach-festival\2010_Animals-of-Oxford-\oxfair677145.jpg --> ftp.oxfordpast.com /ohs/peach-festival/2010_Animals-of-Oxford- oxfair677145.jpg
2020.04.08 11:12 B C:\Users\dotti\Desktop\peach-festival\2010_Animals-of-Oxford-\oxfair677146.jpg --> ftp.oxfordpast.com /ohs/peach-festival/2010_Animals-of-Oxford- oxfair677146.jpg
2020.04.08 11:12 B C:\Users\dotti\Desktop\peach-festival\2010_Animals-of-Oxford-\oxfair677147.jpg --> ftp.oxfordpast.com /ohs/peach-festival/2010_Animals-of-Oxford- oxfair677147.jpg
2020.04.08 11:12 B C:\Users\dotti\Desktop\peach-festival\2010_Animals-of-Oxford-\oxfair677149.jpg --> ftp.oxfordpast.com /ohs/peach-festival/2010_Animals-of-Oxford- oxfair677149.jpg
2020.04.08 11:12 B C:\Users\dotti\Desktop\peach-festival\2010_Animals-of-Oxford-\oxfair677150.jpg --> ftp.oxfordpast.com /ohs/peach-festival/2010_Animals-of-Oxford- oxfair677150.jpg
2020.04.08 11:12 B C:\Users\dotti\Desktop\peach-festival\2010_Animals-of-Oxford-\oxfair677151.jpg --> ftp.oxfordpast.com /ohs/peach-festival/2010_Animals-of-Oxford- oxfair677151.jpg
2020.04.08 11:12 B C:\Users\dotti\Desktop\peach-festival\2010_Animals-of-Oxford-\oxfair677152.jpg --> ftp.oxfordpast.com /ohs/peach-festival/2010_Animals-of-Oxford- oxfair677152.jpg
2020.04.08 11:12 B C:\Users\dotti\Desktop\peach-festival\2010_Animals-of-Oxford-\oxfair677153.jpg --> ftp.oxfordpast.com /ohs/peach-festival/2010_Animals-of-Oxford- oxfair677153.jpg
2020.04.08 11:12 B C:\Users\dotti\Desktop\peach-festival\2010_Animals-of-Oxford-\oxfair677154.jpg --> ftp.oxfordpast.com /ohs/peach-festival/2010_Animals-of-Oxford- oxfair677154.jpg
2020.04.08 11:13 B C:\Users\dotti\Desktop\peach-festival\2010_Animals-of-Oxford-\oxfair677155.jpg --> ftp.oxfordpast.com /ohs/peach-festival/2010_Animals-of-Oxford- oxfair677155.jpg
2020.04.08 11:13 B C:\Users\dotti\Desktop\peach-festival\2010_Animals-of-Oxford-\oxfair677156.jpg --> ftp.oxfordpast.com /ohs/peach-festival/2010_Animals-of-Oxford- oxfair677156.jpg
2020.04.08 11:13 B C:\Users\dotti\Desktop\peach-festival\2010_Animals-of-Oxford-\oxfair677157.jpg --> ftp.oxfordpast.com /ohs/peach-festival/2010_Animals-of-Oxford- oxfair677157.jpg
2020.04.08 11:13 B C:\Users\dotti\Desktop\peach-festival\2010_Animals-of-Oxford-\oxfair677158.jpg --> ftp.oxfordpast.com /ohs/peach-festival/2010_Animals-of-Oxford- oxfair677158.jpg
2020.04.08 11:13 B C:\Users\dotti\Desktop\peach-festival\2010_Animals-of-Oxford-\oxfair677159.jpg --> ftp.oxfordpast.com /ohs/peach-festival/2010_Animals-of-Oxford- oxfair677159.jpg
2020.04.08 11:13 B C:\Users\dotti\Desktop\peach-festival\2010_Animals-of-Oxford-\oxfair677160.jpg --> ftp.oxfordpast.com /ohs/peach-festival/2010_Animals-of-Oxford- oxfair677160.jpg
2020.04.08 11:13 B C:\Users\dotti\Desktop\peach-festival\2010_Animals-of-Oxford-\oxfair677161.jpg --> ftp.oxfordpast.com /ohs/peach-festival/2010_Animals-of-Oxford- oxfair677161.jpg
2020.04.08 11:13 B C:\Users\dotti\Desktop\peach-festival\2010_Animals-of-Oxford-\oxfair677162.jpg --> ftp.oxfordpast.com /ohs/peach-festival/2010_Animals-of-Oxford- oxfair677162.jpg
2020.04.08 11:13 B C:\Users\dotti\Desktop\peach-festival\2010_Animals-of-Oxford-\oxfair677163.jpg --> ftp.oxfordpast.com /ohs/peach-festival/2010_Animals-of-Oxford- oxfair677163.jpg
2020.04.08 11:13 B C:\Users\dotti\Desktop\peach-festival\2010_Animals-of-Oxford-\oxfair677164.jpg --> ftp.oxfordpast.com /ohs/peach-festival/2010_Animals-of-Oxford- oxfair677164.jpg
2020.04.08 11:13 B C:\Users\dotti\Desktop\peach-festival\2010_Animals-of-Oxford-\oxfair677165.jpg --> ftp.oxfordpast.com /ohs/peach-festival/2010_Animals-of-Oxford- oxfair677165.jpg
2020.04.08 11:13 B C:\Users\dotti\Desktop\peach-festival\2010_Animals-of-Oxford-\oxfair677166.jpg --> ftp.oxfordpast.com /ohs/peach-festival/2010_Animals-of-Oxford- oxfair677166.jpg
2020.04.08 11:13 B C:\Users\dotti\Desktop\peach-festival\2010_Animals-of-Oxford-\oxfair677167.jpg --> ftp.oxfordpast.com /ohs/peach-festival/2010_Animals-of-Oxford- oxfair677167.jpg
2020.04.08 11:13 B C:\Users\dotti\Desktop\peach-festival\2010_Animals-of-Oxford-\oxfair677168.jpg --> ftp.oxfordpast.com /ohs/peach-festival/2010_Animals-of-Oxford- oxfair677168.jpg
2020.04.08 11:13 B C:\Users\dotti\Desktop\peach-festival\2010_Animals-of-Oxford-\oxfair677169.jpg --> ftp.oxfordpast.com /ohs/peach-festival/2010_Animals-of-Oxford- oxfair677169.jpg
2020.04.08 11:13 B C:\Users\dotti\Desktop\peach-festival\2010_Animals-of-Oxford-\oxfair677170.jpg --> ftp.oxfordpast.com /ohs/peach-festival/2010_Animals-of-Oxford- oxfair677170.jpg
2020.04.08 11:14 B C:\Users\dotti\Desktop\peach-festival\2010_Animals-of-Oxford-\oxfair677171.jpg --> ftp.oxfordpast.com /ohs/peach-festival/2010_Animals-of-Oxford- oxfair677171.jpg
2020.04.08 11:14 B C:\Users\dotti\Desktop\peach-festival\2010_Animals-of-Oxford-\oxfair677172.jpg --> ftp.oxfordpast.com /ohs/peach-festival/2010_Animals-of-Oxford- oxfair677172.jpg
2020.04.08 11:14 B C:\Users\dotti\Desktop\peach-festival\2010_Animals-of-Oxford-\oxfair677174.jpg --> ftp.oxfordpast.com /ohs/peach-festival/2010_Animals-of-Oxford- oxfair677174.jpg
2020.04.08 11:14 B C:\Users\dotti\Desktop\peach-festival\2010_Animals-of-Oxford-\oxfair677175.jpg --> ftp.oxfordpast.com /ohs/peach-festival/2010_Animals-of-Oxford- oxfair677175.jpg
2020.04.08 11:14 B C:\Users\dotti\Desktop\peach-festival\2010_Animals-of-Oxford-\oxfair677176.jpg --> ftp.oxfordpast.com /ohs/peach-festival/2010_Animals-of-Oxford- oxfair677176.jpg
2020.04.08 11:14 B C:\Users\dotti\Desktop\peach-festival\2010_Animals-of-Oxford-\oxfair677177.jpg --> ftp.oxfordpast.com /ohs/peach-festival/2010_Animals-of-Oxford- oxfair677177.jpg
2020.04.08 11:14 B C:\Users\dotti\Desktop\peach-festival\2010_Animals-of-Oxford-\oxfair677178.jpg --> ftp.oxfordpast.com /ohs/peach-festival/2010_Animals-of-Oxford- oxfair677178.jpg
2020.04.08 11:14 B C:\Users\dotti\Desktop\peach-festival\2010_Animals-of-Oxford-\oxfair677179.jpg --> ftp.oxfordpast.com /ohs/peach-festival/2010_Animals-of-Oxford- oxfair677179.jpg
2020.04.08 11:14 B C:\Users\dotti\Desktop\peach-festival\2010_Animals-of-Oxford-\oxfair677180.jpg --> ftp.oxfordpast.com /ohs/peach-festival/2010_Animals-of-Oxford- oxfair677180.jpg
2020.04.08 11:14 B C:\Users\dotti\Desktop\peach-festival\2010_Animals-of-Oxford-\oxfair677181.jpg --> ftp.oxfordpast.com /ohs/peach-festival/2010_Animals-of-Oxford- oxfair677181.jpg
2020.04.08 11:14 B C:\Users\dotti\Desktop\peach-festival\2010_Animals-of-Oxford-\oxfair677182.jpg --> ftp.oxfordpast.com /ohs/peach-festival/2010_Animals-of-Oxford- oxfair677182.jpg
2020.04.08 11:14 B C:\Users\dotti\Desktop\peach-festival\2010_Animals-of-Oxford-\oxfair677183.jpg --> ftp.oxfordpast.com /ohs/peach-festival/2010_Animals-of-Oxford- oxfair677183.jpg
2020.04.08 11:14 B C:\Users\dotti\Desktop\peach-festival\2010_Animals-of-Oxford-\oxfair677184.jpg --> ftp.oxfordpast.com /ohs/peach-festival/2010_Animals-of-Oxford- oxfair677184.jpg
2020.04.08 11:14 B C:\Users\dotti\Desktop\peach-festival\2010_Animals-of-Oxford-\oxfair677185.jpg --> ftp.oxfordpast.com /ohs/peach-festival/2010_Animals-of-Oxford- oxfair677185.jpg
2020.04.08 11:15 B C:\Users\dotti\Desktop\peach-festival\2010_Animals-of-Oxford-\oxfair677186.jpg --> ftp.oxfordpast.com /ohs/peach-festival/2010_Animals-of-Oxford- oxfair677186.jpg
2020.04.08 11:15 B C:\Users\dotti\Desktop\peach-festival\2010_Animals-of-Oxford-\oxfair677187.jpg --> ftp.oxfordpast.com /ohs/peach-festival/2010_Animals-of-Oxford- oxfair677187.jpg
2020.04.08 11:15 B C:\Users\dotti\Desktop\peach-festival\2010_Animals-of-Oxford-\oxfair677189.jpg --> ftp.oxfordpast.com /ohs/peach-festival/2010_Animals-of-Oxford- oxfair677189.jpg
2020.04.08 11:15 B C:\Users\dotti\Desktop\peach-festival\2010_Animals-of-Oxford-\oxfair677190.jpg --> ftp.oxfordpast.com /ohs/peach-festival/2010_Animals-of-Oxford- oxfair677190.jpg
2020.04.08 11:15 B C:\Users\dotti\Desktop\peach-festival\2010_Animals-of-Oxford-\oxfair677191.jpg --> ftp.oxfordpast.com /ohs/peach-festival/2010_Animals-of-Oxford- oxfair677191.jpg
2020.04.08 11:15 B C:\Users\dotti\Desktop\peach-festival\2010_Animals-of-Oxford-\oxfair677192.jpg --> ftp.oxfordpast.com /ohs/peach-festival/2010_Animals-of-Oxford- oxfair677192.jpg
2020.04.08 11:15 B C:\Users\dotti\Desktop\peach-festival\2010_Animals-of-Oxford-\oxfair677193.jpg --> ftp.oxfordpast.com /ohs/peach-festival/2010_Animals-of-Oxford- oxfair677193.jpg
2020.04.08 11:15 B C:\Users\dotti\Desktop\peach-festival\2010_Animals-of-Oxford-\oxfair677194.jpg --> ftp.oxfordpast.com /ohs/peach-festival/2010_Animals-of-Oxford- oxfair677194.jpg
2020.04.08 11:15 B C:\Users\dotti\Desktop\peach-festival\2010_Animals-of-Oxford-\oxfair677195.jpg --> ftp.oxfordpast.com /ohs/peach-festival/2010_Animals-of-Oxford- oxfair677195.jpg
2020.04.08 11:15 B C:\Users\dotti\Desktop\peach-festival\2010_Animals-of-Oxford-\oxfair677196.jpg --> ftp.oxfordpast.com /ohs/peach-festival/2010_Animals-of-Oxford- oxfair677196.jpg
2020.04.08 11:15 B C:\Users\dotti\Desktop\peach-festival\2010_Animals-of-Oxford-\oxfair677197.jpg --> ftp.oxfordpast.com /ohs/peach-festival/2010_Animals-of-Oxford- oxfair677197.jpg
2020.04.08 11:15 B C:\Users\dotti\Desktop\peach-festival\2010_Animals-of-Oxford-\oxfair677198.jpg --> ftp.oxfordpast.com /ohs/peach-festival/2010_Animals-of-Oxford- oxfair677198.jpg
2020.04.08 11:15 B C:\Users\dotti\Desktop\peach-festival\2010_Animals-of-Oxford-\oxfair677199.jpg --> ftp.oxfordpast.com /ohs/peach-festival/2010_Animals-of-Oxford- oxfair677199.jpg
2020.04.08 11:15 B C:\Users\dotti\Desktop\peach-festival\2010_Animals-of-Oxford-\oxfair677200.jpg --> ftp.oxfordpast.com /ohs/peach-festival/2010_Animals-of-Oxford- oxfair677200.jpg
2020.04.08 11:15 B C:\Users\dotti\Desktop\peach-festival\2010_Animals-of-Oxford-\oxfair677201.jpg --> ftp.oxfordpast.com /ohs/peach-festival/2010_Animals-of-Oxford- oxfair677201.jpg
2020.04.08 11:15 B C:\Users\dotti\Desktop\peach-festival\2010_Animals-of-Oxford-\oxfair677202.jpg --> ftp.oxfordpast.com /ohs/peach-festival/2010_Animals-of-Oxford- oxfair677202.jpg
2020.04.08 11:16 B C:\Users\dotti\Desktop\peach-festival\2010_Animals-of-Oxford-\oxfair677203.jpg --> ftp.oxfordpast.com /ohs/peach-festival/2010_Animals-of-Oxford- oxfair677203.jpg
2020.04.08 11:16 B C:\Users\dotti\Desktop\peach-festival\2010_Animals-of-Oxford-\oxfair677204.jpg --> ftp.oxfordpast.com /ohs/peach-festival/2010_Animals-of-Oxford- oxfair677204.jpg
2020.04.08 11:16 B C:\Users\dotti\Desktop\peach-festival\2010_Animals-of-Oxford-\oxfair677205.jpg --> ftp.oxfordpast.com /ohs/peach-festival/2010_Animals-of-Oxford- oxfair677205.jpg
2020.04.08 11:16 B C:\Users\dotti\Desktop\peach-festival\2010_Animals-of-Oxford-\oxfair677207.jpg --> ftp.oxfordpast.com /ohs/peach-festival/2010_Animals-of-Oxford- oxfair677207.jpg
2020.04.08 11:16 B C:\Users\dotti\Desktop\peach-festival\2010_Animals-of-Oxford-\oxfair677208.jpg --> ftp.oxfordpast.com /ohs/peach-festival/2010_Animals-of-Oxford- oxfair677208.jpg
2020.04.08 11:16 B C:\Users\dotti\Desktop\peach-festival\2010_Animals-of-Oxford-\oxfair677209.jpg --> ftp.oxfordpast.com /ohs/peach-festival/2010_Animals-of-Oxford- oxfair677209.jpg
2020.04.08 11:16 B C:\Users\dotti\Desktop\peach-festival\2010_Animals-of-Oxford-\oxfair677210.jpg --> ftp.oxfordpast.com /ohs/peach-festival/2010_Animals-of-Oxford- oxfair677210.jpg
2020.04.08 11:16 B C:\Users\dotti\Desktop\peach-festival\2010_Animals-of-Oxford-\oxfair677213.jpg --> ftp.oxfordpast.com /ohs/peach-festival/2010_Animals-of-Oxford- oxfair677213.jpg
2020.04.08 11:16 B C:\Users\dotti\Desktop\peach-festival\2010_Animals-of-Oxford-\oxfair677214.jpg --> ftp.oxfordpast.com /ohs/peach-festival/2010_Animals-of-Oxford- oxfair677214.jpg
2020.04.08 11:16 B C:\Users\dotti\Desktop\peach-festival\2010_Animals-of-Oxford-\oxfair677215.jpg --> ftp.oxfordpast.com /ohs/peach-festival/2010_Animals-of-Oxford- oxfair677215.jpg
2020.04.08 11:16 B C:\Users\dotti\Desktop\peach-festival\2010_Animals-of-Oxford-\oxfair677216.jpg --> ftp.oxfordpast.com /ohs/peach-festival/2010_Animals-of-Oxford- oxfair677216.jpg
2020.04.08 11:16 B C:\Users\dotti\Desktop\peach-festival\2010_Animals-of-Oxford-\oxfair677217.jpg --> ftp.oxfordpast.com /ohs/peach-festival/2010_Animals-of-Oxford- oxfair677217.jpg
2020.04.08 11:16 B C:\Users\dotti\Desktop\peach-festival\2010_Animals-of-Oxford-\oxfair677218.jpg --> ftp.oxfordpast.com /ohs/peach-festival/2010_Animals-of-Oxford- oxfair677218.jpg
2020.04.08 11:16 B C:\Users\dotti\Desktop\peach-festival\2010_Animals-of-Oxford-\oxfair677219.jpg --> ftp.oxfordpast.com /ohs/peach-festival/2010_Animals-of-Oxford- oxfair677219.jpg
2020.04.08 11:16 B C:\Users\dotti\Desktop\peach-festival\2010_Animals-of-Oxford-\oxfair677220.jpg --> ftp.oxfordpast.com /ohs/peach-festival/2010_Animals-of-Oxford- oxfair677220.jpg
2020.04.08 11:16 B C:\Users\dotti\Desktop\peach-festival\2010_Animals-of-Oxford-\oxfair677221.jpg --> ftp.oxfordpast.com /ohs/peach-festival/2010_Animals-of-Oxford- oxfair677221.jpg
2020.04.08 11:17 B C:\Users\dotti\Desktop\peach-festival\2010_Animals-of-Oxford-\oxfair677222.jpg --> ftp.oxfordpast.com /ohs/peach-festival/2010_Animals-of-Oxford- oxfair677222.jpg
2020.04.08 11:17 B C:\Users\dotti\Desktop\peach-festival\2010_Animals-of-Oxford-\oxfair677223.jpg --> ftp.oxfordpast.com /ohs/peach-festival/2010_Animals-of-Oxford- oxfair677223.jpg
2020.04.08 11:17 B C:\Users\dotti\Desktop\peach-festival\2010_Animals-of-Oxford-\oxfair677224.jpg --> ftp.oxfordpast.com /ohs/peach-festival/2010_Animals-of-Oxford- oxfair677224.jpg
2020.04.08 11:17 B C:\Users\dotti\Desktop\peach-festival\2010_Animals-of-Oxford-\oxfair677226.jpg --> ftp.oxfordpast.com /ohs/peach-festival/2010_Animals-of-Oxford- oxfair677226.jpg
2020.04.08 11:17 B C:\Users\dotti\Desktop\peach-festival\2010_Animals-of-Oxford-\oxfair677227.jpg --> ftp.oxfordpast.com /ohs/peach-festival/2010_Animals-of-Oxford- oxfair677227.jpg
2020.04.08 11:17 B C:\Users\dotti\Desktop\peach-festival\2010_Animals-of-Oxford-\oxfair677228.jpg --> ftp.oxfordpast.com /ohs/peach-festival/2010_Animals-of-Oxford- oxfair677228.jpg
2020.04.08 11:17 B C:\Users\dotti\Desktop\peach-festival\2010_Animals-of-Oxford-\oxfair677229.jpg --> ftp.oxfordpast.com /ohs/peach-festival/2010_Animals-of-Oxford- oxfair677229.jpg
2020.04.08 11:17 B C:\Users\dotti\Desktop\peach-festival\2010_Animals-of-Oxford-\oxfair677230.jpg --> ftp.oxfordpast.com /ohs/peach-festival/2010_Animals-of-Oxford- oxfair677230.jpg
2020.04.08 11:17 B C:\Users\dotti\Desktop\peach-festival\2010_Animals-of-Oxford-\oxfair677232.jpg --> ftp.oxfordpast.com /ohs/peach-festival/2010_Animals-of-Oxford- oxfair677232.jpg
2020.04.08 11:17 B C:\Users\dotti\Desktop\peach-festival\2010_Animals-of-Oxford-\oxfair677233.jpg --> ftp.oxfordpast.com /ohs/peach-festival/2010_Animals-of-Oxford- oxfair677233.jpg
2020.04.08 11:17 B C:\Users\dotti\Desktop\peach-festival\2010_Animals-of-Oxford-\oxfair677234.jpg --> ftp.oxfordpast.com /ohs/peach-festival/2010_Animals-of-Oxford- oxfair677234.jpg
2020.04.08 11:17 B C:\Users\dotti\Desktop\peach-festival\2010_Animals-of-Oxford-\oxfair677235.jpg --> ftp.oxfordpast.com /ohs/peach-festival/2010_Animals-of-Oxford- oxfair677235.jpg
2020.04.08 11:17 B C:\Users\dotti\Desktop\peach-festival\2010_Animals-of-Oxford-\oxfair677236.jpg --> ftp.oxfordpast.com /ohs/peach-festival/2010_Animals-of-Oxford- oxfair677236.jpg
2020.04.08 11:17 B C:\Users\dotti\Desktop\peach-festival\2010_Animals-of-Oxford-\oxfair677237.jpg --> ftp.oxfordpast.com /ohs/peach-festival/2010_Animals-of-Oxford- oxfair677237.jpg
2020.04.08 11:17 B C:\Users\dotti\Desktop\peach-festival\2010_Animals-of-Oxford-\oxfair677238.jpg --> ftp.oxfordpast.com /ohs/peach-festival/2010_Animals-of-Oxford- oxfair677238.jpg
2020.04.08 11:17 B C:\Users\dotti\Desktop\peach-festival\2010_Animals-of-Oxford-\oxfair677242.jpg --> ftp.oxfordpast.com /ohs/peach-festival/2010_Animals-of-Oxford- oxfair677242.jpg
2020.04.08 11:18 B C:\Users\dotti\Desktop\peach-festival\2010_Animals-of-Oxford-\oxfair677243.jpg --> ftp.oxfordpast.com /ohs/peach-festival/2010_Animals-of-Oxford- oxfair677243.jpg
2020.04.08 11:18 B C:\Users\dotti\Desktop\peach-festival\2010_Animals-of-Oxford-\oxfair677244.jpg --> ftp.oxfordpast.com /ohs/peach-festival/2010_Animals-of-Oxford- oxfair677244.jpg
2020.04.08 11:18 B C:\Users\dotti\Desktop\peach-festival\2010_Animals-of-Oxford-\oxfair677245.jpg --> ftp.oxfordpast.com /ohs/peach-festival/2010_Animals-of-Oxford- oxfair677245.jpg
2020.04.08 11:18 B C:\Users\dotti\Desktop\peach-festival\2010_Animals-of-Oxford-\oxfair677246.jpg --> ftp.oxfordpast.com /ohs/peach-festival/2010_Animals-of-Oxford- oxfair677246.jpg
2020.04.08 11:18 B C:\Users\dotti\Desktop\peach-festival\2010_Animals-of-Oxford-\oxfair677247.jpg --> ftp.oxfordpast.com /ohs/peach-festival/2010_Animals-of-Oxford- oxfair677247.jpg
2020.04.08 11:18 B C:\Users\dotti\Desktop\peach-festival\2010_Animals-of-Oxford-\oxfair677248.jpg --> ftp.oxfordpast.com /ohs/peach-festival/2010_Animals-of-Oxford- oxfair677248.jpg
2020.04.08 11:18 B C:\Users\dotti\Desktop\peach-festival\2010_Animals-of-Oxford-\oxfair677251.jpg --> ftp.oxfordpast.com /ohs/peach-festival/2010_Animals-of-Oxford- oxfair677251.jpg
2020.04.08 11:18 B C:\Users\dotti\Desktop\peach-festival\2010_Animals-of-Oxford-\oxfair677252.jpg --> ftp.oxfordpast.com /ohs/peach-festival/2010_Animals-of-Oxford- oxfair677252.jpg
2020.04.08 11:18 B C:\Users\dotti\Desktop\peach-festival\2010_Animals-of-Oxford-\oxfair677254.jpg --> ftp.oxfordpast.com /ohs/peach-festival/2010_Animals-of-Oxford- oxfair677254.jpg
2020.04.08 11:18 B C:\Users\dotti\Desktop\peach-festival\2010_Animals-of-Oxford-\oxfair677255.jpg --> ftp.oxfordpast.com /ohs/peach-festival/2010_Animals-of-Oxford- oxfair677255.jpg
2020.04.08 11:18 B C:\Users\dotti\Desktop\peach-festival\2010_Animals-of-Oxford-\oxfair677259.jpg --> ftp.oxfordpast.com /ohs/peach-festival/2010_Animals-of-Oxford- oxfair677259.jpg
2020.04.08 11:18 B C:\Users\dotti\Desktop\peach-festival\2010_Animals-of-Oxford-\oxfair677260.jpg --> ftp.oxfordpast.com /ohs/peach-festival/2010_Animals-of-Oxford- oxfair677260.jpg
2020.04.08 11:18 B C:\Users\dotti\Desktop\peach-festival\2010_Animals-of-Oxford-\oxfair677261.jpg --> ftp.oxfordpast.com /ohs/peach-festival/2010_Animals-of-Oxford- oxfair677261.jpg
2020.04.08 11:18 B C:\Users\dotti\Desktop\peach-festival\2010_Animals-of-Oxford-\oxfair677263.jpg --> ftp.oxfordpast.com /ohs/peach-festival/2010_Animals-of-Oxford- oxfair677263.jpg
2020.04.08 11:18 B C:\Users\dotti\Desktop\peach-festival\2010_Animals-of-Oxford-\oxfair677265.jpg --> ftp.oxfordpast.com /ohs/peach-festival/2010_Animals-of-Oxford- oxfair677265.jpg
2020.04.08 11:18 B C:\Users\dotti\Desktop\peach-festival\2010_Animals-of-Oxford-\oxfair677266.jpg --> ftp.oxfordpast.com /ohs/peach-festival/2010_Animals-of-Oxford- oxfair677266.jpg
2020.04.08 11:19 B C:\Users\dotti\Desktop\peach-festival\2010_Animals-of-Oxford-\oxfair677267.jpg --> ftp.oxfordpast.com /ohs/peach-festival/2010_Animals-of-Oxford- oxfair677267.jpg
2020.04.08 11:19 B C:\Users\dotti\Desktop\peach-festival\2010_Animals-of-Oxford-\oxfair677268.jpg --> ftp.oxfordpast.com /ohs/peach-festival/2010_Animals-of-Oxford- oxfair677268.jpg
2020.04.08 11:19 B C:\Users\dotti\Desktop\peach-festival\2010_Animals-of-Oxford-\oxfair677269.jpg --> ftp.oxfordpast.com /ohs/peach-festival/2010_Animals-of-Oxford- oxfair677269.jpg
2020.04.08 11:19 B C:\Users\dotti\Desktop\peach-festival\2010_Animals-of-Oxford-\oxfair677270.jpg --> ftp.oxfordpast.com /ohs/peach-festival/2010_Animals-of-Oxford- oxfair677270.jpg
2020.04.08 11:19 B C:\Users\dotti\Desktop\peach-festival\2010_Animals-of-Oxford-\oxfair677271.jpg --> ftp.oxfordpast.com /ohs/peach-festival/2010_Animals-of-Oxford- oxfair677271.jpg
2020.04.08 11:19 B C:\Users\dotti\Desktop\peach-festival\2010_Animals-of-Oxford-\oxfair677272.jpg --> ftp.oxfordpast.com /ohs/peach-festival/2010_Animals-of-Oxford- oxfair677272.jpg
2020.04.08 11:19 B C:\Users\dotti\Desktop\peach-festival\2010_Animals-of-Oxford-\oxfair677273.jpg --> ftp.oxfordpast.com /ohs/peach-festival/2010_Animals-of-Oxford- oxfair677273.jpg
2020.04.08 11:19 B C:\Users\dotti\Desktop\peach-festival\2010_Animals-of-Oxford-\oxfair677274.jpg --> ftp.oxfordpast.com /ohs/peach-festival/2010_Animals-of-Oxford- oxfair677274.jpg
2020.04.08 11:19 B C:\Users\dotti\Desktop\peach-festival\2010_Animals-of-Oxford-\oxfair677275.jpg --> ftp.oxfordpast.com /ohs/peach-festival/2010_Animals-of-Oxford- oxfair677275.jpg
2020.04.08 11:19 B C:\Users\dotti\Desktop\peach-festival\2010_Animals-of-Oxford-\oxfair677276.jpg --> ftp.oxfordpast.com /ohs/peach-festival/2010_Animals-of-Oxford- oxfair677276.jpg
2020.04.08 11:19 B C:\Users\dotti\Desktop\peach-festival\2010_Animals-of-Oxford-\oxfair677277.jpg --> ftp.oxfordpast.com /ohs/peach-festival/2010_Animals-of-Oxford- oxfair677277.jpg
2020.04.08 11:19 B C:\Users\dotti\Desktop\peach-festival\2010_Animals-of-Oxford-\oxfair677278.jpg --> ftp.oxfordpast.com /ohs/peach-festival/2010_Animals-of-Oxford- oxfair677278.jpg
2020.04.08 11:19 B C:\Users\dotti\Desktop\peach-festival\2010_Animals-of-Oxford-\oxfair677279.jpg --> ftp.oxfordpast.com /ohs/peach-festival/2010_Animals-of-Oxford- oxfair677279.jpg
2020.04.08 11:19 B C:\Users\dotti\Desktop\peach-festival\2010_Animals-of-Oxford-\oxfair677280.jpg --> ftp.oxfordpast.com /ohs/peach-festival/2010_Animals-of-Oxford- oxfair677280.jpg
2020.04.08 11:19 B C:\Users\dotti\Desktop\peach-festival\2010_Animals-of-Oxford-\oxfair677281.jpg --> ftp.oxfordpast.com /ohs/peach-festival/2010_Animals-of-Oxford- oxfair677281.jpg
2020.04.08 11:19 B C:\Users\dotti\Desktop\peach-festival\2010_Animals-of-Oxford-\oxfair677282.jpg --> ftp.oxfordpast.com /ohs/peach-festival/2010_Animals-of-Oxford- oxfair677282.jpg
2020.04.08 11:20 B C:\Users\dotti\Desktop\peach-festival\2010_Animals-of-Oxford-\oxfair677284.jpg --> ftp.oxfordpast.com /ohs/peach-festival/2010_Animals-of-Oxford- oxfair677284.jpg
2020.04.08 11:20 B C:\Users\dotti\Desktop\peach-festival\2010_Animals-of-Oxford-\oxfair677286.jpg --> ftp.oxfordpast.com /ohs/peach-festival/2010_Animals-of-Oxford- oxfair677286.jpg
2020.04.08 11:20 B C:\Users\dotti\Desktop\peach-festival\2010_Animals-of-Oxford-\oxfair677287.jpg --> ftp.oxfordpast.com /ohs/peach-festival/2010_Animals-of-Oxford- oxfair677287.jpg
2020.04.08 11:20 B C:\Users\dotti\Desktop\peach-festival\2010_Animals-of-Oxford-\oxfair677288.jpg --> ftp.oxfordpast.com /ohs/peach-festival/2010_Animals-of-Oxford- oxfair677288.jpg
2020.04.08 11:20 B C:\Users\dotti\Desktop\peach-festival\2010_Animals-of-Oxford-\oxfair677289.jpg --> ftp.oxfordpast.com /ohs/peach-festival/2010_Animals-of-Oxford- oxfair677289.jpg
2020.04.08 11:20 B C:\Users\dotti\Desktop\peach-festival\2010_Animals-of-Oxford-\oxfair677290.jpg --> ftp.oxfordpast.com /ohs/peach-festival/2010_Animals-of-Oxford- oxfair677290.jpg
2020.04.08 11:20 B C:\Users\dotti\Desktop\peach-festival\2010_Animals-of-Oxford-\oxfair677291.jpg --> ftp.oxfordpast.com /ohs/peach-festival/2010_Animals-of-Oxford- oxfair677291.jpg
2020.04.08 11:20 B C:\Users\dotti\Desktop\peach-festival\2010_Animals-of-Oxford-\oxfair677292.jpg --> ftp.oxfordpast.com /ohs/peach-festival/2010_Animals-of-Oxford- oxfair677292.jpg
2020.04.08 11:20 B C:\Users\dotti\Desktop\peach-festival\2010_Animals-of-Oxford-\oxfair677293.jpg --> ftp.oxfordpast.com /ohs/peach-festival/2010_Animals-of-Oxford- oxfair677293.jpg
2020.04.08 11:20 B C:\Users\dotti\Desktop\peach-festival\2010_Animals-of-Oxford-\oxfair677294.jpg --> ftp.oxfordpast.com /ohs/peach-festival/2010_Animals-of-Oxford- oxfair677294.jpg
2020.04.08 11:20 B C:\Users\dotti\Desktop\peach-festival\2010_Animals-of-Oxford-\oxfair677295.jpg --> ftp.oxfordpast.com /ohs/peach-festival/2010_Animals-of-Oxford- oxfair677295.jpg
2020.04.08 11:20 B C:\Users\dotti\Desktop\peach-festival\2010_Animals-of-Oxford-\oxfair677296.jpg --> ftp.oxfordpast.com /ohs/peach-festival/2010_Animals-of-Oxford- oxfair677296.jpg
2020.04.08 11:20 B C:\Users\dotti\Desktop\peach-festival\2010_Animals-of-Oxford-\oxfair677297.jpg --> ftp.oxfordpast.com /ohs/peach-festival/2010_Animals-of-Oxford- oxfair677297.jpg
2020.04.08 11:20 B C:\Users\dotti\Desktop\peach-festival\2010_Animals-of-Oxford-\oxfair677298.jpg --> ftp.oxfordpast.com /ohs/peach-festival/2010_Animals-of-Oxford- oxfair677298.jpg
2020.04.08 11:20 B C:\Users\dotti\Desktop\peach-festival\2010_Animals-of-Oxford-\oxfair677299.jpg --> ftp.oxfordpast.com /ohs/peach-festival/2010_Animals-of-Oxford- oxfair677299.jpg
2020.04.08 11:20 B C:\Users\dotti\Desktop\peach-festival\2010_Animals-of-Oxford-\oxfair677300.jpg --> ftp.oxfordpast.com /ohs/peach-festival/2010_Animals-of-Oxford- oxfair677300.jpg
2020.04.08 11:20 B C:\Users\dotti\Desktop\peach-festival\2010_Animals-of-Oxford-\oxfair677301.jpg --> ftp.oxfordpast.com /ohs/peach-festival/2010_Animals-of-Oxford- oxfair677301.jpg
2020.04.08 11:21 B C:\Users\dotti\Desktop\peach-festival\2010_Animals-of-Oxford-\oxfair677302.jpg --> ftp.oxfordpast.com /ohs/peach-festival/2010_Animals-of-Oxford- oxfair677302.jpg
2020.04.08 11:21 B C:\Users\dotti\Desktop\peach-festival\2010_Animals-of-Oxford-\oxfair677303.jpg --> ftp.oxfordpast.com /ohs/peach-festival/2010_Animals-of-Oxford- oxfair677303.jpg
2020.04.08 11:21 B C:\Users\dotti\Desktop\peach-festival\2010_Animals-of-Oxford-\oxfair677304.jpg --> ftp.oxfordpast.com /ohs/peach-festival/2010_Animals-of-Oxford- oxfair677304.jpg
2020.04.08 11:21 B C:\Users\dotti\Desktop\peach-festival\2010_Animals-of-Oxford-\oxfair677305.jpg --> ftp.oxfordpast.com /ohs/peach-festival/2010_Animals-of-Oxford- oxfair677305.jpg
2020.04.08 11:21 B C:\Users\dotti\Desktop\peach-festival\2010_Animals-of-Oxford-\oxfair677306.jpg --> ftp.oxfordpast.com /ohs/peach-festival/2010_Animals-of-Oxford- oxfair677306.jpg
2020.04.08 11:21 B C:\Users\dotti\Desktop\peach-festival\2010_Animals-of-Oxford-\oxfair677307.jpg --> ftp.oxfordpast.com /ohs/peach-festival/2010_Animals-of-Oxford- oxfair677307.jpg
2020.04.08 11:21 B C:\Users\dotti\Desktop\peach-festival\2010_Animals-of-Oxford-\oxfair677308.jpg --> ftp.oxfordpast.com /ohs/peach-festival/2010_Animals-of-Oxford- oxfair677308.jpg
2020.04.08 11:21 B C:\Users\dotti\Desktop\peach-festival\2010_Animals-of-Oxford-\oxfair677309.jpg --> ftp.oxfordpast.com /ohs/peach-festival/2010_Animals-of-Oxford- oxfair677309.jpg
2020.04.08 11:22 B C:\Users\dotti\Desktop\peach-festival\2010_Animals-of-Oxford-\oxfair677310.jpg --> ftp.oxfordpast.com /ohs/peach-festival/2010_Animals-of-Oxford- oxfair677310.jpg
2020.04.08 11:22 B C:\Users\dotti\Desktop\peach-festival\2010_Animals-of-Oxford-\oxfair677311.jpg --> ftp.oxfordpast.com /ohs/peach-festival/2010_Animals-of-Oxford- oxfair677311.jpg
2020.04.08 11:22 B C:\Users\dotti\Desktop\peach-festival\2010_Animals-of-Oxford-\oxfair677312.jpg --> ftp.oxfordpast.com /ohs/peach-festival/2010_Animals-of-Oxford- oxfair677312.jpg
2020.04.08 11:22 B C:\Users\dotti\Desktop\peach-festival\2010_Animals-of-Oxford-\oxfair677313.jpg --> ftp.oxfordpast.com /ohs/peach-festival/2010_Animals-of-Oxford- oxfair677313.jpg
2020.04.08 11:22 B C:\Users\dotti\Desktop\peach-festival\2010_Animals-of-Oxford-\oxfair677315.jpg --> ftp.oxfordpast.com /ohs/peach-festival/2010_Animals-of-Oxford- oxfair677315.jpg
2020.04.08 11:23 B C:\Users\dotti\Desktop\peach-festival\2010_Animals-of-Oxford-\oxfair677316.jpg --> ftp.oxfordpast.com /ohs/peach-festival/2010_Animals-of-Oxford- oxfair677316.jpg
2020.04.08 11:23 B C:\Users\dotti\Desktop\peach-festival\2010_Animals-of-Oxford-\oxfair677317.jpg --> ftp.oxfordpast.com /ohs/peach-festival/2010_Animals-of-Oxford- oxfair677317.jpg
2020.04.08 11:23 B C:\Users\dotti\Desktop\peach-festival\2010_Animals-of-Oxford-\oxfair677318.jpg --> ftp.oxfordpast.com /ohs/peach-festival/2010_Animals-of-Oxford- oxfair677318.jpg
2020.04.08 11:23 B C:\Users\dotti\Desktop\peach-festival\2010_Animals-of-Oxford-\oxfair677319.jpg --> ftp.oxfordpast.com /ohs/peach-festival/2010_Animals-of-Oxford- oxfair677319.jpg
2020.04.08 11:23 B C:\Users\dotti\Desktop\peach-festival\2010_Animals-of-Oxford-\oxfair677320.jpg --> ftp.oxfordpast.com /ohs/peach-festival/2010_Animals-of-Oxford- oxfair677320.jpg
2020.04.08 11:23 B C:\Users\dotti\Desktop\peach-festival\2010_Animals-of-Oxford-\oxfair677321.jpg --> ftp.oxfordpast.com /ohs/peach-festival/2010_Animals-of-Oxford- oxfair677321.jpg
2020.04.08 11:24 B C:\Users\dotti\Desktop\peach-festival\2010_Animals-of-Oxford-\oxfair677322.jpg --> ftp.oxfordpast.com /ohs/peach-festival/2010_Animals-of-Oxford- oxfair677322.jpg
2020.04.08 11:24 B C:\Users\dotti\Desktop\peach-festival\2010_Animals-of-Oxford-\oxfair677323.jpg --> ftp.oxfordpast.com /ohs/peach-festival/2010_Animals-of-Oxford- oxfair677323.jpg
2020.04.08 11:24 B C:\Users\dotti\Desktop\peach-festival\2010_Animals-of-Oxford-\oxfair677324.jpg --> ftp.oxfordpast.com /ohs/peach-festival/2010_Animals-of-Oxford- oxfair677324.jpg
2020.04.08 11:24 B C:\Users\dotti\Desktop\peach-festival\2010_Animals-of-Oxford-\oxfair677325.jpg --> ftp.oxfordpast.com /ohs/peach-festival/2010_Animals-of-Oxford- oxfair677325.jpg
2020.04.08 11:24 B C:\Users\dotti\Desktop\peach-festival\2010_Animals-of-Oxford-\oxfair677326.jpg --> ftp.oxfordpast.com /ohs/peach-festival/2010_Animals-of-Oxford- oxfair677326.jpg
2020.04.08 11:24 B C:\Users\dotti\Desktop\peach-festival\2010_Animals-of-Oxford-\oxfair677327.jpg --> ftp.oxfordpast.com /ohs/peach-festival/2010_Animals-of-Oxford- oxfair677327.jpg
2020.04.08 11:24 B C:\Users\dotti\Desktop\peach-festival\2010_Animals-of-Oxford-\oxfair677328.jpg --> ftp.oxfordpast.com /ohs/peach-festival/2010_Animals-of-Oxford- oxfair677328.jpg
2020.04.08 11:24 B C:\Users\dotti\Desktop\peach-festival\2010_Animals-of-Oxford-\oxfair677329.jpg --> ftp.oxfordpast.com /ohs/peach-festival/2010_Animals-of-Oxford- oxfair677329.jpg
2020.04.08 11:24 B C:\Users\dotti\Desktop\peach-festival\2010_Animals-of-Oxford-\oxfair677331.jpg --> ftp.oxfordpast.com /ohs/peach-festival/2010_Animals-of-Oxford- oxfair677331.jpg
2020.04.08 11:24 B C:\Users\dotti\Desktop\peach-festival\2010_Animals-of-Oxford-\oxfair677332.jpg --> ftp.oxfordpast.com /ohs/peach-festival/2010_Animals-of-Oxford- oxfair677332.jpg
2020.04.08 11:24 B C:\Users\dotti\Desktop\peach-festival\2010_Animals-of-Oxford-\oxfair677333.jpg --> ftp.oxfordpast.com /ohs/peach-festival/2010_Animals-of-Oxford- oxfair677333.jpg
2020.04.08 11:24 B C:\Users\dotti\Desktop\peach-festival\2010_Animals-of-Oxford-\oxfair677334.jpg --> ftp.oxfordpast.com /ohs/peach-festival/2010_Animals-of-Oxford- oxfair677334.jpg
2020.04.08 11:24 B C:\Users\dotti\Desktop\peach-festival\2010_Animals-of-Oxford-\oxfair677335.jpg --> ftp.oxfordpast.com /ohs/peach-festival/2010_Animals-of-Oxford- oxfair677335.jpg
2020.04.08 11:24 B C:\Users\dotti\Desktop\peach-festival\2010_Animals-of-Oxford-\oxfair677336.jpg --> ftp.oxfordpast.com /ohs/peach-festival/2010_Animals-of-Oxford- oxfair677336.jpg
2020.04.08 11:25 B C:\Users\dotti\Desktop\peach-festival\2010_Animals-of-Oxford-\oxfair677337.jpg --> ftp.oxfordpast.com /ohs/peach-festival/2010_Animals-of-Oxford- oxfair677337.jpg
2020.04.08 11:25 B C:\Users\dotti\Desktop\peach-festival\2010_Animals-of-Oxford-\oxfair677338.jpg --> ftp.oxfordpast.com /ohs/peach-festival/2010_Animals-of-Oxford- oxfair677338.jpg
2020.04.08 11:25 B C:\Users\dotti\Desktop\peach-festival\2010_Animals-of-Oxford-\oxfair677339.jpg --> ftp.oxfordpast.com /ohs/peach-festival/2010_Animals-of-Oxford- oxfair677339.jpg
2020.04.08 11:25 B C:\Users\dotti\Desktop\peach-festival\2010_Animals-of-Oxford-\oxfair677340.jpg --> ftp.oxfordpast.com /ohs/peach-festival/2010_Animals-of-Oxford- oxfair677340.jpg
2020.04.08 11:25 B C:\Users\dotti\Desktop\peach-festival\2010_Animals-of-Oxford-\oxfair677341.jpg --> ftp.oxfordpast.com /ohs/peach-festival/2010_Animals-of-Oxford- oxfair677341.jpg
2020.04.08 11:25 B C:\Users\dotti\Desktop\peach-festival\2010_Animals-of-Oxford-\oxfair677342.jpg --> ftp.oxfordpast.com /ohs/peach-festival/2010_Animals-of-Oxford- oxfair677342.jpg
2020.04.08 11:25 B C:\Users\dotti\Desktop\peach-festival\2010_Animals-of-Oxford-\oxfair677343.jpg --> ftp.oxfordpast.com /ohs/peach-festival/2010_Animals-of-Oxford- oxfair677343.jpg
2020.04.08 11:25 B C:\Users\dotti\Desktop\peach-festival\2010_Animals-of-Oxford-\oxfair677344.jpg --> ftp.oxfordpast.com /ohs/peach-festival/2010_Animals-of-Oxford- oxfair677344.jpg
2020.04.08 11:25 B C:\Users\dotti\Desktop\peach-festival\2010_Animals-of-Oxford-\oxfair677345.jpg --> ftp.oxfordpast.com /ohs/peach-festival/2010_Animals-of-Oxford- oxfair677345.jpg
2020.04.08 11:25 B C:\Users\dotti\Desktop\peach-festival\2010_Animals-of-Oxford-\oxfair677346.jpg --> ftp.oxfordpast.com /ohs/peach-festival/2010_Animals-of-Oxford- oxfair677346.jpg
2020.04.08 11:25 B C:\Users\dotti\Desktop\peach-festival\2010_Animals-of-Oxford-\oxfair677347.jpg --> ftp.oxfordpast.com /ohs/peach-festival/2010_Animals-of-Oxford- oxfair677347.jpg
2020.04.08 11:25 B C:\Users\dotti\Desktop\peach-festival\2010_Animals-of-Oxford-\oxfair677348.jpg --> ftp.oxfordpast.com /ohs/peach-festival/2010_Animals-of-Oxford- oxfair677348.jpg
2020.04.08 11:25 B C:\Users\dotti\Desktop\peach-festival\2010_Animals-of-Oxford-\oxfair677349.jpg --> ftp.oxfordpast.com /ohs/peach-festival/2010_Animals-of-Oxford- oxfair677349.jpg
2020.04.08 11:25 B C:\Users\dotti\Desktop\peach-festival\2010_Animals-of-Oxford-\oxfair677350.jpg --> ftp.oxfordpast.com /ohs/peach-festival/2010_Animals-of-Oxford- oxfair677350.jpg
2020.04.08 11:25 B C:\Users\dotti\Desktop\peach-festival\2010_Animals-of-Oxford-\oxfair677353.jpg --> ftp.oxfordpast.com /ohs/peach-festival/2010_Animals-of-Oxford- oxfair677353.jpg
2020.04.08 11:25 B C:\Users\dotti\Desktop\peach-festival\2010_Animals-of-Oxford-\oxfair677354.jpg --> ftp.oxfordpast.com /ohs/peach-festival/2010_Animals-of-Oxford- oxfair677354.jpg
2020.04.08 11:25 B C:\Users\dotti\Desktop\peach-festival\2010_Animals-of-Oxford-\oxfair677355.jpg --> ftp.oxfordpast.com /ohs/peach-festival/2010_Animals-of-Oxford- oxfair677355.jpg
2020.04.08 11:26 B C:\Users\dotti\Desktop\peach-festival\2010_Animals-of-Oxford-\oxfair677356.jpg --> ftp.oxfordpast.com /ohs/peach-festival/2010_Animals-of-Oxford- oxfair677356.jpg
2020.04.08 11:26 B C:\Users\dotti\Desktop\peach-festival\2010_Animals-of-Oxford-\oxfair677357.jpg --> ftp.oxfordpast.com /ohs/peach-festival/2010_Animals-of-Oxford- oxfair677357.jpg
2020.04.08 11:26 B C:\Users\dotti\Desktop\peach-festival\2010_Animals-of-Oxford-\oxfair677358.jpg --> ftp.oxfordpast.com /ohs/peach-festival/2010_Animals-of-Oxford- oxfair677358.jpg
2020.04.08 11:26 B C:\Users\dotti\Desktop\peach-festival\2010_Animals-of-Oxford-\oxfair677360.jpg --> ftp.oxfordpast.com /ohs/peach-festival/2010_Animals-of-Oxford- oxfair677360.jpg
2020.04.08 11:26 B C:\Users\dotti\Desktop\peach-festival\2010_Animals-of-Oxford-\oxfair677361.jpg --> ftp.oxfordpast.com /ohs/peach-festival/2010_Animals-of-Oxford- oxfair677361.jpg
2020.04.08 11:26 B C:\Users\dotti\Desktop\peach-festival\2010_Animals-of-Oxford-\oxfair677362.jpg --> ftp.oxfordpast.com /ohs/peach-festival/2010_Animals-of-Oxford- oxfair677362.jpg
2020.04.08 11:26 B C:\Users\dotti\Desktop\peach-festival\2010_Animals-of-Oxford-\oxfair677363.jpg --> ftp.oxfordpast.com /ohs/peach-festival/2010_Animals-of-Oxford- oxfair677363.jpg
2020.04.08 11:26 B C:\Users\dotti\Desktop\peach-festival\2010_Animals-of-Oxford-\oxfair677365.jpg --> ftp.oxfordpast.com /ohs/peach-festival/2010_Animals-of-Oxford- oxfair677365.jpg
2020.04.08 11:26 B C:\Users\dotti\Desktop\peach-festival\2010_Animals-of-Oxford-\oxfair677366.jpg --> ftp.oxfordpast.com /ohs/peach-festival/2010_Animals-of-Oxford- oxfair677366.jpg
2020.04.08 11:26 B C:\Users\dotti\Desktop\peach-festival\2010_Animals-of-Oxford-\oxfair677367.jpg --> ftp.oxfordpast.com /ohs/peach-festival/2010_Animals-of-Oxford- oxfair677367.jpg
2020.04.08 11:26 B C:\Users\dotti\Desktop\peach-festival\2010_Animals-of-Oxford-\oxfair677368.jpg --> ftp.oxfordpast.com /ohs/peach-festival/2010_Animals-of-Oxford- oxfair677368.jpg
2020.04.08 11:26 B C:\Users\dotti\Desktop\peach-festival\2010_Animals-of-Oxford-\oxfair677369.jpg --> ftp.oxfordpast.com /ohs/peach-festival/2010_Animals-of-Oxford- oxfair677369.jpg
2020.04.08 11:26 B C:\Users\dotti\Desktop\peach-festival\2010_Animals-of-Oxford-\oxfair677370.jpg --> ftp.oxfordpast.com /ohs/peach-festival/2010_Animals-of-Oxford- oxfair677370.jpg
2020.04.08 11:26 B C:\Users\dotti\Desktop\peach-festival\2010_Animals-of-Oxford-\oxfair677371.jpg --> ftp.oxfordpast.com /ohs/peach-festival/2010_Animals-of-Oxford- oxfair677371.jpg
2020.04.08 11:26 B C:\Users\dotti\Desktop\peach-festival\2010_Animals-of-Oxford-\oxfair677372.jpg --> ftp.oxfordpast.com /ohs/peach-festival/2010_Animals-of-Oxford- oxfair677372.jpg
2020.04.08 11:26 B C:\Users\dotti\Desktop\peach-festival\2010_Animals-of-Oxford-\oxfair677373.jpg --> ftp.oxfordpast.com /ohs/peach-festival/2010_Animals-of-Oxford- oxfair677373.jpg
2020.04.08 11:27 B C:\Users\dotti\Desktop\peach-festival\2010_Animals-of-Oxford-\oxfair677374.jpg --> ftp.oxfordpast.com /ohs/peach-festival/2010_Animals-of-Oxford- oxfair677374.jpg
2020.04.08 11:27 B C:\Users\dotti\Desktop\peach-festival\2010_Animals-of-Oxford-\oxfair677375.jpg --> ftp.oxfordpast.com /ohs/peach-festival/2010_Animals-of-Oxford- oxfair677375.jpg
2020.04.08 11:27 B C:\Users\dotti\Desktop\peach-festival\2010_Animals-of-Oxford-\oxfair677376.jpg --> ftp.oxfordpast.com /ohs/peach-festival/2010_Animals-of-Oxford- oxfair677376.jpg
2020.04.08 11:27 B C:\Users\dotti\Desktop\peach-festival\2010_Animals-of-Oxford-\oxfair677377.jpg --> ftp.oxfordpast.com /ohs/peach-festival/2010_Animals-of-Oxford- oxfair677377.jpg
2020.04.08 11:27 B C:\Users\dotti\Desktop\peach-festival\2010_Animals-of-Oxford-\oxfair677378.jpg --> ftp.oxfordpast.com /ohs/peach-festival/2010_Animals-of-Oxford- oxfair677378.jpg
2020.04.08 11:27 B C:\Users\dotti\Desktop\peach-festival\2010_Animals-of-Oxford-\oxfair677379.jpg --> ftp.oxfordpast.com /ohs/peach-festival/2010_Animals-of-Oxford- oxfair677379.jpg
2020.04.08 11:27 B C:\Users\dotti\Desktop\peach-festival\2010_Animals-of-Oxford-\oxfair677380.jpg --> ftp.oxfordpast.com /ohs/peach-festival/2010_Animals-of-Oxford- oxfair677380.jpg
2020.04.08 11:27 B C:\Users\dotti\Desktop\peach-festival\2010_Animals-of-Oxford-\Paul-L-Barry.jpg --> ftp.oxfordpast.com /ohs/peach-festival/2010_Animals-of-Oxford- Paul-L-Barry.jpg
2020.04.08 11:27 B C:\Users\dotti\Desktop\peach-festival\2010_Animals-of-Oxford-\s-b-church-beach.png --> ftp.oxfordpast.com /ohs/peach-festival/2010_Animals-of-Oxford- s-b-church-beach.png
2020.04.08 11:27 B C:\Users\dotti\Desktop\peach-festival\2010_Animals-of-Oxford-\Salty.jpg --> ftp.oxfordpast.com /ohs/peach-festival/2010_Animals-of-Oxford- Salty.jpg
2020.04.08 11:27 B C:\Users\dotti\Desktop\peach-festival\2010_Animals-of-Oxford-\scan0007.jpg --> ftp.oxfordpast.com /ohs/peach-festival/2010_Animals-of-Oxford- scan0007.jpg
2020.04.08 11:27 B C:\Users\dotti\Desktop\peach-festival\2010_Animals-of-Oxford-\scan0009_Kluz.jpg --> ftp.oxfordpast.com /ohs/peach-festival/2010_Animals-of-Oxford- scan0009_Kluz.jpg
2020.04.08 11:27 B C:\Users\dotti\Desktop\peach-festival\2010_Animals-of-Oxford-\scan0021.jpg --> ftp.oxfordpast.com /ohs/peach-festival/2010_Animals-of-Oxford- scan0021.jpg
2020.04.08 11:27 B C:\Users\dotti\Desktop\peach-festival\2010_Animals-of-Oxford-\scan010-.jpg --> ftp.oxfordpast.com /ohs/peach-festival/2010_Animals-of-Oxford- scan010-.jpg
2020.04.08 11:27 B C:\Users\dotti\Desktop\peach-festival\2010_Animals-of-Oxford-\scan072_Johnnie-Gillotti-sOxen-at-Oxford-School-Fair-grounds-edna-smith-photo.jpg --> ftp.oxfordpast.com /ohs/peach-festival/2010_Animals-of-Oxford- scan072_Johnnie-Gillotti-sOxen-at-Oxford-School-Fair-grounds-edna-smith-photo.jpg
2020.04.08 11:27 B C:\Users\dotti\Desktop\peach-festival\2010_Animals-of-Oxford-\Stanley-Popowski,Sr-beekeeper-1977.jpg --> ftp.oxfordpast.com /ohs/peach-festival/2010_Animals-of-Oxford- Stanley-Popowski,Sr-beekeeper-1977.jpg
2020.04.08 11:27 B C:\Users\dotti\Desktop\peach-festival\2010_Animals-of-Oxford-\steinis-photo=horse-drawn-hay-wagon.jpg --> ftp.oxfordpast.com /ohs/peach-festival/2010_Animals-of-Oxford- steinis-photo=horse-drawn-hay-wagon.jpg
2020.04.08 11:27 B C:\Users\dotti\Desktop\peach-festival\2010_Animals-of-Oxford-\TitlePage_Preview.jpg --> ftp.oxfordpast.com /ohs/peach-festival/2010_Animals-of-Oxford- TitlePage_Preview.jpg
2020.04.08 11:27 B C:\Users\dotti\Desktop\peach-festival\2010_Animals-of-Oxford-\TitlePage_Preview_Initial.jpg --> ftp.oxfordpast.com /ohs/peach-festival/2010_Animals-of-Oxford- TitlePage_Preview_Initial.jpg
2020.04.08 11:27 B C:\Users\dotti\Desktop\peach-festival\2010_Animals-of-Oxford-\TitlePage_Preview_Temp.jpg --> ftp.oxfordpast.com /ohs/peach-festival/2010_Animals-of-Oxford- TitlePage_Preview_Temp.jpg
