2013.02.01 15:57 B F:\OxfordPast\Treat\pages\treathouse3.jpg --> our-oxford.info /public_html/opn/Treat/pages treathouse3.jpg
2013.02.01 15:57 B F:\OxfordPast\Treat\pages\treathouse3.html --> our-oxford.info /public_html/opn/Treat/pages treathouse3.html
2013.02.01 15:57 B F:\OxfordPast\Treat\pages\treathouse2.jpg --> our-oxford.info /public_html/opn/Treat/pages treathouse2.jpg
2013.02.01 15:57 B F:\OxfordPast\Treat\pages\treathouse2.html --> our-oxford.info /public_html/opn/Treat/pages treathouse2.html
2013.02.01 15:57 B F:\OxfordPast\Treat\pages\Treat.html --> our-oxford.info /public_html/opn/Treat/pages Treat.html
2013.02.01 15:57 B F:\OxfordPast\Treat\pages\Treat-Chatfield.jpg --> our-oxford.info /public_html/opn/Treat/pages Treat-Chatfield.jpg
2013.02.01 15:57 B F:\OxfordPast\Treat\pages\Treat-Chatfield.html --> our-oxford.info /public_html/opn/Treat/pages Treat-Chatfield.html
2013.02.01 15:57 B F:\OxfordPast\Treat\pages\scan.jpg --> our-oxford.info /public_html/opn/Treat/pages scan.jpg
2013.02.01 15:57 B F:\OxfordPast\Treat\pages\scan.html --> our-oxford.info /public_html/opn/Treat/pages scan.html
2013.02.01 15:57 B F:\OxfordPast\Treat\pages\Photo0039.jpg --> our-oxford.info /public_html/opn/Treat/pages Photo0039.jpg
2013.02.01 15:57 B F:\OxfordPast\Treat\pages\Photo0039.html --> our-oxford.info /public_html/opn/Treat/pages Photo0039.html
2013.02.01 15:57 B F:\OxfordPast\Treat\pages\pa106.jpg --> our-oxford.info /public_html/opn/Treat/pages pa106.jpg
2013.02.01 15:57 B F:\OxfordPast\Treat\pages\pa106.html --> our-oxford.info /public_html/opn/Treat/pages pa106.html
2013.02.01 15:57 B F:\OxfordPast\Treat\pages\pa105.jpg --> our-oxford.info /public_html/opn/Treat/pages pa105.jpg
2013.02.01 15:57 B F:\OxfordPast\Treat\pages\pa105.html --> our-oxford.info /public_html/opn/Treat/pages pa105.html
2013.02.01 15:57 B F:\OxfordPast\Treat\pages\pa104.jpg --> our-oxford.info /public_html/opn/Treat/pages pa104.jpg
2013.02.01 15:57 B F:\OxfordPast\Treat\pages\pa104.html --> our-oxford.info /public_html/opn/Treat/pages pa104.html
2013.02.01 15:57 B F:\OxfordPast\Treat\pages\pa103.jpg --> our-oxford.info /public_html/opn/Treat/pages pa103.jpg
2013.02.01 15:57 B F:\OxfordPast\Treat\pages\pa103.html --> our-oxford.info /public_html/opn/Treat/pages pa103.html
2013.02.01 15:57 B F:\OxfordPast\Treat\pages\pa102.jpg --> our-oxford.info /public_html/opn/Treat/pages pa102.jpg
2013.02.01 15:57 B F:\OxfordPast\Treat\pages\pa102.html --> our-oxford.info /public_html/opn/Treat/pages pa102.html
2013.02.01 15:57 B F:\OxfordPast\Treat\pages\pa101.jpg --> our-oxford.info /public_html/opn/Treat/pages pa101.jpg
2013.02.01 15:57 B F:\OxfordPast\Treat\pages\pa101.html --> our-oxford.info /public_html/opn/Treat/pages pa101.html
2013.02.01 15:57 B F:\OxfordPast\Treat\pages\pa100.jpg --> our-oxford.info /public_html/opn/Treat/pages pa100.jpg
2013.02.01 15:57 B F:\OxfordPast\Treat\pages\pa100.html --> our-oxford.info /public_html/opn/Treat/pages pa100.html
2013.02.01 15:57 B F:\OxfordPast\Treat\pages\numbered.jpg --> our-oxford.info /public_html/opn/Treat/pages numbered.jpg
2013.02.01 15:57 B F:\OxfordPast\Treat\pages\jennie.jpg --> our-oxford.info /public_html/opn/Treat/pages jennie.jpg
2013.02.01 15:57 B F:\OxfordPast\Treat\pages\jennie.html --> our-oxford.info /public_html/opn/Treat/pages jennie.html
2013.02.01 15:57 B F:\OxfordPast\Treat\pages\ACT.jpg --> our-oxford.info /public_html/opn/Treat/pages ACT.jpg
