2013.02.01 16:04 B F:\OxfordPast\Cheryl\chtn150.htm --> our-oxford.info /public_html/opn/Cheryl chtn150.htm
2013.02.01 16:04 B F:\OxfordPast\Cheryl\chtn104.htm --> our-oxford.info /public_html/opn/Cheryl chtn104.htm
2013.02.01 16:04 B F:\OxfordPast\Cheryl\chtn93.htm --> our-oxford.info /public_html/opn/Cheryl chtn93.htm
2013.02.01 16:04 B F:\OxfordPast\Cheryl\Emily_C._(Chatfield)_Sperry.html --> our-oxford.info /public_html/opn/Cheryl Emily_C._(Chatfield)_Sperry.html
2013.02.01 16:04 B F:\OxfordPast\Cheryl\chtn185.htm --> our-oxford.info /public_html/opn/Cheryl chtn185.htm
2013.02.01 16:04 B F:\OxfordPast\Cheryl\chtn18.htm --> our-oxford.info /public_html/opn/Cheryl chtn18.htm
2013.02.01 16:04 B F:\OxfordPast\Cheryl\sb3f6.htm --> our-oxford.info /public_html/opn/Cheryl sb3f6.htm
2013.02.01 16:04 B F:\OxfordPast\Cheryl\sb353.htm --> our-oxford.info /public_html/opn/Cheryl sb353.htm
2013.02.01 16:04 B F:\OxfordPast\Cheryl\sb36a.htm --> our-oxford.info /public_html/opn/Cheryl sb36a.htm
2013.02.01 16:04 B F:\OxfordPast\Cheryl\chtc18.htm --> our-oxford.info /public_html/opn/Cheryl chtc18.htm
2013.02.01 16:04 B F:\OxfordPast\Cheryl\chtn89.htm --> our-oxford.info /public_html/opn/Cheryl chtn89.htm
2013.02.01 16:04 B F:\OxfordPast\Cheryl\chtc189.htm --> our-oxford.info /public_html/opn/Cheryl chtc189.htm
2013.02.01 16:04 B F:\OxfordPast\Cheryl\sb1dd.htm --> our-oxford.info /public_html/opn/Cheryl sb1dd.htm
2013.02.01 16:04 B F:\OxfordPast\Cheryl\chtc180.htm --> our-oxford.info /public_html/opn/Cheryl chtc180.htm
2013.02.01 16:04 B F:\OxfordPast\Cheryl\chtc41.htm --> our-oxford.info /public_html/opn/Cheryl chtc41.htm
2013.02.01 16:04 B F:\OxfordPast\Cheryl\chtc115.htm --> our-oxford.info /public_html/opn/Cheryl chtc115.htm
2013.02.01 16:04 B F:\OxfordPast\Cheryl\chtc146.htm --> our-oxford.info /public_html/opn/Cheryl chtc146.htm
2013.02.01 16:04 B F:\OxfordPast\Cheryl\chtc181.htm --> our-oxford.info /public_html/opn/Cheryl chtc181.htm
2013.02.01 16:04 B F:\OxfordPast\Cheryl\chtc42.htm --> our-oxford.info /public_html/opn/Cheryl chtc42.htm
2013.02.01 16:04 B F:\OxfordPast\Cheryl\chtc158.htm --> our-oxford.info /public_html/opn/Cheryl chtc158.htm
2013.02.01 16:04 B F:\OxfordPast\Cheryl\sb356.htm --> our-oxford.info /public_html/opn/Cheryl sb356.htm
2013.02.01 16:04 B F:\OxfordPast\Cheryl\sb1051.htm --> our-oxford.info /public_html/opn/Cheryl sb1051.htm
2013.02.01 16:04 B F:\OxfordPast\Cheryl\sb1067.htm --> our-oxford.info /public_html/opn/Cheryl sb1067.htm
2013.02.01 16:04 B F:\OxfordPast\Cheryl\sb1e9.htm --> our-oxford.info /public_html/opn/Cheryl sb1e9.htm
2013.02.01 16:04 B F:\OxfordPast\Cheryl\chtn22.htm --> our-oxford.info /public_html/opn/Cheryl chtn22.htm
2013.02.01 16:04 B F:\OxfordPast\Cheryl\chtc62.htm --> our-oxford.info /public_html/opn/Cheryl chtc62.htm
2013.02.01 16:04 B F:\OxfordPast\Cheryl\chtc82.htm --> our-oxford.info /public_html/opn/Cheryl chtc82.htm
2013.02.01 16:04 B F:\OxfordPast\Cheryl\chtc96.htm --> our-oxford.info /public_html/opn/Cheryl chtc96.htm
2013.02.01 16:04 B F:\OxfordPast\Cheryl\chtc140.htm --> our-oxford.info /public_html/opn/Cheryl chtc140.htm
2013.02.01 16:04 B F:\OxfordPast\Cheryl\chtc84.htm --> our-oxford.info /public_html/opn/Cheryl chtc84.htm
2013.02.01 16:04 B F:\OxfordPast\Cheryl\chtn192.htm --> our-oxford.info /public_html/opn/Cheryl chtn192.htm
2013.02.01 16:04 B F:\OxfordPast\Cheryl\chtn83.htm --> our-oxford.info /public_html/opn/Cheryl chtn83.htm
2013.02.01 16:04 B F:\OxfordPast\Cheryl\sba2.htm --> our-oxford.info /public_html/opn/Cheryl sba2.htm
2013.02.01 16:04 B F:\OxfordPast\Cheryl\sbd67.htm --> our-oxford.info /public_html/opn/Cheryl sbd67.htm
2013.02.01 16:04 B F:\OxfordPast\Cheryl\chtn21.htm --> our-oxford.info /public_html/opn/Cheryl chtn21.htm
2013.02.01 16:04 B F:\OxfordPast\Cheryl\chtn62.htm --> our-oxford.info /public_html/opn/Cheryl chtn62.htm
2013.02.01 16:04 B F:\OxfordPast\Cheryl\sb3f7.htm --> our-oxford.info /public_html/opn/Cheryl sb3f7.htm
2013.02.01 16:04 B F:\OxfordPast\Cheryl\start.jpg --> our-oxford.info /public_html/opn/Cheryl start.jpg
2013.02.01 16:04 B F:\OxfordPast\Cheryl\prev.jpg --> our-oxford.info /public_html/opn/Cheryl prev.jpg
2013.02.01 16:04 B F:\OxfordPast\Cheryl\next.jpg --> our-oxford.info /public_html/opn/Cheryl next.jpg
2013.02.01 16:04 B F:\OxfordPast\Cheryl\home.jpg --> our-oxford.info /public_html/opn/Cheryl home.jpg
2013.02.01 16:04 B F:\OxfordPast\Cheryl\end.jpg --> our-oxford.info /public_html/opn/Cheryl end.jpg
2013.02.01 16:04 B F:\OxfordPast\Cheryl\FREDER~1.html --> our-oxford.info /public_html/opn/Cheryl FREDER~1.html
2013.02.01 16:04 B F:\OxfordPast\Cheryl\chtc87.htm --> our-oxford.info /public_html/opn/Cheryl chtc87.htm
2013.02.01 16:04 B F:\OxfordPast\Cheryl\chtc23.htm --> our-oxford.info /public_html/opn/Cheryl chtc23.htm
2013.02.01 16:04 B F:\OxfordPast\Cheryl\Enos_Chatfield1.html --> our-oxford.info /public_html/opn/Cheryl Enos_Chatfield1.html
2013.02.01 16:04 B F:\OxfordPast\Cheryl\chtc85.htm --> our-oxford.info /public_html/opn/Cheryl chtc85.htm
2013.02.01 16:04 B F:\OxfordPast\Cheryl\chtc144.htm --> our-oxford.info /public_html/opn/Cheryl chtc144.htm
2013.02.01 16:04 B F:\OxfordPast\Cheryl\Donald_and_Sisters.html --> our-oxford.info /public_html/opn/Cheryl Donald_and_Sisters.html
2013.02.01 16:04 B F:\OxfordPast\Cheryl\chtc22.htm --> our-oxford.info /public_html/opn/Cheryl chtc22.htm
2013.02.01 16:04 B F:\OxfordPast\Cheryl\chtc153.htm --> our-oxford.info /public_html/opn/Cheryl chtc153.htm
2013.02.01 16:04 B F:\OxfordPast\Cheryl\chtn187.htm --> our-oxford.info /public_html/opn/Cheryl chtn187.htm
2013.02.01 16:04 B F:\OxfordPast\Cheryl\t.html --> our-oxford.info /public_html/opn/Cheryl t.html
2013.02.01 16:05 B F:\OxfordPast\Cheryl\chtc117.htm --> our-oxford.info /public_html/opn/Cheryl chtc117.htm
2013.02.01 16:05 B F:\OxfordPast\Cheryl\Cletus_and_Eileen_Daly.html --> our-oxford.info /public_html/opn/Cheryl Cletus_and_Eileen_Daly.html
2013.02.01 16:05 B F:\OxfordPast\Cheryl\Enos_Beecher_Chatfield2.html --> our-oxford.info /public_html/opn/Cheryl Enos_Beecher_Chatfield2.html
2013.02.01 16:05 B F:\OxfordPast\Cheryl\Enos_Beecher_Chatfield3.html --> our-oxford.info /public_html/opn/Cheryl Enos_Beecher_Chatfield3.html
2013.02.01 16:05 B F:\OxfordPast\Cheryl\Enos_Beecher_Chatfieldc.html --> our-oxford.info /public_html/opn/Cheryl Enos_Beecher_Chatfieldc.html
2013.02.01 16:05 B F:\OxfordPast\Cheryl\Roland_Wilbur_Chatfield.html --> our-oxford.info /public_html/opn/Cheryl Roland_Wilbur_Chatfield.html
2013.02.01 16:05 B F:\OxfordPast\Cheryl\WILLIAM_ELDON_CHATFIELD.html --> our-oxford.info /public_html/opn/Cheryl WILLIAM_ELDON_CHATFIELD.html
2013.02.01 16:05 B F:\OxfordPast\Cheryl\Julia_(Chatfield)_Thomas.html --> our-oxford.info /public_html/opn/Cheryl Julia_(Chatfield)_Thomas.html
2013.02.01 16:05 B F:\OxfordPast\Cheryl\William_Eldon_Chatfield3.html --> our-oxford.info /public_html/opn/Cheryl William_Eldon_Chatfield3.html
2013.02.01 16:05 B F:\OxfordPast\Cheryl\William_Eldon_Chatfield4.html --> our-oxford.info /public_html/opn/Cheryl William_Eldon_Chatfield4.html
2013.02.01 16:05 B F:\OxfordPast\Cheryl\William_Eldon_Chatfield5.html --> our-oxford.info /public_html/opn/Cheryl William_Eldon_Chatfield5.html
2013.02.01 16:05 B F:\OxfordPast\Cheryl\Harry_Mathew_Daly_Wedding.html --> our-oxford.info /public_html/opn/Cheryl Harry_Mathew_Daly_Wedding.html
2013.02.01 16:05 B F:\OxfordPast\Cheryl\chtc63.htm --> our-oxford.info /public_html/opn/Cheryl chtc63.htm
2013.02.01 16:05 B F:\OxfordPast\Cheryl\chtc149.htm --> our-oxford.info /public_html/opn/Cheryl chtc149.htm
2013.02.01 16:05 B F:\OxfordPast\Cheryl\Emily_C.html --> our-oxford.info /public_html/opn/Cheryl Emily_C.html
2013.02.01 16:05 B F:\OxfordPast\Cheryl\Frederick_Seymour_Chatfield.html --> our-oxford.info /public_html/opn/Cheryl Frederick_Seymour_Chatfield.html
2013.02.01 16:05 B F:\OxfordPast\Cheryl\Shirley_Mae_Harriet_Oswald1.html --> our-oxford.info /public_html/opn/Cheryl Shirley_Mae_Harriet_Oswald1.html
2013.02.01 16:05 B F:\OxfordPast\Cheryl\Eileen_Margaret_Daly_Wedding.html --> our-oxford.info /public_html/opn/Cheryl Eileen_Margaret_Daly_Wedding.html
2013.02.01 16:05 B F:\OxfordPast\Cheryl\Lucius_Perkins_Sperry_Family.html --> our-oxford.info /public_html/opn/Cheryl Lucius_Perkins_Sperry_Family.html
2013.02.01 16:05 B F:\OxfordPast\Cheryl\Roxa_Roxy_(Sperry)_Chatfield.html --> our-oxford.info /public_html/opn/Cheryl Roxa_Roxy_(Sperry)_Chatfield.html
2013.02.01 16:05 B F:\OxfordPast\Cheryl\Cheryl_Eileen_Chatfield_age_2.html --> our-oxford.info /public_html/opn/Cheryl Cheryl_Eileen_Chatfield_age_2.html
2013.02.01 16:05 B F:\OxfordPast\Cheryl\Eileen_Margaret_(Daly)_Chatfield.html --> our-oxford.info /public_html/opn/Cheryl Eileen_Margaret_(Daly)_Chatfield.html
2013.02.01 16:05 B F:\OxfordPast\Cheryl\Frederick_Seymour_Chatfield_1918.html --> our-oxford.info /public_html/opn/Cheryl Frederick_Seymour_Chatfield_1918.html
2013.02.01 16:05 B F:\OxfordPast\Cheryl\Charles_Smith_Chatfield_1835-1855.html --> our-oxford.info /public_html/opn/Cheryl Charles_Smith_Chatfield_1835-1855.html
2013.02.01 16:05 B F:\OxfordPast\Cheryl\Harry_Oswald_&_Emma_Louise_Karsch.html --> our-oxford.info /public_html/opn/Cheryl Harry_Oswald_&_Emma_Louise_Karsch.html
2013.02.01 16:05 B F:\OxfordPast\Cheryl\Mabel_Elizabeth_Chatfield_Wedding.html --> our-oxford.info /public_html/opn/Cheryl Mabel_Elizabeth_Chatfield_Wedding.html
2013.02.01 16:05 B F:\OxfordPast\Cheryl\Cheryl_Eileen_(Chatfield)_Thompson.html --> our-oxford.info /public_html/opn/Cheryl Cheryl_Eileen_(Chatfield)_Thompson.html
2013.02.01 16:05 B F:\OxfordPast\Cheryl\Mary_E.html --> our-oxford.info /public_html/opn/Cheryl Mary_E.html
2013.02.01 16:05 B F:\OxfordPast\Cheryl\Donald_Lester_Francis_Chatfield_W.html --> our-oxford.info /public_html/opn/Cheryl Donald_Lester_Francis_Chatfield_W.html
2013.02.01 16:05 B F:\OxfordPast\Cheryl\Mary_Elizabeth_(Seymour)_Chatfield1.html --> our-oxford.info /public_html/opn/Cheryl Mary_Elizabeth_(Seymour)_Chatfield1.html
2013.02.01 16:05 B F:\OxfordPast\Cheryl\Mary_Elizabeth_(Seymour)_Chatfield2.html --> our-oxford.info /public_html/opn/Cheryl Mary_Elizabeth_(Seymour)_Chatfield2.html
2013.02.01 16:05 B F:\OxfordPast\Cheryl\Mary_Elizabeth_(Seymour)_Chatfield3.html --> our-oxford.info /public_html/opn/Cheryl Mary_Elizabeth_(Seymour)_Chatfield3.html
2013.02.01 16:05 B F:\OxfordPast\Cheryl\Shirley_Mae_Harriet_Oswald_Wedding1.html --> our-oxford.info /public_html/opn/Cheryl Shirley_Mae_Harriet_Oswald_Wedding1.html
2013.02.01 16:05 B F:\OxfordPast\Cheryl\Donald_Lester_Francis_Chatfield_Wedding.html --> our-oxford.info /public_html/opn/Cheryl Donald_Lester_Francis_Chatfield_Wedding.html
2013.02.01 16:05 B F:\OxfordPast\Cheryl\Enos_Beecher_Chatfield-Civil_War_Reunion.html --> our-oxford.info /public_html/opn/Cheryl Enos_Beecher_Chatfield-Civil_War_Reunion.html
2013.02.01 16:05 B F:\OxfordPast\Cheryl\chtn142.htm --> our-oxford.info /public_html/opn/Cheryl chtn142.htm
2013.02.01 16:05 B F:\OxfordPast\Cheryl\chtn46.htm --> our-oxford.info /public_html/opn/Cheryl chtn46.htm
2013.02.01 16:05 B F:\OxfordPast\Cheryl\chtc141.htm --> our-oxford.info /public_html/opn/Cheryl chtc141.htm
2013.02.01 16:05 B F:\OxfordPast\Cheryl\chtc86.htm --> our-oxford.info /public_html/opn/Cheryl chtc86.htm
2013.02.01 16:05 B F:\OxfordPast\Cheryl\sb435.htm --> our-oxford.info /public_html/opn/Cheryl sb435.htm
2013.02.01 16:05 B F:\OxfordPast\Cheryl\chtn145.htm --> our-oxford.info /public_html/opn/Cheryl chtn145.htm
2013.02.01 16:05 B F:\OxfordPast\Cheryl\chtc74.htm --> our-oxford.info /public_html/opn/Cheryl chtc74.htm
2013.02.01 16:05 B F:\OxfordPast\Cheryl\chtc116.htm --> our-oxford.info /public_html/opn/Cheryl chtc116.htm
2013.02.01 16:05 B F:\OxfordPast\Cheryl\chtc165.htm --> our-oxford.info /public_html/opn/Cheryl chtc165.htm
2013.02.01 16:05 B F:\OxfordPast\Cheryl\chtc120.htm --> our-oxford.info /public_html/opn/Cheryl chtc120.htm
2013.02.01 16:05 B F:\OxfordPast\Cheryl\chtc197.htm --> our-oxford.info /public_html/opn/Cheryl chtc197.htm
2013.02.01 16:05 B F:\OxfordPast\Cheryl\chtn206.htm --> our-oxford.info /public_html/opn/Cheryl chtn206.htm
2013.02.01 16:05 B F:\OxfordPast\Cheryl\chtc160.htm --> our-oxford.info /public_html/opn/Cheryl chtc160.htm
2013.02.01 16:05 B F:\OxfordPast\Cheryl\chtn44.htm --> our-oxford.info /public_html/opn/Cheryl chtn44.htm
2013.02.01 16:05 B F:\OxfordPast\Cheryl\sb35d.htm --> our-oxford.info /public_html/opn/Cheryl sb35d.htm
2013.02.01 16:05 B F:\OxfordPast\Cheryl\chtc46.htm --> our-oxford.info /public_html/opn/Cheryl chtc46.htm
2013.02.01 16:05 B F:\OxfordPast\Cheryl\chtn66.htm --> our-oxford.info /public_html/opn/Cheryl chtn66.htm
2013.02.01 16:05 B F:\OxfordPast\Cheryl\chtc93.htm --> our-oxford.info /public_html/opn/Cheryl chtc93.htm
2013.02.01 16:05 B F:\OxfordPast\Cheryl\chtc133.htm --> our-oxford.info /public_html/opn/Cheryl chtc133.htm
2013.02.01 16:06 B F:\OxfordPast\Cheryl\chtc114.htm --> our-oxford.info /public_html/opn/Cheryl chtc114.htm
2013.02.01 16:06 B F:\OxfordPast\Cheryl\chtc147.htm --> our-oxford.info /public_html/opn/Cheryl chtc147.htm
2013.02.01 16:06 B F:\OxfordPast\Cheryl\chtc139.htm --> our-oxford.info /public_html/opn/Cheryl chtc139.htm
2013.02.01 16:06 B F:\OxfordPast\Cheryl\chtc101.htm --> our-oxford.info /public_html/opn/Cheryl chtc101.htm
2013.02.01 16:06 B F:\OxfordPast\Cheryl\chtc123.htm --> our-oxford.info /public_html/opn/Cheryl chtc123.htm
2013.02.01 16:06 B F:\OxfordPast\Cheryl\chtn216.htm --> our-oxford.info /public_html/opn/Cheryl chtn216.htm
2013.02.01 16:06 B F:\OxfordPast\Cheryl\sb3c7.htm --> our-oxford.info /public_html/opn/Cheryl sb3c7.htm
2013.02.01 16:06 B F:\OxfordPast\Cheryl\chtc92.htm --> our-oxford.info /public_html/opn/Cheryl chtc92.htm
2013.02.01 16:06 B F:\OxfordPast\Cheryl\chtn194.htm --> our-oxford.info /public_html/opn/Cheryl chtn194.htm
2013.02.01 16:06 B F:\OxfordPast\Cheryl\chtc94.htm --> our-oxford.info /public_html/opn/Cheryl chtc94.htm
2013.02.01 16:06 B F:\OxfordPast\Cheryl\chtc64.htm --> our-oxford.info /public_html/opn/Cheryl chtc64.htm
2013.02.01 16:06 B F:\OxfordPast\Cheryl\chtc97.htm --> our-oxford.info /public_html/opn/Cheryl chtc97.htm
2013.02.01 16:06 B F:\OxfordPast\Cheryl\chtc129.htm --> our-oxford.info /public_html/opn/Cheryl chtc129.htm
2013.02.01 16:06 B F:\OxfordPast\Cheryl\chtc89.htm --> our-oxford.info /public_html/opn/Cheryl chtc89.htm
2013.02.01 16:06 B F:\OxfordPast\Cheryl\chtc79.htm --> our-oxford.info /public_html/opn/Cheryl chtc79.htm
2013.02.01 16:06 B F:\OxfordPast\Cheryl\chtc47.htm --> our-oxford.info /public_html/opn/Cheryl chtc47.htm
2013.02.01 16:06 B F:\OxfordPast\Cheryl\sb1de.htm --> our-oxford.info /public_html/opn/Cheryl sb1de.htm
2013.02.01 16:06 B F:\OxfordPast\Cheryl\chtn198.htm --> our-oxford.info /public_html/opn/Cheryl chtn198.htm
2013.02.01 16:06 B F:\OxfordPast\Cheryl\chtn94.htm --> our-oxford.info /public_html/opn/Cheryl chtn94.htm
2013.02.01 16:06 B F:\OxfordPast\Cheryl\chtn190.htm --> our-oxford.info /public_html/opn/Cheryl chtn190.htm
2013.02.01 16:06 B F:\OxfordPast\Cheryl\chtn109.htm --> our-oxford.info /public_html/opn/Cheryl chtn109.htm
2013.02.01 16:06 B F:\OxfordPast\Cheryl\chtc72.htm --> our-oxford.info /public_html/opn/Cheryl chtc72.htm
2013.02.01 16:06 B F:\OxfordPast\Cheryl\chtc21.htm --> our-oxford.info /public_html/opn/Cheryl chtc21.htm
2013.02.01 16:06 B F:\OxfordPast\Cheryl\chtn141.htm --> our-oxford.info /public_html/opn/Cheryl chtn141.htm
2013.02.01 16:06 B F:\OxfordPast\Cheryl\chtc198.htm --> our-oxford.info /public_html/opn/Cheryl chtc198.htm
2013.02.01 16:06 B F:\OxfordPast\Cheryl\chtc73.htm --> our-oxford.info /public_html/opn/Cheryl chtc73.htm
2013.02.01 16:06 B F:\OxfordPast\Cheryl\chtc130.htm --> our-oxford.info /public_html/opn/Cheryl chtc130.htm
2013.02.01 16:06 B F:\OxfordPast\Cheryl\chtc169.htm --> our-oxford.info /public_html/opn/Cheryl chtc169.htm
2013.02.01 16:06 B F:\OxfordPast\Cheryl\chtc43.htm --> our-oxford.info /public_html/opn/Cheryl chtc43.htm
2013.02.01 16:06 B F:\OxfordPast\Cheryl\chtc194.htm --> our-oxford.info /public_html/opn/Cheryl chtc194.htm
2013.02.01 16:06 B F:\OxfordPast\Cheryl\chtc34.htm --> our-oxford.info /public_html/opn/Cheryl chtc34.htm
2013.02.01 16:06 B F:\OxfordPast\Cheryl\sb1e3.htm --> our-oxford.info /public_html/opn/Cheryl sb1e3.htm
2013.02.01 16:06 B F:\OxfordPast\Cheryl\chtn91.htm --> our-oxford.info /public_html/opn/Cheryl chtn91.htm
2013.02.01 16:06 B F:\OxfordPast\Cheryl\chtc98.htm --> our-oxford.info /public_html/opn/Cheryl chtc98.htm
2013.02.01 16:06 B F:\OxfordPast\Cheryl\chtn214.htm --> our-oxford.info /public_html/opn/Cheryl chtn214.htm
2013.02.01 16:06 B F:\OxfordPast\Cheryl\chtc111.htm --> our-oxford.info /public_html/opn/Cheryl chtc111.htm
2013.02.01 16:06 B F:\OxfordPast\Cheryl\chtc192.htm --> our-oxford.info /public_html/opn/Cheryl chtc192.htm
2013.02.01 16:06 B F:\OxfordPast\Cheryl\chtc69.htm --> our-oxford.info /public_html/opn/Cheryl chtc69.htm
2013.02.01 16:06 B F:\OxfordPast\Cheryl\chtc75.htm --> our-oxford.info /public_html/opn/Cheryl chtc75.htm
2013.02.01 16:06 B F:\OxfordPast\Cheryl\chtc175.htm --> our-oxford.info /public_html/opn/Cheryl chtc175.htm
2013.02.01 16:06 B F:\OxfordPast\Cheryl\chtc118.htm --> our-oxford.info /public_html/opn/Cheryl chtc118.htm
2013.02.01 16:06 B F:\OxfordPast\Cheryl\chtc112.htm --> our-oxford.info /public_html/opn/Cheryl chtc112.htm
2013.02.01 16:06 B F:\OxfordPast\Cheryl\chtc121.htm --> our-oxford.info /public_html/opn/Cheryl chtc121.htm
2013.02.01 16:06 B F:\OxfordPast\Cheryl\chtn196.htm --> our-oxford.info /public_html/opn/Cheryl chtn196.htm
2013.02.01 16:06 B F:\OxfordPast\Cheryl\chtn64.htm --> our-oxford.info /public_html/opn/Cheryl chtn64.htm
2013.02.01 16:06 B F:\OxfordPast\Cheryl\chtc80.htm --> our-oxford.info /public_html/opn/Cheryl chtc80.htm
2013.02.01 16:06 B F:\OxfordPast\Cheryl\chtn191.htm --> our-oxford.info /public_html/opn/Cheryl chtn191.htm
2013.02.01 16:06 B F:\OxfordPast\Cheryl\chtn37.htm --> our-oxford.info /public_html/opn/Cheryl chtn37.htm
2013.02.01 16:06 B F:\OxfordPast\Cheryl\chtn58.htm --> our-oxford.info /public_html/opn/Cheryl chtn58.htm
2013.02.01 16:06 B F:\OxfordPast\Cheryl\chtn130.htm --> our-oxford.info /public_html/opn/Cheryl chtn130.htm
2013.02.01 16:06 B F:\OxfordPast\Cheryl\chtn213.htm --> our-oxford.info /public_html/opn/Cheryl chtn213.htm
2013.02.01 16:06 B F:\OxfordPast\Cheryl\chtc178.htm --> our-oxford.info /public_html/opn/Cheryl chtc178.htm
2013.02.01 16:06 B F:\OxfordPast\Cheryl\chtn40.htm --> our-oxford.info /public_html/opn/Cheryl chtn40.htm
2013.02.01 16:06 B F:\OxfordPast\Cheryl\chtc195.htm --> our-oxford.info /public_html/opn/Cheryl chtc195.htm
2013.02.01 16:06 B F:\OxfordPast\Cheryl\chtc119.htm --> our-oxford.info /public_html/opn/Cheryl chtc119.htm
2013.02.01 16:06 B F:\OxfordPast\Cheryl\chtn195.htm --> our-oxford.info /public_html/opn/Cheryl chtn195.htm
2013.02.01 16:07 B F:\OxfordPast\Cheryl\chtc88.htm --> our-oxford.info /public_html/opn/Cheryl chtc88.htm
2013.02.01 16:07 B F:\OxfordPast\Cheryl\chtc24.htm --> our-oxford.info /public_html/opn/Cheryl chtc24.htm
2013.02.01 16:07 B F:\OxfordPast\Cheryl\chtc104.htm --> our-oxford.info /public_html/opn/Cheryl chtc104.htm
2013.02.01 16:07 B F:\OxfordPast\Cheryl\chtc190.htm --> our-oxford.info /public_html/opn/Cheryl chtc190.htm
2013.02.01 16:07 B F:\OxfordPast\Cheryl\chtc90.htm --> our-oxford.info /public_html/opn/Cheryl chtc90.htm
2013.02.01 16:07 B F:\OxfordPast\Cheryl\chtc217.htm --> our-oxford.info /public_html/opn/Cheryl chtc217.htm
2013.02.01 16:07 B F:\OxfordPast\Cheryl\chtc132.htm --> our-oxford.info /public_html/opn/Cheryl chtc132.htm
2013.02.01 16:07 B F:\OxfordPast\Cheryl\chtn176.htm --> our-oxford.info /public_html/opn/Cheryl chtn176.htm
2013.02.01 16:07 B F:\OxfordPast\Cheryl\chtc152.htm --> our-oxford.info /public_html/opn/Cheryl chtc152.htm
2013.02.01 16:07 B F:\OxfordPast\Cheryl\chtc124.htm --> our-oxford.info /public_html/opn/Cheryl chtc124.htm
2013.02.01 16:07 B F:\OxfordPast\Cheryl\chtc191.htm --> our-oxford.info /public_html/opn/Cheryl chtc191.htm
2013.02.01 16:07 B F:\OxfordPast\Cheryl\chtc179.htm --> our-oxford.info /public_html/opn/Cheryl chtc179.htm
2013.02.01 16:07 B F:\OxfordPast\Cheryl\chtc142.htm --> our-oxford.info /public_html/opn/Cheryl chtc142.htm
2013.02.01 16:07 B F:\OxfordPast\Cheryl\chtc127.htm --> our-oxford.info /public_html/opn/Cheryl chtc127.htm
2013.02.01 16:07 B F:\OxfordPast\Cheryl\chtc76.htm --> our-oxford.info /public_html/opn/Cheryl chtc76.htm
2013.02.01 16:07 B F:\OxfordPast\Cheryl\chtc131.htm --> our-oxford.info /public_html/opn/Cheryl chtc131.htm
2013.02.01 16:07 B F:\OxfordPast\Cheryl\chtn106.htm --> our-oxford.info /public_html/opn/Cheryl chtn106.htm
2013.02.01 16:07 B F:\OxfordPast\Cheryl\chtc113.htm --> our-oxford.info /public_html/opn/Cheryl chtc113.htm
2013.02.01 16:07 B F:\OxfordPast\Cheryl\chtc187.htm --> our-oxford.info /public_html/opn/Cheryl chtc187.htm
2013.02.01 16:07 B F:\OxfordPast\Cheryl\chtc78.htm --> our-oxford.info /public_html/opn/Cheryl chtc78.htm
2013.02.01 16:07 B F:\OxfordPast\Cheryl\chtn182.htm --> our-oxford.info /public_html/opn/Cheryl chtn182.htm
2013.02.01 16:07 B F:\OxfordPast\Cheryl\chtc162.htm --> our-oxford.info /public_html/opn/Cheryl chtc162.htm
2013.02.01 16:07 B F:\OxfordPast\Cheryl\chtc208.htm --> our-oxford.info /public_html/opn/Cheryl chtc208.htm
2013.02.01 16:07 B F:\OxfordPast\Cheryl\chtc196.htm --> our-oxford.info /public_html/opn/Cheryl chtc196.htm
2013.02.01 16:07 B F:\OxfordPast\Cheryl\chtc51.htm --> our-oxford.info /public_html/opn/Cheryl chtc51.htm
2013.02.01 16:07 B F:\OxfordPast\Cheryl\chtc188.htm --> our-oxford.info /public_html/opn/Cheryl chtc188.htm
2013.02.01 16:07 B F:\OxfordPast\Cheryl\chtn157.htm --> our-oxford.info /public_html/opn/Cheryl chtn157.htm
2013.02.01 16:07 B F:\OxfordPast\Cheryl\chtc204.htm --> our-oxford.info /public_html/opn/Cheryl chtc204.htm
2013.02.01 16:07 B F:\OxfordPast\Cheryl\chtc106.htm --> our-oxford.info /public_html/opn/Cheryl chtc106.htm
2013.02.01 16:07 B F:\OxfordPast\Cheryl\chtc159.htm --> our-oxford.info /public_html/opn/Cheryl chtc159.htm
2013.02.01 16:07 B F:\OxfordPast\Cheryl\chtn36.htm --> our-oxford.info /public_html/opn/Cheryl chtn36.htm
2013.02.01 16:07 B F:\OxfordPast\Cheryl\chtc44.htm --> our-oxford.info /public_html/opn/Cheryl chtc44.htm
2013.02.01 16:07 B F:\OxfordPast\Cheryl\chtc16.htm --> our-oxford.info /public_html/opn/Cheryl chtc16.htm
2013.02.01 16:07 B F:\OxfordPast\Cheryl\chtc36.htm --> our-oxford.info /public_html/opn/Cheryl chtc36.htm
2013.02.01 16:07 B F:\OxfordPast\Cheryl\chtc143.htm --> our-oxford.info /public_html/opn/Cheryl chtc143.htm
2013.02.01 16:07 B F:\OxfordPast\Cheryl\chtc163.htm --> our-oxford.info /public_html/opn/Cheryl chtc163.htm
2013.02.01 16:07 B F:\OxfordPast\Cheryl\chtc148.htm --> our-oxford.info /public_html/opn/Cheryl chtc148.htm
2013.02.01 16:07 B F:\OxfordPast\Cheryl\chtc95.htm --> our-oxford.info /public_html/opn/Cheryl chtc95.htm
2013.02.01 16:07 B F:\OxfordPast\Cheryl\chtc122.htm --> our-oxford.info /public_html/opn/Cheryl chtc122.htm
2013.02.01 16:07 B F:\OxfordPast\Cheryl\chtc150.htm --> our-oxford.info /public_html/opn/Cheryl chtc150.htm
2013.02.01 16:07 B F:\OxfordPast\Cheryl\chtc145.htm --> our-oxford.info /public_html/opn/Cheryl chtc145.htm
2013.02.01 16:07 B F:\OxfordPast\Cheryl\chtn05.htm --> our-oxford.info /public_html/opn/Cheryl chtn05.htm
2013.02.01 16:07 B F:\OxfordPast\Cheryl\chtc81.htm --> our-oxford.info /public_html/opn/Cheryl chtc81.htm
2013.02.01 16:07 B F:\OxfordPast\Cheryl\chtc176.htm --> our-oxford.info /public_html/opn/Cheryl chtc176.htm
2013.02.01 16:07 B F:\OxfordPast\Cheryl\chtc66.htm --> our-oxford.info /public_html/opn/Cheryl chtc66.htm
2013.02.01 16:07 B F:\OxfordPast\Cheryl\chtc37.htm --> our-oxford.info /public_html/opn/Cheryl chtc37.htm
2013.02.01 16:07 B F:\OxfordPast\Cheryl\chtc206.htm --> our-oxford.info /public_html/opn/Cheryl chtc206.htm
2013.02.01 16:07 B F:\OxfordPast\Cheryl\chtn35.htm --> our-oxford.info /public_html/opn/Cheryl chtn35.htm
2013.02.01 16:07 B F:\OxfordPast\Cheryl\chtc100.htm --> our-oxford.info /public_html/opn/Cheryl chtc100.htm
2013.02.01 16:07 B F:\OxfordPast\Cheryl\chtc01.htm --> our-oxford.info /public_html/opn/Cheryl chtc01.htm
2013.02.01 16:07 B F:\OxfordPast\Cheryl\chtn122.htm --> our-oxford.info /public_html/opn/Cheryl chtn122.htm
2013.02.01 16:07 B F:\OxfordPast\Cheryl\chtn50.htm --> our-oxford.info /public_html/opn/Cheryl chtn50.htm
2013.02.01 16:07 B F:\OxfordPast\Cheryl\chtc126.htm --> our-oxford.info /public_html/opn/Cheryl chtc126.htm
2013.02.01 16:07 B F:\OxfordPast\Cheryl\Roxaxt.jpg --> our-oxford.info /public_html/opn/Cheryl Roxaxt.jpg
2013.02.01 16:07 B F:\OxfordPast\Cheryl\chtn38.htm --> our-oxford.info /public_html/opn/Cheryl chtn38.htm
2013.02.01 16:07 B F:\OxfordPast\Cheryl\chtc110.htm --> our-oxford.info /public_html/opn/Cheryl chtc110.htm
2013.02.01 16:07 B F:\OxfordPast\Cheryl\chtc17.htm --> our-oxford.info /public_html/opn/Cheryl chtc17.htm
2013.02.01 16:07 B F:\OxfordPast\Cheryl\chtc71.htm --> our-oxford.info /public_html/opn/Cheryl chtc71.htm
2013.02.01 16:07 B F:\OxfordPast\Cheryl\chtn29.htm --> our-oxford.info /public_html/opn/Cheryl chtn29.htm
2013.02.01 16:07 B F:\OxfordPast\Cheryl\pho1496.jpg --> our-oxford.info /public_html/opn/Cheryl pho1496.jpg
2013.02.01 16:07 B F:\OxfordPast\Cheryl\pho1496x.jpg --> our-oxford.info /public_html/opn/Cheryl pho1496x.jpg
2013.02.01 16:07 B F:\OxfordPast\Cheryl\chtn207.htm --> our-oxford.info /public_html/opn/Cheryl chtn207.htm
2013.02.01 16:07 B F:\OxfordPast\Cheryl\chtc186.htm --> our-oxford.info /public_html/opn/Cheryl chtc186.htm
2013.02.01 16:07 B F:\OxfordPast\Cheryl\chtc213.htm --> our-oxford.info /public_html/opn/Cheryl chtc213.htm
2013.02.01 16:07 B F:\OxfordPast\Cheryl\chtc161.htm --> our-oxford.info /public_html/opn/Cheryl chtc161.htm
2013.02.01 16:07 B F:\OxfordPast\Cheryl\chtc45.htm --> our-oxford.info /public_html/opn/Cheryl chtc45.htm
2013.02.01 16:07 B F:\OxfordPast\Cheryl\chtc99.htm --> our-oxford.info /public_html/opn/Cheryl chtc99.htm
2013.02.01 16:07 B F:\OxfordPast\Cheryl\chtc07.htm --> our-oxford.info /public_html/opn/Cheryl chtc07.htm
2013.02.01 16:07 B F:\OxfordPast\Cheryl\chtn68.htm --> our-oxford.info /public_html/opn/Cheryl chtn68.htm
2013.02.01 16:07 B F:\OxfordPast\Cheryl\chtc135.htm --> our-oxford.info /public_html/opn/Cheryl chtc135.htm
2013.02.01 16:07 B F:\OxfordPast\Cheryl\chtc201.htm --> our-oxford.info /public_html/opn/Cheryl chtc201.htm
2013.02.01 16:07 B F:\OxfordPast\Cheryl\chtn184.htm --> our-oxford.info /public_html/opn/Cheryl chtn184.htm
2013.02.01 16:07 B F:\OxfordPast\Cheryl\chtn11.htm --> our-oxford.info /public_html/opn/Cheryl chtn11.htm
2013.02.01 16:07 B F:\OxfordPast\Cheryl\chtc19.htm --> our-oxford.info /public_html/opn/Cheryl chtc19.htm
2013.02.01 16:07 B F:\OxfordPast\Cheryl\chtc125.htm --> our-oxford.info /public_html/opn/Cheryl chtc125.htm
2013.02.01 16:07 B F:\OxfordPast\Cheryl\chtc177.htm --> our-oxford.info /public_html/opn/Cheryl chtc177.htm
2013.02.01 16:07 B F:\OxfordPast\Cheryl\chtc199.htm --> our-oxford.info /public_html/opn/Cheryl chtc199.htm
2013.02.01 16:07 B F:\OxfordPast\Cheryl\chtc134.htm --> our-oxford.info /public_html/opn/Cheryl chtc134.htm
2013.02.01 16:07 B F:\OxfordPast\Cheryl\chtc137.htm --> our-oxford.info /public_html/opn/Cheryl chtc137.htm
2013.02.01 16:07 B F:\OxfordPast\Cheryl\chtc91.htm --> our-oxford.info /public_html/opn/Cheryl chtc91.htm
2013.02.01 16:07 B F:\OxfordPast\Cheryl\chtn159.htm --> our-oxford.info /public_html/opn/Cheryl chtn159.htm
2013.02.01 16:07 B F:\OxfordPast\Cheryl\chtc174.htm --> our-oxford.info /public_html/opn/Cheryl chtc174.htm
2013.02.01 16:07 B F:\OxfordPast\Cheryl\chtc138.htm --> our-oxford.info /public_html/opn/Cheryl chtc138.htm
2013.02.01 16:07 B F:\OxfordPast\Cheryl\chtc207.htm --> our-oxford.info /public_html/opn/Cheryl chtc207.htm
2013.02.01 16:07 B F:\OxfordPast\Cheryl\chtc214.htm --> our-oxford.info /public_html/opn/Cheryl chtc214.htm
2013.02.01 16:07 B F:\OxfordPast\Cheryl\chtn154.htm --> our-oxford.info /public_html/opn/Cheryl chtn154.htm
2013.02.01 16:07 B F:\OxfordPast\Cheryl\chtn209.htm --> our-oxford.info /public_html/opn/Cheryl chtn209.htm
2013.02.01 16:07 B F:\OxfordPast\Cheryl\chtn193.htm --> our-oxford.info /public_html/opn/Cheryl chtn193.htm
2013.02.01 16:07 B F:\OxfordPast\Cheryl\chtc38.htm --> our-oxford.info /public_html/opn/Cheryl chtc38.htm
2013.02.01 16:07 B F:\OxfordPast\Cheryl\chtn01.htm --> our-oxford.info /public_html/opn/Cheryl chtn01.htm
2013.02.01 16:07 B F:\OxfordPast\Cheryl\chtn137.htm --> our-oxford.info /public_html/opn/Cheryl chtn137.htm
2013.02.01 16:07 B F:\OxfordPast\Cheryl\chtn88.htm --> our-oxford.info /public_html/opn/Cheryl chtn88.htm
2013.02.01 16:07 B F:\OxfordPast\Cheryl\chtc108.htm --> our-oxford.info /public_html/opn/Cheryl chtc108.htm
2013.02.01 16:07 B F:\OxfordPast\Cheryl\chtn102.htm --> our-oxford.info /public_html/opn/Cheryl chtn102.htm
2013.02.01 16:07 B F:\OxfordPast\Cheryl\chtn203.htm --> our-oxford.info /public_html/opn/Cheryl chtn203.htm
2013.02.01 16:07 B F:\OxfordPast\Cheryl\chtn24.htm --> our-oxford.info /public_html/opn/Cheryl chtn24.htm
2013.02.01 16:07 B F:\OxfordPast\Cheryl\Emilyxt.jpg --> our-oxford.info /public_html/opn/Cheryl Emilyxt.jpg
2013.02.01 16:07 B F:\OxfordPast\Cheryl\chtc48.htm --> our-oxford.info /public_html/opn/Cheryl chtc48.htm
2013.02.01 16:07 B F:\OxfordPast\Cheryl\chtc03.htm --> our-oxford.info /public_html/opn/Cheryl chtc03.htm
2013.02.01 16:07 B F:\OxfordPast\Cheryl\chtc209.htm --> our-oxford.info /public_html/opn/Cheryl chtc209.htm
2013.02.01 16:07 B F:\OxfordPast\Cheryl\chtc157.htm --> our-oxford.info /public_html/opn/Cheryl chtc157.htm
2013.02.01 16:07 B F:\OxfordPast\Cheryl\chtc155.htm --> our-oxford.info /public_html/opn/Cheryl chtc155.htm
2013.02.01 16:07 B F:\OxfordPast\Cheryl\chtn07.htm --> our-oxford.info /public_html/opn/Cheryl chtn07.htm
2013.02.01 16:07 B F:\OxfordPast\Cheryl\chtc50.htm --> our-oxford.info /public_html/opn/Cheryl chtc50.htm
2013.02.01 16:07 B F:\OxfordPast\Cheryl\chtc151.htm --> our-oxford.info /public_html/opn/Cheryl chtc151.htm
2013.02.01 16:07 B F:\OxfordPast\Cheryl\chtn10.htm --> our-oxford.info /public_html/opn/Cheryl chtn10.htm
2013.02.01 16:07 B F:\OxfordPast\Cheryl\chtn164.htm --> our-oxford.info /public_html/opn/Cheryl chtn164.htm
2013.02.01 16:07 B F:\OxfordPast\Cheryl\chtc185.htm --> our-oxford.info /public_html/opn/Cheryl chtc185.htm
2013.02.01 16:07 B F:\OxfordPast\Cheryl\chtc20.htm --> our-oxford.info /public_html/opn/Cheryl chtc20.htm
2013.02.01 16:07 B F:\OxfordPast\Cheryl\bar171.gif --> our-oxford.info /public_html/opn/Cheryl bar171.gif
2013.02.01 16:07 B F:\OxfordPast\Cheryl\chtc156.htm --> our-oxford.info /public_html/opn/Cheryl chtc156.htm
2013.02.01 16:07 B F:\OxfordPast\Cheryl\chtc103.htm --> our-oxford.info /public_html/opn/Cheryl chtc103.htm
2013.02.01 16:07 B F:\OxfordPast\Cheryl\chtc83.htm --> our-oxford.info /public_html/opn/Cheryl chtc83.htm
2013.02.01 16:07 B F:\OxfordPast\Cheryl\chtc109.htm --> our-oxford.info /public_html/opn/Cheryl chtc109.htm
2013.02.01 16:07 B F:\OxfordPast\Cheryl\chtc35.htm --> our-oxford.info /public_html/opn/Cheryl chtc35.htm
2013.02.01 16:07 B F:\OxfordPast\Cheryl\chtc14.htm --> our-oxford.info /public_html/opn/Cheryl chtc14.htm
2013.02.01 16:07 B F:\OxfordPast\Cheryl\chtc58.htm --> our-oxford.info /public_html/opn/Cheryl chtc58.htm
2013.02.01 16:07 B F:\OxfordPast\Cheryl\chtc202.htm --> our-oxford.info /public_html/opn/Cheryl chtc202.htm
2013.02.01 16:07 B F:\OxfordPast\Cheryl\chtc168.htm --> our-oxford.info /public_html/opn/Cheryl chtc168.htm
2013.02.01 16:07 B F:\OxfordPast\Cheryl\chtc61.htm --> our-oxford.info /public_html/opn/Cheryl chtc61.htm
2013.02.01 16:07 B F:\OxfordPast\Cheryl\chtc70.htm --> our-oxford.info /public_html/opn/Cheryl chtc70.htm
2013.02.01 16:07 B F:\OxfordPast\Cheryl\chtg181.htm --> our-oxford.info /public_html/opn/Cheryl chtg181.htm
2013.02.01 16:07 B F:\OxfordPast\Cheryl\chtc02.htm --> our-oxford.info /public_html/opn/Cheryl chtc02.htm
2013.02.01 16:07 B F:\OxfordPast\Cheryl\chtn43.htm --> our-oxford.info /public_html/opn/Cheryl chtn43.htm
2013.02.01 16:07 B F:\OxfordPast\Cheryl\chtn48.htm --> our-oxford.info /public_html/opn/Cheryl chtn48.htm
2013.02.01 16:07 B F:\OxfordPast\Cheryl\chtc105.htm --> our-oxford.info /public_html/opn/Cheryl chtc105.htm
2013.02.01 16:07 B F:\OxfordPast\Cheryl\chtn15.htm --> our-oxford.info /public_html/opn/Cheryl chtn15.htm
2013.02.01 16:07 B F:\OxfordPast\Cheryl\chtc40.htm --> our-oxford.info /public_html/opn/Cheryl chtc40.htm
2013.02.01 16:07 B F:\OxfordPast\Cheryl\chtc215.htm --> our-oxford.info /public_html/opn/Cheryl chtc215.htm
2013.02.01 16:07 B F:\OxfordPast\Cheryl\chtc136.htm --> our-oxford.info /public_html/opn/Cheryl chtc136.htm
2013.02.01 16:07 B F:\OxfordPast\Cheryl\chtn16.htm --> our-oxford.info /public_html/opn/Cheryl chtn16.htm
2013.02.01 16:07 B F:\OxfordPast\Cheryl\chtn105.htm --> our-oxford.info /public_html/opn/Cheryl chtn105.htm
2013.02.01 16:07 B F:\OxfordPast\Cheryl\chtc107.htm --> our-oxford.info /public_html/opn/Cheryl chtc107.htm
2013.02.01 16:07 B F:\OxfordPast\Cheryl\chtc184.htm --> our-oxford.info /public_html/opn/Cheryl chtc184.htm
2013.02.01 16:07 B F:\OxfordPast\Cheryl\chtc182.htm --> our-oxford.info /public_html/opn/Cheryl chtc182.htm
2013.02.01 16:07 B F:\OxfordPast\Cheryl\chtc28.htm --> our-oxford.info /public_html/opn/Cheryl chtc28.htm
2013.02.01 16:07 B F:\OxfordPast\Cheryl\chtc154.htm --> our-oxford.info /public_html/opn/Cheryl chtc154.htm
2013.02.01 16:07 B F:\OxfordPast\Cheryl\chtc06.htm --> our-oxford.info /public_html/opn/Cheryl chtc06.htm
2013.02.01 16:08 B F:\OxfordPast\Cheryl\chtc59.htm --> our-oxford.info /public_html/opn/Cheryl chtc59.htm
2013.02.01 16:08 B F:\OxfordPast\Cheryl\chtc60.htm --> our-oxford.info /public_html/opn/Cheryl chtc60.htm
2013.02.01 16:08 B F:\OxfordPast\Cheryl\chtn103.htm --> our-oxford.info /public_html/opn/Cheryl chtn103.htm
2013.02.01 16:08 B F:\OxfordPast\Cheryl\chtg180.htm --> our-oxford.info /public_html/opn/Cheryl chtg180.htm
2013.02.01 16:08 B F:\OxfordPast\Cheryl\chtc102.htm --> our-oxford.info /public_html/opn/Cheryl chtc102.htm
2013.02.01 16:08 B F:\OxfordPast\Cheryl\chtn138.htm --> our-oxford.info /public_html/opn/Cheryl chtn138.htm
2013.02.01 16:08 B F:\OxfordPast\Cheryl\chtc167.htm --> our-oxford.info /public_html/opn/Cheryl chtc167.htm
2013.02.01 16:08 B F:\OxfordPast\Cheryl\chtletters.html --> our-oxford.info /public_html/opn/Cheryl chtletters.html
2013.02.01 16:08 B F:\OxfordPast\Cheryl\chtn107.htm --> our-oxford.info /public_html/opn/Cheryl chtn107.htm
2013.02.01 16:08 B F:\OxfordPast\Cheryl\chtn81.htm --> our-oxford.info /public_html/opn/Cheryl chtn81.htm
2013.02.01 16:08 B F:\OxfordPast\Cheryl\chtc31.htm --> our-oxford.info /public_html/opn/Cheryl chtc31.htm
2013.02.01 16:08 B F:\OxfordPast\Cheryl\chtn52.htm --> our-oxford.info /public_html/opn/Cheryl chtn52.htm
2013.02.01 16:08 B F:\OxfordPast\Cheryl\chtn78.htm --> our-oxford.info /public_html/opn/Cheryl chtn78.htm
2013.02.01 16:08 B F:\OxfordPast\Cheryl\chtn215.htm --> our-oxford.info /public_html/opn/Cheryl chtn215.htm
2013.02.01 16:08 B F:\OxfordPast\Cheryl\chtc216.htm --> our-oxford.info /public_html/opn/Cheryl chtc216.htm
2013.02.01 16:08 B F:\OxfordPast\Cheryl\chtg158.htm --> our-oxford.info /public_html/opn/Cheryl chtg158.htm
2013.02.01 16:08 B F:\OxfordPast\Cheryl\bkgrd.jpg --> our-oxford.info /public_html/opn/Cheryl bkgrd.jpg
2013.02.01 16:08 B F:\OxfordPast\Cheryl\chtn199.htm --> our-oxford.info /public_html/opn/Cheryl chtn199.htm
2013.02.01 16:08 B F:\OxfordPast\Cheryl\chtc211.htm --> our-oxford.info /public_html/opn/Cheryl chtc211.htm
2013.02.01 16:08 B F:\OxfordPast\Cheryl\chtc25.htm --> our-oxford.info /public_html/opn/Cheryl chtc25.htm
2013.02.01 16:08 B F:\OxfordPast\Cheryl\chtc164.htm --> our-oxford.info /public_html/opn/Cheryl chtc164.htm
2013.02.01 16:08 B F:\OxfordPast\Cheryl\chtc49.htm --> our-oxford.info /public_html/opn/Cheryl chtc49.htm
2013.02.01 16:08 B F:\OxfordPast\Cheryl\Charlesxt.jpg --> our-oxford.info /public_html/opn/Cheryl Charlesxt.jpg
2013.02.01 16:08 B F:\OxfordPast\Cheryl\chtc05.htm --> our-oxford.info /public_html/opn/Cheryl chtc05.htm
2013.02.01 16:08 B F:\OxfordPast\Cheryl\chtn211.htm --> our-oxford.info /public_html/opn/Cheryl chtn211.htm
2013.02.01 16:08 B F:\OxfordPast\Cheryl\chtn173.htm --> our-oxford.info /public_html/opn/Cheryl chtn173.htm
2013.02.01 16:08 B F:\OxfordPast\Cheryl\chtg141.htm --> our-oxford.info /public_html/opn/Cheryl chtg141.htm
2013.02.01 16:08 B F:\OxfordPast\Cheryl\chtc27.htm --> our-oxford.info /public_html/opn/Cheryl chtc27.htm
2013.02.01 16:08 B F:\OxfordPast\Cheryl\chtc53.htm --> our-oxford.info /public_html/opn/Cheryl chtc53.htm
2013.02.01 16:08 B F:\OxfordPast\Cheryl\chtc55.htm --> our-oxford.info /public_html/opn/Cheryl chtc55.htm
2013.02.01 16:08 B F:\OxfordPast\Cheryl\Enosxt.jpg --> our-oxford.info /public_html/opn/Cheryl Enosxt.jpg
2013.02.01 16:08 B F:\OxfordPast\Cheryl\chtc52.htm --> our-oxford.info /public_html/opn/Cheryl chtc52.htm
2013.02.01 16:08 B F:\OxfordPast\Cheryl\chtn123.htm --> our-oxford.info /public_html/opn/Cheryl chtn123.htm
2013.02.01 16:08 B F:\OxfordPast\Cheryl\chtc68.htm --> our-oxford.info /public_html/opn/Cheryl chtc68.htm
2013.02.01 16:08 B F:\OxfordPast\Cheryl\chtc29.htm --> our-oxford.info /public_html/opn/Cheryl chtc29.htm
2013.02.01 16:08 B F:\OxfordPast\Cheryl\chtc54.htm --> our-oxford.info /public_html/opn/Cheryl chtc54.htm
2013.02.01 16:08 B F:\OxfordPast\Cheryl\chtn183.htm --> our-oxford.info /public_html/opn/Cheryl chtn183.htm
2013.02.01 16:08 B F:\OxfordPast\Cheryl\chtc12.htm --> our-oxford.info /public_html/opn/Cheryl chtc12.htm
2013.02.01 16:08 B F:\OxfordPast\Cheryl\chtn143.htm --> our-oxford.info /public_html/opn/Cheryl chtn143.htm
2013.02.01 16:08 B F:\OxfordPast\Cheryl\chtn156.htm --> our-oxford.info /public_html/opn/Cheryl chtn156.htm
2013.02.01 16:08 B F:\OxfordPast\Cheryl\chtn02.htm --> our-oxford.info /public_html/opn/Cheryl chtn02.htm
2013.02.01 16:08 B F:\OxfordPast\Cheryl\chtc39.htm --> our-oxford.info /public_html/opn/Cheryl chtc39.htm
2013.02.01 16:08 B F:\OxfordPast\Cheryl\chtc11.htm --> our-oxford.info /public_html/opn/Cheryl chtc11.htm
2013.02.01 16:08 B F:\OxfordPast\Cheryl\chtc210.htm --> our-oxford.info /public_html/opn/Cheryl chtc210.htm
2013.02.01 16:08 B F:\OxfordPast\Cheryl\chtn70.htm --> our-oxford.info /public_html/opn/Cheryl chtn70.htm
2013.02.01 16:08 B F:\OxfordPast\Cheryl\chtc170.htm --> our-oxford.info /public_html/opn/Cheryl chtc170.htm
2013.02.01 16:08 B F:\OxfordPast\Cheryl\chtc166.htm --> our-oxford.info /public_html/opn/Cheryl chtc166.htm
2013.02.01 16:08 B F:\OxfordPast\Cheryl\chtc183.htm --> our-oxford.info /public_html/opn/Cheryl chtc183.htm
2013.02.01 16:08 B F:\OxfordPast\Cheryl\chtn26.htm --> our-oxford.info /public_html/opn/Cheryl chtn26.htm
2013.02.01 16:08 B F:\OxfordPast\Cheryl\chtc67.htm --> our-oxford.info /public_html/opn/Cheryl chtc67.htm
2013.02.01 16:08 B F:\OxfordPast\Cheryl\chtc65.htm --> our-oxford.info /public_html/opn/Cheryl chtc65.htm
2013.02.01 16:08 B F:\OxfordPast\Cheryl\chtc193.htm --> our-oxford.info /public_html/opn/Cheryl chtc193.htm
2013.02.01 16:08 B F:\OxfordPast\Cheryl\chtc173.htm --> our-oxford.info /public_html/opn/Cheryl chtc173.htm
2013.02.01 16:08 B F:\OxfordPast\Cheryl\chatfield.lst --> our-oxford.info /public_html/opn/Cheryl chatfield.lst
2013.02.01 16:08 B F:\OxfordPast\Cheryl\chtn14.htm --> our-oxford.info /public_html/opn/Cheryl chtn14.htm
2013.02.01 16:08 B F:\OxfordPast\Cheryl\chtn59.htm --> our-oxford.info /public_html/opn/Cheryl chtn59.htm
2013.02.01 16:08 B F:\OxfordPast\Cheryl\Luciusxt.jpg --> our-oxford.info /public_html/opn/Cheryl Luciusxt.jpg
2013.02.01 16:08 B F:\OxfordPast\Cheryl\chtc30.htm --> our-oxford.info /public_html/opn/Cheryl chtc30.htm
2013.02.01 16:08 B F:\OxfordPast\Cheryl\chtc56.htm --> our-oxford.info /public_html/opn/Cheryl chtc56.htm
2013.02.01 16:08 B F:\OxfordPast\Cheryl\chtc32.htm --> our-oxford.info /public_html/opn/Cheryl chtc32.htm
2013.02.01 16:08 B F:\OxfordPast\Cheryl\chtc10.htm --> our-oxford.info /public_html/opn/Cheryl chtc10.htm
2013.02.01 16:08 B F:\OxfordPast\Cheryl\chtn03.htm --> our-oxford.info /public_html/opn/Cheryl chtn03.htm
2013.02.01 16:08 B F:\OxfordPast\Cheryl\chtc57.htm --> our-oxford.info /public_html/opn/Cheryl chtc57.htm
2013.02.01 16:08 B F:\OxfordPast\Cheryl\chtc205.htm --> our-oxford.info /public_html/opn/Cheryl chtc205.htm
2013.02.01 16:08 B F:\OxfordPast\Cheryl\chtn28.htm --> our-oxford.info /public_html/opn/Cheryl chtn28.htm
2013.02.01 16:08 B F:\OxfordPast\Cheryl\chtn210.htm --> our-oxford.info /public_html/opn/Cheryl chtn210.htm
2013.02.01 16:08 B F:\OxfordPast\Cheryl\chtg189.htm --> our-oxford.info /public_html/opn/Cheryl chtg189.htm
2013.02.01 16:08 B F:\OxfordPast\Cheryl\chtg217.htm --> our-oxford.info /public_html/opn/Cheryl chtg217.htm
2013.02.01 16:08 B F:\OxfordPast\Cheryl\chtc26.htm --> our-oxford.info /public_html/opn/Cheryl chtc26.htm
2013.02.01 16:08 B F:\OxfordPast\Cheryl\chtn56.htm --> our-oxford.info /public_html/opn/Cheryl chtn56.htm
2013.02.01 16:08 B F:\OxfordPast\Cheryl\chtc33.htm --> our-oxford.info /public_html/opn/Cheryl chtc33.htm
2013.02.01 16:08 B F:\OxfordPast\Cheryl\chtg153.htm --> our-oxford.info /public_html/opn/Cheryl chtg153.htm
2013.02.01 16:08 B F:\OxfordPast\Cheryl\chtc15.htm --> our-oxford.info /public_html/opn/Cheryl chtc15.htm
2013.02.01 16:08 B F:\OxfordPast\Cheryl\chtc203.htm --> our-oxford.info /public_html/opn/Cheryl chtc203.htm
2013.02.01 16:08 B F:\OxfordPast\Cheryl\chtn166.htm --> our-oxford.info /public_html/opn/Cheryl chtn166.htm
2013.02.01 16:08 B F:\OxfordPast\Cheryl\chtc13.htm --> our-oxford.info /public_html/opn/Cheryl chtc13.htm
2013.02.01 16:08 B F:\OxfordPast\Cheryl\chtn53.htm --> our-oxford.info /public_html/opn/Cheryl chtn53.htm
2013.02.01 16:08 B F:\OxfordPast\Cheryl\chtn204.htm --> our-oxford.info /public_html/opn/Cheryl chtn204.htm
2013.02.01 16:08 B F:\OxfordPast\Cheryl\index.html --> our-oxford.info /public_html/opn/Cheryl index.html
2013.02.01 16:08 B F:\OxfordPast\Cheryl\chtc212.htm --> our-oxford.info /public_html/opn/Cheryl chtc212.htm
2013.02.01 16:08 B F:\OxfordPast\Cheryl\chtn60.htm --> our-oxford.info /public_html/opn/Cheryl chtn60.htm
2013.02.01 16:08 B F:\OxfordPast\Cheryl\chtc08.htm --> our-oxford.info /public_html/opn/Cheryl chtc08.htm
2013.02.01 16:08 B F:\OxfordPast\Cheryl\chtg187.htm --> our-oxford.info /public_html/opn/Cheryl chtg187.htm
2013.02.01 16:08 B F:\OxfordPast\Cheryl\chtc04.htm --> our-oxford.info /public_html/opn/Cheryl chtc04.htm
2013.02.01 16:08 B F:\OxfordPast\Cheryl\chtn132.htm --> our-oxford.info /public_html/opn/Cheryl chtn132.htm
2013.02.01 16:08 B F:\OxfordPast\Cheryl\chtx.html --> our-oxford.info /public_html/opn/Cheryl chtx.html
2013.02.01 16:08 B F:\OxfordPast\Cheryl\cell_back.png --> our-oxford.info /public_html/opn/Cheryl cell_back.png
2013.02.01 16:08 B F:\OxfordPast\Cheryl\chtg165.htm --> our-oxford.info /public_html/opn/Cheryl chtg165.htm
2013.02.01 16:08 B F:\OxfordPast\Cheryl\chtx.htm --> our-oxford.info /public_html/opn/Cheryl chtx.htm
2013.02.01 16:08 B F:\OxfordPast\Cheryl\chtn61.htm --> our-oxford.info /public_html/opn/Cheryl chtn61.htm
2013.02.01 16:08 B F:\OxfordPast\Cheryl\chtc09.htm --> our-oxford.info /public_html/opn/Cheryl chtc09.htm
2013.02.01 16:08 B F:\OxfordPast\Cheryl\chtg175.htm --> our-oxford.info /public_html/opn/Cheryl chtg175.htm
2013.02.01 16:08 B F:\OxfordPast\Cheryl\chtg191.htm --> our-oxford.info /public_html/opn/Cheryl chtg191.htm
2013.02.01 16:08 B F:\OxfordPast\Cheryl\chtn108.htm --> our-oxford.info /public_html/opn/Cheryl chtn108.htm
2013.02.01 16:08 B F:\OxfordPast\Cheryl\chtn09.htm --> our-oxford.info /public_html/opn/Cheryl chtn09.htm
2013.02.01 16:08 B F:\OxfordPast\Cheryl\27nov1861.html --> our-oxford.info /public_html/opn/Cheryl 27nov1861.html
2013.02.01 16:08 B F:\OxfordPast\Cheryl\chtg208.htm --> our-oxford.info /public_html/opn/Cheryl chtg208.htm
2013.02.01 16:08 B F:\OxfordPast\Cheryl\chtn136.htm --> our-oxford.info /public_html/opn/Cheryl chtn136.htm
2013.02.01 16:08 B F:\OxfordPast\Cheryl\chtn155.htm --> our-oxford.info /public_html/opn/Cheryl chtn155.htm
2013.02.01 16:08 B F:\OxfordPast\Cheryl\chtg128.htm --> our-oxford.info /public_html/opn/Cheryl chtg128.htm
2013.02.01 16:08 B F:\OxfordPast\Cheryl\chtc171.htm --> our-oxford.info /public_html/opn/Cheryl chtc171.htm
2013.02.01 16:08 B F:\OxfordPast\Cheryl\chtn172.htm --> our-oxford.info /public_html/opn/Cheryl chtn172.htm
2013.02.01 16:08 B F:\OxfordPast\Cheryl\chtg214.htm --> our-oxford.info /public_html/opn/Cheryl chtg214.htm
2013.02.01 16:08 B F:\OxfordPast\Cheryl\chtn134.htm --> our-oxford.info /public_html/opn/Cheryl chtn134.htm
2013.02.01 16:08 B F:\OxfordPast\Cheryl\chtn167.htm --> our-oxford.info /public_html/opn/Cheryl chtn167.htm
2013.02.01 16:08 B F:\OxfordPast\Cheryl\chtc200.htm --> our-oxford.info /public_html/opn/Cheryl chtc200.htm
2013.02.01 16:08 B F:\OxfordPast\Cheryl\chtn08.htm --> our-oxford.info /public_html/opn/Cheryl chtn08.htm
2013.02.01 16:08 B F:\OxfordPast\Cheryl\chtg176.htm --> our-oxford.info /public_html/opn/Cheryl chtg176.htm
2013.02.01 16:08 B F:\OxfordPast\Cheryl\chtg139.htm --> our-oxford.info /public_html/opn/Cheryl chtg139.htm
2013.02.01 16:08 B F:\OxfordPast\Cheryl\htmlbck.jpg --> our-oxford.info /public_html/opn/Cheryl htmlbck.jpg
2013.02.01 16:08 B F:\OxfordPast\Cheryl\parchment.jpg --> our-oxford.info /public_html/opn/Cheryl parchment.jpg
2013.02.01 16:08 B F:\OxfordPast\Cheryl\chtn55.htm --> our-oxford.info /public_html/opn/Cheryl chtn55.htm
2013.02.01 16:08 B F:\OxfordPast\Cheryl\chtg198.htm --> our-oxford.info /public_html/opn/Cheryl chtg198.htm
2013.02.01 16:08 B F:\OxfordPast\Cheryl\chtg160.htm --> our-oxford.info /public_html/opn/Cheryl chtg160.htm
2013.02.01 16:08 B F:\OxfordPast\Cheryl\chtg42.htm --> our-oxford.info /public_html/opn/Cheryl chtg42.htm
2013.02.01 16:08 B F:\OxfordPast\Cheryl\chtc172.htm --> our-oxford.info /public_html/opn/Cheryl chtc172.htm
2013.02.01 16:08 B F:\OxfordPast\Cheryl\chtg41.htm --> our-oxford.info /public_html/opn/Cheryl chtg41.htm
2013.02.01 16:08 B F:\OxfordPast\Cheryl\chtg64.htm --> our-oxford.info /public_html/opn/Cheryl chtg64.htm
2013.02.01 16:09 B F:\OxfordPast\Cheryl\chtn212.htm --> our-oxford.info /public_html/opn/Cheryl chtn212.htm
2013.02.01 16:09 B F:\OxfordPast\Cheryl\chtg178.htm --> our-oxford.info /public_html/opn/Cheryl chtg178.htm
2013.02.01 16:09 B F:\OxfordPast\Cheryl\chtn32.htm --> our-oxford.info /public_html/opn/Cheryl chtn32.htm
2013.02.01 16:09 B F:\OxfordPast\Cheryl\chtn20.htm --> our-oxford.info /public_html/opn/Cheryl chtn20.htm
2013.02.01 16:09 B F:\OxfordPast\Cheryl\chtg82.htm --> our-oxford.info /public_html/opn/Cheryl chtg82.htm
2013.02.01 16:09 B F:\OxfordPast\Cheryl\chtn25.htm --> our-oxford.info /public_html/opn/Cheryl chtn25.htm
2013.02.01 16:09 B F:\OxfordPast\Cheryl\chtn147.htm --> our-oxford.info /public_html/opn/Cheryl chtn147.htm
2013.02.01 16:09 B F:\OxfordPast\Cheryl\chtg22.htm --> our-oxford.info /public_html/opn/Cheryl chtg22.htm
2013.02.01 16:09 B F:\OxfordPast\Cheryl\chtn17.htm --> our-oxford.info /public_html/opn/Cheryl chtn17.htm
2013.02.01 16:09 B F:\OxfordPast\Cheryl\chtn04.htm --> our-oxford.info /public_html/opn/Cheryl chtn04.htm
2013.02.01 16:09 B F:\OxfordPast\Cheryl\chtg190.htm --> our-oxford.info /public_html/opn/Cheryl chtg190.htm
2013.02.01 16:09 B F:\OxfordPast\Cheryl\chtg162.htm --> our-oxford.info /public_html/opn/Cheryl chtg162.htm
2013.02.01 16:09 B F:\OxfordPast\Cheryl\chtg23.htm --> our-oxford.info /public_html/opn/Cheryl chtg23.htm
2013.02.01 16:09 B F:\OxfordPast\Cheryl\chtg206.htm --> our-oxford.info /public_html/opn/Cheryl chtg206.htm
2013.02.01 16:09 B F:\OxfordPast\Cheryl\chtg146.htm --> our-oxford.info /public_html/opn/Cheryl chtg146.htm
2013.02.01 16:09 B F:\OxfordPast\Cheryl\chtg159.htm --> our-oxford.info /public_html/opn/Cheryl chtg159.htm
2013.02.01 16:09 B F:\OxfordPast\Cheryl\chtg179.htm --> our-oxford.info /public_html/opn/Cheryl chtg179.htm
2013.02.01 16:09 B F:\OxfordPast\Cheryl\chtg120.htm --> our-oxford.info /public_html/opn/Cheryl chtg120.htm
2013.02.01 16:09 B F:\OxfordPast\Cheryl\chtg24.htm --> our-oxford.info /public_html/opn/Cheryl chtg24.htm
2013.02.01 16:09 B F:\OxfordPast\Cheryl\chtn27.htm --> our-oxford.info /public_html/opn/Cheryl chtn27.htm
2013.02.01 16:09 B F:\OxfordPast\Cheryl\chtg121.htm --> our-oxford.info /public_html/opn/Cheryl chtg121.htm
2013.02.01 16:09 B F:\OxfordPast\Cheryl\chtg18.htm --> our-oxford.info /public_html/opn/Cheryl chtg18.htm
2013.02.01 16:09 B F:\OxfordPast\Cheryl\chtg144.htm --> our-oxford.info /public_html/opn/Cheryl chtg144.htm
2013.02.01 16:09 B F:\OxfordPast\Cheryl\chtg117.htm --> our-oxford.info /public_html/opn/Cheryl chtg117.htm
2013.02.01 16:09 B F:\OxfordPast\Cheryl\chtn200.htm --> our-oxford.info /public_html/opn/Cheryl chtn200.htm
2013.02.01 16:09 B F:\OxfordPast\Cheryl\chtg142.htm --> our-oxford.info /public_html/opn/Cheryl chtg142.htm
2013.02.01 16:09 B F:\OxfordPast\Cheryl\chtg114.htm --> our-oxford.info /public_html/opn/Cheryl chtg114.htm
2013.02.01 16:09 B F:\OxfordPast\Cheryl\chtg96.htm --> our-oxford.info /public_html/opn/Cheryl chtg96.htm
2013.02.01 16:09 B F:\OxfordPast\Cheryl\Frederick_Seymour_Chatfield.jpg --> our-oxford.info /public_html/opn/Cheryl Frederick_Seymour_Chatfield.jpg
2013.02.01 16:09 B F:\OxfordPast\Cheryl\chtg104.htm --> our-oxford.info /public_html/opn/Cheryl chtg104.htm
2013.02.01 16:09 B F:\OxfordPast\Cheryl\chtg207.htm --> our-oxford.info /public_html/opn/Cheryl chtg207.htm
2013.02.01 16:09 B F:\OxfordPast\Cheryl\chtg130.htm --> our-oxford.info /public_html/opn/Cheryl chtg130.htm
2013.02.01 16:09 B F:\OxfordPast\Cheryl\chtn33.htm --> our-oxford.info /public_html/opn/Cheryl chtn33.htm
2013.02.01 16:09 B F:\OxfordPast\Cheryl\chtg163.htm --> our-oxford.info /public_html/opn/Cheryl chtg163.htm
2013.02.01 16:09 B F:\OxfordPast\Cheryl\chtg192.htm --> our-oxford.info /public_html/opn/Cheryl chtg192.htm
2013.02.01 16:09 B F:\OxfordPast\Cheryl\chtg62.htm --> our-oxford.info /public_html/opn/Cheryl chtg62.htm
2013.02.01 16:09 B F:\OxfordPast\Cheryl\chtg111.htm --> our-oxford.info /public_html/opn/Cheryl chtg111.htm
2013.02.01 16:09 B F:\OxfordPast\Cheryl\chtg149.htm --> our-oxford.info /public_html/opn/Cheryl chtg149.htm
2013.02.01 16:09 B F:\OxfordPast\Cheryl\chtg150.htm --> our-oxford.info /public_html/opn/Cheryl chtg150.htm
2013.02.01 16:09 B F:\OxfordPast\Cheryl\chtg115.htm --> our-oxford.info /public_html/opn/Cheryl chtg115.htm
2013.02.01 16:09 B F:\OxfordPast\Cheryl\chtn171.htm --> our-oxford.info /public_html/opn/Cheryl chtn171.htm
2013.02.01 16:09 B F:\OxfordPast\Cheryl\chtg47.htm --> our-oxford.info /public_html/opn/Cheryl chtg47.htm
2013.02.01 16:09 B F:\OxfordPast\Cheryl\chtg116.htm --> our-oxford.info /public_html/opn/Cheryl chtg116.htm
2013.02.01 16:09 B F:\OxfordPast\Cheryl\chtg209.htm --> our-oxford.info /public_html/opn/Cheryl chtg209.htm
2013.02.01 16:09 B F:\OxfordPast\Cheryl\chtg94.htm --> our-oxford.info /public_html/opn/Cheryl chtg94.htm
2013.02.01 16:09 B F:\OxfordPast\Cheryl\chtg197.htm --> our-oxford.info /public_html/opn/Cheryl chtg197.htm
2013.02.01 16:09 B F:\OxfordPast\Cheryl\chtg76.htm --> our-oxford.info /public_html/opn/Cheryl chtg76.htm
2013.02.01 16:09 B F:\OxfordPast\Cheryl\chtg74.htm --> our-oxford.info /public_html/opn/Cheryl chtg74.htm
2013.02.01 16:09 B F:\OxfordPast\Cheryl\chtg213.htm --> our-oxford.info /public_html/opn/Cheryl chtg213.htm
2013.02.01 16:09 B F:\OxfordPast\Cheryl\chtg84.htm --> our-oxford.info /public_html/opn/Cheryl chtg84.htm
2013.02.01 16:09 B F:\OxfordPast\Cheryl\chtg72.htm --> our-oxford.info /public_html/opn/Cheryl chtg72.htm
2013.02.01 16:09 B F:\OxfordPast\Cheryl\chtg188.htm --> our-oxford.info /public_html/opn/Cheryl chtg188.htm
2013.02.01 16:09 B F:\OxfordPast\Cheryl\chtg97.htm --> our-oxford.info /public_html/opn/Cheryl chtg97.htm
2013.02.01 16:09 B F:\OxfordPast\Cheryl\chtg21.htm --> our-oxford.info /public_html/opn/Cheryl chtg21.htm
2013.02.01 16:09 B F:\OxfordPast\Cheryl\chtn19.htm --> our-oxford.info /public_html/opn/Cheryl chtn19.htm
2013.02.01 16:09 B F:\OxfordPast\Cheryl\chtg69.htm --> our-oxford.info /public_html/opn/Cheryl chtg69.htm
2013.02.01 16:09 B F:\OxfordPast\Cheryl\chtg186.htm --> our-oxford.info /public_html/opn/Cheryl chtg186.htm
2013.02.01 16:09 B F:\OxfordPast\Cheryl\chtg43.htm --> our-oxford.info /public_html/opn/Cheryl chtg43.htm
2013.02.01 16:09 B F:\OxfordPast\Cheryl\chtg51.htm --> our-oxford.info /public_html/opn/Cheryl chtg51.htm
2013.02.01 16:09 B F:\OxfordPast\Cheryl\chtg199.htm --> our-oxford.info /public_html/opn/Cheryl chtg199.htm
2013.02.01 16:09 B F:\OxfordPast\Cheryl\chtg201.htm --> our-oxford.info /public_html/opn/Cheryl chtg201.htm
2013.02.01 16:09 B F:\OxfordPast\Cheryl\chtg63.htm --> our-oxford.info /public_html/opn/Cheryl chtg63.htm
2013.02.01 16:09 B F:\OxfordPast\Cheryl\chtg46.htm --> our-oxford.info /public_html/opn/Cheryl chtg46.htm
2013.02.01 16:09 B F:\OxfordPast\Cheryl\chtg89.htm --> our-oxford.info /public_html/opn/Cheryl chtg89.htm
2013.02.01 16:09 B F:\OxfordPast\Cheryl\chtg161.htm --> our-oxford.info /public_html/opn/Cheryl chtg161.htm
2013.02.01 16:09 B F:\OxfordPast\Cheryl\chtg98.htm --> our-oxford.info /public_html/opn/Cheryl chtg98.htm
2013.02.01 16:09 B F:\OxfordPast\Cheryl\chtn49.htm --> our-oxford.info /public_html/opn/Cheryl chtn49.htm
2013.02.01 16:09 B F:\OxfordPast\Cheryl\chtg58.htm --> our-oxford.info /public_html/opn/Cheryl chtg58.htm
2013.02.01 16:09 B F:\OxfordPast\Cheryl\chtg133.htm --> our-oxford.info /public_html/opn/Cheryl chtg133.htm
2013.02.01 16:09 B F:\OxfordPast\Cheryl\chtg92.htm --> our-oxford.info /public_html/opn/Cheryl chtg92.htm
2013.02.01 16:09 B F:\OxfordPast\Cheryl\chtg140.htm --> our-oxford.info /public_html/opn/Cheryl chtg140.htm
2013.02.01 16:09 B F:\OxfordPast\Cheryl\chtg129.htm --> our-oxford.info /public_html/opn/Cheryl chtg129.htm
2013.02.01 16:09 B F:\OxfordPast\Cheryl\chtg108.htm --> our-oxford.info /public_html/opn/Cheryl chtg108.htm
2013.02.01 16:09 B F:\OxfordPast\Cheryl\chtg112.htm --> our-oxford.info /public_html/opn/Cheryl chtg112.htm
2013.02.01 16:09 B F:\OxfordPast\Cheryl\chtg86.htm --> our-oxford.info /public_html/opn/Cheryl chtg86.htm
2013.02.01 16:09 B F:\OxfordPast\Cheryl\chtg132.htm --> our-oxford.info /public_html/opn/Cheryl chtg132.htm
2013.02.01 16:09 B F:\OxfordPast\Cheryl\chtg87.htm --> our-oxford.info /public_html/opn/Cheryl chtg87.htm
2013.02.01 16:09 B F:\OxfordPast\Cheryl\chtg79.htm --> our-oxford.info /public_html/opn/Cheryl chtg79.htm
2013.02.01 16:09 B F:\OxfordPast\Cheryl\chtg156.htm --> our-oxford.info /public_html/opn/Cheryl chtg156.htm
2013.02.01 16:09 B F:\OxfordPast\Cheryl\chtg124.htm --> our-oxford.info /public_html/opn/Cheryl chtg124.htm
2013.02.01 16:09 B F:\OxfordPast\Cheryl\Cletus_and_Eileen_Daly.jpg --> our-oxford.info /public_html/opn/Cheryl Cletus_and_Eileen_Daly.jpg
2013.02.01 16:09 B F:\OxfordPast\Cheryl\chtg196.htm --> our-oxford.info /public_html/opn/Cheryl chtg196.htm
2013.02.01 16:09 B F:\OxfordPast\Cheryl\chtn12.htm --> our-oxford.info /public_html/opn/Cheryl chtn12.htm
2013.02.01 16:09 B F:\OxfordPast\Cheryl\chtg126.htm --> our-oxford.info /public_html/opn/Cheryl chtg126.htm
2013.02.01 16:09 B F:\OxfordPast\Cheryl\chtn77.htm --> our-oxford.info /public_html/opn/Cheryl chtn77.htm
2013.02.01 16:09 B F:\OxfordPast\Cheryl\9sep1855.html --> our-oxford.info /public_html/opn/Cheryl 9sep1855.html
2013.02.01 16:09 B F:\OxfordPast\Cheryl\chtg37.htm --> our-oxford.info /public_html/opn/Cheryl chtg37.htm
2013.02.01 16:09 B F:\OxfordPast\Cheryl\chtg34.htm --> our-oxford.info /public_html/opn/Cheryl chtg34.htm
2013.02.01 16:09 B F:\OxfordPast\Cheryl\chtg44.htm --> our-oxford.info /public_html/opn/Cheryl chtg44.htm
2013.02.01 16:09 B F:\OxfordPast\Cheryl\chtg143.htm --> our-oxford.info /public_html/opn/Cheryl chtg143.htm
2013.02.01 16:09 B F:\OxfordPast\Cheryl\chtc77.htm --> our-oxford.info /public_html/opn/Cheryl chtc77.htm
2013.02.01 16:09 B F:\OxfordPast\Cheryl\chtg138.htm --> our-oxford.info /public_html/opn/Cheryl chtg138.htm
2013.02.01 16:09 B F:\OxfordPast\Cheryl\chtg211.htm --> our-oxford.info /public_html/opn/Cheryl chtg211.htm
2013.02.01 16:09 B F:\OxfordPast\Cheryl\chtg93.htm --> our-oxford.info /public_html/opn/Cheryl chtg93.htm
2013.02.01 16:09 B F:\OxfordPast\Cheryl\chtg155.htm --> our-oxford.info /public_html/opn/Cheryl chtg155.htm
2013.02.01 16:09 B F:\OxfordPast\Cheryl\chtg131.htm --> our-oxford.info /public_html/opn/Cheryl chtg131.htm
2013.02.01 16:09 B F:\OxfordPast\Cheryl\chtg169.htm --> our-oxford.info /public_html/opn/Cheryl chtg169.htm
2013.02.01 16:09 B F:\OxfordPast\Cheryl\chtn170.htm --> our-oxford.info /public_html/opn/Cheryl chtn170.htm
2013.02.01 16:09 B F:\OxfordPast\Cheryl\chtg106.htm --> our-oxford.info /public_html/opn/Cheryl chtg106.htm
2013.02.01 16:09 B F:\OxfordPast\Cheryl\chtn06.htm --> our-oxford.info /public_html/opn/Cheryl chtn06.htm
2013.02.01 16:09 B F:\OxfordPast\Cheryl\chtg215.htm --> our-oxford.info /public_html/opn/Cheryl chtg215.htm
2013.02.01 16:09 B F:\OxfordPast\Cheryl\chtg177.htm --> our-oxford.info /public_html/opn/Cheryl chtg177.htm
2013.02.01 16:09 B F:\OxfordPast\Cheryl\chtg80.htm --> our-oxford.info /public_html/opn/Cheryl chtg80.htm
2013.02.01 16:09 B F:\OxfordPast\Cheryl\chtg119.htm --> our-oxford.info /public_html/opn/Cheryl chtg119.htm
2013.02.01 16:09 B F:\OxfordPast\Cheryl\chtg135.htm --> our-oxford.info /public_html/opn/Cheryl chtg135.htm
2013.02.01 16:09 B F:\OxfordPast\Cheryl\Thumbs.db --> our-oxford.info /public_html/opn/Cheryl Thumbs.db
2013.02.01 16:10 B F:\OxfordPast\Cheryl\chtg88.htm --> our-oxford.info /public_html/opn/Cheryl chtg88.htm
2013.02.01 16:10 B F:\OxfordPast\Cheryl\chtg59.htm --> our-oxford.info /public_html/opn/Cheryl chtg59.htm
2013.02.01 16:10 B F:\OxfordPast\Cheryl\chtg194.htm --> our-oxford.info /public_html/opn/Cheryl chtg194.htm
2013.02.01 16:10 B F:\OxfordPast\Cheryl\chtn205.htm --> our-oxford.info /public_html/opn/Cheryl chtn205.htm
2013.02.01 16:10 B F:\OxfordPast\Cheryl\chtg35.htm --> our-oxford.info /public_html/opn/Cheryl chtg35.htm
2013.02.01 16:10 B F:\OxfordPast\Cheryl\chtg101.htm --> our-oxford.info /public_html/opn/Cheryl chtg101.htm
2013.02.01 16:10 B F:\OxfordPast\Cheryl\chtg71.htm --> our-oxford.info /public_html/opn/Cheryl chtg71.htm
2013.02.01 16:10 B F:\OxfordPast\Cheryl\chtg151.htm --> our-oxford.info /public_html/opn/Cheryl chtg151.htm
2013.02.01 16:10 B F:\OxfordPast\Cheryl\chtg85.htm --> our-oxford.info /public_html/opn/Cheryl chtg85.htm
2013.02.01 16:10 B F:\OxfordPast\Cheryl\chtg148.htm --> our-oxford.info /public_html/opn/Cheryl chtg148.htm
2013.02.01 16:10 B F:\OxfordPast\Cheryl\chtg73.htm --> our-oxford.info /public_html/opn/Cheryl chtg73.htm
2013.02.01 16:10 B F:\OxfordPast\Cheryl\chtg147.htm --> our-oxford.info /public_html/opn/Cheryl chtg147.htm
2013.02.01 16:10 B F:\OxfordPast\Cheryl\chtn63.htm --> our-oxford.info /public_html/opn/Cheryl chtn63.htm
2013.02.01 16:10 B F:\OxfordPast\Cheryl\chtg50.htm --> our-oxford.info /public_html/opn/Cheryl chtg50.htm
2013.02.01 16:10 B F:\OxfordPast\Cheryl\chtg01.htm --> our-oxford.info /public_html/opn/Cheryl chtg01.htm
2013.02.01 16:10 B F:\OxfordPast\Cheryl\chtg17.htm --> our-oxford.info /public_html/opn/Cheryl chtg17.htm
2013.02.01 16:10 B F:\OxfordPast\Cheryl\chtg216.htm --> our-oxford.info /public_html/opn/Cheryl chtg216.htm
2013.02.01 16:10 B F:\OxfordPast\Cheryl\chtg81.htm --> our-oxford.info /public_html/opn/Cheryl chtg81.htm
2013.02.01 16:10 B F:\OxfordPast\Cheryl\chtg202.htm --> our-oxford.info /public_html/opn/Cheryl chtg202.htm
2013.02.01 16:10 B F:\OxfordPast\Cheryl\chtg38.htm --> our-oxford.info /public_html/opn/Cheryl chtg38.htm
2013.02.01 16:10 B F:\OxfordPast\Cheryl\Donald_and_Sisters.jpg --> our-oxford.info /public_html/opn/Cheryl Donald_and_Sisters.jpg
2013.02.01 16:10 B F:\OxfordPast\Cheryl\chtg182.htm --> our-oxford.info /public_html/opn/Cheryl chtg182.htm
2013.02.01 16:10 B F:\OxfordPast\Cheryl\chtg14.htm --> our-oxford.info /public_html/opn/Cheryl chtg14.htm
2013.02.01 16:10 B F:\OxfordPast\Cheryl\chtg90.htm --> our-oxford.info /public_html/opn/Cheryl chtg90.htm
2013.02.01 16:10 B F:\OxfordPast\Cheryl\chtg113.htm --> our-oxford.info /public_html/opn/Cheryl chtg113.htm
2013.02.01 16:10 B F:\OxfordPast\Cheryl\chtg210.htm --> our-oxford.info /public_html/opn/Cheryl chtg210.htm
2013.02.01 16:10 B F:\OxfordPast\Cheryl\chtg118.htm --> our-oxford.info /public_html/opn/Cheryl chtg118.htm
2013.02.01 16:10 B F:\OxfordPast\Cheryl\chtg157.htm --> our-oxford.info /public_html/opn/Cheryl chtg157.htm
2013.02.01 16:10 B F:\OxfordPast\Cheryl\chtg204.htm --> our-oxford.info /public_html/opn/Cheryl chtg204.htm
2013.02.01 16:10 B F:\OxfordPast\Cheryl\chtg16.htm --> our-oxford.info /public_html/opn/Cheryl chtg16.htm
2013.02.01 16:10 B F:\OxfordPast\Cheryl\chtg152.htm --> our-oxford.info /public_html/opn/Cheryl chtg152.htm
2013.02.01 16:10 B F:\OxfordPast\Cheryl\chtg125.htm --> our-oxford.info /public_html/opn/Cheryl chtg125.htm
2013.02.01 16:10 B F:\OxfordPast\Cheryl\chtg75.htm --> our-oxford.info /public_html/opn/Cheryl chtg75.htm
2013.02.01 16:10 B F:\OxfordPast\Cheryl\chtg48.htm --> our-oxford.info /public_html/opn/Cheryl chtg48.htm
2013.02.01 16:10 B F:\OxfordPast\Cheryl\chtg78.htm --> our-oxford.info /public_html/opn/Cheryl chtg78.htm
2013.02.01 16:10 B F:\OxfordPast\Cheryl\chtg174.htm --> our-oxford.info /public_html/opn/Cheryl chtg174.htm
2013.02.01 16:10 B F:\OxfordPast\Cheryl\chtg109.htm --> our-oxford.info /public_html/opn/Cheryl chtg109.htm
2013.02.01 16:10 B F:\OxfordPast\Cheryl\chtg185.htm --> our-oxford.info /public_html/opn/Cheryl chtg185.htm
2013.02.01 16:10 B F:\OxfordPast\Cheryl\chtg167.htm --> our-oxford.info /public_html/opn/Cheryl chtg167.htm
2013.02.01 16:10 B F:\OxfordPast\Cheryl\chtg136.htm --> our-oxford.info /public_html/opn/Cheryl chtg136.htm
2013.02.01 16:10 B F:\OxfordPast\Cheryl\chtg105.htm --> our-oxford.info /public_html/opn/Cheryl chtg105.htm
2013.02.01 16:10 B F:\OxfordPast\Cheryl\chtg122.htm --> our-oxford.info /public_html/opn/Cheryl chtg122.htm
2013.02.01 16:10 B F:\OxfordPast\Cheryl\chtg154.htm --> our-oxford.info /public_html/opn/Cheryl chtg154.htm
2013.02.01 16:10 B F:\OxfordPast\Cheryl\chtg60.htm --> our-oxford.info /public_html/opn/Cheryl chtg60.htm
2013.02.01 16:10 B F:\OxfordPast\Cheryl\chtg195.htm --> our-oxford.info /public_html/opn/Cheryl chtg195.htm
2013.02.01 16:10 B F:\OxfordPast\Cheryl\chtg134.htm --> our-oxford.info /public_html/opn/Cheryl chtg134.htm
2013.02.01 16:10 B F:\OxfordPast\Cheryl\chtg164.htm --> our-oxford.info /public_html/opn/Cheryl chtg164.htm
2013.02.01 16:10 B F:\OxfordPast\Cheryl\chtn54.htm --> our-oxford.info /public_html/opn/Cheryl chtn54.htm
2013.02.01 16:10 B F:\OxfordPast\Cheryl\chtg31.htm --> our-oxford.info /public_html/opn/Cheryl chtg31.htm
2013.02.01 16:10 B F:\OxfordPast\Cheryl\chtg100.htm --> our-oxford.info /public_html/opn/Cheryl chtg100.htm
2013.02.01 16:10 B F:\OxfordPast\Cheryl\chtn30.htm --> our-oxford.info /public_html/opn/Cheryl chtn30.htm
2013.02.01 16:10 B F:\OxfordPast\Cheryl\chtg95.htm --> our-oxford.info /public_html/opn/Cheryl chtg95.htm
2013.02.01 16:10 B F:\OxfordPast\Cheryl\chtg61.htm --> our-oxford.info /public_html/opn/Cheryl chtg61.htm
2013.02.01 16:10 B F:\OxfordPast\Cheryl\chtg52.htm --> our-oxford.info /public_html/opn/Cheryl chtg52.htm
2013.02.01 16:10 B F:\OxfordPast\Cheryl\chtg145.htm --> our-oxford.info /public_html/opn/Cheryl chtg145.htm
2013.02.01 16:10 B F:\OxfordPast\Cheryl\chtg03.htm --> our-oxford.info /public_html/opn/Cheryl chtg03.htm
2013.02.01 16:10 B F:\OxfordPast\Cheryl\chtg205.htm --> our-oxford.info /public_html/opn/Cheryl chtg205.htm
2013.02.01 16:10 B F:\OxfordPast\Cheryl\chtg45.htm --> our-oxford.info /public_html/opn/Cheryl chtg45.htm
2013.02.01 16:10 B F:\OxfordPast\Cheryl\chtg99.htm --> our-oxford.info /public_html/opn/Cheryl chtg99.htm
2013.02.01 16:10 B F:\OxfordPast\Cheryl\chtn39.htm --> our-oxford.info /public_html/opn/Cheryl chtn39.htm
2013.02.01 16:10 B F:\OxfordPast\Cheryl\chtg07.htm --> our-oxford.info /public_html/opn/Cheryl chtg07.htm
2013.02.01 16:10 B F:\OxfordPast\Cheryl\chtg36.htm --> our-oxford.info /public_html/opn/Cheryl chtg36.htm
2013.02.01 16:10 B F:\OxfordPast\Cheryl\chtg65.htm --> our-oxford.info /public_html/opn/Cheryl chtg65.htm
2013.02.01 16:10 B F:\OxfordPast\Cheryl\chtg02.htm --> our-oxford.info /public_html/opn/Cheryl chtg02.htm
2013.02.01 16:10 B F:\OxfordPast\Cheryl\chtg137.htm --> our-oxford.info /public_html/opn/Cheryl chtg137.htm
2013.02.01 16:10 B F:\OxfordPast\Cheryl\chtg103.htm --> our-oxford.info /public_html/opn/Cheryl chtg103.htm
2013.02.01 16:10 B F:\OxfordPast\Cheryl\chtg19.htm --> our-oxford.info /public_html/opn/Cheryl chtg19.htm
2013.02.01 16:10 B F:\OxfordPast\Cheryl\chtg110.htm --> our-oxford.info /public_html/opn/Cheryl chtg110.htm
2013.02.01 16:10 B F:\OxfordPast\Cheryl\chtg49.htm --> our-oxford.info /public_html/opn/Cheryl chtg49.htm
2013.02.01 16:10 B F:\OxfordPast\Cheryl\chtg212.htm --> our-oxford.info /public_html/opn/Cheryl chtg212.htm
2013.02.01 16:10 B F:\OxfordPast\Cheryl\chtg66.htm --> our-oxford.info /public_html/opn/Cheryl chtg66.htm
2013.02.01 16:10 B F:\OxfordPast\Cheryl\chtg123.htm --> our-oxford.info /public_html/opn/Cheryl chtg123.htm
2013.02.01 16:10 B F:\OxfordPast\Cheryl\chtg28.htm --> our-oxford.info /public_html/opn/Cheryl chtg28.htm
2013.02.01 16:10 B F:\OxfordPast\Cheryl\chtg83.htm --> our-oxford.info /public_html/opn/Cheryl chtg83.htm
2013.02.01 16:10 B F:\OxfordPast\Cheryl\chtg56.htm --> our-oxford.info /public_html/opn/Cheryl chtg56.htm
2013.02.01 16:10 B F:\OxfordPast\Cheryl\chtg40.htm --> our-oxford.info /public_html/opn/Cheryl chtg40.htm
2013.02.01 16:10 B F:\OxfordPast\Cheryl\chtg166.htm --> our-oxford.info /public_html/opn/Cheryl chtg166.htm
2013.02.01 16:10 B F:\OxfordPast\Cheryl\chtg26.htm --> our-oxford.info /public_html/opn/Cheryl chtg26.htm
2013.02.01 16:10 B F:\OxfordPast\Cheryl\chtg27.htm --> our-oxford.info /public_html/opn/Cheryl chtg27.htm
2013.02.01 16:10 B F:\OxfordPast\Cheryl\chtg127.htm --> our-oxford.info /public_html/opn/Cheryl chtg127.htm
2013.02.01 16:10 B F:\OxfordPast\Cheryl\chtg57.htm --> our-oxford.info /public_html/opn/Cheryl chtg57.htm
2013.02.01 16:10 B F:\OxfordPast\Cheryl\chtg168.htm --> our-oxford.info /public_html/opn/Cheryl chtg168.htm
2013.02.01 16:10 B F:\OxfordPast\Cheryl\chtg39.htm --> our-oxford.info /public_html/opn/Cheryl chtg39.htm
2013.02.01 16:10 B F:\OxfordPast\Cheryl\chtn57.htm --> our-oxford.info /public_html/opn/Cheryl chtn57.htm
2013.02.01 16:10 B F:\OxfordPast\Cheryl\chtg53.htm --> our-oxford.info /public_html/opn/Cheryl chtg53.htm
2013.02.01 16:10 B F:\OxfordPast\Cheryl\1e300.jpg --> our-oxford.info /public_html/opn/Cheryl 1e300.jpg
2013.02.01 16:10 B F:\OxfordPast\Cheryl\Mary_Elizabeth_(Seymour)_Chatfield1.jpg --> our-oxford.info /public_html/opn/Cheryl Mary_Elizabeth_(Seymour)_Chatfield1.jpg
2013.02.01 16:10 B F:\OxfordPast\Cheryl\chtg32.htm --> our-oxford.info /public_html/opn/Cheryl chtg32.htm
2013.02.01 16:10 B F:\OxfordPast\Cheryl\chtg55.htm --> our-oxford.info /public_html/opn/Cheryl chtg55.htm
2013.02.01 16:10 B F:\OxfordPast\Cheryl\chtn162.htm --> our-oxford.info /public_html/opn/Cheryl chtn162.htm
2013.02.01 16:10 B F:\OxfordPast\Cheryl\chtg102.htm --> our-oxford.info /public_html/opn/Cheryl chtg102.htm
2013.02.01 16:10 B F:\OxfordPast\Cheryl\chtg25.htm --> our-oxford.info /public_html/opn/Cheryl chtg25.htm
2013.02.01 16:10 B F:\OxfordPast\Cheryl\chtg54.htm --> our-oxford.info /public_html/opn/Cheryl chtg54.htm
2013.02.01 16:10 B F:\OxfordPast\Cheryl\chtn31.htm --> our-oxford.info /public_html/opn/Cheryl chtn31.htm
2013.02.01 16:10 B F:\OxfordPast\Cheryl\chtg33.htm --> our-oxford.info /public_html/opn/Cheryl chtg33.htm
2013.02.01 16:10 B F:\OxfordPast\Cheryl\chtg29.htm --> our-oxford.info /public_html/opn/Cheryl chtg29.htm
2013.02.01 16:10 B F:\OxfordPast\Cheryl\chtg15.htm --> our-oxford.info /public_html/opn/Cheryl chtg15.htm
2013.02.01 16:10 B F:\OxfordPast\Cheryl\chtg20.htm --> our-oxford.info /public_html/opn/Cheryl chtg20.htm
2013.02.01 16:10 B F:\OxfordPast\Cheryl\chtg70.htm --> our-oxford.info /public_html/opn/Cheryl chtg70.htm
2013.02.01 16:10 B F:\OxfordPast\Cheryl\chtn13.htm --> our-oxford.info /public_html/opn/Cheryl chtn13.htm
2013.02.01 16:10 B F:\OxfordPast\Cheryl\chtg193.htm --> our-oxford.info /public_html/opn/Cheryl chtg193.htm
2013.02.01 16:10 B F:\OxfordPast\Cheryl\chtg91.htm --> our-oxford.info /public_html/opn/Cheryl chtg91.htm
2013.02.01 16:10 B F:\OxfordPast\Cheryl\chtg170.htm --> our-oxford.info /public_html/opn/Cheryl chtg170.htm
2013.02.01 16:11 B F:\OxfordPast\Cheryl\chtg184.htm --> our-oxford.info /public_html/opn/Cheryl chtg184.htm
2013.02.01 16:11 B F:\OxfordPast\Cheryl\chtn65.htm --> our-oxford.info /public_html/opn/Cheryl chtn65.htm
2013.02.01 16:11 B F:\OxfordPast\Cheryl\chtg68.htm --> our-oxford.info /public_html/opn/Cheryl chtg68.htm
2013.02.01 16:11 B F:\OxfordPast\Cheryl\id39.html --> our-oxford.info /public_html/opn/Cheryl id39.html
2013.02.01 16:11 B F:\OxfordPast\Cheryl\chtg06.htm --> our-oxford.info /public_html/opn/Cheryl chtg06.htm
2013.02.01 16:11 B F:\OxfordPast\Cheryl\chtg08.htm --> our-oxford.info /public_html/opn/Cheryl chtg08.htm
2013.02.01 16:11 B F:\OxfordPast\Cheryl\chtg200.htm --> our-oxford.info /public_html/opn/Cheryl chtg200.htm
2013.02.01 16:11 B F:\OxfordPast\Cheryl\chtg30.htm --> our-oxford.info /public_html/opn/Cheryl chtg30.htm
2013.02.01 16:11 B F:\OxfordPast\Cheryl\chtn51.htm --> our-oxford.info /public_html/opn/Cheryl chtn51.htm
2013.02.01 16:11 B F:\OxfordPast\Cheryl\chtg12.htm --> our-oxford.info /public_html/opn/Cheryl chtg12.htm
2013.02.01 16:11 B F:\OxfordPast\Cheryl\chtg171.htm --> our-oxford.info /public_html/opn/Cheryl chtg171.htm
2013.02.01 16:11 B F:\OxfordPast\Cheryl\chtn151.htm --> our-oxford.info /public_html/opn/Cheryl chtn151.htm
2013.02.01 16:11 B F:\OxfordPast\Cheryl\chtg11.htm --> our-oxford.info /public_html/opn/Cheryl chtg11.htm
2013.02.01 16:11 B F:\OxfordPast\Cheryl\chtg05.htm --> our-oxford.info /public_html/opn/Cheryl chtg05.htm
2013.02.01 16:11 B F:\OxfordPast\Cheryl\chtg107.htm --> our-oxford.info /public_html/opn/Cheryl chtg107.htm
2013.02.01 16:11 B F:\OxfordPast\Cheryl\chtg172.htm --> our-oxford.info /public_html/opn/Cheryl chtg172.htm
2013.02.01 16:11 B F:\OxfordPast\Cheryl\chtg173.htm --> our-oxford.info /public_html/opn/Cheryl chtg173.htm
2013.02.01 16:11 B F:\OxfordPast\Cheryl\chtg203.htm --> our-oxford.info /public_html/opn/Cheryl chtg203.htm
2013.02.01 16:11 B F:\OxfordPast\Cheryl\chtg04.htm --> our-oxford.info /public_html/opn/Cheryl chtg04.htm
2013.02.01 16:11 B F:\OxfordPast\Cheryl\chtg13.htm --> our-oxford.info /public_html/opn/Cheryl chtg13.htm
2013.02.01 16:11 B F:\OxfordPast\Cheryl\chtg09.htm --> our-oxford.info /public_html/opn/Cheryl chtg09.htm
2013.02.01 16:11 B F:\OxfordPast\Cheryl\chtg10.htm --> our-oxford.info /public_html/opn/Cheryl chtg10.htm
2013.02.01 16:11 B F:\OxfordPast\Cheryl\chtg67.htm --> our-oxford.info /public_html/opn/Cheryl chtg67.htm
2013.02.01 16:11 B F:\OxfordPast\Cheryl\Harry_Oswald_&_Emma_Louise_Karsch.jpg --> our-oxford.info /public_html/opn/Cheryl Harry_Oswald_&_Emma_Louise_Karsch.jpg
2013.02.01 16:11 B F:\OxfordPast\Cheryl\chtg183.htm --> our-oxford.info /public_html/opn/Cheryl chtg183.htm
2013.02.01 16:11 B F:\OxfordPast\Cheryl\cheryl.ged --> our-oxford.info /public_html/opn/Cheryl cheryl.ged
2013.02.01 16:11 B F:\OxfordPast\Cheryl\3c700.jpg --> our-oxford.info /public_html/opn/Cheryl 3c700.jpg
2013.02.01 16:11 B F:\OxfordPast\Cheryl\Frederick_Seymour_Chatfield_1918.jpg --> our-oxford.info /public_html/opn/Cheryl Frederick_Seymour_Chatfield_1918.jpg
2013.02.01 16:11 B F:\OxfordPast\Cheryl\1e900.jpg --> our-oxford.info /public_html/opn/Cheryl 1e900.jpg
2013.02.01 16:11 B F:\OxfordPast\Cheryl\Roxa_Roxy_(Sperry)_Chatfield.jpg --> our-oxford.info /public_html/opn/Cheryl Roxa_Roxy_(Sperry)_Chatfield.jpg
2013.02.01 16:11 B F:\OxfordPast\Cheryl\cht.afa --> our-oxford.info /public_html/opn/Cheryl cht.afa
2013.02.01 16:11 B F:\OxfordPast\Cheryl\chtg77.htm --> our-oxford.info /public_html/opn/Cheryl chtg77.htm
2013.02.01 16:11 B F:\OxfordPast\Cheryl\Cheryl_Eileen_(Chatfield)_Thompson.jpg --> our-oxford.info /public_html/opn/Cheryl Cheryl_Eileen_(Chatfield)_Thompson.jpg
2013.02.01 16:11 B F:\OxfordPast\Cheryl\Harry_Mathew_Daly_Wedding.jpg --> our-oxford.info /public_html/opn/Cheryl Harry_Mathew_Daly_Wedding.jpg
2013.02.01 16:11 B F:\OxfordPast\Cheryl\d6700.jpg --> our-oxford.info /public_html/opn/Cheryl d6700.jpg
2013.02.01 16:11 B F:\OxfordPast\Cheryl\Emily_C._(Chatfield)_Sperry.jpg --> our-oxford.info /public_html/opn/Cheryl Emily_C._(Chatfield)_Sperry.jpg
2013.02.01 16:11 B F:\OxfordPast\Cheryl\chtx35.htm --> our-oxford.info /public_html/opn/Cheryl chtx35.htm
2013.02.01 16:11 B F:\OxfordPast\Cheryl\cherylphoto.html --> our-oxford.info /public_html/opn/Cheryl cherylphoto.html
2013.02.01 16:11 B F:\OxfordPast\Cheryl\Shirley_Mae_Harriet_Oswald_Wedding1.jpg --> our-oxford.info /public_html/opn/Cheryl Shirley_Mae_Harriet_Oswald_Wedding1.jpg
2013.02.01 16:11 B F:\OxfordPast\Cheryl\Mabel_Elizabeth_Chatfield_Wedding.jpg --> our-oxford.info /public_html/opn/Cheryl Mabel_Elizabeth_Chatfield_Wedding.jpg
2013.02.01 16:11 B F:\OxfordPast\Cheryl\Enos_Beecher_Chatfield-Civil_War_Reunion.jpg --> our-oxford.info /public_html/opn/Cheryl Enos_Beecher_Chatfield-Civil_War_Reunion.jpg
2013.02.01 16:11 B F:\OxfordPast\Cheryl\William_Eldon_Chatfield4.jpg --> our-oxford.info /public_html/opn/Cheryl William_Eldon_Chatfield4.jpg
2013.02.01 16:11 B F:\OxfordPast\Cheryl\Enos_Beecher_Chatfield3.jpg --> our-oxford.info /public_html/opn/Cheryl Enos_Beecher_Chatfield3.jpg
2013.02.01 16:11 B F:\OxfordPast\Cheryl\chtx36.htm --> our-oxford.info /public_html/opn/Cheryl chtx36.htm
2013.02.01 16:11 B F:\OxfordPast\Cheryl\Enos_Beecher_Chatfield2.jpg --> our-oxford.info /public_html/opn/Cheryl Enos_Beecher_Chatfield2.jpg
2013.02.01 16:11 B F:\OxfordPast\Cheryl\William_Eldon_Chatfield3.jpg --> our-oxford.info /public_html/opn/Cheryl William_Eldon_Chatfield3.jpg
2013.02.01 16:11 B F:\OxfordPast\Cheryl\chtx2.htm --> our-oxford.info /public_html/opn/Cheryl chtx2.htm
2013.02.01 16:11 B F:\OxfordPast\Cheryl\43500.jpg --> our-oxford.info /public_html/opn/Cheryl 43500.jpg
2013.02.01 16:11 B F:\OxfordPast\Cheryl\Donald_Lester_Francis_Chatfield_W.W.jpg --> our-oxford.info /public_html/opn/Cheryl Donald_Lester_Francis_Chatfield_W.W.jpg
2013.02.01 16:11 B F:\OxfordPast\Cheryl\WILLIAM_ELDON_CHATFIELD.jpg --> our-oxford.info /public_html/opn/Cheryl WILLIAM_ELDON_CHATFIELD.jpg
2013.02.01 16:11 B F:\OxfordPast\Cheryl\Mary_E._and_Frederick_S._Chatfield.jpg --> our-oxford.info /public_html/opn/Cheryl Mary_E._and_Frederick_S._Chatfield.jpg
2013.02.01 16:11 B F:\OxfordPast\Cheryl\Mary_Elizabeth_(Seymour)_Chatfield2.jpg --> our-oxford.info /public_html/opn/Cheryl Mary_Elizabeth_(Seymour)_Chatfield2.jpg
2013.02.01 16:11 B F:\OxfordPast\Cheryl\Eileen_Margaret_(Daly)_Chatfield.jpg --> our-oxford.info /public_html/opn/Cheryl Eileen_Margaret_(Daly)_Chatfield.jpg
2013.02.01 16:11 B F:\OxfordPast\Cheryl\William_Eldon_Chatfield5.jpg --> our-oxford.info /public_html/opn/Cheryl William_Eldon_Chatfield5.jpg
2013.02.01 16:11 B F:\OxfordPast\Cheryl\Roland_Wilbur_Chatfield.jpg --> our-oxford.info /public_html/opn/Cheryl Roland_Wilbur_Chatfield.jpg
2013.02.01 16:11 B F:\OxfordPast\Cheryl\Eileen_Margaret_Daly_Wedding.jpg --> our-oxford.info /public_html/opn/Cheryl Eileen_Margaret_Daly_Wedding.jpg
2013.02.01 16:11 B F:\OxfordPast\Cheryl\Donald_Lester_Francis_Chatfield_Wedding.jpg --> our-oxford.info /public_html/opn/Cheryl Donald_Lester_Francis_Chatfield_Wedding.jpg
2013.02.01 16:11 B F:\OxfordPast\Cheryl\Shirley_Mae_Harriet_Oswald1.jpg --> our-oxford.info /public_html/opn/Cheryl Shirley_Mae_Harriet_Oswald1.jpg
2013.02.01 16:11 B F:\OxfordPast\Cheryl\Mary_Elizabeth_(Seymour)_Chatfield3.jpg --> our-oxford.info /public_html/opn/Cheryl Mary_Elizabeth_(Seymour)_Chatfield3.jpg
2013.02.01 16:11 B F:\OxfordPast\Cheryl\105100.jpg --> our-oxford.info /public_html/opn/Cheryl 105100.jpg
2013.02.01 16:11 B F:\OxfordPast\Cheryl\Charles_Smith_Chatfield_1835-1855.jpg --> our-oxford.info /public_html/opn/Cheryl Charles_Smith_Chatfield_1835-1855.jpg
2013.02.01 16:11 B F:\OxfordPast\Cheryl\Cheryl_Eileen_Chatfield_age_2.jpg --> our-oxford.info /public_html/opn/Cheryl Cheryl_Eileen_Chatfield_age_2.jpg
2013.02.01 16:11 B F:\OxfordPast\Cheryl\106700.jpg --> our-oxford.info /public_html/opn/Cheryl 106700.jpg
2013.02.01 16:11 B F:\OxfordPast\Cheryl\Enos_Chatfield1.jpg --> our-oxford.info /public_html/opn/Cheryl Enos_Chatfield1.jpg
2013.02.01 16:11 B F:\OxfordPast\Cheryl\cht-letters-etc.html --> our-oxford.info /public_html/opn/Cheryl cht-letters-etc.html
2013.02.01 16:11 B F:\OxfordPast\Cheryl\1de00.jpg --> our-oxford.info /public_html/opn/Cheryl 1de00.jpg
2013.02.01 16:11 B F:\OxfordPast\Cheryl\Enos_Beecher_Chatfieldc.jpg --> our-oxford.info /public_html/opn/Cheryl Enos_Beecher_Chatfieldc.jpg
2013.02.01 16:11 B F:\OxfordPast\Cheryl\3c702.jpg --> our-oxford.info /public_html/opn/Cheryl 3c702.jpg
2013.02.01 16:11 B F:\OxfordPast\Cheryl\a200.jpg --> our-oxford.info /public_html/opn/Cheryl a200.jpg
2013.02.01 16:11 B F:\OxfordPast\Cheryl\Lucius_Perkins_Sperry.jpg --> our-oxford.info /public_html/opn/Cheryl Lucius_Perkins_Sperry.jpg
2013.02.01 16:11 B F:\OxfordPast\Cheryl\1dd00.jpg --> our-oxford.info /public_html/opn/Cheryl 1dd00.jpg
2013.02.01 16:11 B F:\OxfordPast\Cheryl\Julia_(Chatfield)_Thomas.jpg --> our-oxford.info /public_html/opn/Cheryl Julia_(Chatfield)_Thomas.jpg
2013.02.01 16:11 B F:\OxfordPast\Cheryl\EnosBeecherChatfield.html --> our-oxford.info /public_html/opn/Cheryl EnosBeecherChatfield.html
2013.02.01 16:11 B F:\OxfordPast\Cheryl\Lucius_Perkins_Sperry_Family.jpg --> our-oxford.info /public_html/opn/Cheryl Lucius_Perkins_Sperry_Family.jpg
2013.02.01 16:11 B F:\OxfordPast\Cheryl\ANEWPAGEcheryl.html --> our-oxford.info /public_html/opn/Cheryl ANEWPAGEcheryl.html
2013.02.01 16:11 B F:\OxfordPast\Cheryl\cem1960.jpg --> our-oxford.info /public_html/opn/Cheryl cem1960.jpg
2013.02.01 16:11 B F:\OxfordPast\Cheryl\chtx32.htm --> our-oxford.info /public_html/opn/Cheryl chtx32.htm
2013.02.01 16:11 B F:\OxfordPast\Cheryl\chtx31.htm --> our-oxford.info /public_html/opn/Cheryl chtx31.htm
2013.02.01 16:11 B F:\OxfordPast\Cheryl\chtx34.htm --> our-oxford.info /public_html/opn/Cheryl chtx34.htm
2013.02.01 16:12 B F:\OxfordPast\Cheryl\Candee-JH.html --> our-oxford.info /public_html/opn/Cheryl Candee-JH.html
2013.02.01 16:12 B F:\OxfordPast\Cheryl\chtx33.htm --> our-oxford.info /public_html/opn/Cheryl chtx33.htm
2013.02.01 16:12 B F:\OxfordPast\Cheryl\3f700.jpg --> our-oxford.info /public_html/opn/Cheryl 3f700.jpg
2013.02.01 16:12 B F:\OxfordPast\Cheryl\1de02.jpg --> our-oxford.info /public_html/opn/Cheryl 1de02.jpg
2013.02.01 16:12 B F:\OxfordPast\Cheryl\36a00.jpg --> our-oxford.info /public_html/opn/Cheryl 36a00.jpg
2013.02.01 16:12 B F:\OxfordPast\Cheryl\cherylphoto2.html --> our-oxford.info /public_html/opn/Cheryl cherylphoto2.html
2013.02.01 16:12 B F:\OxfordPast\Cheryl\35600.jpg --> our-oxford.info /public_html/opn/Cheryl 35600.jpg
2013.02.01 16:12 B F:\OxfordPast\Cheryl\1e302.jpg --> our-oxford.info /public_html/opn/Cheryl 1e302.jpg
2013.02.01 16:12 B F:\OxfordPast\Cheryl\1e301.jpg --> our-oxford.info /public_html/opn/Cheryl 1e301.jpg
2013.02.01 16:12 B F:\OxfordPast\Cheryl\3c701.jpg --> our-oxford.info /public_html/opn/Cheryl 3c701.jpg
2013.02.01 16:12 B F:\OxfordPast\Cheryl\1de01.jpg --> our-oxford.info /public_html/opn/Cheryl 1de01.jpg
2013.02.01 16:12 B F:\OxfordPast\Cheryl\35d02.jpg --> our-oxford.info /public_html/opn/Cheryl 35d02.jpg
2013.02.01 16:12 B F:\OxfordPast\Cheryl\1e303.jpg --> our-oxford.info /public_html/opn/Cheryl 1e303.jpg
2013.02.01 16:12 B F:\OxfordPast\Cheryl\35300.jpg --> our-oxford.info /public_html/opn/Cheryl 35300.jpg
2013.02.01 16:12 B F:\OxfordPast\Cheryl\35d00.jpg --> our-oxford.info /public_html/opn/Cheryl 35d00.jpg
2013.02.01 16:12 B F:\OxfordPast\Cheryl\3f701.jpg --> our-oxford.info /public_html/opn/Cheryl 3f701.jpg
2013.02.01 16:12 B F:\OxfordPast\Cheryl\43501.jpg --> our-oxford.info /public_html/opn/Cheryl 43501.jpg
2013.02.01 16:12 B F:\OxfordPast\Cheryl\a201.jpg --> our-oxford.info /public_html/opn/Cheryl a201.jpg
2013.02.01 16:12 B F:\OxfordPast\Cheryl\d6701.jpg --> our-oxford.info /public_html/opn/Cheryl d6701.jpg
2013.02.01 16:12 B F:\OxfordPast\Cheryl\35d01.jpg --> our-oxford.info /public_html/opn/Cheryl 35d01.jpg
2013.02.01 16:12 B F:\OxfordPast\Cheryl\3c703.JPG --> our-oxford.info /public_html/opn/Cheryl 3c703.JPG
2013.02.01 16:13 B F:\OxfordPast\Cheryl\3f600.JPG --> our-oxford.info /public_html/opn/Cheryl 3f600.JPG
2013.02.01 16:13 B F:\OxfordPast\Cheryl\1de03.jpg --> our-oxford.info /public_html/opn/Cheryl 1de03.jpg
2013.02.01 16:13 B F:\OxfordPast\Cheryl\43502.jpg --> our-oxford.info /public_html/opn/Cheryl 43502.jpg
2013.02.01 16:13 B F:\OxfordPast\Cheryl\1e304.jpg --> our-oxford.info /public_html/opn/Cheryl 1e304.jpg
2013.02.01 16:13 B F:\OxfordPast\Cheryl\chatfield.ged --> our-oxford.info /public_html/opn/Cheryl chatfield.ged
2013.02.01 16:15 B F:\OxfordPast\Cheryl\cht.aft --> our-oxford.info /public_html/opn/Cheryl cht.aft
